[ 2017-10-21T15:38:39+08:00 ] 127.0.0.1 /assets/vendor/bootstrap/dist/css/bootstrap.css.map
INFO: [ app_init ] --START--
INFO: Run Behavior\BuildLiteBehavior [ RunTime:0.000023s ]
INFO: [ app_init ] --END-- [ RunTime:0.000453s ]
ERR: 无法加载模块:Assets

[ 2017-10-21T15:38:41+08:00 ] 127.0.0.1 /assets/vendor/bootstrap/dist/css/bootstrap.css.map
INFO: [ app_init ] --START--
INFO: Run Behavior\BuildLiteBehavior [ RunTime:0.000022s ]
INFO: [ app_init ] --END-- [ RunTime:0.000456s ]
ERR: 无法加载模块:Assets

[ 2017-10-21T15:39:16+08:00 ] 127.0.0.1 /assets/vendor/bootstrap/dist/css/bootstrap.css.map
INFO: [ app_init ] --START--
INFO: Run Behavior\BuildLiteBehavior [ RunTime:0.000020s ]
INFO: [ app_init ] --END-- [ RunTime:0.000338s ]
ERR: 无法加载模块:Assets

[ 2017-10-21T15:42:02+08:00 ] 127.0.0.1 /assets/vendor/bootstrap/dist/css/bootstrap.css.map
INFO: [ app_init ] --START--
INFO: Run Behavior\BuildLiteBehavior [ RunTime:0.000015s ]
INFO: [ app_init ] --END-- [ RunTime:0.000260s ]
ERR: 无法加载模块:Assets

[ 2017-10-21T15:54:18+08:00 ] 127.0.0.1 /assets/vendor/bootstrap/dist/css/bootstrap.css.map
INFO: [ app_init ] --START--
INFO: Run Behavior\BuildLiteBehavior [ RunTime:0.000015s ]
INFO: [ app_init ] --END-- [ RunTime:0.000337s ]
ERR: 无法加载模块:Assets

[ 2017-10-21T15:54:20+08:00 ] 127.0.0.1 /assets/vendor/bootstrap/dist/css/bootstrap.css.map
INFO: [ app_init ] --START--
INFO: Run Behavior\BuildLiteBehavior [ RunTime:0.000013s ]
INFO: [ app_init ] --END-- [ RunTime:0.000270s ]
ERR: 无法加载模块:Assets

[ 2017-10-21T16:10:35+08:00 ] 127.0.0.1 /assets/vendor/bootstrap/dist/css/bootstrap.css.map
INFO: [ app_init ] --START--
INFO: Run Behavior\BuildLiteBehavior [ RunTime:0.000023s ]
INFO: [ app_init ] --END-- [ RunTime:0.000211s ]
ERR: 无法加载模块:Assets

[ 2017-10-21T16:10:37+08:00 ] 127.0.0.1 /assets/vendor/bootstrap/dist/css/bootstrap.css.map
INFO: [ app_init ] --START--
INFO: Run Behavior\BuildLiteBehavior [ RunTime:0.000010s ]
INFO: [ app_init ] --END-- [ RunTime:0.000240s ]
ERR: 无法加载模块:Assets

[ 2017-10-21T16:10:52+08:00 ] 127.0.0.1 /assets/vendor/bootstrap/dist/css/bootstrap.css.map
INFO: [ app_init ] --START--
INFO: Run Behavior\BuildLiteBehavior [ RunTime:0.000013s ]
INFO: [ app_init ] --END-- [ RunTime:0.000253s ]
ERR: 无法加载模块:Assets

[ 2017-10-21T16:11:07+08:00 ] 127.0.0.1 /assets/vendor/bootstrap/dist/css/bootstrap.css.map
INFO: [ app_init ] --START--
INFO: Run Behavior\BuildLiteBehavior [ RunTime:0.000014s ]
INFO: [ app_init ] --END-- [ RunTime:0.000197s ]
ERR: 无法加载模块:Assets

[ 2017-10-21T16:11:35+08:00 ] 127.0.0.1 /assets/vendor/bootstrap/dist/css/bootstrap.css.map
INFO: [ app_init ] --START--
INFO: Run Behavior\BuildLiteBehavior [ RunTime:0.000010s ]
INFO: [ app_init ] --END-- [ RunTime:0.000188s ]
ERR: 无法加载模块:Assets

[ 2017-10-21T16:12:34+08:00 ] 127.0.0.1 /assets/vendor/bootstrap/dist/css/bootstrap.css.map
INFO: [ app_init ] --START--
INFO: Run Behavior\BuildLiteBehavior [ RunTime:0.000009s ]
INFO: [ app_init ] --END-- [ RunTime:0.000203s ]
ERR: 无法加载模块:Assets

[ 2017-10-21T16:12:42+08:00 ] 127.0.0.1 /assets/vendor/bootstrap/dist/css/bootstrap.css.map
INFO: [ app_init ] --START--
INFO: Run Behavior\BuildLiteBehavior [ RunTime:0.000013s ]
INFO: [ app_init ] --END-- [ RunTime:0.000264s ]
ERR: 无法加载模块:Assets

[ 2017-10-21T16:23:51+08:00 ] 127.0.0.1 /assets/vendor/bootstrap/dist/css/bootstrap.css.map
INFO: [ app_init ] --START--
INFO: Run Behavior\BuildLiteBehavior [ RunTime:0.000015s ]
INFO: [ app_init ] --END-- [ RunTime:0.000262s ]
ERR: 无法加载模块:Assets

[ 2017-10-21T16:28:29+08:00 ] 127.0.0.1 /assets/vendor/bootstrap/dist/css/bootstrap.css.map
INFO: [ app_init ] --START--
INFO: Run Behavior\BuildLiteBehavior [ RunTime:0.000014s ]
INFO: [ app_init ] --END-- [ RunTime:0.000268s ]
ERR: 无法加载模块:Assets

[ 2017-10-21T16:29:38+08:00 ] 127.0.0.1 /assets/vendor/bootstrap/dist/css/bootstrap.css.map
INFO: [ app_init ] --START--
INFO: Run Behavior\BuildLiteBehavior [ RunTime:0.000013s ]
INFO: [ app_init ] --END-- [ RunTime:0.000268s ]
ERR: 无法加载模块:Assets

[ 2017-10-21T16:30:46+08:00 ] 127.0.0.1 /assets/vendor/bootstrap/dist/css/bootstrap.css.map
INFO: [ app_init ] --START--
INFO: Run Behavior\BuildLiteBehavior [ RunTime:0.000015s ]
INFO: [ app_init ] --END-- [ RunTime:0.000324s ]
ERR: 无法加载模块:Assets

[ 2017-10-21T16:30:48+08:00 ] 127.0.0.1 /assets/vendor/bootstrap/dist/css/bootstrap.css.map
INFO: [ app_init ] --START--
INFO: Run Behavior\BuildLiteBehavior [ RunTime:0.000017s ]
INFO: [ app_init ] --END-- [ RunTime:0.000330s ]
ERR: 无法加载模块:Assets

[ 2017-10-21T16:36:17+08:00 ] 127.0.0.1 /assets/vendor/bootstrap/dist/css/bootstrap.css.map
INFO: [ app_init ] --START--
INFO: Run Behavior\BuildLiteBehavior [ RunTime:0.000010s ]
INFO: [ app_init ] --END-- [ RunTime:0.000188s ]
ERR: 无法加载模块:Assets

[ 2017-10-21T16:37:11+08:00 ] 127.0.0.1 /assets/vendor/bootstrap/dist/css/bootstrap.css.map
INFO: [ app_init ] --START--
INFO: Run Behavior\BuildLiteBehavior [ RunTime:0.000012s ]
INFO: [ app_init ] --END-- [ RunTime:0.000237s ]
ERR: 无法加载模块:Assets

[ 2017-10-21T16:37:12+08:00 ] 127.0.0.1 /assets/vendor/bootstrap/dist/css/bootstrap.css.map
INFO: [ app_init ] --START--
INFO: Run Behavior\BuildLiteBehavior [ RunTime:0.000014s ]
INFO: [ app_init ] --END-- [ RunTime:0.000259s ]
ERR: 无法加载模块:Assets

[ 2017-10-21T16:37:25+08:00 ] 127.0.0.1 /assets/vendor/bootstrap/dist/css/bootstrap.css.map
INFO: [ app_init ] --START--
INFO: Run Behavior\BuildLiteBehavior [ RunTime:0.000019s ]
INFO: [ app_init ] --END-- [ RunTime:0.003068s ]
ERR: 无法加载模块:Assets

[ 2017-10-21T16:37:29+08:00 ] 127.0.0.1 /assets/vendor/bootstrap/dist/css/bootstrap.css.map
INFO: [ app_init ] --START--
INFO: Run Behavior\BuildLiteBehavior [ RunTime:0.000015s ]
INFO: [ app_init ] --END-- [ RunTime:0.000312s ]
ERR: 无法加载模块:Assets

[ 2017-10-21T16:39:57+08:00 ] 127.0.0.1 /assets/vendor/bootstrap/dist/css/bootstrap.css.map
INFO: [ app_init ] --START--
INFO: Run Behavior\BuildLiteBehavior [ RunTime:0.000010s ]
INFO: [ app_init ] --END-- [ RunTime:0.000196s ]
ERR: 无法加载模块:Assets

[ 2017-10-21T16:40:52+08:00 ] 127.0.0.1 /assets/vendor/bootstrap/dist/css/bootstrap.css.map
INFO: [ app_init ] --START--
INFO: Run Behavior\BuildLiteBehavior [ RunTime:0.000030s ]
INFO: [ app_init ] --END-- [ RunTime:0.000789s ]
ERR: 无法加载模块:Assets

[ 2017-10-21T16:41:37+08:00 ] 127.0.0.1 /assets/vendor/bootstrap/dist/css/bootstrap.css.map
INFO: [ app_init ] --START--
INFO: Run Behavior\BuildLiteBehavior [ RunTime:0.000012s ]
INFO: [ app_init ] --END-- [ RunTime:0.000266s ]
ERR: 无法加载模块:Assets

[ 2017-10-21T16:41:39+08:00 ] 127.0.0.1 /assets/vendor/bootstrap/dist/css/bootstrap.css.map
INFO: [ app_init ] --START--
INFO: Run Behavior\BuildLiteBehavior [ RunTime:0.000013s ]
INFO: [ app_init ] --END-- [ RunTime:0.000289s ]
ERR: 无法加载模块:Assets

[ 2017-10-21T16:41:52+08:00 ] 127.0.0.1 /assets/vendor/bootstrap/dist/css/bootstrap.css.map
INFO: [ app_init ] --START--
INFO: Run Behavior\BuildLiteBehavior [ RunTime:0.000013s ]
INFO: [ app_init ] --END-- [ RunTime:0.000304s ]
ERR: 无法加载模块:Assets

[ 2017-10-21T16:41:57+08:00 ] 127.0.0.1 /assets/vendor/bootstrap/dist/css/bootstrap.css.map
INFO: [ app_init ] --START--
INFO: Run Behavior\BuildLiteBehavior [ RunTime:0.000015s ]
INFO: [ app_init ] --END-- [ RunTime:0.000320s ]
ERR: 无法加载模块:Assets

[ 2017-10-21T16:47:32+08:00 ] 127.0.0.1 /assets/vendor/bootstrap/dist/css/bootstrap.css.map
INFO: [ app_init ] --START--
INFO: Run Behavior\BuildLiteBehavior [ RunTime:0.000014s ]
INFO: [ app_init ] --END-- [ RunTime:0.000251s ]
ERR: 无法加载模块:Assets

[ 2017-10-21T16:51:08+08:00 ] 127.0.0.1 /assets/vendor/bootstrap/dist/css/bootstrap.css.map
INFO: [ app_init ] --START--
INFO: Run Behavior\BuildLiteBehavior [ RunTime:0.000013s ]
INFO: [ app_init ] --END-- [ RunTime:0.000284s ]
ERR: 无法加载模块:Assets

[ 2017-10-21T16:51:09+08:00 ] 127.0.0.1 /assets/vendor/bootstrap/dist/css/bootstrap.css.map
INFO: [ app_init ] --START--
INFO: Run Behavior\BuildLiteBehavior [ RunTime:0.000013s ]
INFO: [ app_init ] --END-- [ RunTime:0.000251s ]
ERR: 无法加载模块:Assets

[ 2017-10-21T16:51:34+08:00 ] 127.0.0.1 /assets/vendor/bootstrap/dist/css/bootstrap.css.map
INFO: [ app_init ] --START--
INFO: Run Behavior\BuildLiteBehavior [ RunTime:0.000013s ]
INFO: [ app_init ] --END-- [ RunTime:0.000239s ]
ERR: 无法加载模块:Assets

[ 2017-10-21T16:52:01+08:00 ] 127.0.0.1 /assets/vendor/bootstrap/dist/css/bootstrap.css.map
INFO: [ app_init ] --START--
INFO: Run Behavior\BuildLiteBehavior [ RunTime:0.000012s ]
INFO: [ app_init ] --END-- [ RunTime:0.000248s ]
ERR: 无法加载模块:Assets

[ 2017-10-21T16:52:03+08:00 ] 127.0.0.1 /assets/vendor/bootstrap/dist/css/bootstrap.css.map
INFO: [ app_init ] --START--
INFO: Run Behavior\BuildLiteBehavior [ RunTime:0.000010s ]
INFO: [ app_init ] --END-- [ RunTime:0.000199s ]
ERR: 无法加载模块:Assets

[ 2017-10-21T16:52:12+08:00 ] 127.0.0.1 /assets/vendor/bootstrap/dist/css/bootstrap.css.map
INFO: [ app_init ] --START--
INFO: Run Behavior\BuildLiteBehavior [ RunTime:0.000014s ]
INFO: [ app_init ] --END-- [ RunTime:0.000307s ]
ERR: 无法加载模块:Assets

[ 2017-10-21T16:52:44+08:00 ] 127.0.0.1 /assets/vendor/bootstrap/dist/css/bootstrap.css.map
INFO: [ app_init ] --START--
INFO: Run Behavior\BuildLiteBehavior [ RunTime:0.000012s ]
INFO: [ app_init ] --END-- [ RunTime:0.000293s ]
ERR: 无法加载模块:Assets

[ 2017-10-21T16:52:49+08:00 ] 127.0.0.1 /assets/vendor/bootstrap/dist/css/bootstrap.css.map
INFO: [ app_init ] --START--
INFO: Run Behavior\BuildLiteBehavior [ RunTime:0.000012s ]
INFO: [ app_init ] --END-- [ RunTime:0.000249s ]
ERR: 无法加载模块:Assets

[ 2017-10-21T16:54:39+08:00 ] 127.0.0.1 /assets/vendor/bootstrap/dist/css/bootstrap.css.map
INFO: [ app_init ] --START--
INFO: Run Behavior\BuildLiteBehavior [ RunTime:0.000014s ]
INFO: [ app_init ] --END-- [ RunTime:0.000265s ]
ERR: 无法加载模块:Assets

[ 2017-10-21T16:54:47+08:00 ] 127.0.0.1 /assets/vendor/bootstrap/dist/css/bootstrap.css.map
INFO: [ app_init ] --START--
INFO: Run Behavior\BuildLiteBehavior [ RunTime:0.000010s ]
INFO: [ app_init ] --END-- [ RunTime:0.000187s ]
ERR: 无法加载模块:Assets

[ 2017-10-21T16:54:52+08:00 ] 127.0.0.1 /assets/vendor/bootstrap/dist/css/bootstrap.css.map
INFO: [ app_init ] --START--
INFO: Run Behavior\BuildLiteBehavior [ RunTime:0.000013s ]
INFO: [ app_init ] --END-- [ RunTime:0.000265s ]
ERR: 无法加载模块:Assets

[ 2017-10-21T16:54:59+08:00 ] 127.0.0.1 /assets/vendor/bootstrap/dist/css/bootstrap.css.map
INFO: [ app_init ] --START--
INFO: Run Behavior\BuildLiteBehavior [ RunTime:0.000012s ]
INFO: [ app_init ] --END-- [ RunTime:0.000361s ]
ERR: 无法加载模块:Assets

[ 2017-10-21T16:55:00+08:00 ] 127.0.0.1 /assets/vendor/bootstrap/dist/css/bootstrap.css.map
INFO: [ app_init ] --START--
INFO: Run Behavior\BuildLiteBehavior [ RunTime:0.000010s ]
INFO: [ app_init ] --END-- [ RunTime:0.000196s ]
ERR: 无法加载模块:Assets

[ 2017-10-21T16:55:13+08:00 ] 127.0.0.1 /assets/vendor/bootstrap/dist/css/bootstrap.css.map
INFO: [ app_init ] --START--
INFO: Run Behavior\BuildLiteBehavior [ RunTime:0.000026s ]
INFO: [ app_init ] --END-- [ RunTime:0.000262s ]
ERR: 无法加载模块:Assets

[ 2017-10-21T16:55:13+08:00 ] 127.0.0.1 /assets/vendor/bootstrap/dist/css/bootstrap.css.map
INFO: [ app_init ] --START--
INFO: Run Behavior\BuildLiteBehavior [ RunTime:0.000015s ]
INFO: [ app_init ] --END-- [ RunTime:0.000249s ]
ERR: 无法加载模块:Assets

[ 2017-10-21T16:55:15+08:00 ] 127.0.0.1 /assets/vendor/bootstrap/dist/css/bootstrap.css.map
INFO: [ app_init ] --START--
INFO: Run Behavior\BuildLiteBehavior [ RunTime:0.000016s ]
INFO: [ app_init ] --END-- [ RunTime:0.000273s ]
ERR: 无法加载模块:Assets

[ 2017-10-21T16:55:36+08:00 ] 127.0.0.1 /assets/vendor/bootstrap/dist/css/bootstrap.css.map
INFO: [ app_init ] --START--
INFO: Run Behavior\BuildLiteBehavior [ RunTime:0.000903s ]
INFO: [ app_init ] --END-- [ RunTime:0.001244s ]
ERR: 无法加载模块:Assets

[ 2017-10-21T16:56:57+08:00 ] 127.0.0.1 /assets/vendor/bootstrap/dist/css/bootstrap.css.map
INFO: [ app_init ] --START--
INFO: Run Behavior\BuildLiteBehavior [ RunTime:0.000021s ]
INFO: [ app_init ] --END-- [ RunTime:0.000321s ]
ERR: 无法加载模块:Assets

[ 2017-10-21T16:56:59+08:00 ] 127.0.0.1 /assets/vendor/bootstrap/dist/css/bootstrap.css.map
INFO: [ app_init ] --START--
INFO: Run Behavior\BuildLiteBehavior [ RunTime:0.000013s ]
INFO: [ app_init ] --END-- [ RunTime:0.000278s ]
ERR: 无法加载模块:Assets

[ 2017-10-21T16:57:51+08:00 ] 127.0.0.1 /assets/vendor/bootstrap/dist/css/bootstrap.css.map
INFO: [ app_init ] --START--
INFO: Run Behavior\BuildLiteBehavior [ RunTime:0.000023s ]
INFO: [ app_init ] --END-- [ RunTime:0.000503s ]
ERR: 无法加载模块:Assets

[ 2017-10-21T16:57:56+08:00 ] 127.0.0.1 /assets/vendor/bootstrap/dist/css/bootstrap.css.map
INFO: [ app_init ] --START--
INFO: Run Behavior\BuildLiteBehavior [ RunTime:0.000013s ]
INFO: [ app_init ] --END-- [ RunTime:0.000292s ]
ERR: 无法加载模块:Assets

[ 2017-10-21T16:57:57+08:00 ] 127.0.0.1 /assets/vendor/bootstrap/dist/css/bootstrap.css.map
INFO: [ app_init ] --START--
INFO: Run Behavior\BuildLiteBehavior [ RunTime:0.000011s ]
INFO: [ app_init ] --END-- [ RunTime:0.000247s ]
ERR: 无法加载模块:Assets

[ 2017-10-21T16:58:17+08:00 ] 127.0.0.1 /assets/vendor/bootstrap/dist/css/bootstrap.css.map
INFO: [ app_init ] --START--
INFO: Run Behavior\BuildLiteBehavior [ RunTime:0.000016s ]
INFO: [ app_init ] --END-- [ RunTime:0.000325s ]
ERR: 无法加载模块:Assets

[ 2017-10-21T16:58:21+08:00 ] 127.0.0.1 /assets/vendor/bootstrap/dist/css/bootstrap.css.map
INFO: [ app_init ] --START--
INFO: Run Behavior\BuildLiteBehavior [ RunTime:0.000014s ]
INFO: [ app_init ] --END-- [ RunTime:0.000294s ]
ERR: 无法加载模块:Assets

[ 2017-10-21T17:03:38+08:00 ] 127.0.0.1 /assets/vendor/bootstrap/dist/css/bootstrap.css.map
INFO: [ app_init ] --START--
INFO: Run Behavior\BuildLiteBehavior [ RunTime:0.000015s ]
INFO: [ app_init ] --END-- [ RunTime:0.000306s ]
ERR: 无法加载模块:Assets

[ 2017-10-21T17:08:03+08:00 ] 127.0.0.1 /assets/vendor/bootstrap/dist/css/bootstrap.css.map
INFO: [ app_init ] --START--
INFO: Run Behavior\BuildLiteBehavior [ RunTime:0.000015s ]
INFO: [ app_init ] --END-- [ RunTime:0.000236s ]
ERR: 无法加载模块:Assets

[ 2017-10-21T17:08:04+08:00 ] 127.0.0.1 /assets/vendor/bootstrap/dist/css/bootstrap.css.map
INFO: [ app_init ] --START--
INFO: Run Behavior\BuildLiteBehavior [ RunTime:0.000012s ]
INFO: [ app_init ] --END-- [ RunTime:0.000256s ]
ERR: 无法加载模块:Assets

[ 2017-10-21T17:08:17+08:00 ] 127.0.0.1 /assets/vendor/bootstrap/dist/css/bootstrap.css.map
INFO: [ app_init ] --START--
INFO: Run Behavior\BuildLiteBehavior [ RunTime:0.000011s ]
INFO: [ app_init ] --END-- [ RunTime:0.000249s ]
ERR: 无法加载模块:Assets

[ 2017-10-21T17:08:43+08:00 ] 127.0.0.1 /assets/vendor/bootstrap/dist/css/bootstrap.css.map
INFO: [ app_init ] --START--
INFO: Run Behavior\BuildLiteBehavior [ RunTime:0.000020s ]
INFO: [ app_init ] --END-- [ RunTime:0.000340s ]
ERR: 无法加载模块:Assets

