[ 2017-10-22T10:53:23+08:00 ] 127.0.0.1 /assets/vendor/bootstrap/dist/css/bootstrap.css.map
INFO: [ app_init ] --START--
INFO: Run Behavior\BuildLiteBehavior [ RunTime:0.000013s ]
INFO: [ app_init ] --END-- [ RunTime:0.000285s ]
ERR: 无法加载模块:Assets

[ 2017-10-22T11:07:55+08:00 ] 127.0.0.1 /assets/vendor/bootstrap/dist/css/bootstrap.css.map
INFO: [ app_init ] --START--
INFO: Run Behavior\BuildLiteBehavior [ RunTime:0.000016s ]
INFO: [ app_init ] --END-- [ RunTime:0.000284s ]
ERR: 无法加载模块:Assets

[ 2017-10-22T11:08:38+08:00 ] 127.0.0.1 /assets/vendor/bootstrap/dist/css/bootstrap.css.map
INFO: [ app_init ] --START--
INFO: Run Behavior\BuildLiteBehavior [ RunTime:0.000016s ]
INFO: [ app_init ] --END-- [ RunTime:0.000373s ]
ERR: 无法加载模块:Assets

[ 2017-10-22T11:30:36+08:00 ] 127.0.0.1 /assets/vendor/bootstrap/dist/css/bootstrap.css.map
INFO: [ app_init ] --START--
INFO: Run Behavior\BuildLiteBehavior [ RunTime:0.000013s ]
INFO: [ app_init ] --END-- [ RunTime:0.000284s ]
ERR: 无法加载模块:Assets

[ 2017-10-22T11:30:55+08:00 ] 127.0.0.1 /assets/vendor/bootstrap/dist/css/bootstrap.css.map
INFO: [ app_init ] --START--
INFO: Run Behavior\BuildLiteBehavior [ RunTime:0.000011s ]
INFO: [ app_init ] --END-- [ RunTime:0.000220s ]
ERR: 无法加载模块:Assets

[ 2017-10-22T11:31:07+08:00 ] 127.0.0.1 /assets/vendor/bootstrap/dist/css/bootstrap.css.map
INFO: [ app_init ] --START--
INFO: Run Behavior\BuildLiteBehavior [ RunTime:0.000018s ]
INFO: [ app_init ] --END-- [ RunTime:0.000491s ]
ERR: 无法加载模块:Assets

[ 2017-10-22T11:40:11+08:00 ] 127.0.0.1 /assets/vendor/bootstrap/dist/css/bootstrap.css.map
INFO: [ app_init ] --START--
INFO: Run Behavior\BuildLiteBehavior [ RunTime:0.000011s ]
INFO: [ app_init ] --END-- [ RunTime:0.000232s ]
ERR: 无法加载模块:Assets

[ 2017-10-22T14:03:55+08:00 ] 127.0.0.1 /assets/vendor/bootstrap/dist/css/bootstrap.css.map
INFO: [ app_init ] --START--
INFO: Run Behavior\BuildLiteBehavior [ RunTime:0.000011s ]
INFO: [ app_init ] --END-- [ RunTime:0.000199s ]
ERR: 无法加载模块:Assets

[ 2017-10-22T14:04:39+08:00 ] 127.0.0.1 /assets/vendor/bootstrap/dist/css/bootstrap.css.map
INFO: [ app_init ] --START--
INFO: Run Behavior\BuildLiteBehavior [ RunTime:0.000012s ]
INFO: [ app_init ] --END-- [ RunTime:0.000321s ]
ERR: 无法加载模块:Assets

[ 2017-10-22T14:36:47+08:00 ] 127.0.0.1 /assets/vendor/bootstrap/dist/css/bootstrap.css.map
INFO: [ app_init ] --START--
INFO: Run Behavior\BuildLiteBehavior [ RunTime:0.000025s ]
INFO: [ app_init ] --END-- [ RunTime:0.000506s ]
ERR: 无法加载模块:Assets

[ 2017-10-22T14:37:12+08:00 ] 127.0.0.1 /assets/vendor/bootstrap/dist/css/bootstrap.css.map
INFO: [ app_init ] --START--
INFO: Run Behavior\BuildLiteBehavior [ RunTime:0.000013s ]
INFO: [ app_init ] --END-- [ RunTime:0.000262s ]
ERR: 无法加载模块:Assets

[ 2017-10-22T14:37:42+08:00 ] 127.0.0.1 /assets/vendor/bootstrap/dist/css/bootstrap.css.map
INFO: [ app_init ] --START--
INFO: Run Behavior\BuildLiteBehavior [ RunTime:0.000022s ]
INFO: [ app_init ] --END-- [ RunTime:0.000467s ]
ERR: 无法加载模块:Assets

[ 2017-10-22T15:02:08+08:00 ] 127.0.0.1 /assets/vendor/bootstrap/dist/css/bootstrap.css.map
INFO: [ app_init ] --START--
INFO: Run Behavior\BuildLiteBehavior [ RunTime:0.000015s ]
INFO: [ app_init ] --END-- [ RunTime:0.000289s ]
ERR: 无法加载模块:Assets

[ 2017-10-22T15:17:11+08:00 ] 127.0.0.1 /assets/vendor/bootstrap/dist/css/bootstrap.css.map
INFO: [ app_init ] --START--
INFO: Run Behavior\BuildLiteBehavior [ RunTime:0.000017s ]
INFO: [ app_init ] --END-- [ RunTime:0.000326s ]
ERR: 无法加载模块:Assets

[ 2017-10-22T15:22:27+08:00 ] 127.0.0.1 /assets/vendor/bootstrap/dist/css/bootstrap.css.map
INFO: [ app_init ] --START--
INFO: Run Behavior\BuildLiteBehavior [ RunTime:0.000015s ]
INFO: [ app_init ] --END-- [ RunTime:0.000438s ]
ERR: 无法加载模块:Assets

[ 2017-10-22T16:42:59+08:00 ] 127.0.0.1 /assets/vendor/bootstrap/dist/css/bootstrap.css.map
INFO: [ app_init ] --START--
INFO: Run Behavior\BuildLiteBehavior [ RunTime:0.000012s ]
INFO: [ app_init ] --END-- [ RunTime:0.000249s ]
ERR: 无法加载模块:Assets

[ 2017-10-22T17:33:17+08:00 ] 127.0.0.1 /assets/vendor/bootstrap/dist/css/bootstrap.css.map
INFO: [ app_init ] --START--
INFO: Run Behavior\BuildLiteBehavior [ RunTime:0.000013s ]
INFO: [ app_init ] --END-- [ RunTime:0.000241s ]
ERR: 无法加载模块:Assets

[ 2017-10-22T17:42:34+08:00 ] 127.0.0.1 /assets/vendor/bootstrap/dist/css/bootstrap.css.map
INFO: [ app_init ] --START--
INFO: Run Behavior\BuildLiteBehavior [ RunTime:0.000030s ]
INFO: [ app_init ] --END-- [ RunTime:0.000514s ]
ERR: 无法加载模块:Assets

[ 2017-10-22T17:42:37+08:00 ] 127.0.0.1 /assets/vendor/bootstrap/dist/css/bootstrap.css.map
INFO: [ app_init ] --START--
INFO: Run Behavior\BuildLiteBehavior [ RunTime:0.000015s ]
INFO: [ app_init ] --END-- [ RunTime:0.000274s ]
ERR: 无法加载模块:Assets

[ 2017-10-22T17:43:09+08:00 ] 127.0.0.1 /assets/vendor/bootstrap/dist/css/bootstrap.css.map
INFO: [ app_init ] --START--
INFO: Run Behavior\BuildLiteBehavior [ RunTime:0.000016s ]
INFO: [ app_init ] --END-- [ RunTime:0.000268s ]
ERR: 无法加载模块:Assets

[ 2017-10-22T17:43:11+08:00 ] 127.0.0.1 /assets/vendor/bootstrap/dist/css/bootstrap.css.map
INFO: [ app_init ] --START--
INFO: Run Behavior\BuildLiteBehavior [ RunTime:0.000012s ]
INFO: [ app_init ] --END-- [ RunTime:0.000253s ]
ERR: 无法加载模块:Assets

[ 2017-10-22T17:43:13+08:00 ] 127.0.0.1 /assets/vendor/bootstrap/dist/css/bootstrap.css.map
INFO: [ app_init ] --START--
INFO: Run Behavior\BuildLiteBehavior [ RunTime:0.000015s ]
INFO: [ app_init ] --END-- [ RunTime:0.000282s ]
ERR: 无法加载模块:Assets

[ 2017-10-22T17:43:24+08:00 ] 127.0.0.1 /assets/vendor/bootstrap/dist/css/bootstrap.css.map
INFO: [ app_init ] --START--
INFO: Run Behavior\BuildLiteBehavior [ RunTime:0.000010s ]
INFO: [ app_init ] --END-- [ RunTime:0.000188s ]
ERR: 无法加载模块:Assets

[ 2017-10-22T17:43:31+08:00 ] 127.0.0.1 /assets/vendor/bootstrap/dist/css/bootstrap.css.map
INFO: [ app_init ] --START--
INFO: Run Behavior\BuildLiteBehavior [ RunTime:0.000019s ]
INFO: [ app_init ] --END-- [ RunTime:0.001264s ]
ERR: 无法加载模块:Assets

[ 2017-10-22T17:43:49+08:00 ] 127.0.0.1 /assets/vendor/bootstrap/dist/css/bootstrap.css.map
INFO: [ app_init ] --START--
INFO: Run Behavior\BuildLiteBehavior [ RunTime:0.000016s ]
INFO: [ app_init ] --END-- [ RunTime:0.001194s ]
ERR: 无法加载模块:Assets

[ 2017-10-22T17:44:09+08:00 ] 127.0.0.1 /assets/vendor/bootstrap/dist/css/bootstrap.css.map
INFO: [ app_init ] --START--
INFO: Run Behavior\BuildLiteBehavior [ RunTime:0.000014s ]
INFO: [ app_init ] --END-- [ RunTime:0.000344s ]
ERR: 无法加载模块:Assets

[ 2017-10-22T17:45:15+08:00 ] 127.0.0.1 /assets/vendor/bootstrap/dist/css/bootstrap.css.map
INFO: [ app_init ] --START--
INFO: Run Behavior\BuildLiteBehavior [ RunTime:0.000014s ]
INFO: [ app_init ] --END-- [ RunTime:0.000328s ]
ERR: 无法加载模块:Assets

[ 2017-10-22T17:45:23+08:00 ] 127.0.0.1 /assets/vendor/bootstrap/dist/css/bootstrap.css.map
INFO: [ app_init ] --START--
INFO: Run Behavior\BuildLiteBehavior [ RunTime:0.000013s ]
INFO: [ app_init ] --END-- [ RunTime:0.000271s ]
ERR: 无法加载模块:Assets

[ 2017-10-22T17:45:45+08:00 ] 127.0.0.1 /assets/vendor/bootstrap/dist/css/bootstrap.css.map
INFO: [ app_init ] --START--
INFO: Run Behavior\BuildLiteBehavior [ RunTime:0.000017s ]
INFO: [ app_init ] --END-- [ RunTime:0.000372s ]
ERR: 无法加载模块:Assets

[ 2017-10-22T17:45:48+08:00 ] 127.0.0.1 /assets/vendor/bootstrap/dist/css/bootstrap.css.map
INFO: [ app_init ] --START--
INFO: Run Behavior\BuildLiteBehavior [ RunTime:0.000011s ]
INFO: [ app_init ] --END-- [ RunTime:0.000207s ]
ERR: 无法加载模块:Assets

[ 2017-10-22T17:45:50+08:00 ] 127.0.0.1 /assets/vendor/bootstrap/dist/css/bootstrap.css.map
INFO: [ app_init ] --START--
INFO: Run Behavior\BuildLiteBehavior [ RunTime:0.000029s ]
INFO: [ app_init ] --END-- [ RunTime:0.000359s ]
ERR: 无法加载模块:Assets

[ 2017-10-22T17:46:26+08:00 ] 127.0.0.1 /assets/vendor/bootstrap/dist/css/bootstrap.css.map
INFO: [ app_init ] --START--
INFO: Run Behavior\BuildLiteBehavior [ RunTime:0.000016s ]
INFO: [ app_init ] --END-- [ RunTime:0.000318s ]
ERR: 无法加载模块:Assets

[ 2017-10-22T17:46:27+08:00 ] 127.0.0.1 /assets/vendor/bootstrap/dist/css/bootstrap.css.map
INFO: [ app_init ] --START--
INFO: Run Behavior\BuildLiteBehavior [ RunTime:0.000012s ]
INFO: [ app_init ] --END-- [ RunTime:0.000908s ]
ERR: 无法加载模块:Assets

[ 2017-10-22T17:49:00+08:00 ] 127.0.0.1 /assets/vendor/bootstrap/dist/css/bootstrap.css.map
INFO: [ app_init ] --START--
INFO: Run Behavior\BuildLiteBehavior [ RunTime:0.000013s ]
INFO: [ app_init ] --END-- [ RunTime:0.000274s ]
ERR: 无法加载模块:Assets

[ 2017-10-22T17:53:01+08:00 ] 127.0.0.1 /assets/vendor/bootstrap/dist/css/bootstrap.css.map
INFO: [ app_init ] --START--
INFO: Run Behavior\BuildLiteBehavior [ RunTime:0.000013s ]
INFO: [ app_init ] --END-- [ RunTime:0.000252s ]
ERR: 无法加载模块:Assets

[ 2017-10-22T17:53:03+08:00 ] 127.0.0.1 /assets/vendor/bootstrap/dist/css/bootstrap.css.map
INFO: [ app_init ] --START--
INFO: Run Behavior\BuildLiteBehavior [ RunTime:0.000015s ]
INFO: [ app_init ] --END-- [ RunTime:0.000297s ]
ERR: 无法加载模块:Assets

[ 2017-10-22T17:53:23+08:00 ] 127.0.0.1 /assets/vendor/bootstrap/dist/css/bootstrap.css.map
INFO: [ app_init ] --START--
INFO: Run Behavior\BuildLiteBehavior [ RunTime:0.000011s ]
INFO: [ app_init ] --END-- [ RunTime:0.000242s ]
ERR: 无法加载模块:Assets

[ 2017-10-22T17:54:03+08:00 ] 127.0.0.1 /assets/vendor/bootstrap/dist/css/bootstrap.css.map
INFO: [ app_init ] --START--
INFO: Run Behavior\BuildLiteBehavior [ RunTime:0.000013s ]
INFO: [ app_init ] --END-- [ RunTime:0.000256s ]
ERR: 无法加载模块:Assets

[ 2017-10-22T17:54:10+08:00 ] 127.0.0.1 /assets/vendor/bootstrap/dist/css/bootstrap.css.map
INFO: [ app_init ] --START--
INFO: Run Behavior\BuildLiteBehavior [ RunTime:0.000013s ]
INFO: [ app_init ] --END-- [ RunTime:0.000258s ]
ERR: 无法加载模块:Assets

[ 2017-10-22T17:54:23+08:00 ] 127.0.0.1 /assets/vendor/bootstrap/dist/css/bootstrap.css.map
INFO: [ app_init ] --START--
INFO: Run Behavior\BuildLiteBehavior [ RunTime:0.000022s ]
INFO: [ app_init ] --END-- [ RunTime:0.000544s ]
ERR: 无法加载模块:Assets

[ 2017-10-22T17:58:15+08:00 ] 127.0.0.1 /assets/vendor/bootstrap/dist/css/bootstrap.css.map
INFO: [ app_init ] --START--
INFO: Run Behavior\BuildLiteBehavior [ RunTime:0.000010s ]
INFO: [ app_init ] --END-- [ RunTime:0.000190s ]
ERR: 无法加载模块:Assets

[ 2017-10-22T17:58:29+08:00 ] 127.0.0.1 /assets/vendor/bootstrap/dist/css/bootstrap.css.map
INFO: [ app_init ] --START--
INFO: Run Behavior\BuildLiteBehavior [ RunTime:0.000013s ]
INFO: [ app_init ] --END-- [ RunTime:0.000250s ]
ERR: 无法加载模块:Assets

