[ 2017-10-23T17:32:37+08:00 ] 127.0.0.1 /Home/Index/index.html
INFO: [ app_init ] --START--
INFO: Run Behavior\BuildLiteBehavior [ RunTime:0.000034s ]
INFO: [ app_init ] --END-- [ RunTime:0.000742s ]
INFO: [ app_begin ] --START--
INFO: Run Behavior\ReadHtmlCacheBehavior [ RunTime:0.000626s ]
INFO: [ app_begin ] --END-- [ RunTime:0.000703s ]
SQL: SHOW COLUMNS FROM `ot_system` [ RunTime:0.0027s ]
SQL: SELECT * FROM `ot_system` WHERE `SYS_ID` = 1 LIMIT 1   [ RunTime:0.0003s ]
SQL: SHOW COLUMNS FROM `ot_user` [ RunTime:0.0019s ]
SQL: SELECT * FROM `ot_user` WHERE `UE_ID` = 62281 LIMIT 1   [ RunTime:0.0002s ]
SQL: SHOW COLUMNS FROM `ot_pin` [ RunTime:0.0008s ]
SQL: SELECT COUNT(*) AS tp_count FROM `ot_pin` WHERE `user` = '15890693750' AND `zt` = 0 LIMIT 1   [ RunTime:0.0001s ]
SQL: SELECT * FROM `ot_user` WHERE `UE_account` = '15890693750' LIMIT 1   [ RunTime:0.0001s ]
SQL: SHOW COLUMNS FROM `ot_ppdd` [ RunTime:0.0009s ]
SQL: SELECT * FROM `ot_ppdd` WHERE `p_user` = '15890693750' AND `zt` = 0 AND `zhh` = 0  [ RunTime:0.0001s ]
SQL: SELECT * FROM `ot_ppdd` WHERE `p_user` = '15890693750' AND `zt` = 0 AND `zhh` = 1  [ RunTime:0.0001s ]
SQL: SHOW COLUMNS FROM `ot_tgbz` [ RunTime:0.0009s ]
SQL: SELECT COUNT(*) AS tp_count FROM `ot_tgbz` WHERE `user` = '15890693750' LIMIT 1   [ RunTime:0.0001s ]
SQL: SELECT `date1` FROM `ot_tgbz` WHERE `user` = '15890693750' AND `qr_zt` = 1 ORDER BY date desc LIMIT 1   [ RunTime:0.0001s ]
SQL: SELECT COUNT(*) AS tp_count FROM `ot_user` WHERE `UE_accName` = '15890693750' AND `cold` = 1 AND `cold_type` = 1 LIMIT 1   [ RunTime:0.0001s ]
SQL: SELECT `date_hk`,`g_user`,`p_user`,`p_id`,`g_id`,`id`,`jb` FROM `ot_ppdd` WHERE `p_user` = '15890693750' AND `zt` = 1  [ RunTime:0.0001s ]

[ 2017-10-23T17:32:37+08:00 ] 127.0.0.1 /Home/Index/home.html
INFO: [ app_init ] --START--
INFO: Run Behavior\BuildLiteBehavior [ RunTime:0.000016s ]
INFO: [ app_init ] --END-- [ RunTime:0.000349s ]
INFO: [ app_begin ] --START--
INFO: Run Behavior\ReadHtmlCacheBehavior [ RunTime:0.000558s ]
INFO: [ app_begin ] --END-- [ RunTime:0.000631s ]
SQL: SHOW COLUMNS FROM `ot_system` [ RunTime:0.0010s ]
SQL: SELECT * FROM `ot_system` WHERE `SYS_ID` = 1 LIMIT 1   [ RunTime:0.0001s ]
SQL: SHOW COLUMNS FROM `ot_user` [ RunTime:0.0012s ]
SQL: SELECT * FROM `ot_user` WHERE `UE_ID` = 62281 LIMIT 1   [ RunTime:0.0001s ]
SQL: SHOW COLUMNS FROM `ot_pin` [ RunTime:0.0007s ]
SQL: SELECT COUNT(*) AS tp_count FROM `ot_pin` WHERE `user` = '15890693750' AND `zt` = 0 LIMIT 1   [ RunTime:0.0001s ]
SQL: SELECT * FROM `ot_user` WHERE `UE_account` = '15890693750' LIMIT 1   [ RunTime:0.0001s ]
SQL: SHOW COLUMNS FROM `ot_ppdd` [ RunTime:0.0008s ]
SQL: SELECT * FROM `ot_ppdd` WHERE `p_user` = '15890693750' AND `zt` = 0 AND `zhh` = 0  [ RunTime:0.0001s ]
SQL: SELECT * FROM `ot_ppdd` WHERE `p_user` = '15890693750' AND `zt` = 0 AND `zhh` = 1  [ RunTime:0.0001s ]
SQL: SHOW COLUMNS FROM `ot_tgbz` [ RunTime:0.0010s ]
SQL: SELECT COUNT(*) AS tp_count FROM `ot_tgbz` WHERE `user` = '15890693750' LIMIT 1   [ RunTime:0.0001s ]
SQL: SELECT `date1` FROM `ot_tgbz` WHERE `user` = '15890693750' AND `qr_zt` = 1 ORDER BY date desc LIMIT 1   [ RunTime:0.0001s ]
SQL: SELECT COUNT(*) AS tp_count FROM `ot_user` WHERE `UE_accName` = '15890693750' AND `cold` = 1 AND `cold_type` = 1 LIMIT 1   [ RunTime:0.0001s ]
SQL: SELECT `date_hk`,`g_user`,`p_user`,`p_id`,`g_id`,`id`,`jb` FROM `ot_ppdd` WHERE `p_user` = '15890693750' AND `zt` = 1  [ RunTime:0.0001s ]
SQL: SHOW COLUMNS FROM `ot_match` [ RunTime:0.0011s ]
SQL: SELECT * FROM `ot_match` LIMIT 1   [ RunTime:0.0001s ]
SQL: SELECT COUNT(*) AS tp_count FROM `ot_tgbz` WHERE `user` = '15890693750' LIMIT 1   [ RunTime:0.0001s ]
SQL: SELECT * FROM `ot_tgbz` WHERE `user` = '15890693750' ORDER BY id DESC LIMIT 0,100   [ RunTime:0.0001s ]
SQL: SHOW COLUMNS FROM `ot_jsbz` [ RunTime:0.0010s ]
SQL: SELECT COUNT(*) AS tp_count FROM `ot_jsbz` WHERE `user` = '15890693750' LIMIT 1   [ RunTime:0.0002s ]
SQL: SELECT * FROM `ot_jsbz` WHERE `user` = '15890693750' ORDER BY id DESC LIMIT 0,100   [ RunTime:0.0002s ]
SQL: SELECT COUNT(*) AS tp_count FROM `ot_ppdd` WHERE `p_user` = '15890693750' LIMIT 1   [ RunTime:0.0002s ]
SQL: SELECT * FROM `ot_ppdd` WHERE `p_user` = '15890693750' ORDER BY id DESC LIMIT 0,100   [ RunTime:0.0001s ]
SQL: SELECT * FROM `ot_user` WHERE `UE_account` = '15890693750' LIMIT 1   [ RunTime:0.0002s ]
SQL: SELECT COUNT(*) AS tp_count FROM `ot_ppdd` WHERE `g_user` = '15890693750' LIMIT 1   [ RunTime:0.0002s ]
SQL: SELECT * FROM `ot_ppdd` WHERE `g_user` = '15890693750' ORDER BY id DESC LIMIT 0,100   [ RunTime:0.0002s ]
SQL: SELECT * FROM `ot_user` WHERE `UE_accName` = '15890693750'  [ RunTime:0.0002s ]
SQL: SELECT * FROM `ot_user` WHERE `UE_accName` = '15890693751'  [ RunTime:0.0002s ]
SQL: SELECT * FROM `ot_user` WHERE `UE_accName` = '15890693752'  [ RunTime:0.0001s ]
SQL: SELECT * FROM `ot_user` WHERE `UE_accName` = '15890693753'  [ RunTime:0.0001s ]
SQL: SELECT * FROM `ot_user` WHERE `UE_accName` = '15890693754'  [ RunTime:0.0001s ]
SQL: SELECT * FROM `ot_user` WHERE `UE_accName` = '15890693755'  [ RunTime:0.0001s ]
SQL: SELECT * FROM `ot_user` WHERE `UE_accName` = '15890693756'  [ RunTime:0.0001s ]
SQL: SELECT * FROM `ot_user` WHERE `UE_accName` = '15890693757'  [ RunTime:0.0001s ]
SQL: SELECT * FROM `ot_user` WHERE `UE_accName` = '15890693758'  [ RunTime:0.0001s ]
SQL: SELECT COUNT(*) AS tp_count FROM `ot_user` WHERE `UE_accName` = '15890693750' AND `UE_status` <> 0 LIMIT 1   [ RunTime:0.0001s ]
SQL: SELECT * FROM `ot_user` WHERE `UE_account` = '15890693750' LIMIT 1   [ RunTime:0.0001s ]
INFO: [ view_parse ] --START--
INFO: [ template_filter ] --START--
INFO: Run Behavior\ContentReplaceBehavior [ RunTime:0.000043s ]
INFO: [ template_filter ] --END-- [ RunTime:0.000095s ]
NOTIC: [2] file_put_contents(../User/Runtime/Cache/Home/002f053012789ea6c5ccda439dd7a700.php): failed to open stream: Permission denied /data/wwwroot/v3/ThinkPHP/Library/Think/Storage/Driver/File.class.php 第 47 行.
ERR: _STORAGE_WRITE_ERROR_:../User/Runtime/Cache/Home/002f053012789ea6c5ccda439dd7a700.php

[ 2017-10-23T17:32:43+08:00 ] 127.0.0.1 /Home/Index/home.html
INFO: [ app_init ] --START--
INFO: Run Behavior\BuildLiteBehavior [ RunTime:0.000013s ]
INFO: [ app_init ] --END-- [ RunTime:0.000269s ]
INFO: [ app_begin ] --START--
INFO: Run Behavior\ReadHtmlCacheBehavior [ RunTime:0.000466s ]
INFO: [ app_begin ] --END-- [ RunTime:0.000511s ]
SQL: SHOW COLUMNS FROM `ot_system` [ RunTime:0.0015s ]
SQL: SELECT * FROM `ot_system` WHERE `SYS_ID` = 1 LIMIT 1   [ RunTime:0.0002s ]
SQL: SHOW COLUMNS FROM `ot_user` [ RunTime:0.0045s ]
SQL: SELECT * FROM `ot_user` WHERE `UE_ID` = 62281 LIMIT 1   [ RunTime:0.0002s ]
SQL: SHOW COLUMNS FROM `ot_pin` [ RunTime:0.0012s ]
SQL: SELECT COUNT(*) AS tp_count FROM `ot_pin` WHERE `user` = '15890693750' AND `zt` = 0 LIMIT 1   [ RunTime:0.0002s ]
SQL: SELECT * FROM `ot_user` WHERE `UE_account` = '15890693750' LIMIT 1   [ RunTime:0.0001s ]
SQL: SHOW COLUMNS FROM `ot_ppdd` [ RunTime:0.0012s ]
SQL: SELECT * FROM `ot_ppdd` WHERE `p_user` = '15890693750' AND `zt` = 0 AND `zhh` = 0  [ RunTime:0.0002s ]
SQL: SELECT * FROM `ot_ppdd` WHERE `p_user` = '15890693750' AND `zt` = 0 AND `zhh` = 1  [ RunTime:0.0001s ]
SQL: SHOW COLUMNS FROM `ot_tgbz` [ RunTime:0.0011s ]
SQL: SELECT COUNT(*) AS tp_count FROM `ot_tgbz` WHERE `user` = '15890693750' LIMIT 1   [ RunTime:0.0002s ]
SQL: SELECT `date1` FROM `ot_tgbz` WHERE `user` = '15890693750' AND `qr_zt` = 1 ORDER BY date desc LIMIT 1   [ RunTime:0.0001s ]
SQL: SELECT COUNT(*) AS tp_count FROM `ot_user` WHERE `UE_accName` = '15890693750' AND `cold` = 1 AND `cold_type` = 1 LIMIT 1   [ RunTime:0.0001s ]
SQL: SELECT `date_hk`,`g_user`,`p_user`,`p_id`,`g_id`,`id`,`jb` FROM `ot_ppdd` WHERE `p_user` = '15890693750' AND `zt` = 1  [ RunTime:0.0001s ]
SQL: SHOW COLUMNS FROM `ot_match` [ RunTime:0.0010s ]
SQL: SELECT * FROM `ot_match` LIMIT 1   [ RunTime:0.0001s ]
SQL: SELECT COUNT(*) AS tp_count FROM `ot_tgbz` WHERE `user` = '15890693750' LIMIT 1   [ RunTime:0.0001s ]
SQL: SELECT * FROM `ot_tgbz` WHERE `user` = '15890693750' ORDER BY id DESC LIMIT 0,100   [ RunTime:0.0002s ]
SQL: SHOW COLUMNS FROM `ot_jsbz` [ RunTime:0.0012s ]
SQL: SELECT COUNT(*) AS tp_count FROM `ot_jsbz` WHERE `user` = '15890693750' LIMIT 1   [ RunTime:0.0001s ]
SQL: SELECT * FROM `ot_jsbz` WHERE `user` = '15890693750' ORDER BY id DESC LIMIT 0,100   [ RunTime:0.0001s ]
SQL: SELECT COUNT(*) AS tp_count FROM `ot_ppdd` WHERE `p_user` = '15890693750' LIMIT 1   [ RunTime:0.0001s ]
SQL: SELECT * FROM `ot_ppdd` WHERE `p_user` = '15890693750' ORDER BY id DESC LIMIT 0,100   [ RunTime:0.0001s ]
SQL: SELECT * FROM `ot_user` WHERE `UE_account` = '15890693750' LIMIT 1   [ RunTime:0.0002s ]
SQL: SELECT COUNT(*) AS tp_count FROM `ot_ppdd` WHERE `g_user` = '15890693750' LIMIT 1   [ RunTime:0.0001s ]
SQL: SELECT * FROM `ot_ppdd` WHERE `g_user` = '15890693750' ORDER BY id DESC LIMIT 0,100   [ RunTime:0.0001s ]
SQL: SELECT * FROM `ot_user` WHERE `UE_accName` = '15890693750'  [ RunTime:0.0001s ]
SQL: SELECT * FROM `ot_user` WHERE `UE_accName` = '15890693751'  [ RunTime:0.0001s ]
SQL: SELECT * FROM `ot_user` WHERE `UE_accName` = '15890693752'  [ RunTime:0.0001s ]
SQL: SELECT * FROM `ot_user` WHERE `UE_accName` = '15890693753'  [ RunTime:0.0001s ]
SQL: SELECT * FROM `ot_user` WHERE `UE_accName` = '15890693754'  [ RunTime:0.0001s ]
SQL: SELECT * FROM `ot_user` WHERE `UE_accName` = '15890693755'  [ RunTime:0.0001s ]
SQL: SELECT * FROM `ot_user` WHERE `UE_accName` = '15890693756'  [ RunTime:0.0001s ]
SQL: SELECT * FROM `ot_user` WHERE `UE_accName` = '15890693757'  [ RunTime:0.0001s ]
SQL: SELECT * FROM `ot_user` WHERE `UE_accName` = '15890693758'  [ RunTime:0.0001s ]
SQL: SELECT COUNT(*) AS tp_count FROM `ot_user` WHERE `UE_accName` = '15890693750' AND `UE_status` <> 0 LIMIT 1   [ RunTime:0.0001s ]
SQL: SELECT * FROM `ot_user` WHERE `UE_account` = '15890693750' LIMIT 1   [ RunTime:0.0001s ]
INFO: [ view_parse ] --START--
INFO: [ template_filter ] --START--
INFO: Run Behavior\ContentReplaceBehavior [ RunTime:0.000034s ]
INFO: [ template_filter ] --END-- [ RunTime:0.000062s ]
NOTIC: [2] file_put_contents(../User/Runtime/Cache/Home/002f053012789ea6c5ccda439dd7a700.php): failed to open stream: Permission denied /data/wwwroot/v3/ThinkPHP/Library/Think/Storage/Driver/File.class.php 第 47 行.
ERR: _STORAGE_WRITE_ERROR_:../User/Runtime/Cache/Home/002f053012789ea6c5ccda439dd7a700.php

[ 2017-10-23T17:32:49+08:00 ] 127.0.0.1 /Home/Login/loginadmin/account/15890693750/password/96e79218965eb72c92a549dd5a330112/secpw/e3ceb5881a0a1fdaad01296d7554868d
INFO: [ app_init ] --START--
INFO: Run Behavior\BuildLiteBehavior [ RunTime:0.000009s ]
INFO: [ app_init ] --END-- [ RunTime:0.000229s ]
INFO: [ app_begin ] --START--
INFO: Run Behavior\ReadHtmlCacheBehavior [ RunTime:0.000350s ]
INFO: [ app_begin ] --END-- [ RunTime:0.000394s ]
SQL: SHOW COLUMNS FROM `ot_user` [ RunTime:0.0017s ]
SQL: SELECT * FROM `ot_user` WHERE `UE_account` = '15890693750' LIMIT 1   [ RunTime:0.0003s ]
NOTIC: [8] Use of undefined constant ue_id - assumed 'ue_id' /data/wwwroot/v3/User/Home/Controller/LoginController.class.php 第 205 行.
NOTIC: [8] Use of undefined constant ue_id - assumed 'ue_id' /data/wwwroot/v3/User/Home/Controller/LoginController.class.php 第 206 行.
NOTIC: [8] Use of undefined constant ue_account - assumed 'ue_account' /data/wwwroot/v3/User/Home/Controller/LoginController.class.php 第 207 行.

[ 2017-10-23T17:32:49+08:00 ] 127.0.0.1 /Home/Index/home.html
INFO: [ app_init ] --START--
INFO: Run Behavior\BuildLiteBehavior [ RunTime:0.000010s ]
INFO: [ app_init ] --END-- [ RunTime:0.000223s ]
INFO: [ app_begin ] --START--
INFO: Run Behavior\ReadHtmlCacheBehavior [ RunTime:0.000508s ]
INFO: [ app_begin ] --END-- [ RunTime:0.000576s ]
SQL: SHOW COLUMNS FROM `ot_system` [ RunTime:0.0013s ]
SQL: SELECT * FROM `ot_system` WHERE `SYS_ID` = 1 LIMIT 1   [ RunTime:0.0004s ]
SQL: SHOW COLUMNS FROM `ot_user` [ RunTime:0.0027s ]
SQL: SELECT * FROM `ot_user` WHERE `UE_ID` = 62281 LIMIT 1   [ RunTime:0.0001s ]
SQL: SHOW COLUMNS FROM `ot_pin` [ RunTime:0.0007s ]
SQL: SELECT COUNT(*) AS tp_count FROM `ot_pin` WHERE `user` = '15890693750' AND `zt` = 0 LIMIT 1   [ RunTime:0.0001s ]
SQL: SELECT * FROM `ot_user` WHERE `UE_account` = '15890693750' LIMIT 1   [ RunTime:0.0001s ]
SQL: SHOW COLUMNS FROM `ot_ppdd` [ RunTime:0.0012s ]
SQL: SELECT * FROM `ot_ppdd` WHERE `p_user` = '15890693750' AND `zt` = 0 AND `zhh` = 0  [ RunTime:0.0001s ]
SQL: SELECT * FROM `ot_ppdd` WHERE `p_user` = '15890693750' AND `zt` = 0 AND `zhh` = 1  [ RunTime:0.0001s ]
SQL: SHOW COLUMNS FROM `ot_tgbz` [ RunTime:0.0015s ]
SQL: SELECT COUNT(*) AS tp_count FROM `ot_tgbz` WHERE `user` = '15890693750' LIMIT 1   [ RunTime:0.0001s ]
SQL: SELECT `date1` FROM `ot_tgbz` WHERE `user` = '15890693750' AND `qr_zt` = 1 ORDER BY date desc LIMIT 1   [ RunTime:0.0001s ]
SQL: SELECT COUNT(*) AS tp_count FROM `ot_user` WHERE `UE_accName` = '15890693750' AND `cold` = 1 AND `cold_type` = 1 LIMIT 1   [ RunTime:0.0002s ]
SQL: SELECT `date_hk`,`g_user`,`p_user`,`p_id`,`g_id`,`id`,`jb` FROM `ot_ppdd` WHERE `p_user` = '15890693750' AND `zt` = 1  [ RunTime:0.0003s ]
SQL: SHOW COLUMNS FROM `ot_match` [ RunTime:0.0010s ]
SQL: SELECT * FROM `ot_match` LIMIT 1   [ RunTime:0.0001s ]
SQL: SELECT COUNT(*) AS tp_count FROM `ot_tgbz` WHERE `user` = '15890693750' LIMIT 1   [ RunTime:0.0001s ]
SQL: SELECT * FROM `ot_tgbz` WHERE `user` = '15890693750' ORDER BY id DESC LIMIT 0,100   [ RunTime:0.0001s ]
SQL: SHOW COLUMNS FROM `ot_jsbz` [ RunTime:0.0021s ]
SQL: SELECT COUNT(*) AS tp_count FROM `ot_jsbz` WHERE `user` = '15890693750' LIMIT 1   [ RunTime:0.0003s ]
SQL: SELECT * FROM `ot_jsbz` WHERE `user` = '15890693750' ORDER BY id DESC LIMIT 0,100   [ RunTime:0.0001s ]
SQL: SELECT COUNT(*) AS tp_count FROM `ot_ppdd` WHERE `p_user` = '15890693750' LIMIT 1   [ RunTime:0.0001s ]
SQL: SELECT * FROM `ot_ppdd` WHERE `p_user` = '15890693750' ORDER BY id DESC LIMIT 0,100   [ RunTime:0.0001s ]
SQL: SELECT * FROM `ot_user` WHERE `UE_account` = '15890693750' LIMIT 1   [ RunTime:0.0003s ]
SQL: SELECT COUNT(*) AS tp_count FROM `ot_ppdd` WHERE `g_user` = '15890693750' LIMIT 1   [ RunTime:0.0002s ]
SQL: SELECT * FROM `ot_ppdd` WHERE `g_user` = '15890693750' ORDER BY id DESC LIMIT 0,100   [ RunTime:0.0008s ]
SQL: SELECT * FROM `ot_user` WHERE `UE_accName` = '15890693750'  [ RunTime:0.0002s ]
SQL: SELECT * FROM `ot_user` WHERE `UE_accName` = '15890693751'  [ RunTime:0.0001s ]
SQL: SELECT * FROM `ot_user` WHERE `UE_accName` = '15890693752'  [ RunTime:0.0001s ]
SQL: SELECT * FROM `ot_user` WHERE `UE_accName` = '15890693753'  [ RunTime:0.0001s ]
SQL: SELECT * FROM `ot_user` WHERE `UE_accName` = '15890693754'  [ RunTime:0.0001s ]
SQL: SELECT * FROM `ot_user` WHERE `UE_accName` = '15890693755'  [ RunTime:0.0001s ]
SQL: SELECT * FROM `ot_user` WHERE `UE_accName` = '15890693756'  [ RunTime:0.0001s ]
SQL: SELECT * FROM `ot_user` WHERE `UE_accName` = '15890693757'  [ RunTime:0.0001s ]
SQL: SELECT * FROM `ot_user` WHERE `UE_accName` = '15890693758'  [ RunTime:0.0001s ]
SQL: SELECT COUNT(*) AS tp_count FROM `ot_user` WHERE `UE_accName` = '15890693750' AND `UE_status` <> 0 LIMIT 1   [ RunTime:0.0001s ]
SQL: SELECT * FROM `ot_user` WHERE `UE_account` = '15890693750' LIMIT 1   [ RunTime:0.0001s ]
INFO: [ view_parse ] --START--
INFO: [ template_filter ] --START--
INFO: Run Behavior\ContentReplaceBehavior [ RunTime:0.000050s ]
INFO: [ template_filter ] --END-- [ RunTime:0.000115s ]
NOTIC: [2] file_put_contents(../User/Runtime/Cache/Home/002f053012789ea6c5ccda439dd7a700.php): failed to open stream: Permission denied /data/wwwroot/v3/ThinkPHP/Library/Think/Storage/Driver/File.class.php 第 47 行.
ERR: _STORAGE_WRITE_ERROR_:../User/Runtime/Cache/Home/002f053012789ea6c5ccda439dd7a700.php

[ 2017-10-23T17:33:56+08:00 ] 127.0.0.1 /Home/Index/home.html
INFO: [ app_init ] --START--
INFO: Run Behavior\BuildLiteBehavior [ RunTime:0.000011s ]
INFO: [ app_init ] --END-- [ RunTime:0.000215s ]
INFO: [ app_begin ] --START--
INFO: Run Behavior\ReadHtmlCacheBehavior [ RunTime:0.000355s ]
INFO: [ app_begin ] --END-- [ RunTime:0.000391s ]
SQL: SHOW COLUMNS FROM `ot_system` [ RunTime:0.0015s ]
SQL: SELECT * FROM `ot_system` WHERE `SYS_ID` = 1 LIMIT 1   [ RunTime:0.0002s ]
SQL: SHOW COLUMNS FROM `ot_user` [ RunTime:0.0014s ]
SQL: SELECT * FROM `ot_user` WHERE `UE_ID` = 62281 LIMIT 1   [ RunTime:0.0001s ]
SQL: SHOW COLUMNS FROM `ot_pin` [ RunTime:0.0007s ]
SQL: SELECT COUNT(*) AS tp_count FROM `ot_pin` WHERE `user` = '15890693750' AND `zt` = 0 LIMIT 1   [ RunTime:0.0001s ]
SQL: SELECT * FROM `ot_user` WHERE `UE_account` = '15890693750' LIMIT 1   [ RunTime:0.0001s ]
SQL: SHOW COLUMNS FROM `ot_ppdd` [ RunTime:0.0011s ]
SQL: SELECT * FROM `ot_ppdd` WHERE `p_user` = '15890693750' AND `zt` = 0 AND `zhh` = 0  [ RunTime:0.0001s ]
SQL: SELECT * FROM `ot_ppdd` WHERE `p_user` = '15890693750' AND `zt` = 0 AND `zhh` = 1  [ RunTime:0.0002s ]
SQL: SHOW COLUMNS FROM `ot_tgbz` [ RunTime:0.0017s ]
SQL: SELECT COUNT(*) AS tp_count FROM `ot_tgbz` WHERE `user` = '15890693750' LIMIT 1   [ RunTime:0.0001s ]
SQL: SELECT `date1` FROM `ot_tgbz` WHERE `user` = '15890693750' AND `qr_zt` = 1 ORDER BY date desc LIMIT 1   [ RunTime:0.0001s ]
SQL: SELECT COUNT(*) AS tp_count FROM `ot_user` WHERE `UE_accName` = '15890693750' AND `cold` = 1 AND `cold_type` = 1 LIMIT 1   [ RunTime:0.0001s ]
SQL: SELECT `date_hk`,`g_user`,`p_user`,`p_id`,`g_id`,`id`,`jb` FROM `ot_ppdd` WHERE `p_user` = '15890693750' AND `zt` = 1  [ RunTime:0.0001s ]
SQL: SHOW COLUMNS FROM `ot_match` [ RunTime:0.0014s ]
SQL: SELECT * FROM `ot_match` LIMIT 1   [ RunTime:0.0001s ]
SQL: SELECT COUNT(*) AS tp_count FROM `ot_tgbz` WHERE `user` = '15890693750' LIMIT 1   [ RunTime:0.0001s ]
SQL: SELECT * FROM `ot_tgbz` WHERE `user` = '15890693750' ORDER BY id DESC LIMIT 0,100   [ RunTime:0.0001s ]
SQL: SHOW COLUMNS FROM `ot_jsbz` [ RunTime:0.0014s ]
SQL: SELECT COUNT(*) AS tp_count FROM `ot_jsbz` WHERE `user` = '15890693750' LIMIT 1   [ RunTime:0.0001s ]
SQL: SELECT * FROM `ot_jsbz` WHERE `user` = '15890693750' ORDER BY id DESC LIMIT 0,100   [ RunTime:0.0001s ]
SQL: SELECT COUNT(*) AS tp_count FROM `ot_ppdd` WHERE `p_user` = '15890693750' LIMIT 1   [ RunTime:0.0001s ]
SQL: SELECT * FROM `ot_ppdd` WHERE `p_user` = '15890693750' ORDER BY id DESC LIMIT 0,100   [ RunTime:0.0001s ]
SQL: SELECT * FROM `ot_user` WHERE `UE_account` = '15890693750' LIMIT 1   [ RunTime:0.0001s ]
SQL: SELECT COUNT(*) AS tp_count FROM `ot_ppdd` WHERE `g_user` = '15890693750' LIMIT 1   [ RunTime:0.0001s ]
SQL: SELECT * FROM `ot_ppdd` WHERE `g_user` = '15890693750' ORDER BY id DESC LIMIT 0,100   [ RunTime:0.0001s ]
SQL: SELECT * FROM `ot_user` WHERE `UE_accName` = '15890693750'  [ RunTime:0.0001s ]
SQL: SELECT * FROM `ot_user` WHERE `UE_accName` = '15890693751'  [ RunTime:0.0001s ]
SQL: SELECT * FROM `ot_user` WHERE `UE_accName` = '15890693752'  [ RunTime:0.0002s ]
SQL: SELECT * FROM `ot_user` WHERE `UE_accName` = '15890693753'  [ RunTime:0.0001s ]
SQL: SELECT * FROM `ot_user` WHERE `UE_accName` = '15890693754'  [ RunTime:0.0001s ]
SQL: SELECT * FROM `ot_user` WHERE `UE_accName` = '15890693755'  [ RunTime:0.0001s ]
SQL: SELECT * FROM `ot_user` WHERE `UE_accName` = '15890693756'  [ RunTime:0.0001s ]
SQL: SELECT * FROM `ot_user` WHERE `UE_accName` = '15890693757'  [ RunTime:0.0001s ]
SQL: SELECT * FROM `ot_user` WHERE `UE_accName` = '15890693758'  [ RunTime:0.0001s ]
SQL: SELECT COUNT(*) AS tp_count FROM `ot_user` WHERE `UE_accName` = '15890693750' AND `UE_status` <> 0 LIMIT 1   [ RunTime:0.0001s ]
SQL: SELECT * FROM `ot_user` WHERE `UE_account` = '15890693750' LIMIT 1   [ RunTime:0.0001s ]
INFO: [ view_parse ] --START--
INFO: [ template_filter ] --START--
INFO: Run Behavior\ContentReplaceBehavior [ RunTime:0.000036s ]
INFO: [ template_filter ] --END-- [ RunTime:0.000069s ]
INFO: Run Behavior\ParseTemplateBehavior [ RunTime:0.007687s ]
INFO: [ view_parse ] --END-- [ RunTime:0.007712s ]
INFO: [ view_filter ] --START--
INFO: Run Behavior\WriteHtmlCacheBehavior [ RunTime:0.000103s ]
INFO: Run Behavior\TokenBuildBehavior [ RunTime:0.000167s ]
INFO: [ view_filter ] --END-- [ RunTime:0.000294s ]
INFO: [ app_end ] --START--
INFO: Run Behavior\ShowPageTraceBehavior [ RunTime:0.000297s ]
INFO: [ app_end ] --END-- [ RunTime:0.000316s ]

[ 2017-10-23T17:33:58+08:00 ] 127.0.0.1 /Home/Index/home.html
INFO: [ app_init ] --START--
INFO: Run Behavior\BuildLiteBehavior [ RunTime:0.000010s ]
INFO: [ app_init ] --END-- [ RunTime:0.000239s ]
INFO: [ app_begin ] --START--
INFO: Run Behavior\ReadHtmlCacheBehavior [ RunTime:0.000776s ]
INFO: [ app_begin ] --END-- [ RunTime:0.000877s ]
SQL: SHOW COLUMNS FROM `ot_system` [ RunTime:0.0070s ]
SQL: SELECT * FROM `ot_system` WHERE `SYS_ID` = 1 LIMIT 1   [ RunTime:0.0005s ]
SQL: SHOW COLUMNS FROM `ot_user` [ RunTime:0.0027s ]
SQL: SELECT * FROM `ot_user` WHERE `UE_ID` = 62281 LIMIT 1   [ RunTime:0.0004s ]
SQL: SHOW COLUMNS FROM `ot_pin` [ RunTime:0.0067s ]
SQL: SELECT COUNT(*) AS tp_count FROM `ot_pin` WHERE `user` = '15890693750' AND `zt` = 0 LIMIT 1   [ RunTime:0.0004s ]
SQL: SELECT * FROM `ot_user` WHERE `UE_account` = '15890693750' LIMIT 1   [ RunTime:0.0003s ]
SQL: SHOW COLUMNS FROM `ot_ppdd` [ RunTime:0.0011s ]
SQL: SELECT * FROM `ot_ppdd` WHERE `p_user` = '15890693750' AND `zt` = 0 AND `zhh` = 0  [ RunTime:0.0002s ]
SQL: SELECT * FROM `ot_ppdd` WHERE `p_user` = '15890693750' AND `zt` = 0 AND `zhh` = 1  [ RunTime:0.0001s ]
SQL: SHOW COLUMNS FROM `ot_tgbz` [ RunTime:0.0011s ]
SQL: SELECT COUNT(*) AS tp_count FROM `ot_tgbz` WHERE `user` = '15890693750' LIMIT 1   [ RunTime:0.0001s ]
SQL: SELECT `date1` FROM `ot_tgbz` WHERE `user` = '15890693750' AND `qr_zt` = 1 ORDER BY date desc LIMIT 1   [ RunTime:0.0001s ]
SQL: SELECT COUNT(*) AS tp_count FROM `ot_user` WHERE `UE_accName` = '15890693750' AND `cold` = 1 AND `cold_type` = 1 LIMIT 1   [ RunTime:0.0001s ]
SQL: SELECT `date_hk`,`g_user`,`p_user`,`p_id`,`g_id`,`id`,`jb` FROM `ot_ppdd` WHERE `p_user` = '15890693750' AND `zt` = 1  [ RunTime:0.0001s ]
SQL: SHOW COLUMNS FROM `ot_match` [ RunTime:0.0009s ]
SQL: SELECT * FROM `ot_match` LIMIT 1   [ RunTime:0.0002s ]
SQL: SELECT COUNT(*) AS tp_count FROM `ot_tgbz` WHERE `user` = '15890693750' LIMIT 1   [ RunTime:0.0001s ]
SQL: SELECT * FROM `ot_tgbz` WHERE `user` = '15890693750' ORDER BY id DESC LIMIT 0,100   [ RunTime:0.0001s ]
SQL: SHOW COLUMNS FROM `ot_jsbz` [ RunTime:0.0011s ]
SQL: SELECT COUNT(*) AS tp_count FROM `ot_jsbz` WHERE `user` = '15890693750' LIMIT 1   [ RunTime:0.0003s ]
SQL: SELECT * FROM `ot_jsbz` WHERE `user` = '15890693750' ORDER BY id DESC LIMIT 0,100   [ RunTime:0.0002s ]
SQL: SELECT COUNT(*) AS tp_count FROM `ot_ppdd` WHERE `p_user` = '15890693750' LIMIT 1   [ RunTime:0.0002s ]
SQL: SELECT * FROM `ot_ppdd` WHERE `p_user` = '15890693750' ORDER BY id DESC LIMIT 0,100   [ RunTime:0.0001s ]
SQL: SELECT * FROM `ot_user` WHERE `UE_account` = '15890693750' LIMIT 1   [ RunTime:0.0002s ]
SQL: SELECT COUNT(*) AS tp_count FROM `ot_ppdd` WHERE `g_user` = '15890693750' LIMIT 1   [ RunTime:0.0002s ]
SQL: SELECT * FROM `ot_ppdd` WHERE `g_user` = '15890693750' ORDER BY id DESC LIMIT 0,100   [ RunTime:0.0002s ]
SQL: SELECT * FROM `ot_user` WHERE `UE_accName` = '15890693750'  [ RunTime:0.0003s ]
SQL: SELECT * FROM `ot_user` WHERE `UE_accName` = '15890693751'  [ RunTime:0.0001s ]
SQL: SELECT * FROM `ot_user` WHERE `UE_accName` = '15890693752'  [ RunTime:0.0001s ]
SQL: SELECT * FROM `ot_user` WHERE `UE_accName` = '15890693753'  [ RunTime:0.0001s ]
SQL: SELECT * FROM `ot_user` WHERE `UE_accName` = '15890693754'  [ RunTime:0.0001s ]
SQL: SELECT * FROM `ot_user` WHERE `UE_accName` = '15890693755'  [ RunTime:0.0001s ]
SQL: SELECT * FROM `ot_user` WHERE `UE_accName` = '15890693756'  [ RunTime:0.0001s ]
SQL: SELECT * FROM `ot_user` WHERE `UE_accName` = '15890693757'  [ RunTime:0.0001s ]
SQL: SELECT * FROM `ot_user` WHERE `UE_accName` = '15890693758'  [ RunTime:0.0001s ]
SQL: SELECT COUNT(*) AS tp_count FROM `ot_user` WHERE `UE_accName` = '15890693750' AND `UE_status` <> 0 LIMIT 1   [ RunTime:0.0006s ]
SQL: SELECT * FROM `ot_user` WHERE `UE_account` = '15890693750' LIMIT 1   [ RunTime:0.0002s ]
INFO: [ view_parse ] --START--
INFO: [ template_filter ] --START--
INFO: Run Behavior\ContentReplaceBehavior [ RunTime:0.000048s ]
INFO: [ template_filter ] --END-- [ RunTime:0.000107s ]
INFO: Run Behavior\ParseTemplateBehavior [ RunTime:0.011279s ]
INFO: [ view_parse ] --END-- [ RunTime:0.011341s ]
INFO: [ view_filter ] --START--
INFO: Run Behavior\WriteHtmlCacheBehavior [ RunTime:0.000184s ]
INFO: Run Behavior\TokenBuildBehavior [ RunTime:0.000189s ]
INFO: [ view_filter ] --END-- [ RunTime:0.000406s ]
INFO: [ app_end ] --START--
INFO: Run Behavior\ShowPageTraceBehavior [ RunTime:0.000510s ]
INFO: [ app_end ] --END-- [ RunTime:0.000538s ]

