[ 2017-10-21T17:17:11+08:00 ] 127.0.0.1 /
INFO: [ app_init ] --START--
INFO: Run Behavior\BuildLiteBehavior [ RunTime:0.000014s ]
INFO: [ app_init ] --END-- [ RunTime:0.000286s ]
INFO: [ app_begin ] --START--
INFO: Run Behavior\ReadHtmlCacheBehavior [ RunTime:0.000398s ]
INFO: [ app_begin ] --END-- [ RunTime:0.000454s ]
SQL: SHOW COLUMNS FROM `ot_system` [ RunTime:0.0014s ]
SQL: SELECT * FROM `ot_system` WHERE `SYS_ID` = 1 LIMIT 1   [ RunTime:0.0003s ]
SQL: SHOW COLUMNS FROM `ot_user` [ RunTime:0.0016s ]
SQL: SELECT * FROM `ot_user` WHERE `UE_ID` = 62278 LIMIT 1   [ RunTime:0.0004s ]
SQL: SHOW COLUMNS FROM `ot_pin` [ RunTime:0.0009s ]
SQL: SELECT COUNT(*) AS tp_count FROM `ot_pin` WHERE `user` = '18237508255' AND `zt` = 0 LIMIT 1   [ RunTime:0.0002s ]
SQL: SELECT * FROM `ot_user` WHERE `UE_account` = '18237508255' LIMIT 1   [ RunTime:0.0003s ]
SQL: SHOW COLUMNS FROM `ot_ppdd` [ RunTime:0.0011s ]
SQL: SELECT * FROM `ot_ppdd` WHERE `p_user` = '18237508255' AND `zt` = 0 AND `zhh` = 0  [ RunTime:0.0004s ]
SQL: SELECT * FROM `ot_ppdd` WHERE `p_user` = '18237508255' AND `zt` = 0 AND `zhh` = 1  [ RunTime:0.0003s ]
SQL: SHOW COLUMNS FROM `ot_tgbz` [ RunTime:0.0011s ]
SQL: SELECT COUNT(*) AS tp_count FROM `ot_tgbz` WHERE `user` = '18237508255' LIMIT 1   [ RunTime:0.0002s ]
SQL: SELECT `UE_regTime` FROM `ot_user` WHERE `UE_account` = '18237508255' LIMIT 1   [ RunTime:0.0002s ]
SQL: SELECT COUNT(*) AS tp_count FROM `ot_user` WHERE `UE_accName` = '18237508255' AND `cold` = 1 AND `cold_type` = 1 LIMIT 1   [ RunTime:0.0002s ]
SQL: SELECT `date_hk`,`g_user`,`p_user`,`p_id`,`g_id`,`id`,`jb` FROM `ot_ppdd` WHERE `p_user` = '18237508255' AND `zt` = 1  [ RunTime:0.0002s ]

[ 2017-10-21T17:17:11+08:00 ] 127.0.0.1 /Home/Index/home.html
INFO: [ app_init ] --START--
INFO: Run Behavior\BuildLiteBehavior [ RunTime:0.000015s ]
INFO: [ app_init ] --END-- [ RunTime:0.000286s ]
INFO: [ app_begin ] --START--
INFO: Run Behavior\ReadHtmlCacheBehavior [ RunTime:0.000407s ]
INFO: [ app_begin ] --END-- [ RunTime:0.000462s ]
SQL: SHOW COLUMNS FROM `ot_system` [ RunTime:0.0018s ]
SQL: SELECT * FROM `ot_system` WHERE `SYS_ID` = 1 LIMIT 1   [ RunTime:0.0005s ]
SQL: SHOW COLUMNS FROM `ot_user` [ RunTime:0.0024s ]
SQL: SELECT * FROM `ot_user` WHERE `UE_ID` = 62278 LIMIT 1   [ RunTime:0.0007s ]
SQL: SHOW COLUMNS FROM `ot_pin` [ RunTime:0.0013s ]
SQL: SELECT COUNT(*) AS tp_count FROM `ot_pin` WHERE `user` = '18237508255' AND `zt` = 0 LIMIT 1   [ RunTime:0.0005s ]
SQL: SELECT * FROM `ot_user` WHERE `UE_account` = '18237508255' LIMIT 1   [ RunTime:0.0005s ]
SQL: SHOW COLUMNS FROM `ot_ppdd` [ RunTime:0.0019s ]
SQL: SELECT * FROM `ot_ppdd` WHERE `p_user` = '18237508255' AND `zt` = 0 AND `zhh` = 0  [ RunTime:0.0005s ]
SQL: SELECT * FROM `ot_ppdd` WHERE `p_user` = '18237508255' AND `zt` = 0 AND `zhh` = 1  [ RunTime:0.0006s ]
SQL: SHOW COLUMNS FROM `ot_tgbz` [ RunTime:0.0014s ]
SQL: SELECT COUNT(*) AS tp_count FROM `ot_tgbz` WHERE `user` = '18237508255' LIMIT 1   [ RunTime:0.0003s ]
SQL: SELECT `UE_regTime` FROM `ot_user` WHERE `UE_account` = '18237508255' LIMIT 1   [ RunTime:0.0002s ]
SQL: SELECT COUNT(*) AS tp_count FROM `ot_user` WHERE `UE_accName` = '18237508255' AND `cold` = 1 AND `cold_type` = 1 LIMIT 1   [ RunTime:0.0002s ]
SQL: SELECT `date_hk`,`g_user`,`p_user`,`p_id`,`g_id`,`id`,`jb` FROM `ot_ppdd` WHERE `p_user` = '18237508255' AND `zt` = 1  [ RunTime:0.0002s ]
SQL: SELECT * FROM `ot_user` WHERE `UE_accName` = '18237508255'  [ RunTime:0.0003s ]
SQL: SELECT COUNT(*) AS tp_count FROM `ot_user` WHERE `UE_accName` = '18237508255' LIMIT 1   [ RunTime:0.0002s ]
SQL: SHOW COLUMNS FROM `ot_match` [ RunTime:0.0011s ]
SQL: SELECT * FROM `ot_match` LIMIT 1   [ RunTime:0.0003s ]
SQL: SELECT COUNT(*) AS tp_count FROM `ot_tgbz` WHERE `user` = '18237508255' LIMIT 1   [ RunTime:0.0002s ]
SQL: SELECT * FROM `ot_tgbz` WHERE `user` = '18237508255' ORDER BY id DESC LIMIT 0,100   [ RunTime:0.0005s ]
SQL: SHOW COLUMNS FROM `ot_jsbz` [ RunTime:0.0014s ]
SQL: SELECT COUNT(*) AS tp_count FROM `ot_jsbz` WHERE `user` = '18237508255' LIMIT 1   [ RunTime:0.0003s ]
SQL: SELECT * FROM `ot_jsbz` WHERE `user` = '18237508255' ORDER BY id DESC LIMIT 0,100   [ RunTime:0.0002s ]
SQL: SELECT COUNT(*) AS tp_count FROM `ot_ppdd` WHERE `p_user` = '18237508255' LIMIT 1   [ RunTime:0.0003s ]
SQL: SELECT * FROM `ot_ppdd` WHERE `p_user` = '18237508255' ORDER BY id DESC LIMIT 0,100   [ RunTime:0.0002s ]
SQL: SELECT * FROM `ot_user` WHERE `UE_account` = '18237508255' LIMIT 1   [ RunTime:0.0003s ]
SQL: SELECT COUNT(*) AS tp_count FROM `ot_ppdd` WHERE `g_user` = '18237508255' LIMIT 1   [ RunTime:0.0002s ]
SQL: SELECT * FROM `ot_ppdd` WHERE `g_user` = '18237508255' ORDER BY id DESC LIMIT 0,100   [ RunTime:0.0003s ]
SQL: SELECT * FROM `ot_user` WHERE `UE_account` = '18237508255' LIMIT 1   [ RunTime:0.0003s ]
INFO: [ view_parse ] --START--
INFO: [ template_filter ] --START--
INFO: Run Behavior\ContentReplaceBehavior [ RunTime:0.000063s ]
INFO: [ template_filter ] --END-- [ RunTime:0.000109s ]
INFO: Run Behavior\ParseTemplateBehavior [ RunTime:0.009501s ]
INFO: [ view_parse ] --END-- [ RunTime:0.009544s ]
INFO: [ view_filter ] --START--
INFO: Run Behavior\WriteHtmlCacheBehavior [ RunTime:0.000114s ]
INFO: Run Behavior\TokenBuildBehavior [ RunTime:0.000233s ]
INFO: [ view_filter ] --END-- [ RunTime:0.000408s ]
INFO: [ app_end ] --START--
INFO: Run Behavior\ShowPageTraceBehavior [ RunTime:0.000430s ]
INFO: [ app_end ] --END-- [ RunTime:0.000478s ]

[ 2017-10-21T17:18:09+08:00 ] 127.0.0.1 /Home/Index/tgbzcl.html
INFO: [ app_init ] --START--
INFO: Run Behavior\BuildLiteBehavior [ RunTime:0.000020s ]
INFO: [ app_init ] --END-- [ RunTime:0.000468s ]
INFO: [ app_begin ] --START--
INFO: Run Behavior\ReadHtmlCacheBehavior [ RunTime:0.000506s ]
INFO: [ app_begin ] --END-- [ RunTime:0.000571s ]
SQL: SHOW COLUMNS FROM `ot_system` [ RunTime:0.0018s ]
SQL: SELECT * FROM `ot_system` WHERE `SYS_ID` = 1 LIMIT 1   [ RunTime:0.0006s ]
SQL: SHOW COLUMNS FROM `ot_user` [ RunTime:0.0025s ]
SQL: SELECT * FROM `ot_user` WHERE `UE_ID` = 62269 LIMIT 1   [ RunTime:0.0006s ]
SQL: SHOW COLUMNS FROM `ot_pin` [ RunTime:0.0013s ]
SQL: SELECT COUNT(*) AS tp_count FROM `ot_pin` WHERE `user` = '18339977511' AND `zt` = 0 LIMIT 1   [ RunTime:0.0003s ]
SQL: SELECT * FROM `ot_user` WHERE `UE_account` = '18339977511' LIMIT 1   [ RunTime:0.0004s ]
SQL: SHOW COLUMNS FROM `ot_ppdd` [ RunTime:0.0015s ]
SQL: SELECT * FROM `ot_ppdd` WHERE `p_user` = '18339977511' AND `zt` = 0 AND `zhh` = 0  [ RunTime:0.0003s ]
SQL: SELECT * FROM `ot_ppdd` WHERE `p_user` = '18339977511' AND `zt` = 0 AND `zhh` = 1  [ RunTime:0.0003s ]
SQL: SHOW COLUMNS FROM `ot_tgbz` [ RunTime:0.0013s ]
SQL: SELECT COUNT(*) AS tp_count FROM `ot_tgbz` WHERE `user` = '18339977511' LIMIT 1   [ RunTime:0.0002s ]
SQL: SELECT `date1` FROM `ot_tgbz` WHERE `user` = '18339977511' AND `qr_zt` = 1 ORDER BY date desc LIMIT 1   [ RunTime:0.0002s ]
SQL: SELECT COUNT(*) AS tp_count FROM `ot_user` WHERE `UE_accName` = '18339977511' AND `cold` = 1 AND `cold_type` = 1 LIMIT 1   [ RunTime:0.0003s ]
SQL: SELECT `date_hk`,`g_user`,`p_user`,`p_id`,`g_id`,`id`,`jb` FROM `ot_ppdd` WHERE `p_user` = '18339977511' AND `zt` = 1  [ RunTime:0.0002s ]
INFO: [ view_parse ] --START--
INFO: [ template_filter ] --START--
INFO: Run Behavior\ContentReplaceBehavior [ RunTime:0.000090s ]
INFO: [ template_filter ] --END-- [ RunTime:0.000164s ]
INFO: Run Behavior\ParseTemplateBehavior [ RunTime:0.011286s ]
INFO: [ view_parse ] --END-- [ RunTime:0.011346s ]
INFO: [ view_filter ] --START--
INFO: Run Behavior\WriteHtmlCacheBehavior [ RunTime:0.000153s ]
INFO: Run Behavior\TokenBuildBehavior [ RunTime:0.000332s ]
INFO: [ view_filter ] --END-- [ RunTime:0.000566s ]
INFO: [ app_end ] --START--
INFO: Run Behavior\ShowPageTraceBehavior [ RunTime:0.000521s ]
INFO: [ app_end ] --END-- [ RunTime:0.000580s ]

[ 2017-10-21T17:18:13+08:00 ] 127.0.0.1 /Home/Index/sqbzjl.html
INFO: [ app_init ] --START--
INFO: Run Behavior\BuildLiteBehavior [ RunTime:0.000017s ]
INFO: [ app_init ] --END-- [ RunTime:0.000356s ]
INFO: [ app_begin ] --START--
INFO: Run Behavior\ReadHtmlCacheBehavior [ RunTime:0.000506s ]
INFO: [ app_begin ] --END-- [ RunTime:0.000564s ]
SQL: SHOW COLUMNS FROM `ot_system` [ RunTime:0.0018s ]
SQL: SELECT * FROM `ot_system` WHERE `SYS_ID` = 1 LIMIT 1   [ RunTime:0.0005s ]
SQL: SHOW COLUMNS FROM `ot_user` [ RunTime:0.0025s ]
SQL: SELECT * FROM `ot_user` WHERE `UE_ID` = 62269 LIMIT 1   [ RunTime:0.0007s ]
SQL: SHOW COLUMNS FROM `ot_pin` [ RunTime:0.0014s ]
SQL: SELECT COUNT(*) AS tp_count FROM `ot_pin` WHERE `user` = '18339977511' AND `zt` = 0 LIMIT 1   [ RunTime:0.0005s ]
SQL: SELECT * FROM `ot_user` WHERE `UE_account` = '18339977511' LIMIT 1   [ RunTime:0.0007s ]
SQL: SHOW COLUMNS FROM `ot_ppdd` [ RunTime:0.0016s ]
SQL: SELECT * FROM `ot_ppdd` WHERE `p_user` = '18339977511' AND `zt` = 0 AND `zhh` = 0  [ RunTime:0.0006s ]
SQL: SELECT * FROM `ot_ppdd` WHERE `p_user` = '18339977511' AND `zt` = 0 AND `zhh` = 1  [ RunTime:0.0006s ]
SQL: SHOW COLUMNS FROM `ot_tgbz` [ RunTime:0.0016s ]
SQL: SELECT COUNT(*) AS tp_count FROM `ot_tgbz` WHERE `user` = '18339977511' LIMIT 1   [ RunTime:0.0005s ]
SQL: SELECT `date1` FROM `ot_tgbz` WHERE `user` = '18339977511' AND `qr_zt` = 1 ORDER BY date desc LIMIT 1   [ RunTime:0.0005s ]
SQL: SELECT COUNT(*) AS tp_count FROM `ot_user` WHERE `UE_accName` = '18339977511' AND `cold` = 1 AND `cold_type` = 1 LIMIT 1   [ RunTime:0.0006s ]
SQL: SELECT `date_hk`,`g_user`,`p_user`,`p_id`,`g_id`,`id`,`jb` FROM `ot_ppdd` WHERE `p_user` = '18339977511' AND `zt` = 1  [ RunTime:0.0003s ]
SQL: SELECT COUNT(*) AS tp_count FROM `ot_ppdd` WHERE `p_user` = '18339977511' AND `zt` <> 2 LIMIT 1   [ RunTime:0.0002s ]
SQL: SELECT * FROM `ot_ppdd` WHERE `p_user` = '18339977511' AND `zt` <> 2 ORDER BY id DESC LIMIT 0,100   [ RunTime:0.0005s ]
INFO: [ view_parse ] --START--
INFO: [ template_filter ] --START--
INFO: Run Behavior\ContentReplaceBehavior [ RunTime:0.000101s ]
INFO: [ template_filter ] --END-- [ RunTime:0.000163s ]
NOTIC: [8] Undefined variable: aa1 /data/wwwroot/mdgj/User/Runtime/Cache/Home/c99dff8f2b7eea698ca0bc19a8c8b1f5.php 第 105 行.
NOTIC: [8] Undefined variable: aa1 /data/wwwroot/mdgj/User/Runtime/Cache/Home/c99dff8f2b7eea698ca0bc19a8c8b1f5.php 第 117 行.
NOTIC: [8] Undefined variable: aaa1 /data/wwwroot/mdgj/User/Runtime/Cache/Home/c99dff8f2b7eea698ca0bc19a8c8b1f5.php 第 117 行.
NOTIC: [8] Undefined variable: aa1 /data/wwwroot/mdgj/User/Runtime/Cache/Home/c99dff8f2b7eea698ca0bc19a8c8b1f5.php 第 118 行.
INFO: Run Behavior\ParseTemplateBehavior [ RunTime:0.017964s ]
INFO: [ view_parse ] --END-- [ RunTime:0.018020s ]
INFO: [ view_filter ] --START--
INFO: Run Behavior\WriteHtmlCacheBehavior [ RunTime:0.000153s ]
INFO: Run Behavior\TokenBuildBehavior [ RunTime:0.000273s ]
INFO: [ view_filter ] --END-- [ RunTime:0.000500s ]
INFO: [ app_end ] --START--
INFO: Run Behavior\ShowPageTraceBehavior [ RunTime:0.000528s ]
INFO: [ app_end ] --END-- [ RunTime:0.000583s ]

[ 2017-10-21T17:18:14+08:00 ] 127.0.0.1 /Home/Index/home_ddxx_pcz/id/1518/
INFO: [ app_init ] --START--
INFO: Run Behavior\BuildLiteBehavior [ RunTime:0.000016s ]
INFO: [ app_init ] --END-- [ RunTime:0.000351s ]
INFO: [ app_begin ] --START--
INFO: Run Behavior\ReadHtmlCacheBehavior [ RunTime:0.000502s ]
INFO: [ app_begin ] --END-- [ RunTime:0.000585s ]
SQL: SHOW COLUMNS FROM `ot_system` [ RunTime:0.0018s ]
SQL: SELECT * FROM `ot_system` WHERE `SYS_ID` = 1 LIMIT 1   [ RunTime:0.0006s ]
SQL: SHOW COLUMNS FROM `ot_user` [ RunTime:0.0022s ]
SQL: SELECT * FROM `ot_user` WHERE `UE_ID` = 62269 LIMIT 1   [ RunTime:0.0007s ]
SQL: SHOW COLUMNS FROM `ot_pin` [ RunTime:0.0015s ]
SQL: SELECT COUNT(*) AS tp_count FROM `ot_pin` WHERE `user` = '18339977511' AND `zt` = 0 LIMIT 1   [ RunTime:0.0006s ]
SQL: SELECT * FROM `ot_user` WHERE `UE_account` = '18339977511' LIMIT 1   [ RunTime:0.0006s ]
SQL: SHOW COLUMNS FROM `ot_ppdd` [ RunTime:0.0017s ]
SQL: SELECT * FROM `ot_ppdd` WHERE `p_user` = '18339977511' AND `zt` = 0 AND `zhh` = 0  [ RunTime:0.0006s ]
SQL: SELECT * FROM `ot_ppdd` WHERE `p_user` = '18339977511' AND `zt` = 0 AND `zhh` = 1  [ RunTime:0.0006s ]
SQL: SHOW COLUMNS FROM `ot_tgbz` [ RunTime:0.0017s ]
SQL: SELECT COUNT(*) AS tp_count FROM `ot_tgbz` WHERE `user` = '18339977511' LIMIT 1   [ RunTime:0.0004s ]
SQL: SELECT `date1` FROM `ot_tgbz` WHERE `user` = '18339977511' AND `qr_zt` = 1 ORDER BY date desc LIMIT 1   [ RunTime:0.0005s ]
SQL: SELECT COUNT(*) AS tp_count FROM `ot_user` WHERE `UE_accName` = '18339977511' AND `cold` = 1 AND `cold_type` = 1 LIMIT 1   [ RunTime:0.0006s ]
SQL: SELECT `date_hk`,`g_user`,`p_user`,`p_id`,`g_id`,`id`,`jb` FROM `ot_ppdd` WHERE `p_user` = '18339977511' AND `zt` = 1  [ RunTime:0.0006s ]
INFO: [ view_parse ] --START--
INFO: [ template_filter ] --START--
INFO: Run Behavior\ContentReplaceBehavior [ RunTime:0.000117s ]
INFO: [ template_filter ] --END-- [ RunTime:0.000171s ]
INFO: Run Behavior\ParseTemplateBehavior [ RunTime:0.013479s ]
INFO: [ view_parse ] --END-- [ RunTime:0.013536s ]
INFO: [ view_filter ] --START--
INFO: Run Behavior\WriteHtmlCacheBehavior [ RunTime:0.000139s ]
INFO: Run Behavior\TokenBuildBehavior [ RunTime:0.000272s ]
INFO: [ view_filter ] --END-- [ RunTime:0.000486s ]
INFO: [ app_end ] --START--
INFO: Run Behavior\ShowPageTraceBehavior [ RunTime:0.000419s ]
INFO: [ app_end ] --END-- [ RunTime:0.000465s ]

[ 2017-10-21T17:18:25+08:00 ] 127.0.0.1 /Home/Index/home_ddxx_pcz_cl/
INFO: [ app_init ] --START--
INFO: Run Behavior\BuildLiteBehavior [ RunTime:0.000010s ]
INFO: [ app_init ] --END-- [ RunTime:0.000193s ]
INFO: [ app_begin ] --START--
INFO: Run Behavior\ReadHtmlCacheBehavior [ RunTime:0.000273s ]
INFO: [ app_begin ] --END-- [ RunTime:0.000313s ]
SQL: SHOW COLUMNS FROM `ot_system` [ RunTime:0.0010s ]
SQL: SELECT * FROM `ot_system` WHERE `SYS_ID` = 1 LIMIT 1   [ RunTime:0.0003s ]
SQL: SHOW COLUMNS FROM `ot_user` [ RunTime:0.0012s ]
SQL: SELECT * FROM `ot_user` WHERE `UE_ID` = 62269 LIMIT 1   [ RunTime:0.0003s ]
SQL: SHOW COLUMNS FROM `ot_pin` [ RunTime:0.0006s ]
SQL: SELECT COUNT(*) AS tp_count FROM `ot_pin` WHERE `user` = '18339977511' AND `zt` = 0 LIMIT 1   [ RunTime:0.0003s ]
SQL: SELECT * FROM `ot_user` WHERE `UE_account` = '18339977511' LIMIT 1   [ RunTime:0.0002s ]
SQL: SHOW COLUMNS FROM `ot_ppdd` [ RunTime:0.0008s ]
SQL: SELECT * FROM `ot_ppdd` WHERE `p_user` = '18339977511' AND `zt` = 0 AND `zhh` = 0  [ RunTime:0.0002s ]
SQL: SELECT * FROM `ot_ppdd` WHERE `p_user` = '18339977511' AND `zt` = 0 AND `zhh` = 1  [ RunTime:0.0004s ]
SQL: SHOW COLUMNS FROM `ot_tgbz` [ RunTime:0.0009s ]
SQL: SELECT COUNT(*) AS tp_count FROM `ot_tgbz` WHERE `user` = '18339977511' LIMIT 1   [ RunTime:0.0004s ]
SQL: SELECT `date1` FROM `ot_tgbz` WHERE `user` = '18339977511' AND `qr_zt` = 1 ORDER BY date desc LIMIT 1   [ RunTime:0.0001s ]
SQL: SELECT COUNT(*) AS tp_count FROM `ot_user` WHERE `UE_accName` = '18339977511' AND `cold` = 1 AND `cold_type` = 1 LIMIT 1   [ RunTime:0.0001s ]
SQL: SELECT `date_hk`,`g_user`,`p_user`,`p_id`,`g_id`,`id`,`jb` FROM `ot_ppdd` WHERE `p_user` = '18339977511' AND `zt` = 1  [ RunTime:0.0001s ]
SQL: SELECT * FROM `ot_ppdd` WHERE `id` = 1518 AND `zt` = 0 LIMIT 1   [ RunTime:0.0001s ]
NOTIC: [2] call_user_func() expects parameter 1 to be a valid callback, no array or string given /data/wwwroot/mdgj/ThinkPHP/Library/Think/Upload.class.php 第 187 行.
SQL: UPDATE `ot_ppdd` SET `pic`='Uploads/Pic/2017-10-21/59eb10db99df4.jpg',`zt`='1',`date_hk`='2017-10-21 17:18:19',`date_hk1`='2017-10-21 17:18:19' WHERE `id` = 1518 AND `zt` = 0 [ RunTime:0.0004s ]
SQL: UPDATE `ot_user` SET `shop_money`=shop_money+1000 WHERE `UE_account` = '18339977511' [ RunTime:0.0001s ]
SQL: SHOW COLUMNS FROM `ot_user_jj` [ RunTime:0.0008s ]
SQL: SELECT * FROM `ot_user_jj` WHERE `r_id` = '1518' LIMIT 1   [ RunTime:0.0004s ]
SQL: UPDATE `ot_user_jj` SET `zt`='4' WHERE `r_id` = '1518' [ RunTime:0.0002s ]
SQL: SELECT * FROM `ot_user` WHERE `UE_account` = '18237508255' LIMIT 1   [ RunTime:0.0003s ]
NOTIC: [8] Undefined property: Sendsms::$username /data/wwwroot/mdgj/ThinkPHP/Library/Vendor/Sendsms/sendsms.php 第 39 行.
NOTIC: [8] Undefined property: Sendsms::$password /data/wwwroot/mdgj/ThinkPHP/Library/Vendor/Sendsms/sendsms.php 第 40 行.

[ 2017-10-21T17:18:28+08:00 ] 127.0.0.1 /Home/Index/sqbzjl.html
INFO: [ app_init ] --START--
INFO: Run Behavior\BuildLiteBehavior [ RunTime:0.000017s ]
INFO: [ app_init ] --END-- [ RunTime:0.000426s ]
INFO: [ app_begin ] --START--
INFO: Run Behavior\ReadHtmlCacheBehavior [ RunTime:0.000554s ]
INFO: [ app_begin ] --END-- [ RunTime:0.000639s ]
SQL: SHOW COLUMNS FROM `ot_system` [ RunTime:0.0024s ]
SQL: SELECT * FROM `ot_system` WHERE `SYS_ID` = 1 LIMIT 1   [ RunTime:0.0006s ]
SQL: SHOW COLUMNS FROM `ot_user` [ RunTime:0.0030s ]
SQL: SELECT * FROM `ot_user` WHERE `UE_ID` = 62269 LIMIT 1   [ RunTime:0.0006s ]
SQL: SHOW COLUMNS FROM `ot_pin` [ RunTime:0.0013s ]
SQL: SELECT COUNT(*) AS tp_count FROM `ot_pin` WHERE `user` = '18339977511' AND `zt` = 0 LIMIT 1   [ RunTime:0.0006s ]
SQL: SELECT * FROM `ot_user` WHERE `UE_account` = '18339977511' LIMIT 1   [ RunTime:0.0006s ]
SQL: SHOW COLUMNS FROM `ot_ppdd` [ RunTime:0.0016s ]
SQL: SELECT * FROM `ot_ppdd` WHERE `p_user` = '18339977511' AND `zt` = 0 AND `zhh` = 0  [ RunTime:0.0005s ]
SQL: SELECT * FROM `ot_ppdd` WHERE `p_user` = '18339977511' AND `zt` = 0 AND `zhh` = 1  [ RunTime:0.0006s ]
SQL: SHOW COLUMNS FROM `ot_tgbz` [ RunTime:0.0015s ]
SQL: SELECT COUNT(*) AS tp_count FROM `ot_tgbz` WHERE `user` = '18339977511' LIMIT 1   [ RunTime:0.0002s ]
SQL: SELECT `date1` FROM `ot_tgbz` WHERE `user` = '18339977511' AND `qr_zt` = 1 ORDER BY date desc LIMIT 1   [ RunTime:0.0002s ]
SQL: SELECT COUNT(*) AS tp_count FROM `ot_user` WHERE `UE_accName` = '18339977511' AND `cold` = 1 AND `cold_type` = 1 LIMIT 1   [ RunTime:0.0003s ]
SQL: SELECT `date_hk`,`g_user`,`p_user`,`p_id`,`g_id`,`id`,`jb` FROM `ot_ppdd` WHERE `p_user` = '18339977511' AND `zt` = 1  [ RunTime:0.0002s ]
SQL: SELECT COUNT(*) AS tp_count FROM `ot_ppdd` WHERE `p_user` = '18339977511' AND `zt` <> 2 LIMIT 1   [ RunTime:0.0003s ]
SQL: SELECT * FROM `ot_ppdd` WHERE `p_user` = '18339977511' AND `zt` <> 2 ORDER BY id DESC LIMIT 0,100   [ RunTime:0.0006s ]
INFO: [ view_parse ] --START--
INFO: [ template_filter ] --START--
INFO: Run Behavior\ContentReplaceBehavior [ RunTime:0.000116s ]
INFO: [ template_filter ] --END-- [ RunTime:0.000233s ]
INFO: Run Behavior\ParseTemplateBehavior [ RunTime:0.017195s ]
INFO: [ view_parse ] --END-- [ RunTime:0.017258s ]
INFO: [ view_filter ] --START--
INFO: Run Behavior\WriteHtmlCacheBehavior [ RunTime:0.000156s ]
INFO: Run Behavior\TokenBuildBehavior [ RunTime:0.000290s ]
INFO: [ view_filter ] --END-- [ RunTime:0.000523s ]
INFO: [ app_end ] --START--
INFO: Run Behavior\ShowPageTraceBehavior [ RunTime:0.000517s ]
INFO: [ app_end ] --END-- [ RunTime:0.000574s ]

[ 2017-10-21T17:18:56+08:00 ] 127.0.0.1 /Home/Index/jsbzjl.html
INFO: [ app_init ] --START--
INFO: Run Behavior\BuildLiteBehavior [ RunTime:0.000015s ]
INFO: [ app_init ] --END-- [ RunTime:0.000350s ]
INFO: [ app_begin ] --START--
INFO: Run Behavior\ReadHtmlCacheBehavior [ RunTime:0.000510s ]
INFO: [ app_begin ] --END-- [ RunTime:0.000572s ]
SQL: SHOW COLUMNS FROM `ot_system` [ RunTime:0.0018s ]
SQL: SELECT * FROM `ot_system` WHERE `SYS_ID` = 1 LIMIT 1   [ RunTime:0.0005s ]
SQL: SHOW COLUMNS FROM `ot_user` [ RunTime:0.0022s ]
SQL: SELECT * FROM `ot_user` WHERE `UE_ID` = 62278 LIMIT 1   [ RunTime:0.0005s ]
SQL: SHOW COLUMNS FROM `ot_pin` [ RunTime:0.0011s ]
SQL: SELECT COUNT(*) AS tp_count FROM `ot_pin` WHERE `user` = '18237508255' AND `zt` = 0 LIMIT 1   [ RunTime:0.0003s ]
SQL: SELECT * FROM `ot_user` WHERE `UE_account` = '18237508255' LIMIT 1   [ RunTime:0.0004s ]
SQL: SHOW COLUMNS FROM `ot_ppdd` [ RunTime:0.0013s ]
SQL: SELECT * FROM `ot_ppdd` WHERE `p_user` = '18237508255' AND `zt` = 0 AND `zhh` = 0  [ RunTime:0.0003s ]
SQL: SELECT * FROM `ot_ppdd` WHERE `p_user` = '18237508255' AND `zt` = 0 AND `zhh` = 1  [ RunTime:0.0003s ]
SQL: SHOW COLUMNS FROM `ot_tgbz` [ RunTime:0.0013s ]
SQL: SELECT COUNT(*) AS tp_count FROM `ot_tgbz` WHERE `user` = '18237508255' LIMIT 1   [ RunTime:0.0003s ]
SQL: SELECT `UE_regTime` FROM `ot_user` WHERE `UE_account` = '18237508255' LIMIT 1   [ RunTime:0.0002s ]
SQL: SELECT COUNT(*) AS tp_count FROM `ot_user` WHERE `UE_accName` = '18237508255' AND `cold` = 1 AND `cold_type` = 1 LIMIT 1   [ RunTime:0.0003s ]
SQL: SELECT `date_hk`,`g_user`,`p_user`,`p_id`,`g_id`,`id`,`jb` FROM `ot_ppdd` WHERE `p_user` = '18237508255' AND `zt` = 1  [ RunTime:0.0002s ]
SQL: SELECT COUNT(*) AS tp_count FROM `ot_ppdd` WHERE `g_user` = '18237508255' AND `zt` <> 2 LIMIT 1   [ RunTime:0.0002s ]
SQL: SELECT * FROM `ot_ppdd` WHERE `g_user` = '18237508255' AND `zt` <> 2 ORDER BY id DESC LIMIT 0,100   [ RunTime:0.0004s ]
INFO: [ view_parse ] --START--
INFO: [ template_filter ] --START--
INFO: Run Behavior\ContentReplaceBehavior [ RunTime:0.000091s ]
INFO: [ template_filter ] --END-- [ RunTime:0.000156s ]
NOTIC: [8] Undefined variable: aaa1 /data/wwwroot/mdgj/User/Runtime/Cache/Home/f77f1547cf3360d2e3cd9dff1db879ce.php 第 121 行.
NOTIC: [8] Undefined variable: aaa1 /data/wwwroot/mdgj/User/Runtime/Cache/Home/f77f1547cf3360d2e3cd9dff1db879ce.php 第 132 行.
INFO: Run Behavior\ParseTemplateBehavior [ RunTime:0.021386s ]
INFO: [ view_parse ] --END-- [ RunTime:0.021435s ]
INFO: [ view_filter ] --START--
INFO: Run Behavior\WriteHtmlCacheBehavior [ RunTime:0.000201s ]
INFO: Run Behavior\TokenBuildBehavior [ RunTime:0.000241s ]
INFO: [ view_filter ] --END-- [ RunTime:0.000517s ]
INFO: [ app_end ] --START--
INFO: Run Behavior\ShowPageTraceBehavior [ RunTime:0.000458s ]
INFO: [ app_end ] --END-- [ RunTime:0.000511s ]

[ 2017-10-21T17:18:58+08:00 ] 127.0.0.1 /Home/Index/home_ddxx_gcz/id/1518/
INFO: [ app_init ] --START--
INFO: Run Behavior\BuildLiteBehavior [ RunTime:0.000014s ]
INFO: [ app_init ] --END-- [ RunTime:0.000279s ]
INFO: [ app_begin ] --START--
INFO: Run Behavior\ReadHtmlCacheBehavior [ RunTime:0.000407s ]
INFO: [ app_begin ] --END-- [ RunTime:0.000458s ]
SQL: SHOW COLUMNS FROM `ot_system` [ RunTime:0.0022s ]
SQL: SELECT * FROM `ot_system` WHERE `SYS_ID` = 1 LIMIT 1   [ RunTime:0.0005s ]
SQL: SHOW COLUMNS FROM `ot_user` [ RunTime:0.0028s ]
SQL: SELECT * FROM `ot_user` WHERE `UE_ID` = 62278 LIMIT 1   [ RunTime:0.0006s ]
SQL: SHOW COLUMNS FROM `ot_pin` [ RunTime:0.0012s ]
SQL: SELECT COUNT(*) AS tp_count FROM `ot_pin` WHERE `user` = '18237508255' AND `zt` = 0 LIMIT 1   [ RunTime:0.0004s ]
SQL: SELECT * FROM `ot_user` WHERE `UE_account` = '18237508255' LIMIT 1   [ RunTime:0.0005s ]
SQL: SHOW COLUMNS FROM `ot_ppdd` [ RunTime:0.0012s ]
SQL: SELECT * FROM `ot_ppdd` WHERE `p_user` = '18237508255' AND `zt` = 0 AND `zhh` = 0  [ RunTime:0.0003s ]
SQL: SELECT * FROM `ot_ppdd` WHERE `p_user` = '18237508255' AND `zt` = 0 AND `zhh` = 1  [ RunTime:0.0002s ]
SQL: SHOW COLUMNS FROM `ot_tgbz` [ RunTime:0.0010s ]
SQL: SELECT COUNT(*) AS tp_count FROM `ot_tgbz` WHERE `user` = '18237508255' LIMIT 1   [ RunTime:0.0002s ]
SQL: SELECT `UE_regTime` FROM `ot_user` WHERE `UE_account` = '18237508255' LIMIT 1   [ RunTime:0.0002s ]
SQL: SELECT COUNT(*) AS tp_count FROM `ot_user` WHERE `UE_accName` = '18237508255' AND `cold` = 1 AND `cold_type` = 1 LIMIT 1   [ RunTime:0.0003s ]
SQL: SELECT `date_hk`,`g_user`,`p_user`,`p_id`,`g_id`,`id`,`jb` FROM `ot_ppdd` WHERE `p_user` = '18237508255' AND `zt` = 1  [ RunTime:0.0002s ]
INFO: [ view_parse ] --START--
INFO: [ template_filter ] --START--
INFO: Run Behavior\ContentReplaceBehavior [ RunTime:0.000105s ]
INFO: [ template_filter ] --END-- [ RunTime:0.000169s ]
INFO: Run Behavior\ParseTemplateBehavior [ RunTime:0.011876s ]
INFO: [ view_parse ] --END-- [ RunTime:0.011931s ]
INFO: [ view_filter ] --START--
INFO: Run Behavior\WriteHtmlCacheBehavior [ RunTime:0.000141s ]
INFO: Run Behavior\TokenBuildBehavior [ RunTime:0.000227s ]
INFO: [ view_filter ] --END-- [ RunTime:0.000425s ]
INFO: [ app_end ] --START--
INFO: Run Behavior\ShowPageTraceBehavior [ RunTime:0.000414s ]
INFO: [ app_end ] --END-- [ RunTime:0.000467s ]

[ 2017-10-21T17:19:04+08:00 ] 127.0.0.1 /Home/Index/home_ddxx_gcz_cl/
INFO: [ app_init ] --START--
INFO: Run Behavior\BuildLiteBehavior [ RunTime:0.000016s ]
INFO: [ app_init ] --END-- [ RunTime:0.000349s ]
INFO: [ app_begin ] --START--
INFO: Run Behavior\ReadHtmlCacheBehavior [ RunTime:0.000727s ]
INFO: [ app_begin ] --END-- [ RunTime:0.000814s ]
SQL: SHOW COLUMNS FROM `ot_system` [ RunTime:0.0019s ]
SQL: SELECT * FROM `ot_system` WHERE `SYS_ID` = 1 LIMIT 1   [ RunTime:0.0006s ]
SQL: SHOW COLUMNS FROM `ot_user` [ RunTime:0.0020s ]
SQL: SELECT * FROM `ot_user` WHERE `UE_ID` = 62278 LIMIT 1   [ RunTime:0.0006s ]
SQL: SHOW COLUMNS FROM `ot_pin` [ RunTime:0.0012s ]
SQL: SELECT COUNT(*) AS tp_count FROM `ot_pin` WHERE `user` = '18237508255' AND `zt` = 0 LIMIT 1   [ RunTime:0.0004s ]
SQL: SELECT * FROM `ot_user` WHERE `UE_account` = '18237508255' LIMIT 1   [ RunTime:0.0004s ]
SQL: SHOW COLUMNS FROM `ot_ppdd` [ RunTime:0.0013s ]
SQL: SELECT * FROM `ot_ppdd` WHERE `p_user` = '18237508255' AND `zt` = 0 AND `zhh` = 0  [ RunTime:0.0005s ]
SQL: SELECT * FROM `ot_ppdd` WHERE `p_user` = '18237508255' AND `zt` = 0 AND `zhh` = 1  [ RunTime:0.0003s ]
SQL: SHOW COLUMNS FROM `ot_tgbz` [ RunTime:0.0017s ]
SQL: SELECT COUNT(*) AS tp_count FROM `ot_tgbz` WHERE `user` = '18237508255' LIMIT 1   [ RunTime:0.0003s ]
SQL: SELECT `UE_regTime` FROM `ot_user` WHERE `UE_account` = '18237508255' LIMIT 1   [ RunTime:0.0002s ]
SQL: SELECT COUNT(*) AS tp_count FROM `ot_user` WHERE `UE_accName` = '18237508255' AND `cold` = 1 AND `cold_type` = 1 LIMIT 1   [ RunTime:0.0003s ]
SQL: SELECT `date_hk`,`g_user`,`p_user`,`p_id`,`g_id`,`id`,`jb` FROM `ot_ppdd` WHERE `p_user` = '18237508255' AND `zt` = 1  [ RunTime:0.0002s ]

[ 2017-10-21T17:29:50+08:00 ] 127.0.0.1 /Home/Turn/turn.html
INFO: [ app_init ] --START--
INFO: Run Behavior\BuildLiteBehavior [ RunTime:0.000016s ]
INFO: [ app_init ] --END-- [ RunTime:0.000354s ]
INFO: [ app_begin ] --START--
INFO: Run Behavior\ReadHtmlCacheBehavior [ RunTime:0.000484s ]
INFO: [ app_begin ] --END-- [ RunTime:0.000539s ]
SQL: SHOW COLUMNS FROM `ot_system` [ RunTime:0.0018s ]
SQL: SELECT * FROM `ot_system` WHERE `SYS_ID` = 1 LIMIT 1   [ RunTime:0.0006s ]
SQL: SHOW COLUMNS FROM `ot_user` [ RunTime:0.0023s ]
SQL: SELECT * FROM `ot_user` WHERE `UE_ID` = 62269 LIMIT 1   [ RunTime:0.0006s ]
SQL: SHOW COLUMNS FROM `ot_pin` [ RunTime:0.0012s ]
SQL: SELECT COUNT(*) AS tp_count FROM `ot_pin` WHERE `user` = '18339977511' AND `zt` = 0 LIMIT 1   [ RunTime:0.0006s ]
SQL: SELECT * FROM `ot_user` WHERE `UE_account` = '18339977511' LIMIT 1   [ RunTime:0.0007s ]
SQL: SHOW COLUMNS FROM `ot_ppdd` [ RunTime:0.0015s ]
SQL: SELECT * FROM `ot_ppdd` WHERE `p_user` = '18339977511' AND `zt` = 0 AND `zhh` = 0  [ RunTime:0.0005s ]
SQL: SELECT * FROM `ot_ppdd` WHERE `p_user` = '18339977511' AND `zt` = 0 AND `zhh` = 1  [ RunTime:0.0005s ]
SQL: SHOW COLUMNS FROM `ot_tgbz` [ RunTime:0.0014s ]
SQL: SELECT COUNT(*) AS tp_count FROM `ot_tgbz` WHERE `user` = '18339977511' LIMIT 1   [ RunTime:0.0005s ]
SQL: SELECT `date1` FROM `ot_tgbz` WHERE `user` = '18339977511' AND `qr_zt` = 1 ORDER BY date desc LIMIT 1   [ RunTime:0.0005s ]
SQL: SELECT COUNT(*) AS tp_count FROM `ot_user` WHERE `UE_accName` = '18339977511' AND `cold` = 1 AND `cold_type` = 1 LIMIT 1   [ RunTime:0.0006s ]
SQL: SELECT `date_hk`,`g_user`,`p_user`,`p_id`,`g_id`,`id`,`jb` FROM `ot_ppdd` WHERE `p_user` = '18339977511' AND `zt` = 1  [ RunTime:0.0006s ]
INFO: [ view_parse ] --START--
INFO: [ template_filter ] --START--
INFO: Run Behavior\ContentReplaceBehavior [ RunTime:0.000054s ]
INFO: [ template_filter ] --END-- [ RunTime:0.000115s ]
INFO: Run Behavior\ParseTemplateBehavior [ RunTime:0.008306s ]
INFO: [ view_parse ] --END-- [ RunTime:0.008359s ]
INFO: [ view_filter ] --START--
INFO: Run Behavior\WriteHtmlCacheBehavior [ RunTime:0.000135s ]
INFO: Run Behavior\TokenBuildBehavior [ RunTime:0.000257s ]
INFO: [ view_filter ] --END-- [ RunTime:0.000466s ]
INFO: [ app_end ] --START--
INFO: Run Behavior\ShowPageTraceBehavior [ RunTime:0.000515s ]
INFO: [ app_end ] --END-- [ RunTime:0.000565s ]

[ 2017-10-21T17:31:52+08:00 ] 127.0.0.1 /Home/Turn/turn.html
INFO: [ app_init ] --START--
INFO: Run Behavior\BuildLiteBehavior [ RunTime:0.000016s ]
INFO: [ app_init ] --END-- [ RunTime:0.000374s ]
INFO: [ app_begin ] --START--
INFO: Run Behavior\ReadHtmlCacheBehavior [ RunTime:0.000610s ]
INFO: [ app_begin ] --END-- [ RunTime:0.000697s ]
SQL: SHOW COLUMNS FROM `ot_system` [ RunTime:0.0019s ]
SQL: SELECT * FROM `ot_system` WHERE `SYS_ID` = 1 LIMIT 1   [ RunTime:0.0005s ]
SQL: SHOW COLUMNS FROM `ot_user` [ RunTime:0.0022s ]
SQL: SELECT * FROM `ot_user` WHERE `UE_ID` = 62269 LIMIT 1   [ RunTime:0.0007s ]
SQL: SHOW COLUMNS FROM `ot_pin` [ RunTime:0.0014s ]
SQL: SELECT COUNT(*) AS tp_count FROM `ot_pin` WHERE `user` = '18339977511' AND `zt` = 0 LIMIT 1   [ RunTime:0.0005s ]
SQL: SELECT * FROM `ot_user` WHERE `UE_account` = '18339977511' LIMIT 1   [ RunTime:0.0004s ]
SQL: SHOW COLUMNS FROM `ot_ppdd` [ RunTime:0.0016s ]
SQL: SELECT * FROM `ot_ppdd` WHERE `p_user` = '18339977511' AND `zt` = 0 AND `zhh` = 0  [ RunTime:0.0006s ]
SQL: SELECT * FROM `ot_ppdd` WHERE `p_user` = '18339977511' AND `zt` = 0 AND `zhh` = 1  [ RunTime:0.0006s ]
SQL: SHOW COLUMNS FROM `ot_tgbz` [ RunTime:0.0015s ]
SQL: SELECT COUNT(*) AS tp_count FROM `ot_tgbz` WHERE `user` = '18339977511' LIMIT 1   [ RunTime:0.0004s ]
SQL: SELECT `date1` FROM `ot_tgbz` WHERE `user` = '18339977511' AND `qr_zt` = 1 ORDER BY date desc LIMIT 1   [ RunTime:0.0005s ]
SQL: SELECT COUNT(*) AS tp_count FROM `ot_user` WHERE `UE_accName` = '18339977511' AND `cold` = 1 AND `cold_type` = 1 LIMIT 1   [ RunTime:0.0006s ]
SQL: SELECT `date_hk`,`g_user`,`p_user`,`p_id`,`g_id`,`id`,`jb` FROM `ot_ppdd` WHERE `p_user` = '18339977511' AND `zt` = 1  [ RunTime:0.0006s ]
INFO: [ view_parse ] --START--
INFO: [ template_filter ] --START--
INFO: Run Behavior\ContentReplaceBehavior [ RunTime:0.000067s ]
INFO: [ template_filter ] --END-- [ RunTime:0.000165s ]
INFO: Run Behavior\ParseTemplateBehavior [ RunTime:0.008675s ]
INFO: [ view_parse ] --END-- [ RunTime:0.008728s ]
INFO: [ view_filter ] --START--
INFO: Run Behavior\WriteHtmlCacheBehavior [ RunTime:0.000205s ]
INFO: Run Behavior\TokenBuildBehavior [ RunTime:0.000339s ]
INFO: [ view_filter ] --END-- [ RunTime:0.000633s ]
INFO: [ app_end ] --START--
INFO: Run Behavior\ShowPageTraceBehavior [ RunTime:0.000529s ]
INFO: [ app_end ] --END-- [ RunTime:0.000586s ]

[ 2017-10-21T17:32:53+08:00 ] 127.0.0.1 /Home/Turn/turn.html
INFO: [ app_init ] --START--
INFO: Run Behavior\BuildLiteBehavior [ RunTime:0.000016s ]
INFO: [ app_init ] --END-- [ RunTime:0.000360s ]
INFO: [ app_begin ] --START--
INFO: Run Behavior\ReadHtmlCacheBehavior [ RunTime:0.000544s ]
INFO: [ app_begin ] --END-- [ RunTime:0.000618s ]
SQL: SHOW COLUMNS FROM `ot_system` [ RunTime:0.0018s ]
SQL: SELECT * FROM `ot_system` WHERE `SYS_ID` = 1 LIMIT 1   [ RunTime:0.0006s ]
SQL: SHOW COLUMNS FROM `ot_user` [ RunTime:0.0024s ]
SQL: SELECT * FROM `ot_user` WHERE `UE_ID` = 62269 LIMIT 1   [ RunTime:0.0005s ]
SQL: SHOW COLUMNS FROM `ot_pin` [ RunTime:0.0011s ]
SQL: SELECT COUNT(*) AS tp_count FROM `ot_pin` WHERE `user` = '18339977511' AND `zt` = 0 LIMIT 1   [ RunTime:0.0005s ]
SQL: SELECT * FROM `ot_user` WHERE `UE_account` = '18339977511' LIMIT 1   [ RunTime:0.0006s ]
SQL: SHOW COLUMNS FROM `ot_ppdd` [ RunTime:0.0015s ]
SQL: SELECT * FROM `ot_ppdd` WHERE `p_user` = '18339977511' AND `zt` = 0 AND `zhh` = 0  [ RunTime:0.0006s ]
SQL: SELECT * FROM `ot_ppdd` WHERE `p_user` = '18339977511' AND `zt` = 0 AND `zhh` = 1  [ RunTime:0.0006s ]
SQL: SHOW COLUMNS FROM `ot_tgbz` [ RunTime:0.0015s ]
SQL: SELECT COUNT(*) AS tp_count FROM `ot_tgbz` WHERE `user` = '18339977511' LIMIT 1   [ RunTime:0.0004s ]
SQL: SELECT `date1` FROM `ot_tgbz` WHERE `user` = '18339977511' AND `qr_zt` = 1 ORDER BY date desc LIMIT 1   [ RunTime:0.0006s ]
SQL: SELECT COUNT(*) AS tp_count FROM `ot_user` WHERE `UE_accName` = '18339977511' AND `cold` = 1 AND `cold_type` = 1 LIMIT 1   [ RunTime:0.0004s ]
SQL: SELECT `date_hk`,`g_user`,`p_user`,`p_id`,`g_id`,`id`,`jb` FROM `ot_ppdd` WHERE `p_user` = '18339977511' AND `zt` = 1  [ RunTime:0.0005s ]
INFO: [ view_parse ] --START--
INFO: [ template_filter ] --START--
INFO: Run Behavior\ContentReplaceBehavior [ RunTime:0.000054s ]
INFO: [ template_filter ] --END-- [ RunTime:0.000119s ]
INFO: Run Behavior\ParseTemplateBehavior [ RunTime:0.008541s ]
INFO: [ view_parse ] --END-- [ RunTime:0.008594s ]
INFO: [ view_filter ] --START--
INFO: Run Behavior\WriteHtmlCacheBehavior [ RunTime:0.000142s ]
INFO: Run Behavior\TokenBuildBehavior [ RunTime:0.000260s ]
INFO: [ view_filter ] --END-- [ RunTime:0.000475s ]
INFO: [ app_end ] --START--
INFO: Run Behavior\ShowPageTraceBehavior [ RunTime:0.000526s ]
INFO: [ app_end ] --END-- [ RunTime:0.000577s ]

[ 2017-10-21T17:34:25+08:00 ] 127.0.0.1 /Home/Turn/turn.html
INFO: [ app_init ] --START--
INFO: Run Behavior\BuildLiteBehavior [ RunTime:0.000017s ]
INFO: [ app_init ] --END-- [ RunTime:0.000379s ]
INFO: [ app_begin ] --START--
INFO: Run Behavior\ReadHtmlCacheBehavior [ RunTime:0.000495s ]
INFO: [ app_begin ] --END-- [ RunTime:0.000559s ]
SQL: SHOW COLUMNS FROM `ot_system` [ RunTime:0.0017s ]
SQL: SELECT * FROM `ot_system` WHERE `SYS_ID` = 1 LIMIT 1   [ RunTime:0.0008s ]
SQL: SHOW COLUMNS FROM `ot_user` [ RunTime:0.0020s ]
SQL: SELECT * FROM `ot_user` WHERE `UE_ID` = 62269 LIMIT 1   [ RunTime:0.0005s ]
SQL: SHOW COLUMNS FROM `ot_pin` [ RunTime:0.0010s ]
SQL: SELECT COUNT(*) AS tp_count FROM `ot_pin` WHERE `user` = '18339977511' AND `zt` = 0 LIMIT 1   [ RunTime:0.0002s ]
SQL: SELECT * FROM `ot_user` WHERE `UE_account` = '18339977511' LIMIT 1   [ RunTime:0.0003s ]
SQL: SHOW COLUMNS FROM `ot_ppdd` [ RunTime:0.0011s ]
SQL: SELECT * FROM `ot_ppdd` WHERE `p_user` = '18339977511' AND `zt` = 0 AND `zhh` = 0  [ RunTime:0.0002s ]
SQL: SELECT * FROM `ot_ppdd` WHERE `p_user` = '18339977511' AND `zt` = 0 AND `zhh` = 1  [ RunTime:0.0002s ]
SQL: SHOW COLUMNS FROM `ot_tgbz` [ RunTime:0.0010s ]
SQL: SELECT COUNT(*) AS tp_count FROM `ot_tgbz` WHERE `user` = '18339977511' LIMIT 1   [ RunTime:0.0002s ]
SQL: SELECT `date1` FROM `ot_tgbz` WHERE `user` = '18339977511' AND `qr_zt` = 1 ORDER BY date desc LIMIT 1   [ RunTime:0.0002s ]
SQL: SELECT COUNT(*) AS tp_count FROM `ot_user` WHERE `UE_accName` = '18339977511' AND `cold` = 1 AND `cold_type` = 1 LIMIT 1   [ RunTime:0.0002s ]
SQL: SELECT `date_hk`,`g_user`,`p_user`,`p_id`,`g_id`,`id`,`jb` FROM `ot_ppdd` WHERE `p_user` = '18339977511' AND `zt` = 1  [ RunTime:0.0002s ]
INFO: [ view_parse ] --START--
INFO: [ template_filter ] --START--
INFO: Run Behavior\ContentReplaceBehavior [ RunTime:0.000049s ]
INFO: [ template_filter ] --END-- [ RunTime:0.000107s ]
INFO: Run Behavior\ParseTemplateBehavior [ RunTime:0.006805s ]
INFO: [ view_parse ] --END-- [ RunTime:0.006850s ]
INFO: [ view_filter ] --START--
INFO: Run Behavior\WriteHtmlCacheBehavior [ RunTime:0.000127s ]
INFO: Run Behavior\TokenBuildBehavior [ RunTime:0.000205s ]
INFO: [ view_filter ] --END-- [ RunTime:0.000389s ]
INFO: [ app_end ] --START--
INFO: Run Behavior\ShowPageTraceBehavior [ RunTime:0.000408s ]
INFO: [ app_end ] --END-- [ RunTime:0.000449s ]

[ 2017-10-21T17:34:52+08:00 ] 127.0.0.1 /Home/Turn/turn.html
INFO: [ app_init ] --START--
INFO: Run Behavior\BuildLiteBehavior [ RunTime:0.000017s ]
INFO: [ app_init ] --END-- [ RunTime:0.000359s ]
INFO: [ app_begin ] --START--
INFO: Run Behavior\ReadHtmlCacheBehavior [ RunTime:0.000531s ]
INFO: [ app_begin ] --END-- [ RunTime:0.000606s ]
SQL: SHOW COLUMNS FROM `ot_system` [ RunTime:0.0015s ]
SQL: SELECT * FROM `ot_system` WHERE `SYS_ID` = 1 LIMIT 1   [ RunTime:0.0006s ]
SQL: SHOW COLUMNS FROM `ot_user` [ RunTime:0.0024s ]
SQL: SELECT * FROM `ot_user` WHERE `UE_ID` = 62269 LIMIT 1   [ RunTime:0.0005s ]
SQL: SHOW COLUMNS FROM `ot_pin` [ RunTime:0.0012s ]
SQL: SELECT COUNT(*) AS tp_count FROM `ot_pin` WHERE `user` = '18339977511' AND `zt` = 0 LIMIT 1   [ RunTime:0.0004s ]
SQL: SELECT * FROM `ot_user` WHERE `UE_account` = '18339977511' LIMIT 1   [ RunTime:0.0004s ]
SQL: SHOW COLUMNS FROM `ot_ppdd` [ RunTime:0.0014s ]
SQL: SELECT * FROM `ot_ppdd` WHERE `p_user` = '18339977511' AND `zt` = 0 AND `zhh` = 0  [ RunTime:0.0003s ]
SQL: SELECT * FROM `ot_ppdd` WHERE `p_user` = '18339977511' AND `zt` = 0 AND `zhh` = 1  [ RunTime:0.0002s ]
SQL: SHOW COLUMNS FROM `ot_tgbz` [ RunTime:0.0013s ]
SQL: SELECT COUNT(*) AS tp_count FROM `ot_tgbz` WHERE `user` = '18339977511' LIMIT 1   [ RunTime:0.0002s ]
SQL: SELECT `date1` FROM `ot_tgbz` WHERE `user` = '18339977511' AND `qr_zt` = 1 ORDER BY date desc LIMIT 1   [ RunTime:0.0002s ]
SQL: SELECT COUNT(*) AS tp_count FROM `ot_user` WHERE `UE_accName` = '18339977511' AND `cold` = 1 AND `cold_type` = 1 LIMIT 1   [ RunTime:0.0003s ]
SQL: SELECT `date_hk`,`g_user`,`p_user`,`p_id`,`g_id`,`id`,`jb` FROM `ot_ppdd` WHERE `p_user` = '18339977511' AND `zt` = 1  [ RunTime:0.0002s ]
INFO: [ view_parse ] --START--
INFO: [ template_filter ] --START--
INFO: Run Behavior\ContentReplaceBehavior [ RunTime:0.000053s ]
INFO: [ template_filter ] --END-- [ RunTime:0.000119s ]
INFO: Run Behavior\ParseTemplateBehavior [ RunTime:0.008678s ]
INFO: [ view_parse ] --END-- [ RunTime:0.008731s ]
INFO: [ view_filter ] --START--
INFO: Run Behavior\WriteHtmlCacheBehavior [ RunTime:0.000135s ]
INFO: Run Behavior\TokenBuildBehavior [ RunTime:0.000261s ]
INFO: [ view_filter ] --END-- [ RunTime:0.000470s ]
INFO: [ app_end ] --START--
INFO: Run Behavior\ShowPageTraceBehavior [ RunTime:0.000512s ]
INFO: [ app_end ] --END-- [ RunTime:0.000562s ]

[ 2017-10-21T17:35:43+08:00 ] 127.0.0.1 /Home/Turn/turn.html
INFO: [ app_init ] --START--
INFO: Run Behavior\BuildLiteBehavior [ RunTime:0.000015s ]
INFO: [ app_init ] --END-- [ RunTime:0.000348s ]
INFO: [ app_begin ] --START--
INFO: Run Behavior\ReadHtmlCacheBehavior [ RunTime:0.000847s ]
INFO: [ app_begin ] --END-- [ RunTime:0.000968s ]
SQL: SHOW COLUMNS FROM `ot_system` [ RunTime:0.0026s ]
SQL: SELECT * FROM `ot_system` WHERE `SYS_ID` = 1 LIMIT 1   [ RunTime:0.0006s ]
SQL: SHOW COLUMNS FROM `ot_user` [ RunTime:0.0025s ]
SQL: SELECT * FROM `ot_user` WHERE `UE_ID` = 62269 LIMIT 1   [ RunTime:0.0006s ]
SQL: SHOW COLUMNS FROM `ot_pin` [ RunTime:0.0014s ]
SQL: SELECT COUNT(*) AS tp_count FROM `ot_pin` WHERE `user` = '18339977511' AND `zt` = 0 LIMIT 1   [ RunTime:0.0005s ]
SQL: SELECT * FROM `ot_user` WHERE `UE_account` = '18339977511' LIMIT 1   [ RunTime:0.0004s ]
SQL: SHOW COLUMNS FROM `ot_ppdd` [ RunTime:0.0014s ]
SQL: SELECT * FROM `ot_ppdd` WHERE `p_user` = '18339977511' AND `zt` = 0 AND `zhh` = 0  [ RunTime:0.0004s ]
SQL: SELECT * FROM `ot_ppdd` WHERE `p_user` = '18339977511' AND `zt` = 0 AND `zhh` = 1  [ RunTime:0.0003s ]
SQL: SHOW COLUMNS FROM `ot_tgbz` [ RunTime:0.0016s ]
SQL: SELECT COUNT(*) AS tp_count FROM `ot_tgbz` WHERE `user` = '18339977511' LIMIT 1   [ RunTime:0.0003s ]
SQL: SELECT `date1` FROM `ot_tgbz` WHERE `user` = '18339977511' AND `qr_zt` = 1 ORDER BY date desc LIMIT 1   [ RunTime:0.0002s ]
SQL: SELECT COUNT(*) AS tp_count FROM `ot_user` WHERE `UE_accName` = '18339977511' AND `cold` = 1 AND `cold_type` = 1 LIMIT 1   [ RunTime:0.0003s ]
SQL: SELECT `date_hk`,`g_user`,`p_user`,`p_id`,`g_id`,`id`,`jb` FROM `ot_ppdd` WHERE `p_user` = '18339977511' AND `zt` = 1  [ RunTime:0.0002s ]
INFO: [ view_parse ] --START--
INFO: [ template_filter ] --START--
INFO: Run Behavior\ContentReplaceBehavior [ RunTime:0.000056s ]
INFO: [ template_filter ] --END-- [ RunTime:0.000123s ]
INFO: Run Behavior\ParseTemplateBehavior [ RunTime:0.008886s ]
INFO: [ view_parse ] --END-- [ RunTime:0.008940s ]
INFO: [ view_filter ] --START--
INFO: Run Behavior\WriteHtmlCacheBehavior [ RunTime:0.000145s ]
INFO: Run Behavior\TokenBuildBehavior [ RunTime:0.000267s ]
INFO: [ view_filter ] --END-- [ RunTime:0.000499s ]
INFO: [ app_end ] --START--
INFO: Run Behavior\ShowPageTraceBehavior [ RunTime:0.000496s ]
INFO: [ app_end ] --END-- [ RunTime:0.000546s ]

[ 2017-10-21T17:36:31+08:00 ] 127.0.0.1 /Home/Turn/turn.html
INFO: [ app_init ] --START--
INFO: Run Behavior\BuildLiteBehavior [ RunTime:0.000017s ]
INFO: [ app_init ] --END-- [ RunTime:0.000389s ]
INFO: [ app_begin ] --START--
INFO: Run Behavior\ReadHtmlCacheBehavior [ RunTime:0.000606s ]
INFO: [ app_begin ] --END-- [ RunTime:0.000673s ]
SQL: SHOW COLUMNS FROM `ot_system` [ RunTime:0.0018s ]
SQL: SELECT * FROM `ot_system` WHERE `SYS_ID` = 1 LIMIT 1   [ RunTime:0.0005s ]
SQL: SHOW COLUMNS FROM `ot_user` [ RunTime:0.0028s ]
SQL: SELECT * FROM `ot_user` WHERE `UE_ID` = 62269 LIMIT 1   [ RunTime:0.0007s ]
SQL: SHOW COLUMNS FROM `ot_pin` [ RunTime:0.0015s ]
SQL: SELECT COUNT(*) AS tp_count FROM `ot_pin` WHERE `user` = '18339977511' AND `zt` = 0 LIMIT 1   [ RunTime:0.0004s ]
SQL: SELECT * FROM `ot_user` WHERE `UE_account` = '18339977511' LIMIT 1   [ RunTime:0.0005s ]
SQL: SHOW COLUMNS FROM `ot_ppdd` [ RunTime:0.0018s ]
SQL: SELECT * FROM `ot_ppdd` WHERE `p_user` = '18339977511' AND `zt` = 0 AND `zhh` = 0  [ RunTime:0.0005s ]
SQL: SELECT * FROM `ot_ppdd` WHERE `p_user` = '18339977511' AND `zt` = 0 AND `zhh` = 1  [ RunTime:0.0005s ]
SQL: SHOW COLUMNS FROM `ot_tgbz` [ RunTime:0.0016s ]
SQL: SELECT COUNT(*) AS tp_count FROM `ot_tgbz` WHERE `user` = '18339977511' LIMIT 1   [ RunTime:0.0004s ]
SQL: SELECT `date1` FROM `ot_tgbz` WHERE `user` = '18339977511' AND `qr_zt` = 1 ORDER BY date desc LIMIT 1   [ RunTime:0.0003s ]
SQL: SELECT COUNT(*) AS tp_count FROM `ot_user` WHERE `UE_accName` = '18339977511' AND `cold` = 1 AND `cold_type` = 1 LIMIT 1   [ RunTime:0.0006s ]
SQL: SELECT `date_hk`,`g_user`,`p_user`,`p_id`,`g_id`,`id`,`jb` FROM `ot_ppdd` WHERE `p_user` = '18339977511' AND `zt` = 1  [ RunTime:0.0004s ]
INFO: [ view_parse ] --START--
INFO: [ template_filter ] --START--
INFO: Run Behavior\ContentReplaceBehavior [ RunTime:0.000063s ]
INFO: [ template_filter ] --END-- [ RunTime:0.000154s ]
INFO: Run Behavior\ParseTemplateBehavior [ RunTime:0.011602s ]
INFO: [ view_parse ] --END-- [ RunTime:0.011679s ]
INFO: [ view_filter ] --START--
INFO: Run Behavior\WriteHtmlCacheBehavior [ RunTime:0.000188s ]
INFO: Run Behavior\TokenBuildBehavior [ RunTime:0.000274s ]
INFO: [ view_filter ] --END-- [ RunTime:0.000546s ]
INFO: [ app_end ] --START--
INFO: Run Behavior\ShowPageTraceBehavior [ RunTime:0.000507s ]
INFO: [ app_end ] --END-- [ RunTime:0.000558s ]

[ 2017-10-21T17:37:00+08:00 ] 127.0.0.1 /Home/Turn/turn.html
INFO: [ app_init ] --START--
INFO: Run Behavior\BuildLiteBehavior [ RunTime:0.000032s ]
INFO: [ app_init ] --END-- [ RunTime:0.000643s ]
INFO: [ app_begin ] --START--
INFO: Run Behavior\ReadHtmlCacheBehavior [ RunTime:0.000539s ]
INFO: [ app_begin ] --END-- [ RunTime:0.000611s ]
SQL: SHOW COLUMNS FROM `ot_system` [ RunTime:0.0019s ]
SQL: SELECT * FROM `ot_system` WHERE `SYS_ID` = 1 LIMIT 1   [ RunTime:0.0006s ]
SQL: SHOW COLUMNS FROM `ot_user` [ RunTime:0.0023s ]
SQL: SELECT * FROM `ot_user` WHERE `UE_ID` = 62269 LIMIT 1   [ RunTime:0.0007s ]
SQL: SHOW COLUMNS FROM `ot_pin` [ RunTime:0.0012s ]
SQL: SELECT COUNT(*) AS tp_count FROM `ot_pin` WHERE `user` = '18339977511' AND `zt` = 0 LIMIT 1   [ RunTime:0.0004s ]
SQL: SELECT * FROM `ot_user` WHERE `UE_account` = '18339977511' LIMIT 1   [ RunTime:0.0005s ]
SQL: SHOW COLUMNS FROM `ot_ppdd` [ RunTime:0.0015s ]
SQL: SELECT * FROM `ot_ppdd` WHERE `p_user` = '18339977511' AND `zt` = 0 AND `zhh` = 0  [ RunTime:0.0006s ]
SQL: SELECT * FROM `ot_ppdd` WHERE `p_user` = '18339977511' AND `zt` = 0 AND `zhh` = 1  [ RunTime:0.0005s ]
SQL: SHOW COLUMNS FROM `ot_tgbz` [ RunTime:0.0014s ]
SQL: SELECT COUNT(*) AS tp_count FROM `ot_tgbz` WHERE `user` = '18339977511' LIMIT 1   [ RunTime:0.0002s ]
SQL: SELECT `date1` FROM `ot_tgbz` WHERE `user` = '18339977511' AND `qr_zt` = 1 ORDER BY date desc LIMIT 1   [ RunTime:0.0002s ]
SQL: SELECT COUNT(*) AS tp_count FROM `ot_user` WHERE `UE_accName` = '18339977511' AND `cold` = 1 AND `cold_type` = 1 LIMIT 1   [ RunTime:0.0002s ]
SQL: SELECT `date_hk`,`g_user`,`p_user`,`p_id`,`g_id`,`id`,`jb` FROM `ot_ppdd` WHERE `p_user` = '18339977511' AND `zt` = 1  [ RunTime:0.0002s ]
INFO: [ view_parse ] --START--
INFO: [ template_filter ] --START--
INFO: Run Behavior\ContentReplaceBehavior [ RunTime:0.000064s ]
INFO: [ template_filter ] --END-- [ RunTime:0.000141s ]
INFO: Run Behavior\ParseTemplateBehavior [ RunTime:0.007057s ]
INFO: [ view_parse ] --END-- [ RunTime:0.007129s ]
INFO: [ view_filter ] --START--
INFO: Run Behavior\WriteHtmlCacheBehavior [ RunTime:0.000309s ]
INFO: Run Behavior\TokenBuildBehavior [ RunTime:0.000262s ]
INFO: [ view_filter ] --END-- [ RunTime:0.000663s ]
INFO: [ app_end ] --START--
INFO: Run Behavior\ShowPageTraceBehavior [ RunTime:0.000412s ]
INFO: [ app_end ] --END-- [ RunTime:0.000453s ]

[ 2017-10-21T17:37:35+08:00 ] 127.0.0.1 /Home/Turn/turn.html
INFO: [ app_init ] --START--
INFO: Run Behavior\BuildLiteBehavior [ RunTime:0.000015s ]
INFO: [ app_init ] --END-- [ RunTime:0.000349s ]
INFO: [ app_begin ] --START--
INFO: Run Behavior\ReadHtmlCacheBehavior [ RunTime:0.000563s ]
INFO: [ app_begin ] --END-- [ RunTime:0.000625s ]
SQL: SHOW COLUMNS FROM `ot_system` [ RunTime:0.0018s ]
SQL: SELECT * FROM `ot_system` WHERE `SYS_ID` = 1 LIMIT 1   [ RunTime:0.0007s ]
SQL: SHOW COLUMNS FROM `ot_user` [ RunTime:0.0028s ]
SQL: SELECT * FROM `ot_user` WHERE `UE_ID` = 62269 LIMIT 1   [ RunTime:0.0006s ]
SQL: SHOW COLUMNS FROM `ot_pin` [ RunTime:0.0021s ]
SQL: SELECT COUNT(*) AS tp_count FROM `ot_pin` WHERE `user` = '18339977511' AND `zt` = 0 LIMIT 1   [ RunTime:0.0008s ]
SQL: SELECT * FROM `ot_user` WHERE `UE_account` = '18339977511' LIMIT 1   [ RunTime:0.0006s ]
SQL: SHOW COLUMNS FROM `ot_ppdd` [ RunTime:0.0016s ]
SQL: SELECT * FROM `ot_ppdd` WHERE `p_user` = '18339977511' AND `zt` = 0 AND `zhh` = 0  [ RunTime:0.0006s ]
SQL: SELECT * FROM `ot_ppdd` WHERE `p_user` = '18339977511' AND `zt` = 0 AND `zhh` = 1  [ RunTime:0.0006s ]
SQL: SHOW COLUMNS FROM `ot_tgbz` [ RunTime:0.0016s ]
SQL: SELECT COUNT(*) AS tp_count FROM `ot_tgbz` WHERE `user` = '18339977511' LIMIT 1   [ RunTime:0.0005s ]
SQL: SELECT `date1` FROM `ot_tgbz` WHERE `user` = '18339977511' AND `qr_zt` = 1 ORDER BY date desc LIMIT 1   [ RunTime:0.0005s ]
SQL: SELECT COUNT(*) AS tp_count FROM `ot_user` WHERE `UE_accName` = '18339977511' AND `cold` = 1 AND `cold_type` = 1 LIMIT 1   [ RunTime:0.0003s ]
SQL: SELECT `date_hk`,`g_user`,`p_user`,`p_id`,`g_id`,`id`,`jb` FROM `ot_ppdd` WHERE `p_user` = '18339977511' AND `zt` = 1  [ RunTime:0.0003s ]
INFO: [ view_parse ] --START--
INFO: [ template_filter ] --START--
INFO: Run Behavior\ContentReplaceBehavior [ RunTime:0.000057s ]
INFO: [ template_filter ] --END-- [ RunTime:0.000134s ]
INFO: Run Behavior\ParseTemplateBehavior [ RunTime:0.009113s ]
INFO: [ view_parse ] --END-- [ RunTime:0.009165s ]
INFO: [ view_filter ] --START--
INFO: Run Behavior\WriteHtmlCacheBehavior [ RunTime:0.000155s ]
INFO: Run Behavior\TokenBuildBehavior [ RunTime:0.000295s ]
INFO: [ view_filter ] --END-- [ RunTime:0.000524s ]
INFO: [ app_end ] --START--
INFO: Run Behavior\ShowPageTraceBehavior [ RunTime:0.000499s ]
INFO: [ app_end ] --END-- [ RunTime:0.000549s ]

[ 2017-10-21T17:38:02+08:00 ] 127.0.0.1 /Home/Turn/turn.html
INFO: [ app_init ] --START--
INFO: Run Behavior\BuildLiteBehavior [ RunTime:0.000016s ]
INFO: [ app_init ] --END-- [ RunTime:0.000355s ]
INFO: [ app_begin ] --START--
INFO: Run Behavior\ReadHtmlCacheBehavior [ RunTime:0.000506s ]
INFO: [ app_begin ] --END-- [ RunTime:0.000570s ]
SQL: SHOW COLUMNS FROM `ot_system` [ RunTime:0.0024s ]
SQL: SELECT * FROM `ot_system` WHERE `SYS_ID` = 1 LIMIT 1   [ RunTime:0.0005s ]
SQL: SHOW COLUMNS FROM `ot_user` [ RunTime:0.0025s ]
SQL: SELECT * FROM `ot_user` WHERE `UE_ID` = 62269 LIMIT 1   [ RunTime:0.0008s ]
SQL: SHOW COLUMNS FROM `ot_pin` [ RunTime:0.0014s ]
SQL: SELECT COUNT(*) AS tp_count FROM `ot_pin` WHERE `user` = '18339977511' AND `zt` = 0 LIMIT 1   [ RunTime:0.0006s ]
SQL: SELECT * FROM `ot_user` WHERE `UE_account` = '18339977511' LIMIT 1   [ RunTime:0.0007s ]
SQL: SHOW COLUMNS FROM `ot_ppdd` [ RunTime:0.0017s ]
SQL: SELECT * FROM `ot_ppdd` WHERE `p_user` = '18339977511' AND `zt` = 0 AND `zhh` = 0  [ RunTime:0.0005s ]
SQL: SELECT * FROM `ot_ppdd` WHERE `p_user` = '18339977511' AND `zt` = 0 AND `zhh` = 1  [ RunTime:0.0006s ]
SQL: SHOW COLUMNS FROM `ot_tgbz` [ RunTime:0.0014s ]
SQL: SELECT COUNT(*) AS tp_count FROM `ot_tgbz` WHERE `user` = '18339977511' LIMIT 1   [ RunTime:0.0005s ]
SQL: SELECT `date1` FROM `ot_tgbz` WHERE `user` = '18339977511' AND `qr_zt` = 1 ORDER BY date desc LIMIT 1   [ RunTime:0.0002s ]
SQL: SELECT COUNT(*) AS tp_count FROM `ot_user` WHERE `UE_accName` = '18339977511' AND `cold` = 1 AND `cold_type` = 1 LIMIT 1   [ RunTime:0.0003s ]
SQL: SELECT `date_hk`,`g_user`,`p_user`,`p_id`,`g_id`,`id`,`jb` FROM `ot_ppdd` WHERE `p_user` = '18339977511' AND `zt` = 1  [ RunTime:0.0002s ]
INFO: [ view_parse ] --START--
INFO: [ template_filter ] --START--
INFO: Run Behavior\ContentReplaceBehavior [ RunTime:0.000056s ]
INFO: [ template_filter ] --END-- [ RunTime:0.000126s ]
INFO: Run Behavior\ParseTemplateBehavior [ RunTime:0.009141s ]
INFO: [ view_parse ] --END-- [ RunTime:0.009194s ]
INFO: [ view_filter ] --START--
INFO: Run Behavior\WriteHtmlCacheBehavior [ RunTime:0.000147s ]
INFO: Run Behavior\TokenBuildBehavior [ RunTime:0.000274s ]
INFO: [ view_filter ] --END-- [ RunTime:0.000501s ]
INFO: [ app_end ] --START--
INFO: Run Behavior\ShowPageTraceBehavior [ RunTime:0.000510s ]
INFO: [ app_end ] --END-- [ RunTime:0.000564s ]

[ 2017-10-21T17:39:32+08:00 ] 127.0.0.1 /Home/Turn/turn.html
INFO: [ app_init ] --START--
INFO: Run Behavior\BuildLiteBehavior [ RunTime:0.000022s ]
INFO: [ app_init ] --END-- [ RunTime:0.000494s ]
INFO: [ app_begin ] --START--
INFO: Run Behavior\ReadHtmlCacheBehavior [ RunTime:0.000520s ]
INFO: [ app_begin ] --END-- [ RunTime:0.000614s ]
SQL: SHOW COLUMNS FROM `ot_system` [ RunTime:0.0022s ]
SQL: SELECT * FROM `ot_system` WHERE `SYS_ID` = 1 LIMIT 1   [ RunTime:0.0008s ]
SQL: SHOW COLUMNS FROM `ot_user` [ RunTime:0.0025s ]
SQL: SELECT * FROM `ot_user` WHERE `UE_ID` = 62269 LIMIT 1   [ RunTime:0.0007s ]
SQL: SHOW COLUMNS FROM `ot_pin` [ RunTime:0.0014s ]
SQL: SELECT COUNT(*) AS tp_count FROM `ot_pin` WHERE `user` = '18339977511' AND `zt` = 0 LIMIT 1   [ RunTime:0.0004s ]
SQL: SELECT * FROM `ot_user` WHERE `UE_account` = '18339977511' LIMIT 1   [ RunTime:0.0007s ]
SQL: SHOW COLUMNS FROM `ot_ppdd` [ RunTime:0.0016s ]
SQL: SELECT * FROM `ot_ppdd` WHERE `p_user` = '18339977511' AND `zt` = 0 AND `zhh` = 0  [ RunTime:0.0004s ]
SQL: SELECT * FROM `ot_ppdd` WHERE `p_user` = '18339977511' AND `zt` = 0 AND `zhh` = 1  [ RunTime:0.0003s ]
SQL: SHOW COLUMNS FROM `ot_tgbz` [ RunTime:0.0013s ]
SQL: SELECT COUNT(*) AS tp_count FROM `ot_tgbz` WHERE `user` = '18339977511' LIMIT 1   [ RunTime:0.0003s ]
SQL: SELECT `date1` FROM `ot_tgbz` WHERE `user` = '18339977511' AND `qr_zt` = 1 ORDER BY date desc LIMIT 1   [ RunTime:0.0005s ]
SQL: SELECT COUNT(*) AS tp_count FROM `ot_user` WHERE `UE_accName` = '18339977511' AND `cold` = 1 AND `cold_type` = 1 LIMIT 1   [ RunTime:0.0006s ]
SQL: SELECT `date_hk`,`g_user`,`p_user`,`p_id`,`g_id`,`id`,`jb` FROM `ot_ppdd` WHERE `p_user` = '18339977511' AND `zt` = 1  [ RunTime:0.0002s ]
INFO: [ view_parse ] --START--
INFO: [ template_filter ] --START--
INFO: Run Behavior\ContentReplaceBehavior [ RunTime:0.000057s ]
INFO: [ template_filter ] --END-- [ RunTime:0.000134s ]
INFO: Run Behavior\ParseTemplateBehavior [ RunTime:0.009498s ]
INFO: [ view_parse ] --END-- [ RunTime:0.009560s ]
INFO: [ view_filter ] --START--
INFO: Run Behavior\WriteHtmlCacheBehavior [ RunTime:0.000153s ]
INFO: Run Behavior\TokenBuildBehavior [ RunTime:0.000272s ]
INFO: [ view_filter ] --END-- [ RunTime:0.000520s ]
INFO: [ app_end ] --START--
INFO: Run Behavior\ShowPageTraceBehavior [ RunTime:0.000497s ]
INFO: [ app_end ] --END-- [ RunTime:0.000547s ]

[ 2017-10-21T17:40:19+08:00 ] 127.0.0.1 /Home/Turn/turn.html
INFO: [ app_init ] --START--
INFO: Run Behavior\BuildLiteBehavior [ RunTime:0.000018s ]
INFO: [ app_init ] --END-- [ RunTime:0.000364s ]
INFO: [ app_begin ] --START--
INFO: Run Behavior\ReadHtmlCacheBehavior [ RunTime:0.000525s ]
INFO: [ app_begin ] --END-- [ RunTime:0.000595s ]
SQL: SHOW COLUMNS FROM `ot_system` [ RunTime:0.0022s ]
SQL: SELECT * FROM `ot_system` WHERE `SYS_ID` = 1 LIMIT 1   [ RunTime:0.0006s ]
SQL: SHOW COLUMNS FROM `ot_user` [ RunTime:0.0023s ]
SQL: SELECT * FROM `ot_user` WHERE `UE_ID` = 62269 LIMIT 1   [ RunTime:0.0006s ]
SQL: SHOW COLUMNS FROM `ot_pin` [ RunTime:0.0012s ]
SQL: SELECT COUNT(*) AS tp_count FROM `ot_pin` WHERE `user` = '18339977511' AND `zt` = 0 LIMIT 1   [ RunTime:0.0005s ]
SQL: SELECT * FROM `ot_user` WHERE `UE_account` = '18339977511' LIMIT 1   [ RunTime:0.0005s ]
SQL: SHOW COLUMNS FROM `ot_ppdd` [ RunTime:0.0011s ]
SQL: SELECT * FROM `ot_ppdd` WHERE `p_user` = '18339977511' AND `zt` = 0 AND `zhh` = 0  [ RunTime:0.0003s ]
SQL: SELECT * FROM `ot_ppdd` WHERE `p_user` = '18339977511' AND `zt` = 0 AND `zhh` = 1  [ RunTime:0.0002s ]
SQL: SHOW COLUMNS FROM `ot_tgbz` [ RunTime:0.0008s ]
SQL: SELECT COUNT(*) AS tp_count FROM `ot_tgbz` WHERE `user` = '18339977511' LIMIT 1   [ RunTime:0.0003s ]
SQL: SELECT `date1` FROM `ot_tgbz` WHERE `user` = '18339977511' AND `qr_zt` = 1 ORDER BY date desc LIMIT 1   [ RunTime:0.0004s ]
SQL: SELECT COUNT(*) AS tp_count FROM `ot_user` WHERE `UE_accName` = '18339977511' AND `cold` = 1 AND `cold_type` = 1 LIMIT 1   [ RunTime:0.0007s ]
SQL: SELECT `date_hk`,`g_user`,`p_user`,`p_id`,`g_id`,`id`,`jb` FROM `ot_ppdd` WHERE `p_user` = '18339977511' AND `zt` = 1  [ RunTime:0.0005s ]
INFO: [ view_parse ] --START--
INFO: [ template_filter ] --START--
INFO: Run Behavior\ContentReplaceBehavior [ RunTime:0.000063s ]
INFO: [ template_filter ] --END-- [ RunTime:0.000147s ]
INFO: Run Behavior\ParseTemplateBehavior [ RunTime:0.012795s ]
INFO: [ view_parse ] --END-- [ RunTime:0.012862s ]
INFO: [ view_filter ] --START--
INFO: Run Behavior\WriteHtmlCacheBehavior [ RunTime:0.000173s ]
INFO: Run Behavior\TokenBuildBehavior [ RunTime:0.000237s ]
INFO: [ view_filter ] --END-- [ RunTime:0.000482s ]
INFO: [ app_end ] --START--
INFO: Run Behavior\ShowPageTraceBehavior [ RunTime:0.000506s ]
INFO: [ app_end ] --END-- [ RunTime:0.000560s ]

[ 2017-10-21T17:40:43+08:00 ] 127.0.0.1 /Home/Turn/turn.html
INFO: [ app_init ] --START--
INFO: Run Behavior\BuildLiteBehavior [ RunTime:0.000031s ]
INFO: [ app_init ] --END-- [ RunTime:0.000468s ]
INFO: [ app_begin ] --START--
INFO: Run Behavior\ReadHtmlCacheBehavior [ RunTime:0.000519s ]
INFO: [ app_begin ] --END-- [ RunTime:0.000586s ]
SQL: SHOW COLUMNS FROM `ot_system` [ RunTime:0.0018s ]
SQL: SELECT * FROM `ot_system` WHERE `SYS_ID` = 1 LIMIT 1   [ RunTime:0.0004s ]
SQL: SHOW COLUMNS FROM `ot_user` [ RunTime:0.0022s ]
SQL: SELECT * FROM `ot_user` WHERE `UE_ID` = 62269 LIMIT 1   [ RunTime:0.0007s ]
SQL: SHOW COLUMNS FROM `ot_pin` [ RunTime:0.0015s ]
SQL: SELECT COUNT(*) AS tp_count FROM `ot_pin` WHERE `user` = '18339977511' AND `zt` = 0 LIMIT 1   [ RunTime:0.0004s ]
SQL: SELECT * FROM `ot_user` WHERE `UE_account` = '18339977511' LIMIT 1   [ RunTime:0.0005s ]
SQL: SHOW COLUMNS FROM `ot_ppdd` [ RunTime:0.0015s ]
SQL: SELECT * FROM `ot_ppdd` WHERE `p_user` = '18339977511' AND `zt` = 0 AND `zhh` = 0  [ RunTime:0.0005s ]
SQL: SELECT * FROM `ot_ppdd` WHERE `p_user` = '18339977511' AND `zt` = 0 AND `zhh` = 1  [ RunTime:0.0005s ]
SQL: SHOW COLUMNS FROM `ot_tgbz` [ RunTime:0.0014s ]
SQL: SELECT COUNT(*) AS tp_count FROM `ot_tgbz` WHERE `user` = '18339977511' LIMIT 1   [ RunTime:0.0002s ]
SQL: SELECT `date1` FROM `ot_tgbz` WHERE `user` = '18339977511' AND `qr_zt` = 1 ORDER BY date desc LIMIT 1   [ RunTime:0.0002s ]
SQL: SELECT COUNT(*) AS tp_count FROM `ot_user` WHERE `UE_accName` = '18339977511' AND `cold` = 1 AND `cold_type` = 1 LIMIT 1   [ RunTime:0.0003s ]
SQL: SELECT `date_hk`,`g_user`,`p_user`,`p_id`,`g_id`,`id`,`jb` FROM `ot_ppdd` WHERE `p_user` = '18339977511' AND `zt` = 1  [ RunTime:0.0002s ]
INFO: [ view_parse ] --START--
INFO: [ template_filter ] --START--
INFO: Run Behavior\ContentReplaceBehavior [ RunTime:0.000053s ]
INFO: [ template_filter ] --END-- [ RunTime:0.000118s ]
INFO: Run Behavior\ParseTemplateBehavior [ RunTime:0.008728s ]
INFO: [ view_parse ] --END-- [ RunTime:0.008784s ]
INFO: [ view_filter ] --START--
INFO: Run Behavior\WriteHtmlCacheBehavior [ RunTime:0.000162s ]
INFO: Run Behavior\TokenBuildBehavior [ RunTime:0.000271s ]
INFO: [ view_filter ] --END-- [ RunTime:0.000526s ]
INFO: [ app_end ] --START--
INFO: Run Behavior\ShowPageTraceBehavior [ RunTime:0.000533s ]
INFO: [ app_end ] --END-- [ RunTime:0.000589s ]

[ 2017-10-21T17:42:56+08:00 ] 127.0.0.1 /Home/Turn/turn.html
INFO: [ app_init ] --START--
INFO: Run Behavior\BuildLiteBehavior [ RunTime:0.000013s ]
INFO: [ app_init ] --END-- [ RunTime:0.000237s ]
INFO: [ app_begin ] --START--
INFO: Run Behavior\ReadHtmlCacheBehavior [ RunTime:0.000543s ]
INFO: [ app_begin ] --END-- [ RunTime:0.000617s ]
SQL: SHOW COLUMNS FROM `ot_system` [ RunTime:0.0013s ]
SQL: SELECT * FROM `ot_system` WHERE `SYS_ID` = 1 LIMIT 1   [ RunTime:0.0003s ]
SQL: SHOW COLUMNS FROM `ot_user` [ RunTime:0.0014s ]
SQL: SELECT * FROM `ot_user` WHERE `UE_ID` = 62269 LIMIT 1   [ RunTime:0.0007s ]
SQL: SHOW COLUMNS FROM `ot_pin` [ RunTime:0.0021s ]
SQL: SELECT COUNT(*) AS tp_count FROM `ot_pin` WHERE `user` = '18339977511' AND `zt` = 0 LIMIT 1   [ RunTime:0.0009s ]
SQL: SELECT * FROM `ot_user` WHERE `UE_account` = '18339977511' LIMIT 1   [ RunTime:0.0006s ]
SQL: SHOW COLUMNS FROM `ot_ppdd` [ RunTime:0.0017s ]
SQL: SELECT * FROM `ot_ppdd` WHERE `p_user` = '18339977511' AND `zt` = 0 AND `zhh` = 0  [ RunTime:0.0005s ]
SQL: SELECT * FROM `ot_ppdd` WHERE `p_user` = '18339977511' AND `zt` = 0 AND `zhh` = 1  [ RunTime:0.0004s ]
SQL: SHOW COLUMNS FROM `ot_tgbz` [ RunTime:0.0014s ]
SQL: SELECT COUNT(*) AS tp_count FROM `ot_tgbz` WHERE `user` = '18339977511' LIMIT 1   [ RunTime:0.0003s ]
SQL: SELECT `date1` FROM `ot_tgbz` WHERE `user` = '18339977511' AND `qr_zt` = 1 ORDER BY date desc LIMIT 1   [ RunTime:0.0006s ]
SQL: SELECT COUNT(*) AS tp_count FROM `ot_user` WHERE `UE_accName` = '18339977511' AND `cold` = 1 AND `cold_type` = 1 LIMIT 1   [ RunTime:0.0010s ]
SQL: SELECT `date_hk`,`g_user`,`p_user`,`p_id`,`g_id`,`id`,`jb` FROM `ot_ppdd` WHERE `p_user` = '18339977511' AND `zt` = 1  [ RunTime:0.0003s ]
INFO: [ view_parse ] --START--
INFO: [ template_filter ] --START--
INFO: Run Behavior\ContentReplaceBehavior [ RunTime:0.000042s ]
INFO: [ template_filter ] --END-- [ RunTime:0.000090s ]
INFO: Run Behavior\ParseTemplateBehavior [ RunTime:0.006527s ]
INFO: [ view_parse ] --END-- [ RunTime:0.006570s ]
INFO: [ view_filter ] --START--
INFO: Run Behavior\WriteHtmlCacheBehavior [ RunTime:0.000109s ]
INFO: Run Behavior\TokenBuildBehavior [ RunTime:0.000218s ]
INFO: [ view_filter ] --END-- [ RunTime:0.000384s ]
INFO: [ app_end ] --START--
INFO: Run Behavior\ShowPageTraceBehavior [ RunTime:0.000403s ]
INFO: [ app_end ] --END-- [ RunTime:0.000442s ]

[ 2017-10-21T17:43:04+08:00 ] 127.0.0.1 /Home/Turn/turn.html
INFO: [ app_init ] --START--
INFO: Run Behavior\BuildLiteBehavior [ RunTime:0.000015s ]
INFO: [ app_init ] --END-- [ RunTime:0.000312s ]
INFO: [ app_begin ] --START--
INFO: Run Behavior\ReadHtmlCacheBehavior [ RunTime:0.000341s ]
INFO: [ app_begin ] --END-- [ RunTime:0.000387s ]
SQL: SHOW COLUMNS FROM `ot_system` [ RunTime:0.0012s ]
SQL: SELECT * FROM `ot_system` WHERE `SYS_ID` = 1 LIMIT 1   [ RunTime:0.0003s ]
SQL: SHOW COLUMNS FROM `ot_user` [ RunTime:0.0014s ]
SQL: SELECT * FROM `ot_user` WHERE `UE_ID` = 62269 LIMIT 1   [ RunTime:0.0004s ]
SQL: SHOW COLUMNS FROM `ot_pin` [ RunTime:0.0008s ]
SQL: SELECT COUNT(*) AS tp_count FROM `ot_pin` WHERE `user` = '18339977511' AND `zt` = 0 LIMIT 1   [ RunTime:0.0002s ]
SQL: SELECT * FROM `ot_user` WHERE `UE_account` = '18339977511' LIMIT 1   [ RunTime:0.0006s ]
SQL: SHOW COLUMNS FROM `ot_ppdd` [ RunTime:0.0017s ]
SQL: SELECT * FROM `ot_ppdd` WHERE `p_user` = '18339977511' AND `zt` = 0 AND `zhh` = 0  [ RunTime:0.0005s ]
SQL: SELECT * FROM `ot_ppdd` WHERE `p_user` = '18339977511' AND `zt` = 0 AND `zhh` = 1  [ RunTime:0.0004s ]
SQL: SHOW COLUMNS FROM `ot_tgbz` [ RunTime:0.0013s ]
SQL: SELECT COUNT(*) AS tp_count FROM `ot_tgbz` WHERE `user` = '18339977511' LIMIT 1   [ RunTime:0.0003s ]
SQL: SELECT `date1` FROM `ot_tgbz` WHERE `user` = '18339977511' AND `qr_zt` = 1 ORDER BY date desc LIMIT 1   [ RunTime:0.0003s ]
SQL: SELECT COUNT(*) AS tp_count FROM `ot_user` WHERE `UE_accName` = '18339977511' AND `cold` = 1 AND `cold_type` = 1 LIMIT 1   [ RunTime:0.0002s ]
SQL: SELECT `date_hk`,`g_user`,`p_user`,`p_id`,`g_id`,`id`,`jb` FROM `ot_ppdd` WHERE `p_user` = '18339977511' AND `zt` = 1  [ RunTime:0.0002s ]
INFO: [ view_parse ] --START--
INFO: [ template_filter ] --START--
INFO: Run Behavior\ContentReplaceBehavior [ RunTime:0.000036s ]
INFO: [ template_filter ] --END-- [ RunTime:0.000081s ]
INFO: Run Behavior\ParseTemplateBehavior [ RunTime:0.006013s ]
INFO: [ view_parse ] --END-- [ RunTime:0.006051s ]
INFO: [ view_filter ] --START--
INFO: Run Behavior\WriteHtmlCacheBehavior [ RunTime:0.000091s ]
INFO: Run Behavior\TokenBuildBehavior [ RunTime:0.000172s ]
INFO: [ view_filter ] --END-- [ RunTime:0.000309s ]
INFO: [ app_end ] --START--
INFO: Run Behavior\ShowPageTraceBehavior [ RunTime:0.000342s ]
INFO: [ app_end ] --END-- [ RunTime:0.000373s ]

[ 2017-10-21T17:44:47+08:00 ] 127.0.0.1 /Home/Turn/turn.html
INFO: [ app_init ] --START--
INFO: Run Behavior\BuildLiteBehavior [ RunTime:0.000026s ]
INFO: [ app_init ] --END-- [ RunTime:0.000626s ]
INFO: [ app_begin ] --START--
INFO: Run Behavior\ReadHtmlCacheBehavior [ RunTime:0.000828s ]
INFO: [ app_begin ] --END-- [ RunTime:0.000929s ]
SQL: SHOW COLUMNS FROM `ot_system` [ RunTime:0.0024s ]
SQL: SELECT * FROM `ot_system` WHERE `SYS_ID` = 1 LIMIT 1   [ RunTime:0.0008s ]
SQL: SHOW COLUMNS FROM `ot_user` [ RunTime:0.0026s ]
SQL: SELECT * FROM `ot_user` WHERE `UE_ID` = 62269 LIMIT 1   [ RunTime:0.0005s ]
SQL: SHOW COLUMNS FROM `ot_pin` [ RunTime:0.0011s ]
SQL: SELECT COUNT(*) AS tp_count FROM `ot_pin` WHERE `user` = '18339977511' AND `zt` = 0 LIMIT 1   [ RunTime:0.0005s ]
SQL: SELECT * FROM `ot_user` WHERE `UE_account` = '18339977511' LIMIT 1   [ RunTime:0.0004s ]
SQL: SHOW COLUMNS FROM `ot_ppdd` [ RunTime:0.0013s ]
SQL: SELECT * FROM `ot_ppdd` WHERE `p_user` = '18339977511' AND `zt` = 0 AND `zhh` = 0  [ RunTime:0.0003s ]
SQL: SELECT * FROM `ot_ppdd` WHERE `p_user` = '18339977511' AND `zt` = 0 AND `zhh` = 1  [ RunTime:0.0004s ]
SQL: SHOW COLUMNS FROM `ot_tgbz` [ RunTime:0.0014s ]
SQL: SELECT COUNT(*) AS tp_count FROM `ot_tgbz` WHERE `user` = '18339977511' LIMIT 1   [ RunTime:0.0003s ]
SQL: SELECT `date1` FROM `ot_tgbz` WHERE `user` = '18339977511' AND `qr_zt` = 1 ORDER BY date desc LIMIT 1   [ RunTime:0.0003s ]
SQL: SELECT COUNT(*) AS tp_count FROM `ot_user` WHERE `UE_accName` = '18339977511' AND `cold` = 1 AND `cold_type` = 1 LIMIT 1   [ RunTime:0.0003s ]
SQL: SELECT `date_hk`,`g_user`,`p_user`,`p_id`,`g_id`,`id`,`jb` FROM `ot_ppdd` WHERE `p_user` = '18339977511' AND `zt` = 1  [ RunTime:0.0004s ]
INFO: [ view_parse ] --START--
INFO: [ template_filter ] --START--
INFO: Run Behavior\ContentReplaceBehavior [ RunTime:0.000055s ]
INFO: [ template_filter ] --END-- [ RunTime:0.000121s ]
INFO: Run Behavior\ParseTemplateBehavior [ RunTime:0.008582s ]
INFO: [ view_parse ] --END-- [ RunTime:0.008642s ]
INFO: [ view_filter ] --START--
INFO: Run Behavior\WriteHtmlCacheBehavior [ RunTime:0.000142s ]
INFO: Run Behavior\TokenBuildBehavior [ RunTime:0.000266s ]
INFO: [ view_filter ] --END-- [ RunTime:0.000492s ]
INFO: [ app_end ] --START--
INFO: Run Behavior\ShowPageTraceBehavior [ RunTime:0.000519s ]
INFO: [ app_end ] --END-- [ RunTime:0.000569s ]

[ 2017-10-21T17:45:48+08:00 ] 127.0.0.1 /Home/Turn/turn.html
INFO: [ app_init ] --START--
INFO: Run Behavior\BuildLiteBehavior [ RunTime:0.000016s ]
INFO: [ app_init ] --END-- [ RunTime:0.000352s ]
INFO: [ app_begin ] --START--
INFO: Run Behavior\ReadHtmlCacheBehavior [ RunTime:0.000539s ]
INFO: [ app_begin ] --END-- [ RunTime:0.000609s ]
SQL: SHOW COLUMNS FROM `ot_system` [ RunTime:0.0027s ]
SQL: SELECT * FROM `ot_system` WHERE `SYS_ID` = 1 LIMIT 1   [ RunTime:0.0008s ]
SQL: SHOW COLUMNS FROM `ot_user` [ RunTime:0.0027s ]
SQL: SELECT * FROM `ot_user` WHERE `UE_ID` = 62269 LIMIT 1   [ RunTime:0.0005s ]
SQL: SHOW COLUMNS FROM `ot_pin` [ RunTime:0.0012s ]
SQL: SELECT COUNT(*) AS tp_count FROM `ot_pin` WHERE `user` = '18339977511' AND `zt` = 0 LIMIT 1   [ RunTime:0.0003s ]
SQL: SELECT * FROM `ot_user` WHERE `UE_account` = '18339977511' LIMIT 1   [ RunTime:0.0004s ]
SQL: SHOW COLUMNS FROM `ot_ppdd` [ RunTime:0.0018s ]
SQL: SELECT * FROM `ot_ppdd` WHERE `p_user` = '18339977511' AND `zt` = 0 AND `zhh` = 0  [ RunTime:0.0005s ]
SQL: SELECT * FROM `ot_ppdd` WHERE `p_user` = '18339977511' AND `zt` = 0 AND `zhh` = 1  [ RunTime:0.0003s ]
SQL: SHOW COLUMNS FROM `ot_tgbz` [ RunTime:0.0015s ]
SQL: SELECT COUNT(*) AS tp_count FROM `ot_tgbz` WHERE `user` = '18339977511' LIMIT 1   [ RunTime:0.0004s ]
SQL: SELECT `date1` FROM `ot_tgbz` WHERE `user` = '18339977511' AND `qr_zt` = 1 ORDER BY date desc LIMIT 1   [ RunTime:0.0003s ]
SQL: SELECT COUNT(*) AS tp_count FROM `ot_user` WHERE `UE_accName` = '18339977511' AND `cold` = 1 AND `cold_type` = 1 LIMIT 1   [ RunTime:0.0003s ]
SQL: SELECT `date_hk`,`g_user`,`p_user`,`p_id`,`g_id`,`id`,`jb` FROM `ot_ppdd` WHERE `p_user` = '18339977511' AND `zt` = 1  [ RunTime:0.0002s ]
INFO: [ view_parse ] --START--
INFO: [ template_filter ] --START--
INFO: Run Behavior\ContentReplaceBehavior [ RunTime:0.000058s ]
INFO: [ template_filter ] --END-- [ RunTime:0.000136s ]
INFO: Run Behavior\ParseTemplateBehavior [ RunTime:0.009082s ]
INFO: [ view_parse ] --END-- [ RunTime:0.009145s ]
INFO: [ view_filter ] --START--
INFO: Run Behavior\WriteHtmlCacheBehavior [ RunTime:0.000201s ]
INFO: Run Behavior\TokenBuildBehavior [ RunTime:0.000360s ]
INFO: [ view_filter ] --END-- [ RunTime:0.000658s ]
INFO: [ app_end ] --START--
INFO: Run Behavior\ShowPageTraceBehavior [ RunTime:0.000742s ]
INFO: [ app_end ] --END-- [ RunTime:0.000815s ]

[ 2017-10-21T17:46:59+08:00 ] 127.0.0.1 /Home/Turn/turn.html
INFO: [ app_init ] --START--
INFO: Run Behavior\BuildLiteBehavior [ RunTime:0.000017s ]
INFO: [ app_init ] --END-- [ RunTime:0.000391s ]
INFO: [ app_begin ] --START--
INFO: Run Behavior\ReadHtmlCacheBehavior [ RunTime:0.000390s ]
INFO: [ app_begin ] --END-- [ RunTime:0.000443s ]
SQL: SHOW COLUMNS FROM `ot_system` [ RunTime:0.0017s ]
SQL: SELECT * FROM `ot_system` WHERE `SYS_ID` = 1 LIMIT 1   [ RunTime:0.0006s ]
SQL: SHOW COLUMNS FROM `ot_user` [ RunTime:0.0021s ]
SQL: SELECT * FROM `ot_user` WHERE `UE_ID` = 62269 LIMIT 1   [ RunTime:0.0005s ]
SQL: SHOW COLUMNS FROM `ot_pin` [ RunTime:0.0009s ]
SQL: SELECT COUNT(*) AS tp_count FROM `ot_pin` WHERE `user` = '18339977511' AND `zt` = 0 LIMIT 1   [ RunTime:0.0002s ]
SQL: SELECT * FROM `ot_user` WHERE `UE_account` = '18339977511' LIMIT 1   [ RunTime:0.0003s ]
SQL: SHOW COLUMNS FROM `ot_ppdd` [ RunTime:0.0010s ]
SQL: SELECT * FROM `ot_ppdd` WHERE `p_user` = '18339977511' AND `zt` = 0 AND `zhh` = 0  [ RunTime:0.0002s ]
SQL: SELECT * FROM `ot_ppdd` WHERE `p_user` = '18339977511' AND `zt` = 0 AND `zhh` = 1  [ RunTime:0.0002s ]
SQL: SHOW COLUMNS FROM `ot_tgbz` [ RunTime:0.0010s ]
SQL: SELECT COUNT(*) AS tp_count FROM `ot_tgbz` WHERE `user` = '18339977511' LIMIT 1   [ RunTime:0.0002s ]
SQL: SELECT `date1` FROM `ot_tgbz` WHERE `user` = '18339977511' AND `qr_zt` = 1 ORDER BY date desc LIMIT 1   [ RunTime:0.0002s ]
SQL: SELECT COUNT(*) AS tp_count FROM `ot_user` WHERE `UE_accName` = '18339977511' AND `cold` = 1 AND `cold_type` = 1 LIMIT 1   [ RunTime:0.0002s ]
SQL: SELECT `date_hk`,`g_user`,`p_user`,`p_id`,`g_id`,`id`,`jb` FROM `ot_ppdd` WHERE `p_user` = '18339977511' AND `zt` = 1  [ RunTime:0.0002s ]
INFO: [ view_parse ] --START--
INFO: [ template_filter ] --START--
INFO: Run Behavior\ContentReplaceBehavior [ RunTime:0.000092s ]
INFO: [ template_filter ] --END-- [ RunTime:0.000212s ]
INFO: Run Behavior\ParseTemplateBehavior [ RunTime:0.010959s ]
INFO: [ view_parse ] --END-- [ RunTime:0.011105s ]
INFO: [ view_filter ] --START--
INFO: Run Behavior\WriteHtmlCacheBehavior [ RunTime:0.000218s ]
INFO: Run Behavior\TokenBuildBehavior [ RunTime:0.000305s ]
INFO: [ view_filter ] --END-- [ RunTime:0.000607s ]
INFO: [ app_end ] --START--
INFO: Run Behavior\ShowPageTraceBehavior [ RunTime:0.000567s ]
INFO: [ app_end ] --END-- [ RunTime:0.000620s ]

[ 2017-10-21T17:47:13+08:00 ] 127.0.0.1 /Home/Turn/turn.html
INFO: [ app_init ] --START--
INFO: Run Behavior\BuildLiteBehavior [ RunTime:0.000016s ]
INFO: [ app_init ] --END-- [ RunTime:0.000354s ]
INFO: [ app_begin ] --START--
INFO: Run Behavior\ReadHtmlCacheBehavior [ RunTime:0.000502s ]
INFO: [ app_begin ] --END-- [ RunTime:0.000559s ]
SQL: SHOW COLUMNS FROM `ot_system` [ RunTime:0.0019s ]
SQL: SELECT * FROM `ot_system` WHERE `SYS_ID` = 1 LIMIT 1   [ RunTime:0.0004s ]
SQL: SHOW COLUMNS FROM `ot_user` [ RunTime:0.0022s ]
SQL: SELECT * FROM `ot_user` WHERE `UE_ID` = 62269 LIMIT 1   [ RunTime:0.0005s ]
SQL: SHOW COLUMNS FROM `ot_pin` [ RunTime:0.0012s ]
SQL: SELECT COUNT(*) AS tp_count FROM `ot_pin` WHERE `user` = '18339977511' AND `zt` = 0 LIMIT 1   [ RunTime:0.0004s ]
SQL: SELECT * FROM `ot_user` WHERE `UE_account` = '18339977511' LIMIT 1   [ RunTime:0.0004s ]
SQL: SHOW COLUMNS FROM `ot_ppdd` [ RunTime:0.0014s ]
SQL: SELECT * FROM `ot_ppdd` WHERE `p_user` = '18339977511' AND `zt` = 0 AND `zhh` = 0  [ RunTime:0.0008s ]
SQL: SELECT * FROM `ot_ppdd` WHERE `p_user` = '18339977511' AND `zt` = 0 AND `zhh` = 1  [ RunTime:0.0008s ]
SQL: SHOW COLUMNS FROM `ot_tgbz` [ RunTime:0.0014s ]
SQL: SELECT COUNT(*) AS tp_count FROM `ot_tgbz` WHERE `user` = '18339977511' LIMIT 1   [ RunTime:0.0003s ]
SQL: SELECT `date1` FROM `ot_tgbz` WHERE `user` = '18339977511' AND `qr_zt` = 1 ORDER BY date desc LIMIT 1   [ RunTime:0.0003s ]
SQL: SELECT COUNT(*) AS tp_count FROM `ot_user` WHERE `UE_accName` = '18339977511' AND `cold` = 1 AND `cold_type` = 1 LIMIT 1   [ RunTime:0.0003s ]
SQL: SELECT `date_hk`,`g_user`,`p_user`,`p_id`,`g_id`,`id`,`jb` FROM `ot_ppdd` WHERE `p_user` = '18339977511' AND `zt` = 1  [ RunTime:0.0002s ]
INFO: [ view_parse ] --START--
INFO: [ template_filter ] --START--
INFO: Run Behavior\ContentReplaceBehavior [ RunTime:0.000060s ]
INFO: [ template_filter ] --END-- [ RunTime:0.000120s ]
INFO: Run Behavior\ParseTemplateBehavior [ RunTime:0.008380s ]
INFO: [ view_parse ] --END-- [ RunTime:0.008432s ]
INFO: [ view_filter ] --START--
INFO: Run Behavior\WriteHtmlCacheBehavior [ RunTime:0.000172s ]
INFO: Run Behavior\TokenBuildBehavior [ RunTime:0.000265s ]
INFO: [ view_filter ] --END-- [ RunTime:0.000511s ]
INFO: [ app_end ] --START--
INFO: Run Behavior\ShowPageTraceBehavior [ RunTime:0.000494s ]
INFO: [ app_end ] --END-- [ RunTime:0.000563s ]

