[ 2017-10-24T15:10:43+08:00 ] 127.0.0.1 /admdgjmin.php/Shop/index/index
INFO: [ app_init ] --START--
INFO: Run Behavior\BuildLiteBehavior [ RunTime:0.000009s ]
INFO: [ app_init ] --END-- [ RunTime:0.000198s ]
INFO: [ app_begin ] --START--
INFO: Run Behavior\ReadHtmlCacheBehavior [ RunTime:0.000566s ]
INFO: [ app_begin ] --END-- [ RunTime:0.000710s ]
SQL: SHOW COLUMNS FROM `ot_shop_leibie` [ RunTime:0.0006s ]
NOTIC: [8] Undefined index: p /data/wwwroot/v3/snadmin/Shop/Controller/IndexController.class.php 第 17 行.
SQL: SELECT * FROM `ot_shop_leibie` LIMIT 0,12   [ RunTime:0.0002s ]
SQL: SELECT COUNT(*) AS tp_count FROM `ot_shop_leibie` LIMIT 1   [ RunTime:0.0001s ]
INFO: [ view_parse ] --START--
INFO: [ template_filter ] --START--
INFO: Run Behavior\ContentReplaceBehavior [ RunTime:0.000028s ]
INFO: [ template_filter ] --END-- [ RunTime:0.000063s ]
SQL: SHOW COLUMNS FROM `ot_system` [ RunTime:0.0022s ]
SQL: SELECT `toggleshop` FROM `ot_system` WHERE `SYS_ID` = 1 LIMIT 1   [ RunTime:0.0006s ]
INFO: Run Behavior\ParseTemplateBehavior [ RunTime:0.009638s ]
INFO: [ view_parse ] --END-- [ RunTime:0.009670s ]
INFO: [ view_filter ] --START--
INFO: Run Behavior\WriteHtmlCacheBehavior [ RunTime:0.000331s ]
INFO: [ view_filter ] --END-- [ RunTime:0.000361s ]
INFO: [ app_end ] --START--
INFO: Run Behavior\ShowPageTraceBehavior [ RunTime:0.000641s ]
INFO: [ app_end ] --END-- [ RunTime:0.000686s ]

[ 2017-10-24T15:10:43+08:00 ] 127.0.0.1 /admdgjmin.php/Shop/Project/addProject
INFO: [ app_init ] --START--
INFO: Run Behavior\BuildLiteBehavior [ RunTime:0.000014s ]
INFO: [ app_init ] --END-- [ RunTime:0.000259s ]
INFO: [ app_begin ] --START--
INFO: Run Behavior\ReadHtmlCacheBehavior [ RunTime:0.000314s ]
INFO: [ app_begin ] --END-- [ RunTime:0.000361s ]
SQL: SHOW COLUMNS FROM `ot_shop_leibie` [ RunTime:0.0008s ]
SQL: SELECT * FROM `ot_shop_leibie`  [ RunTime:0.0002s ]
INFO: [ view_parse ] --START--
INFO: [ template_filter ] --START--
INFO: Run Behavior\ContentReplaceBehavior [ RunTime:0.000050s ]
INFO: [ template_filter ] --END-- [ RunTime:0.000106s ]
NOTIC: [8] Undefined variable: page /data/wwwroot/v3/snadmin/Runtime/Cache/Shop/f356fc22875a94b859176a03dc2650d6.php 第 170 行.
INFO: Run Behavior\ParseTemplateBehavior [ RunTime:0.009308s ]
INFO: [ view_parse ] --END-- [ RunTime:0.009340s ]
INFO: [ view_filter ] --START--
INFO: Run Behavior\WriteHtmlCacheBehavior [ RunTime:0.000159s ]
INFO: [ view_filter ] --END-- [ RunTime:0.000180s ]
INFO: [ app_end ] --START--
INFO: Run Behavior\ShowPageTraceBehavior [ RunTime:0.000432s ]
INFO: [ app_end ] --END-- [ RunTime:0.000455s ]

[ 2017-10-24T15:10:44+08:00 ] 127.0.0.1 /admdgjmin.php/Shop/Project/listProject
INFO: [ app_init ] --START--
INFO: Run Behavior\BuildLiteBehavior [ RunTime:0.000010s ]
INFO: [ app_init ] --END-- [ RunTime:0.000231s ]
INFO: [ app_begin ] --START--
INFO: Run Behavior\ReadHtmlCacheBehavior [ RunTime:0.000315s ]
INFO: [ app_begin ] --END-- [ RunTime:0.000340s ]
SQL: SHOW COLUMNS FROM `ot_shop_project` [ RunTime:0.0013s ]
NOTIC: [8] Undefined index: p /data/wwwroot/v3/snadmin/Shop/Controller/ProjectController.class.php 第 40 行.
SQL: SELECT ot_shop_project.*,ot_shop_leibie.name as pidname FROM `ot_shop_project` INNER JOIN ot_shop_leibie ON ot_shop_project.pid = ot_shop_leibie.id  LIMIT 0,12   [ RunTime:0.0007s ]
SQL: SELECT COUNT(*) AS tp_count FROM `ot_shop_project` LIMIT 1   [ RunTime:0.0003s ]
INFO: [ view_parse ] --START--
INFO: [ template_filter ] --START--
INFO: Run Behavior\ContentReplaceBehavior [ RunTime:0.000035s ]
INFO: [ template_filter ] --END-- [ RunTime:0.000089s ]
INFO: Run Behavior\ParseTemplateBehavior [ RunTime:0.006789s ]
INFO: [ view_parse ] --END-- [ RunTime:0.006859s ]
INFO: [ view_filter ] --START--
INFO: Run Behavior\WriteHtmlCacheBehavior [ RunTime:0.000283s ]
INFO: [ view_filter ] --END-- [ RunTime:0.000319s ]
INFO: [ app_end ] --START--
INFO: Run Behavior\ShowPageTraceBehavior [ RunTime:0.000605s ]
INFO: [ app_end ] --END-- [ RunTime:0.000660s ]

[ 2017-10-24T15:10:44+08:00 ] 127.0.0.1 /admdgjmin.php/Shop/index/listOrderform
INFO: [ app_init ] --START--
INFO: Run Behavior\BuildLiteBehavior [ RunTime:0.000010s ]
INFO: [ app_init ] --END-- [ RunTime:0.000249s ]
INFO: [ app_begin ] --START--
INFO: Run Behavior\ReadHtmlCacheBehavior [ RunTime:0.000349s ]
INFO: [ app_begin ] --END-- [ RunTime:0.000375s ]
SQL: SHOW COLUMNS FROM `ot_shop_orderform` [ RunTime:0.0011s ]
NOTIC: [8] Undefined index: p /data/wwwroot/v3/snadmin/Shop/Controller/IndexController.class.php 第 81 行.
SQL: SELECT * FROM `ot_shop_orderform` LIMIT 0,12   [ RunTime:0.0007s ]
SQL: SELECT COUNT(*) AS tp_count FROM `ot_shop_orderform` LIMIT 1   [ RunTime:0.0002s ]
SQL: SHOW COLUMNS FROM `ot_user` [ RunTime:0.0016s ]
SQL: SELECT * FROM `ot_user` WHERE `UE_account` = '阳阳' LIMIT 1   [ RunTime:0.0006s ]
SQL: SELECT * FROM `ot_user` WHERE `UE_account` = '18122043179' LIMIT 1   [ RunTime:0.0005s ]
SQL: SELECT * FROM `ot_user` WHERE `UE_account` = '15038089737' LIMIT 1   [ RunTime:0.0005s ]
SQL: SELECT * FROM `ot_user` WHERE `UE_account` = '13676923103' LIMIT 1   [ RunTime:0.0005s ]
SQL: SELECT * FROM `ot_user` WHERE `UE_account` = '18838216040' LIMIT 1   [ RunTime:0.0005s ]
SQL: SELECT * FROM `ot_user` WHERE `UE_account` = '18838216040' LIMIT 1   [ RunTime:0.0001s ]
SQL: SELECT * FROM `ot_user` WHERE `UE_account` = '13838008083' LIMIT 1   [ RunTime:0.0005s ]
SQL: SELECT * FROM `ot_user` WHERE `UE_account` = '13420059872' LIMIT 1   [ RunTime:0.0009s ]
SQL: SELECT * FROM `ot_user` WHERE `UE_account` = '18605416501' LIMIT 1   [ RunTime:0.0012s ]
SQL: SELECT * FROM `ot_user` WHERE `UE_account` = 'lin2424' LIMIT 1   [ RunTime:0.0011s ]
SQL: SELECT * FROM `ot_user` WHERE `UE_account` = 'yy15869069' LIMIT 1   [ RunTime:0.0004s ]
SQL: SELECT * FROM `ot_user` WHERE `UE_account` = '18239938989' LIMIT 1   [ RunTime:0.0003s ]
INFO: [ view_parse ] --START--
INFO: [ template_filter ] --START--
INFO: Run Behavior\ContentReplaceBehavior [ RunTime:0.000030s ]
INFO: [ template_filter ] --END-- [ RunTime:0.000061s ]
INFO: Run Behavior\ParseTemplateBehavior [ RunTime:0.004377s ]
INFO: [ view_parse ] --END-- [ RunTime:0.004398s ]
INFO: [ view_filter ] --START--
INFO: Run Behavior\WriteHtmlCacheBehavior [ RunTime:0.000103s ]
INFO: [ view_filter ] --END-- [ RunTime:0.000116s ]
INFO: [ app_end ] --START--
INFO: Run Behavior\ShowPageTraceBehavior [ RunTime:0.000316s ]
INFO: [ app_end ] --END-- [ RunTime:0.000333s ]

[ 2017-10-24T15:10:49+08:00 ] 127.0.0.1 /admdgjmin.php/Shop/Project/addProject
INFO: [ app_init ] --START--
INFO: Run Behavior\BuildLiteBehavior [ RunTime:0.000010s ]
INFO: [ app_init ] --END-- [ RunTime:0.000225s ]
INFO: [ app_begin ] --START--
INFO: Run Behavior\ReadHtmlCacheBehavior [ RunTime:0.000303s ]
INFO: [ app_begin ] --END-- [ RunTime:0.000327s ]
SQL: SHOW COLUMNS FROM `ot_shop_leibie` [ RunTime:0.0007s ]
SQL: SELECT * FROM `ot_shop_leibie`  [ RunTime:0.0001s ]
INFO: [ view_parse ] --START--
INFO: [ template_filter ] --START--
INFO: Run Behavior\ContentReplaceBehavior [ RunTime:0.000048s ]
INFO: [ template_filter ] --END-- [ RunTime:0.000096s ]
NOTIC: [8] Undefined variable: page /data/wwwroot/v3/snadmin/Runtime/Cache/Shop/f356fc22875a94b859176a03dc2650d6.php 第 170 行.
INFO: Run Behavior\ParseTemplateBehavior [ RunTime:0.005593s ]
INFO: [ view_parse ] --END-- [ RunTime:0.005626s ]
INFO: [ view_filter ] --START--
INFO: Run Behavior\WriteHtmlCacheBehavior [ RunTime:0.000153s ]
INFO: [ view_filter ] --END-- [ RunTime:0.000177s ]
INFO: [ app_end ] --START--
INFO: Run Behavior\ShowPageTraceBehavior [ RunTime:0.000536s ]
INFO: [ app_end ] --END-- [ RunTime:0.000582s ]

[ 2017-10-24T15:10:50+08:00 ] 127.0.0.1 /admdgjmin.php/Shop/Project/listProject
INFO: [ app_init ] --START--
INFO: Run Behavior\BuildLiteBehavior [ RunTime:0.000012s ]
INFO: [ app_init ] --END-- [ RunTime:0.000277s ]
INFO: [ app_begin ] --START--
INFO: Run Behavior\ReadHtmlCacheBehavior [ RunTime:0.000356s ]
INFO: [ app_begin ] --END-- [ RunTime:0.000385s ]
SQL: SHOW COLUMNS FROM `ot_shop_project` [ RunTime:0.0008s ]
NOTIC: [8] Undefined index: p /data/wwwroot/v3/snadmin/Shop/Controller/ProjectController.class.php 第 40 行.
SQL: SELECT ot_shop_project.*,ot_shop_leibie.name as pidname FROM `ot_shop_project` INNER JOIN ot_shop_leibie ON ot_shop_project.pid = ot_shop_leibie.id  LIMIT 0,12   [ RunTime:0.0001s ]
SQL: SELECT COUNT(*) AS tp_count FROM `ot_shop_project` LIMIT 1   [ RunTime:0.0001s ]
INFO: [ view_parse ] --START--
INFO: [ template_filter ] --START--
INFO: Run Behavior\ContentReplaceBehavior [ RunTime:0.000036s ]
INFO: [ template_filter ] --END-- [ RunTime:0.000100s ]
INFO: Run Behavior\ParseTemplateBehavior [ RunTime:0.005240s ]
INFO: [ view_parse ] --END-- [ RunTime:0.005282s ]
INFO: [ view_filter ] --START--
INFO: Run Behavior\WriteHtmlCacheBehavior [ RunTime:0.000205s ]
INFO: [ view_filter ] --END-- [ RunTime:0.000227s ]
INFO: [ app_end ] --START--
INFO: Run Behavior\ShowPageTraceBehavior [ RunTime:0.000452s ]
INFO: [ app_end ] --END-- [ RunTime:0.000486s ]

[ 2017-10-24T15:10:52+08:00 ] 127.0.0.1 /admdgjmin.php/Shop/Project/project/id/2
INFO: [ app_init ] --START--
INFO: Run Behavior\BuildLiteBehavior [ RunTime:0.000012s ]
INFO: [ app_init ] --END-- [ RunTime:0.000300s ]
INFO: [ app_begin ] --START--
INFO: Run Behavior\ReadHtmlCacheBehavior [ RunTime:0.000377s ]
INFO: [ app_begin ] --END-- [ RunTime:0.000408s ]
SQL: SHOW COLUMNS FROM `ot_shop_leibie` [ RunTime:0.0008s ]
SQL: SELECT * FROM `ot_shop_leibie`  [ RunTime:0.0001s ]
SQL: SHOW COLUMNS FROM `ot_shop_project` [ RunTime:0.0007s ]
SQL: SELECT * FROM `ot_shop_project` WHERE `id` = 2 LIMIT 1   [ RunTime:0.0001s ]
INFO: [ view_parse ] --START--
INFO: [ template_filter ] --START--
INFO: Run Behavior\ContentReplaceBehavior [ RunTime:0.000058s ]
INFO: [ template_filter ] --END-- [ RunTime:0.000123s ]
NOTIC: [8] Undefined variable: page /data/wwwroot/v3/snadmin/Runtime/Cache/Shop/4929538860619ccb0c17916ca1eab5b4.php 第 173 行.
INFO: Run Behavior\ParseTemplateBehavior [ RunTime:0.007325s ]
INFO: [ view_parse ] --END-- [ RunTime:0.007372s ]
INFO: [ view_filter ] --START--
INFO: Run Behavior\WriteHtmlCacheBehavior [ RunTime:0.000224s ]
INFO: [ view_filter ] --END-- [ RunTime:0.000249s ]
INFO: [ app_end ] --START--
INFO: Run Behavior\ShowPageTraceBehavior [ RunTime:0.000489s ]
INFO: [ app_end ] --END-- [ RunTime:0.000523s ]

[ 2017-10-24T15:10:59+08:00 ] 127.0.0.1 /admdgjmin.php/Shop/Project/updateProject/id/2
INFO: [ app_init ] --START--
INFO: Run Behavior\BuildLiteBehavior [ RunTime:0.000012s ]
INFO: [ app_init ] --END-- [ RunTime:0.000329s ]
INFO: [ app_begin ] --START--
INFO: Run Behavior\ReadHtmlCacheBehavior [ RunTime:0.000404s ]
INFO: [ app_begin ] --END-- [ RunTime:0.000448s ]
SQL: SHOW COLUMNS FROM `ot_shop_project` [ RunTime:0.0011s ]
SQL: SELECT * FROM `ot_shop_project` WHERE `id` = 2 LIMIT 1   [ RunTime:0.0001s ]
SQL: UPDATE `ot_shop_project` SET `pid`='5',`name`='ceshi',`title`='ceccec',`old_price`='11000',`price`='1000',`imagepath`='/Uploads/Pic/2017-10-19/59e84bd3a6a26.jpg',`content`='cdssdkljfcalskdjf;laskdjf;lajsd;lfja;lsdkjfa;lskdjf;' WHERE `id` = 2 [ RunTime:0.0005s ]
INFO: [ view_parse ] --START--
INFO: [ template_filter ] --START--
INFO: Run Behavior\ContentReplaceBehavior [ RunTime:0.000025s ]
INFO: [ template_filter ] --END-- [ RunTime:0.000062s ]
INFO: Run Behavior\ParseTemplateBehavior [ RunTime:0.004791s ]
INFO: [ view_parse ] --END-- [ RunTime:0.004820s ]
INFO: [ view_filter ] --START--
INFO: Run Behavior\WriteHtmlCacheBehavior [ RunTime:0.000122s ]
INFO: [ view_filter ] --END-- [ RunTime:0.000140s ]
INFO: [ app_end ] --START--
INFO: Run Behavior\ShowPageTraceBehavior [ RunTime:0.000361s ]
INFO: [ app_end ] --END-- [ RunTime:0.000383s ]

[ 2017-10-24T15:11:00+08:00 ] 127.0.0.1 /admdgjmin.php/Shop/Project/project/id/2
INFO: [ app_init ] --START--
INFO: Run Behavior\BuildLiteBehavior [ RunTime:0.000010s ]
INFO: [ app_init ] --END-- [ RunTime:0.000239s ]
INFO: [ app_begin ] --START--
INFO: Run Behavior\ReadHtmlCacheBehavior [ RunTime:0.000592s ]
INFO: [ app_begin ] --END-- [ RunTime:0.000667s ]
SQL: SHOW COLUMNS FROM `ot_shop_leibie` [ RunTime:0.0007s ]
SQL: SELECT * FROM `ot_shop_leibie`  [ RunTime:0.0001s ]
SQL: SHOW COLUMNS FROM `ot_shop_project` [ RunTime:0.0006s ]
SQL: SELECT * FROM `ot_shop_project` WHERE `id` = 2 LIMIT 1   [ RunTime:0.0002s ]
INFO: [ view_parse ] --START--
INFO: [ template_filter ] --START--
INFO: Run Behavior\ContentReplaceBehavior [ RunTime:0.000042s ]
INFO: [ template_filter ] --END-- [ RunTime:0.000077s ]
NOTIC: [8] Undefined variable: page /data/wwwroot/v3/snadmin/Runtime/Cache/Shop/4929538860619ccb0c17916ca1eab5b4.php 第 173 行.
INFO: Run Behavior\ParseTemplateBehavior [ RunTime:0.005317s ]
INFO: [ view_parse ] --END-- [ RunTime:0.005342s ]
INFO: [ view_filter ] --START--
INFO: Run Behavior\WriteHtmlCacheBehavior [ RunTime:0.000144s ]
INFO: [ view_filter ] --END-- [ RunTime:0.000161s ]
INFO: [ app_end ] --START--
INFO: Run Behavior\ShowPageTraceBehavior [ RunTime:0.000338s ]
INFO: [ app_end ] --END-- [ RunTime:0.000360s ]

[ 2017-10-24T15:11:19+08:00 ] 127.0.0.1 /admdgjmin.php/Shop/Project/listProject
INFO: [ app_init ] --START--
INFO: Run Behavior\BuildLiteBehavior [ RunTime:0.000008s ]
INFO: [ app_init ] --END-- [ RunTime:0.000196s ]
INFO: [ app_begin ] --START--
INFO: Run Behavior\ReadHtmlCacheBehavior [ RunTime:0.000263s ]
INFO: [ app_begin ] --END-- [ RunTime:0.000284s ]
SQL: SHOW COLUMNS FROM `ot_shop_project` [ RunTime:0.0007s ]
NOTIC: [8] Undefined index: p /data/wwwroot/v3/snadmin/Shop/Controller/ProjectController.class.php 第 40 行.
SQL: SELECT ot_shop_project.*,ot_shop_leibie.name as pidname FROM `ot_shop_project` INNER JOIN ot_shop_leibie ON ot_shop_project.pid = ot_shop_leibie.id  LIMIT 0,12   [ RunTime:0.0004s ]
SQL: SELECT COUNT(*) AS tp_count FROM `ot_shop_project` LIMIT 1   [ RunTime:0.0001s ]
INFO: [ view_parse ] --START--
INFO: [ template_filter ] --START--
INFO: Run Behavior\ContentReplaceBehavior [ RunTime:0.000036s ]
INFO: [ template_filter ] --END-- [ RunTime:0.000083s ]
INFO: Run Behavior\ParseTemplateBehavior [ RunTime:0.007147s ]
INFO: [ view_parse ] --END-- [ RunTime:0.007205s ]
INFO: [ view_filter ] --START--
INFO: Run Behavior\WriteHtmlCacheBehavior [ RunTime:0.000165s ]
INFO: [ view_filter ] --END-- [ RunTime:0.000202s ]
INFO: [ app_end ] --START--
INFO: Run Behavior\ShowPageTraceBehavior [ RunTime:0.000390s ]
INFO: [ app_end ] --END-- [ RunTime:0.000413s ]

[ 2017-10-24T15:11:19+08:00 ] 127.0.0.1 /admdgjmin.php/Shop/index/listOrderform
INFO: [ app_init ] --START--
INFO: Run Behavior\BuildLiteBehavior [ RunTime:0.000009s ]
INFO: [ app_init ] --END-- [ RunTime:0.000262s ]
INFO: [ app_begin ] --START--
INFO: Run Behavior\ReadHtmlCacheBehavior [ RunTime:0.000323s ]
INFO: [ app_begin ] --END-- [ RunTime:0.000349s ]
SQL: SHOW COLUMNS FROM `ot_shop_orderform` [ RunTime:0.0009s ]
NOTIC: [8] Undefined index: p /data/wwwroot/v3/snadmin/Shop/Controller/IndexController.class.php 第 81 行.
SQL: SELECT * FROM `ot_shop_orderform` LIMIT 0,12   [ RunTime:0.0001s ]
SQL: SELECT COUNT(*) AS tp_count FROM `ot_shop_orderform` LIMIT 1   [ RunTime:0.0001s ]
SQL: SHOW COLUMNS FROM `ot_user` [ RunTime:0.0013s ]
SQL: SELECT * FROM `ot_user` WHERE `UE_account` = '阳阳' LIMIT 1   [ RunTime:0.0002s ]
SQL: SELECT * FROM `ot_user` WHERE `UE_account` = '18122043179' LIMIT 1   [ RunTime:0.0001s ]
SQL: SELECT * FROM `ot_user` WHERE `UE_account` = '15038089737' LIMIT 1   [ RunTime:0.0001s ]
SQL: SELECT * FROM `ot_user` WHERE `UE_account` = '13676923103' LIMIT 1   [ RunTime:0.0001s ]
SQL: SELECT * FROM `ot_user` WHERE `UE_account` = '18838216040' LIMIT 1   [ RunTime:0.0001s ]
SQL: SELECT * FROM `ot_user` WHERE `UE_account` = '18838216040' LIMIT 1   [ RunTime:0.0001s ]
SQL: SELECT * FROM `ot_user` WHERE `UE_account` = '13838008083' LIMIT 1   [ RunTime:0.0001s ]
SQL: SELECT * FROM `ot_user` WHERE `UE_account` = '13420059872' LIMIT 1   [ RunTime:0.0001s ]
SQL: SELECT * FROM `ot_user` WHERE `UE_account` = '18605416501' LIMIT 1   [ RunTime:0.0001s ]
SQL: SELECT * FROM `ot_user` WHERE `UE_account` = 'lin2424' LIMIT 1   [ RunTime:0.0001s ]
SQL: SELECT * FROM `ot_user` WHERE `UE_account` = 'yy15869069' LIMIT 1   [ RunTime:0.0001s ]
SQL: SELECT * FROM `ot_user` WHERE `UE_account` = '18239938989' LIMIT 1   [ RunTime:0.0001s ]
INFO: [ view_parse ] --START--
INFO: [ template_filter ] --START--
INFO: Run Behavior\ContentReplaceBehavior [ RunTime:0.000040s ]
INFO: [ template_filter ] --END-- [ RunTime:0.000085s ]
INFO: Run Behavior\ParseTemplateBehavior [ RunTime:0.005539s ]
INFO: [ view_parse ] --END-- [ RunTime:0.005610s ]
INFO: [ view_filter ] --START--
INFO: Run Behavior\WriteHtmlCacheBehavior [ RunTime:0.000161s ]
INFO: [ view_filter ] --END-- [ RunTime:0.000181s ]
INFO: [ app_end ] --START--
INFO: Run Behavior\ShowPageTraceBehavior [ RunTime:0.000431s ]
INFO: [ app_end ] --END-- [ RunTime:0.000482s ]

[ 2017-10-24T15:11:26+08:00 ] 127.0.0.1 /admdgjmin.php/Shop/Index/listOrderform/p/7.html
INFO: [ app_init ] --START--
INFO: Run Behavior\BuildLiteBehavior [ RunTime:0.000010s ]
INFO: [ app_init ] --END-- [ RunTime:0.000252s ]
INFO: [ app_begin ] --START--
INFO: Run Behavior\ReadHtmlCacheBehavior [ RunTime:0.000354s ]
INFO: [ app_begin ] --END-- [ RunTime:0.000383s ]
SQL: SHOW COLUMNS FROM `ot_shop_orderform` [ RunTime:0.0011s ]
SQL: SELECT * FROM `ot_shop_orderform` LIMIT 72,12   [ RunTime:0.0004s ]
SQL: SELECT COUNT(*) AS tp_count FROM `ot_shop_orderform` LIMIT 1   [ RunTime:0.0001s ]
SQL: SHOW COLUMNS FROM `ot_user` [ RunTime:0.0017s ]
SQL: SELECT * FROM `ot_user` WHERE `UE_account` = '13073831471' LIMIT 1   [ RunTime:0.0007s ]
SQL: SELECT * FROM `ot_user` WHERE `UE_account` = '13073831471' LIMIT 1   [ RunTime:0.0001s ]
SQL: SELECT * FROM `ot_user` WHERE `UE_account` = '13252465950' LIMIT 1   [ RunTime:0.0004s ]
SQL: SELECT * FROM `ot_user` WHERE `UE_account` = '13252465950' LIMIT 1   [ RunTime:0.0001s ]
SQL: SELECT * FROM `ot_user` WHERE `UE_account` = '13073352795' LIMIT 1   [ RunTime:0.0004s ]
SQL: SELECT * FROM `ot_user` WHERE `UE_account` = '13073352795' LIMIT 1   [ RunTime:0.0001s ]
SQL: SELECT * FROM `ot_user` WHERE `UE_account` = '13939995206' LIMIT 1   [ RunTime:0.0004s ]
SQL: SELECT * FROM `ot_user` WHERE `UE_account` = '阳阳' LIMIT 1   [ RunTime:0.0001s ]
INFO: [ view_parse ] --START--
INFO: [ template_filter ] --START--
INFO: Run Behavior\ContentReplaceBehavior [ RunTime:0.000070s ]
INFO: [ template_filter ] --END-- [ RunTime:0.000156s ]
INFO: Run Behavior\ParseTemplateBehavior [ RunTime:0.006200s ]
INFO: [ view_parse ] --END-- [ RunTime:0.006286s ]
INFO: [ view_filter ] --START--
INFO: Run Behavior\WriteHtmlCacheBehavior [ RunTime:0.000231s ]
INFO: [ view_filter ] --END-- [ RunTime:0.000260s ]
INFO: [ app_end ] --START--
INFO: Run Behavior\ShowPageTraceBehavior [ RunTime:0.000488s ]
INFO: [ app_end ] --END-- [ RunTime:0.000515s ]

[ 2017-10-24T15:11:31+08:00 ] 127.0.0.1 /admdgjmin.php/Shop/Index/listOrderform/p/1.html
INFO: [ app_init ] --START--
INFO: Run Behavior\BuildLiteBehavior [ RunTime:0.000012s ]
INFO: [ app_init ] --END-- [ RunTime:0.000269s ]
INFO: [ app_begin ] --START--
INFO: Run Behavior\ReadHtmlCacheBehavior [ RunTime:0.000391s ]
INFO: [ app_begin ] --END-- [ RunTime:0.000421s ]
SQL: SHOW COLUMNS FROM `ot_shop_orderform` [ RunTime:0.0008s ]
SQL: SELECT * FROM `ot_shop_orderform` LIMIT 0,12   [ RunTime:0.0001s ]
SQL: SELECT COUNT(*) AS tp_count FROM `ot_shop_orderform` LIMIT 1   [ RunTime:0.0001s ]
SQL: SHOW COLUMNS FROM `ot_user` [ RunTime:0.0013s ]
SQL: SELECT * FROM `ot_user` WHERE `UE_account` = '阳阳' LIMIT 1   [ RunTime:0.0001s ]
SQL: SELECT * FROM `ot_user` WHERE `UE_account` = '18122043179' LIMIT 1   [ RunTime:0.0001s ]
SQL: SELECT * FROM `ot_user` WHERE `UE_account` = '15038089737' LIMIT 1   [ RunTime:0.0001s ]
SQL: SELECT * FROM `ot_user` WHERE `UE_account` = '13676923103' LIMIT 1   [ RunTime:0.0001s ]
SQL: SELECT * FROM `ot_user` WHERE `UE_account` = '18838216040' LIMIT 1   [ RunTime:0.0001s ]
SQL: SELECT * FROM `ot_user` WHERE `UE_account` = '18838216040' LIMIT 1   [ RunTime:0.0001s ]
SQL: SELECT * FROM `ot_user` WHERE `UE_account` = '13838008083' LIMIT 1   [ RunTime:0.0001s ]
SQL: SELECT * FROM `ot_user` WHERE `UE_account` = '13420059872' LIMIT 1   [ RunTime:0.0020s ]
SQL: SELECT * FROM `ot_user` WHERE `UE_account` = '18605416501' LIMIT 1   [ RunTime:0.0001s ]
SQL: SELECT * FROM `ot_user` WHERE `UE_account` = 'lin2424' LIMIT 1   [ RunTime:0.0001s ]
SQL: SELECT * FROM `ot_user` WHERE `UE_account` = 'yy15869069' LIMIT 1   [ RunTime:0.0001s ]
SQL: SELECT * FROM `ot_user` WHERE `UE_account` = '18239938989' LIMIT 1   [ RunTime:0.0002s ]
INFO: [ view_parse ] --START--
INFO: [ template_filter ] --START--
INFO: Run Behavior\ContentReplaceBehavior [ RunTime:0.000040s ]
INFO: [ template_filter ] --END-- [ RunTime:0.000088s ]
INFO: Run Behavior\ParseTemplateBehavior [ RunTime:0.008353s ]
INFO: [ view_parse ] --END-- [ RunTime:0.008396s ]
INFO: [ view_filter ] --START--
INFO: Run Behavior\WriteHtmlCacheBehavior [ RunTime:0.000187s ]
INFO: [ view_filter ] --END-- [ RunTime:0.000212s ]
INFO: [ app_end ] --START--
INFO: Run Behavior\ShowPageTraceBehavior [ RunTime:0.000621s ]
INFO: [ app_end ] --END-- [ RunTime:0.000653s ]

[ 2017-10-24T15:11:35+08:00 ] 127.0.0.1 /admdgjmin.php/Shop/Project/listProject
INFO: [ app_init ] --START--
INFO: Run Behavior\BuildLiteBehavior [ RunTime:0.000009s ]
INFO: [ app_init ] --END-- [ RunTime:0.000227s ]
INFO: [ app_begin ] --START--
INFO: Run Behavior\ReadHtmlCacheBehavior [ RunTime:0.000287s ]
INFO: [ app_begin ] --END-- [ RunTime:0.000311s ]
SQL: SHOW COLUMNS FROM `ot_shop_project` [ RunTime:0.0011s ]
NOTIC: [8] Undefined index: p /data/wwwroot/v3/snadmin/Shop/Controller/ProjectController.class.php 第 40 行.
SQL: SELECT ot_shop_project.*,ot_shop_leibie.name as pidname FROM `ot_shop_project` INNER JOIN ot_shop_leibie ON ot_shop_project.pid = ot_shop_leibie.id  LIMIT 0,12   [ RunTime:0.0001s ]
SQL: SELECT COUNT(*) AS tp_count FROM `ot_shop_project` LIMIT 1   [ RunTime:0.0001s ]
INFO: [ view_parse ] --START--
INFO: [ template_filter ] --START--
INFO: Run Behavior\ContentReplaceBehavior [ RunTime:0.000029s ]
INFO: [ template_filter ] --END-- [ RunTime:0.000059s ]
INFO: Run Behavior\ParseTemplateBehavior [ RunTime:0.004582s ]
INFO: [ view_parse ] --END-- [ RunTime:0.004608s ]
INFO: [ view_filter ] --START--
INFO: Run Behavior\WriteHtmlCacheBehavior [ RunTime:0.000107s ]
INFO: [ view_filter ] --END-- [ RunTime:0.000121s ]
INFO: [ app_end ] --START--
INFO: Run Behavior\ShowPageTraceBehavior [ RunTime:0.000343s ]
INFO: [ app_end ] --END-- [ RunTime:0.000364s ]

[ 2017-10-24T15:11:36+08:00 ] 127.0.0.1 /admdgjmin.php/Shop/Project/addProject
INFO: [ app_init ] --START--
INFO: Run Behavior\BuildLiteBehavior [ RunTime:0.000010s ]
INFO: [ app_init ] --END-- [ RunTime:0.000263s ]
INFO: [ app_begin ] --START--
INFO: Run Behavior\ReadHtmlCacheBehavior [ RunTime:0.000344s ]
INFO: [ app_begin ] --END-- [ RunTime:0.000371s ]
SQL: SHOW COLUMNS FROM `ot_shop_leibie` [ RunTime:0.0007s ]
SQL: SELECT * FROM `ot_shop_leibie`  [ RunTime:0.0001s ]
INFO: [ view_parse ] --START--
INFO: [ template_filter ] --START--
INFO: Run Behavior\ContentReplaceBehavior [ RunTime:0.000044s ]
INFO: [ template_filter ] --END-- [ RunTime:0.000075s ]
NOTIC: [8] Undefined variable: page /data/wwwroot/v3/snadmin/Runtime/Cache/Shop/f356fc22875a94b859176a03dc2650d6.php 第 170 行.
INFO: Run Behavior\ParseTemplateBehavior [ RunTime:0.004941s ]
INFO: [ view_parse ] --END-- [ RunTime:0.004966s ]
INFO: [ view_filter ] --START--
INFO: Run Behavior\WriteHtmlCacheBehavior [ RunTime:0.000135s ]
INFO: [ view_filter ] --END-- [ RunTime:0.000156s ]
INFO: [ app_end ] --START--
INFO: Run Behavior\ShowPageTraceBehavior [ RunTime:0.000420s ]
INFO: [ app_end ] --END-- [ RunTime:0.000444s ]

[ 2017-10-24T15:11:36+08:00 ] 127.0.0.1 /admdgjmin.php/Shop/index/index
INFO: [ app_init ] --START--
INFO: Run Behavior\BuildLiteBehavior [ RunTime:0.000010s ]
INFO: [ app_init ] --END-- [ RunTime:0.000236s ]
INFO: [ app_begin ] --START--
INFO: Run Behavior\ReadHtmlCacheBehavior [ RunTime:0.000321s ]
INFO: [ app_begin ] --END-- [ RunTime:0.000344s ]
SQL: SHOW COLUMNS FROM `ot_shop_leibie` [ RunTime:0.0011s ]
NOTIC: [8] Undefined index: p /data/wwwroot/v3/snadmin/Shop/Controller/IndexController.class.php 第 17 行.
SQL: SELECT * FROM `ot_shop_leibie` LIMIT 0,12   [ RunTime:0.0001s ]
SQL: SELECT COUNT(*) AS tp_count FROM `ot_shop_leibie` LIMIT 1   [ RunTime:0.0001s ]
INFO: [ view_parse ] --START--
INFO: [ template_filter ] --START--
INFO: Run Behavior\ContentReplaceBehavior [ RunTime:0.000030s ]
INFO: [ template_filter ] --END-- [ RunTime:0.000074s ]
SQL: SHOW COLUMNS FROM `ot_system` [ RunTime:0.0016s ]
SQL: SELECT `toggleshop` FROM `ot_system` WHERE `SYS_ID` = 1 LIMIT 1   [ RunTime:0.0001s ]
INFO: Run Behavior\ParseTemplateBehavior [ RunTime:0.006570s ]
INFO: [ view_parse ] --END-- [ RunTime:0.006591s ]
INFO: [ view_filter ] --START--
INFO: Run Behavior\WriteHtmlCacheBehavior [ RunTime:0.000362s ]
INFO: [ view_filter ] --END-- [ RunTime:0.000528s ]
INFO: [ app_end ] --START--
INFO: Run Behavior\ShowPageTraceBehavior [ RunTime:0.001875s ]
INFO: [ app_end ] --END-- [ RunTime:0.001976s ]

[ 2017-10-24T15:11:40+08:00 ] 127.0.0.1 /admdgjmin.php/Shop/Index/toggleShop
INFO: [ app_init ] --START--
INFO: Run Behavior\BuildLiteBehavior [ RunTime:0.000020s ]
INFO: [ app_init ] --END-- [ RunTime:0.000353s ]
INFO: [ app_begin ] --START--
INFO: Run Behavior\ReadHtmlCacheBehavior [ RunTime:0.000352s ]
INFO: [ app_begin ] --END-- [ RunTime:0.000383s ]
SQL: SHOW COLUMNS FROM `ot_system` [ RunTime:0.0013s ]
SQL: UPDATE `ot_system` SET `toggleshop`='0' WHERE `SYS_ID` = 1 [ RunTime:0.0005s ]
INFO: [ view_parse ] --START--
INFO: [ template_filter ] --START--
INFO: Run Behavior\ContentReplaceBehavior [ RunTime:0.000020s ]
INFO: [ template_filter ] --END-- [ RunTime:0.000059s ]
INFO: Run Behavior\ParseTemplateBehavior [ RunTime:0.003839s ]
INFO: [ view_parse ] --END-- [ RunTime:0.003863s ]
INFO: [ view_filter ] --START--
INFO: Run Behavior\WriteHtmlCacheBehavior [ RunTime:0.000100s ]
INFO: [ view_filter ] --END-- [ RunTime:0.000114s ]
INFO: [ app_end ] --START--
INFO: Run Behavior\ShowPageTraceBehavior [ RunTime:0.000308s ]
INFO: [ app_end ] --END-- [ RunTime:0.000324s ]

[ 2017-10-24T15:11:41+08:00 ] 127.0.0.1 /admdgjmin.php/Shop/index/index
INFO: [ app_init ] --START--
INFO: Run Behavior\BuildLiteBehavior [ RunTime:0.000014s ]
INFO: [ app_init ] --END-- [ RunTime:0.000261s ]
INFO: [ app_begin ] --START--
INFO: Run Behavior\ReadHtmlCacheBehavior [ RunTime:0.000400s ]
INFO: [ app_begin ] --END-- [ RunTime:0.000441s ]
SQL: SHOW COLUMNS FROM `ot_shop_leibie` [ RunTime:0.0008s ]
NOTIC: [8] Undefined index: p /data/wwwroot/v3/snadmin/Shop/Controller/IndexController.class.php 第 17 行.
SQL: SELECT * FROM `ot_shop_leibie` LIMIT 0,12   [ RunTime:0.0001s ]
SQL: SELECT COUNT(*) AS tp_count FROM `ot_shop_leibie` LIMIT 1   [ RunTime:0.0000s ]
INFO: [ view_parse ] --START--
INFO: [ template_filter ] --START--
INFO: Run Behavior\ContentReplaceBehavior [ RunTime:0.000025s ]
INFO: [ template_filter ] --END-- [ RunTime:0.000051s ]
SQL: SHOW COLUMNS FROM `ot_system` [ RunTime:0.0010s ]
SQL: SELECT `toggleshop` FROM `ot_system` WHERE `SYS_ID` = 1 LIMIT 1   [ RunTime:0.0003s ]
INFO: Run Behavior\ParseTemplateBehavior [ RunTime:0.005278s ]
INFO: [ view_parse ] --END-- [ RunTime:0.005315s ]
INFO: [ view_filter ] --START--
INFO: Run Behavior\WriteHtmlCacheBehavior [ RunTime:0.000263s ]
INFO: [ view_filter ] --END-- [ RunTime:0.000282s ]
INFO: [ app_end ] --START--
INFO: Run Behavior\ShowPageTraceBehavior [ RunTime:0.000422s ]
INFO: [ app_end ] --END-- [ RunTime:0.000448s ]

[ 2017-10-24T15:11:42+08:00 ] 127.0.0.1 /admdgjmin.php/Shop/index/index
INFO: [ app_init ] --START--
INFO: Run Behavior\BuildLiteBehavior [ RunTime:0.000010s ]
INFO: [ app_init ] --END-- [ RunTime:0.000268s ]
INFO: [ app_begin ] --START--
INFO: Run Behavior\ReadHtmlCacheBehavior [ RunTime:0.000344s ]
INFO: [ app_begin ] --END-- [ RunTime:0.000369s ]
SQL: SHOW COLUMNS FROM `ot_shop_leibie` [ RunTime:0.0009s ]
NOTIC: [8] Undefined index: p /data/wwwroot/v3/snadmin/Shop/Controller/IndexController.class.php 第 17 行.
SQL: SELECT * FROM `ot_shop_leibie` LIMIT 0,12   [ RunTime:0.0001s ]
SQL: SELECT COUNT(*) AS tp_count FROM `ot_shop_leibie` LIMIT 1   [ RunTime:0.0000s ]
INFO: [ view_parse ] --START--
INFO: [ template_filter ] --START--
INFO: Run Behavior\ContentReplaceBehavior [ RunTime:0.000033s ]
INFO: [ template_filter ] --END-- [ RunTime:0.000079s ]
SQL: SHOW COLUMNS FROM `ot_system` [ RunTime:0.0013s ]
SQL: SELECT `toggleshop` FROM `ot_system` WHERE `SYS_ID` = 1 LIMIT 1   [ RunTime:0.0001s ]
INFO: Run Behavior\ParseTemplateBehavior [ RunTime:0.007144s ]
INFO: [ view_parse ] --END-- [ RunTime:0.007167s ]
INFO: [ view_filter ] --START--
INFO: Run Behavior\WriteHtmlCacheBehavior [ RunTime:0.000257s ]
INFO: [ view_filter ] --END-- [ RunTime:0.000278s ]
INFO: [ app_end ] --START--
INFO: Run Behavior\ShowPageTraceBehavior [ RunTime:0.000443s ]
INFO: [ app_end ] --END-- [ RunTime:0.000465s ]

