[ 2017-10-10T10:11:12+08:00 ] 127.0.0.1 /admdgjmin.php/Shop/index/listOrderform
INFO: [ app_init ] --START--
INFO: Run Behavior\BuildLiteBehavior [ RunTime:0.000000s ]
INFO: [ app_init ] --END-- [ RunTime:0.001001s ]
INFO: [ app_begin ] --START--
INFO: Run Behavior\ReadHtmlCacheBehavior [ RunTime:0.001000s ]
INFO: [ app_begin ] --END-- [ RunTime:0.002000s ]
SQL: SHOW COLUMNS FROM `ot_shop_orderform` [ RunTime:0.0260s ]
NOTIC: [8] Undefined index: p D:\phpStudy\WWW\mdgj\snadmin\Shop\Controller\IndexController.class.php 第 81 行.
SQL: SELECT * FROM `ot_shop_orderform` LIMIT 0,12   [ RunTime:0.0120s ]
SQL: SELECT COUNT(*) AS tp_count FROM `ot_shop_orderform` LIMIT 1   [ RunTime:0.0000s ]
SQL: SHOW COLUMNS FROM `ot_user` [ RunTime:0.0120s ]
SQL: SELECT * FROM `ot_user` WHERE `UE_account` = '阳阳' LIMIT 1   [ RunTime:0.0010s ]
SQL: SELECT * FROM `ot_user` WHERE `UE_account` = '18122043179' LIMIT 1   [ RunTime:0.0010s ]
SQL: SELECT * FROM `ot_user` WHERE `UE_account` = '15038089737' LIMIT 1   [ RunTime:0.0010s ]
SQL: SELECT * FROM `ot_user` WHERE `UE_account` = '13676923103' LIMIT 1   [ RunTime:0.0010s ]
SQL: SELECT * FROM `ot_user` WHERE `UE_account` = '18838216040' LIMIT 1   [ RunTime:0.0010s ]
SQL: SELECT * FROM `ot_user` WHERE `UE_account` = '18838216040' LIMIT 1   [ RunTime:0.0010s ]
SQL: SELECT * FROM `ot_user` WHERE `UE_account` = '13838008083' LIMIT 1   [ RunTime:0.0010s ]
SQL: SELECT * FROM `ot_user` WHERE `UE_account` = '13420059872' LIMIT 1   [ RunTime:0.0010s ]
SQL: SELECT * FROM `ot_user` WHERE `UE_account` = '18605416501' LIMIT 1   [ RunTime:0.0010s ]
SQL: SELECT * FROM `ot_user` WHERE `UE_account` = 'lin2424' LIMIT 1   [ RunTime:0.0010s ]
SQL: SELECT * FROM `ot_user` WHERE `UE_account` = 'yy15869069' LIMIT 1   [ RunTime:0.0010s ]
SQL: SELECT * FROM `ot_user` WHERE `UE_account` = '18239938989' LIMIT 1   [ RunTime:0.0010s ]
INFO: [ view_parse ] --START--
INFO: [ template_filter ] --START--
INFO: Run Behavior\ContentReplaceBehavior [ RunTime:0.000000s ]
INFO: [ template_filter ] --END-- [ RunTime:0.000000s ]
INFO: Run Behavior\ParseTemplateBehavior [ RunTime:0.020001s ]
INFO: [ view_parse ] --END-- [ RunTime:0.020001s ]
INFO: [ view_filter ] --START--
INFO: Run Behavior\WriteHtmlCacheBehavior [ RunTime:0.001000s ]
INFO: [ view_filter ] --END-- [ RunTime:0.001000s ]
INFO: [ app_end ] --START--
INFO: Run Behavior\ShowPageTraceBehavior [ RunTime:0.001000s ]
INFO: [ app_end ] --END-- [ RunTime:0.003000s ]

