[ 2017-10-23T14:17:19+08:00 ] 127.0.0.1 /Shop/Index/index.html
INFO: [ app_init ] --START--
INFO: Run Behavior\BuildLiteBehavior [ RunTime:0.000035s ]
INFO: [ app_init ] --END-- [ RunTime:0.000691s ]
INFO: [ app_begin ] --START--
INFO: Run Behavior\ReadHtmlCacheBehavior [ RunTime:0.000515s ]
INFO: [ app_begin ] --END-- [ RunTime:0.000577s ]
SQL: SHOW COLUMNS FROM `ot_system` [ RunTime:0.0104s ]
SQL: SELECT * FROM `ot_system` WHERE `SYS_ID` = 1 LIMIT 1   [ RunTime:0.0028s ]
SQL: SHOW COLUMNS FROM `ot_user` [ RunTime:0.0014s ]
SQL: SELECT * FROM `ot_user` WHERE `UE_ID` = 1 LIMIT 1   [ RunTime:0.0002s ]
SQL: SHOW COLUMNS FROM `ot_font` [ RunTime:0.0028s ]
SQL: SELECT * FROM `ot_font` LIMIT 1   [ RunTime:0.0007s ]
SQL: SHOW COLUMNS FROM `ot_shop_project` [ RunTime:0.0033s ]
SQL: SELECT COUNT(*) AS tp_count FROM `ot_shop_project` WHERE ( zt>0 ) LIMIT 1   [ RunTime:0.0004s ]
SQL: SELECT * FROM `ot_shop_project` WHERE `zt` = '2' ORDER BY addtime desc LIMIT 0,9   [ RunTime:0.0006s ]
SQL: SHOW COLUMNS FROM `ot_shop_leibie` [ RunTime:0.0033s ]
SQL: SELECT * FROM `ot_shop_leibie`  [ RunTime:0.0002s ]
INFO: [ view_parse ] --START--
INFO: [ template_filter ] --START--
INFO: Run Behavior\ContentReplaceBehavior [ RunTime:0.000033s ]
INFO: [ template_filter ] --END-- [ RunTime:0.000076s ]
INFO: Run Behavior\ParseTemplateBehavior [ RunTime:0.015120s ]
INFO: [ view_parse ] --END-- [ RunTime:0.015158s ]
INFO: [ view_filter ] --START--
INFO: Run Behavior\WriteHtmlCacheBehavior [ RunTime:0.000121s ]
INFO: Run Behavior\TokenBuildBehavior [ RunTime:0.000161s ]
INFO: [ view_filter ] --END-- [ RunTime:0.000306s ]
INFO: [ app_end ] --START--
INFO: Run Behavior\ShowPageTraceBehavior [ RunTime:0.000308s ]
INFO: [ app_end ] --END-- [ RunTime:0.000323s ]

[ 2017-10-23T14:17:21+08:00 ] 127.0.0.1 /Shop/Index/project?id=1
INFO: [ app_init ] --START--
INFO: Run Behavior\BuildLiteBehavior [ RunTime:0.000016s ]
INFO: [ app_init ] --END-- [ RunTime:0.000327s ]
INFO: [ app_begin ] --START--
INFO: Run Behavior\ReadHtmlCacheBehavior [ RunTime:0.001023s ]
INFO: [ app_begin ] --END-- [ RunTime:0.002177s ]
SQL: SHOW COLUMNS FROM `ot_system` [ RunTime:0.0046s ]
SQL: SELECT * FROM `ot_system` WHERE `SYS_ID` = 1 LIMIT 1   [ RunTime:0.0009s ]
SQL: SHOW COLUMNS FROM `ot_user` [ RunTime:0.0028s ]
SQL: SELECT * FROM `ot_user` WHERE `UE_ID` = 1 LIMIT 1   [ RunTime:0.0003s ]
SQL: SHOW COLUMNS FROM `ot_font` [ RunTime:0.0094s ]
SQL: SELECT * FROM `ot_font` LIMIT 1   [ RunTime:0.0003s ]
SQL: SHOW COLUMNS FROM `ot_shop_project` [ RunTime:0.0016s ]
SQL: SELECT * FROM `ot_shop_project` WHERE `id` = 1 LIMIT 1   [ RunTime:0.0007s ]
SQL: SHOW COLUMNS FROM `ot_shop_leibie` [ RunTime:0.0018s ]
SQL: SELECT * FROM `ot_shop_leibie`  [ RunTime:0.0002s ]
INFO: [ view_parse ] --START--
INFO: [ template_filter ] --START--
INFO: Run Behavior\ContentReplaceBehavior [ RunTime:0.000033s ]
INFO: [ template_filter ] --END-- [ RunTime:0.000073s ]
NOTIC: [8] Undefined variable: list /data/wwwroot/v3/User/Runtime/Cache/Shop/3bb06e2b98eefb315a9189bafbd64a7f.php 第 129 行.
INFO: Run Behavior\ParseTemplateBehavior [ RunTime:0.008389s ]
INFO: [ view_parse ] --END-- [ RunTime:0.009170s ]
INFO: [ view_filter ] --START--
INFO: Run Behavior\WriteHtmlCacheBehavior [ RunTime:0.000178s ]
INFO: Run Behavior\TokenBuildBehavior [ RunTime:0.000194s ]
INFO: [ view_filter ] --END-- [ RunTime:0.000408s ]
INFO: [ app_end ] --START--
INFO: Run Behavior\ShowPageTraceBehavior [ RunTime:0.002892s ]
INFO: [ app_end ] --END-- [ RunTime:0.003007s ]

[ 2017-10-23T14:17:25+08:00 ] 127.0.0.1 /Shop/Index/project?id=1
INFO: [ app_init ] --START--
INFO: Run Behavior\BuildLiteBehavior [ RunTime:0.000011s ]
INFO: [ app_init ] --END-- [ RunTime:0.000277s ]
INFO: [ app_begin ] --START--
INFO: Run Behavior\ReadHtmlCacheBehavior [ RunTime:0.000370s ]
INFO: [ app_begin ] --END-- [ RunTime:0.000419s ]
SQL: SHOW COLUMNS FROM `ot_system` [ RunTime:0.0039s ]
SQL: SELECT * FROM `ot_system` WHERE `SYS_ID` = 1 LIMIT 1   [ RunTime:0.0021s ]
SQL: SHOW COLUMNS FROM `ot_user` [ RunTime:0.0023s ]
SQL: SELECT * FROM `ot_user` WHERE `UE_ID` = 1 LIMIT 1   [ RunTime:0.0002s ]
SQL: SHOW COLUMNS FROM `ot_font` [ RunTime:0.0008s ]
SQL: SELECT * FROM `ot_font` LIMIT 1   [ RunTime:0.0002s ]
SQL: SHOW COLUMNS FROM `ot_shop_project` [ RunTime:0.0014s ]
SQL: SELECT * FROM `ot_shop_project` WHERE `id` = 1 LIMIT 1   [ RunTime:0.0002s ]
SQL: SHOW COLUMNS FROM `ot_shop_leibie` [ RunTime:0.0015s ]
SQL: SELECT * FROM `ot_shop_leibie`  [ RunTime:0.0002s ]
INFO: [ view_parse ] --START--
INFO: [ template_filter ] --START--
INFO: Run Behavior\ContentReplaceBehavior [ RunTime:0.000046s ]
INFO: [ template_filter ] --END-- [ RunTime:0.000111s ]
NOTIC: [8] Undefined variable: list /data/wwwroot/v3/User/Runtime/Cache/Shop/3bb06e2b98eefb315a9189bafbd64a7f.php 第 129 行.
INFO: Run Behavior\ParseTemplateBehavior [ RunTime:0.034355s ]
INFO: [ view_parse ] --END-- [ RunTime:0.034412s ]
INFO: [ view_filter ] --START--
INFO: Run Behavior\WriteHtmlCacheBehavior [ RunTime:0.000298s ]
INFO: Run Behavior\TokenBuildBehavior [ RunTime:0.000385s ]
INFO: [ view_filter ] --END-- [ RunTime:0.000762s ]
INFO: [ app_end ] --START--
INFO: Run Behavior\ShowPageTraceBehavior [ RunTime:0.000613s ]
INFO: [ app_end ] --END-- [ RunTime:0.000841s ]

[ 2017-10-23T14:17:30+08:00 ] 127.0.0.1 /Shop/Index/project?id=2
INFO: [ app_init ] --START--
INFO: Run Behavior\BuildLiteBehavior [ RunTime:0.000012s ]
INFO: [ app_init ] --END-- [ RunTime:0.000306s ]
INFO: [ app_begin ] --START--
INFO: Run Behavior\ReadHtmlCacheBehavior [ RunTime:0.000383s ]
INFO: [ app_begin ] --END-- [ RunTime:0.000428s ]
SQL: SHOW COLUMNS FROM `ot_system` [ RunTime:0.0050s ]
SQL: SELECT * FROM `ot_system` WHERE `SYS_ID` = 1 LIMIT 1   [ RunTime:0.0008s ]
SQL: SHOW COLUMNS FROM `ot_user` [ RunTime:0.0024s ]
SQL: SELECT * FROM `ot_user` WHERE `UE_ID` = 1 LIMIT 1   [ RunTime:0.0004s ]
SQL: SHOW COLUMNS FROM `ot_font` [ RunTime:0.0014s ]
SQL: SELECT * FROM `ot_font` LIMIT 1   [ RunTime:0.0002s ]
SQL: SHOW COLUMNS FROM `ot_shop_project` [ RunTime:0.0014s ]
SQL: SELECT * FROM `ot_shop_project` WHERE `id` = 2 LIMIT 1   [ RunTime:0.0002s ]
SQL: SHOW COLUMNS FROM `ot_shop_leibie` [ RunTime:0.0019s ]
SQL: SELECT * FROM `ot_shop_leibie`  [ RunTime:0.0005s ]
INFO: [ view_parse ] --START--
INFO: [ template_filter ] --START--
INFO: Run Behavior\ContentReplaceBehavior [ RunTime:0.000043s ]
INFO: [ template_filter ] --END-- [ RunTime:0.000108s ]
NOTIC: [8] Undefined variable: list /data/wwwroot/v3/User/Runtime/Cache/Shop/3bb06e2b98eefb315a9189bafbd64a7f.php 第 129 行.
INFO: Run Behavior\ParseTemplateBehavior [ RunTime:0.023891s ]
INFO: [ view_parse ] --END-- [ RunTime:0.023952s ]
INFO: [ view_filter ] --START--
INFO: Run Behavior\WriteHtmlCacheBehavior [ RunTime:0.000271s ]
INFO: Run Behavior\TokenBuildBehavior [ RunTime:0.000380s ]
INFO: [ view_filter ] --END-- [ RunTime:0.000713s ]
INFO: [ app_end ] --START--
INFO: Run Behavior\ShowPageTraceBehavior [ RunTime:0.000535s ]
INFO: [ app_end ] --END-- [ RunTime:0.000579s ]

[ 2017-10-23T15:45:01+08:00 ] 127.0.0.1 /Shop/Index/index.html
INFO: [ app_init ] --START--
INFO: Run Behavior\BuildLiteBehavior [ RunTime:0.000034s ]
INFO: [ app_init ] --END-- [ RunTime:0.001938s ]
INFO: [ app_begin ] --START--
INFO: Run Behavior\ReadHtmlCacheBehavior [ RunTime:0.000544s ]
INFO: [ app_begin ] --END-- [ RunTime:0.000615s ]
SQL: SHOW COLUMNS FROM `ot_system` [ RunTime:0.0010s ]
SQL: SELECT * FROM `ot_system` WHERE `SYS_ID` = 1 LIMIT 1   [ RunTime:0.0001s ]
SQL: SHOW COLUMNS FROM `ot_user` [ RunTime:0.0012s ]
SQL: SELECT * FROM `ot_user` WHERE `UE_ID` = 62281 LIMIT 1   [ RunTime:0.0003s ]
SQL: SHOW COLUMNS FROM `ot_font` [ RunTime:0.0013s ]
SQL: SELECT * FROM `ot_font` LIMIT 1   [ RunTime:0.0001s ]
SQL: SHOW COLUMNS FROM `ot_shop_project` [ RunTime:0.0040s ]
SQL: SELECT COUNT(*) AS tp_count FROM `ot_shop_project` WHERE ( zt>0 ) LIMIT 1   [ RunTime:0.0003s ]
SQL: SELECT * FROM `ot_shop_project` WHERE `zt` = '2' ORDER BY addtime desc LIMIT 0,9   [ RunTime:0.0004s ]
SQL: SHOW COLUMNS FROM `ot_shop_leibie` [ RunTime:0.0020s ]
SQL: SELECT * FROM `ot_shop_leibie`  [ RunTime:0.0002s ]
INFO: [ view_parse ] --START--
INFO: [ template_filter ] --START--
INFO: Run Behavior\ContentReplaceBehavior [ RunTime:0.000041s ]
INFO: [ template_filter ] --END-- [ RunTime:0.000098s ]
INFO: Run Behavior\ParseTemplateBehavior [ RunTime:0.009916s ]
INFO: [ view_parse ] --END-- [ RunTime:0.009997s ]
INFO: [ view_filter ] --START--
INFO: Run Behavior\WriteHtmlCacheBehavior [ RunTime:0.000288s ]
INFO: Run Behavior\TokenBuildBehavior [ RunTime:0.000777s ]
INFO: [ view_filter ] --END-- [ RunTime:0.001141s ]
INFO: [ app_end ] --START--
INFO: Run Behavior\ShowPageTraceBehavior [ RunTime:0.000801s ]
INFO: [ app_end ] --END-- [ RunTime:0.000857s ]

[ 2017-10-23T15:45:03+08:00 ] 127.0.0.1 /Shop/Index/project?id=2
INFO: [ app_init ] --START--
INFO: Run Behavior\BuildLiteBehavior [ RunTime:0.000010s ]
INFO: [ app_init ] --END-- [ RunTime:0.000215s ]
INFO: [ app_begin ] --START--
INFO: Run Behavior\ReadHtmlCacheBehavior [ RunTime:0.000333s ]
INFO: [ app_begin ] --END-- [ RunTime:0.000366s ]
SQL: SHOW COLUMNS FROM `ot_system` [ RunTime:0.0014s ]
SQL: SELECT * FROM `ot_system` WHERE `SYS_ID` = 1 LIMIT 1   [ RunTime:0.0005s ]
SQL: SHOW COLUMNS FROM `ot_user` [ RunTime:0.0025s ]
SQL: SELECT * FROM `ot_user` WHERE `UE_ID` = 62281 LIMIT 1   [ RunTime:0.0004s ]
SQL: SHOW COLUMNS FROM `ot_font` [ RunTime:0.0019s ]
SQL: SELECT * FROM `ot_font` LIMIT 1   [ RunTime:0.0003s ]
SQL: SHOW COLUMNS FROM `ot_shop_project` [ RunTime:0.0020s ]
SQL: SELECT * FROM `ot_shop_project` WHERE `id` = 2 LIMIT 1   [ RunTime:0.0002s ]
SQL: SHOW COLUMNS FROM `ot_shop_leibie` [ RunTime:0.0016s ]
SQL: SELECT * FROM `ot_shop_leibie`  [ RunTime:0.0002s ]
INFO: [ view_parse ] --START--
INFO: [ template_filter ] --START--
INFO: Run Behavior\ContentReplaceBehavior [ RunTime:0.000044s ]
INFO: [ template_filter ] --END-- [ RunTime:0.000157s ]
NOTIC: [8] Undefined variable: list /data/wwwroot/v3/User/Runtime/Cache/Shop/3bb06e2b98eefb315a9189bafbd64a7f.php 第 129 行.
INFO: Run Behavior\ParseTemplateBehavior [ RunTime:0.007941s ]
INFO: [ view_parse ] --END-- [ RunTime:0.007973s ]
INFO: [ view_filter ] --START--
INFO: Run Behavior\WriteHtmlCacheBehavior [ RunTime:0.000116s ]
INFO: Run Behavior\TokenBuildBehavior [ RunTime:0.000163s ]
INFO: [ view_filter ] --END-- [ RunTime:0.000303s ]
INFO: [ app_end ] --START--
INFO: Run Behavior\ShowPageTraceBehavior [ RunTime:0.000467s ]
INFO: [ app_end ] --END-- [ RunTime:0.000512s ]

[ 2017-10-23T15:45:11+08:00 ] 127.0.0.1 /Shop/Index/project?id=2
INFO: [ app_init ] --START--
INFO: Run Behavior\BuildLiteBehavior [ RunTime:0.000019s ]
INFO: [ app_init ] --END-- [ RunTime:0.000355s ]
INFO: [ app_begin ] --START--
INFO: Run Behavior\ReadHtmlCacheBehavior [ RunTime:0.000495s ]
INFO: [ app_begin ] --END-- [ RunTime:0.000559s ]
SQL: SHOW COLUMNS FROM `ot_system` [ RunTime:0.0011s ]
SQL: SELECT * FROM `ot_system` WHERE `SYS_ID` = 1 LIMIT 1   [ RunTime:0.0002s ]
SQL: SHOW COLUMNS FROM `ot_user` [ RunTime:0.0012s ]
SQL: SELECT * FROM `ot_user` WHERE `UE_ID` = 62281 LIMIT 1   [ RunTime:0.0001s ]
SQL: SHOW COLUMNS FROM `ot_font` [ RunTime:0.0008s ]
SQL: SELECT * FROM `ot_font` LIMIT 1   [ RunTime:0.0001s ]
SQL: SHOW COLUMNS FROM `ot_shop_project` [ RunTime:0.0008s ]
SQL: SELECT * FROM `ot_shop_project` WHERE `id` = 2 LIMIT 1   [ RunTime:0.0001s ]
SQL: SHOW COLUMNS FROM `ot_shop_leibie` [ RunTime:0.0008s ]
SQL: SELECT * FROM `ot_shop_leibie`  [ RunTime:0.0001s ]
INFO: [ view_parse ] --START--
INFO: [ template_filter ] --START--
INFO: Run Behavior\ContentReplaceBehavior [ RunTime:0.000043s ]
INFO: [ template_filter ] --END-- [ RunTime:0.000105s ]
NOTIC: [8] Undefined variable: list /data/wwwroot/v3/User/Runtime/Cache/Shop/3bb06e2b98eefb315a9189bafbd64a7f.php 第 129 行.
INFO: Run Behavior\ParseTemplateBehavior [ RunTime:0.010599s ]
INFO: [ view_parse ] --END-- [ RunTime:0.010660s ]
INFO: [ view_filter ] --START--
INFO: Run Behavior\WriteHtmlCacheBehavior [ RunTime:0.000382s ]
INFO: Run Behavior\TokenBuildBehavior [ RunTime:0.000596s ]
INFO: [ view_filter ] --END-- [ RunTime:0.001072s ]
INFO: [ app_end ] --START--
INFO: Run Behavior\ShowPageTraceBehavior [ RunTime:0.000740s ]
INFO: [ app_end ] --END-- [ RunTime:0.000798s ]

[ 2017-10-23T15:45:25+08:00 ] 127.0.0.1 /Shop/Index/project?id=2
INFO: [ app_init ] --START--
INFO: Run Behavior\BuildLiteBehavior [ RunTime:0.000012s ]
INFO: [ app_init ] --END-- [ RunTime:0.000321s ]
INFO: [ app_begin ] --START--
INFO: Run Behavior\ReadHtmlCacheBehavior [ RunTime:0.000432s ]
INFO: [ app_begin ] --END-- [ RunTime:0.000472s ]
SQL: SHOW COLUMNS FROM `ot_system` [ RunTime:0.0021s ]
SQL: SELECT * FROM `ot_system` WHERE `SYS_ID` = 1 LIMIT 1   [ RunTime:0.0007s ]
SQL: SHOW COLUMNS FROM `ot_user` [ RunTime:0.0021s ]
SQL: SELECT * FROM `ot_user` WHERE `UE_ID` = 62281 LIMIT 1   [ RunTime:0.0003s ]
SQL: SHOW COLUMNS FROM `ot_font` [ RunTime:0.0016s ]
SQL: SELECT * FROM `ot_font` LIMIT 1   [ RunTime:0.0002s ]
SQL: SHOW COLUMNS FROM `ot_shop_project` [ RunTime:0.0017s ]
SQL: SELECT * FROM `ot_shop_project` WHERE `id` = 2 LIMIT 1   [ RunTime:0.0001s ]
SQL: SHOW COLUMNS FROM `ot_shop_leibie` [ RunTime:0.0008s ]
SQL: SELECT * FROM `ot_shop_leibie`  [ RunTime:0.0001s ]
INFO: [ view_parse ] --START--
INFO: [ template_filter ] --START--
INFO: Run Behavior\ContentReplaceBehavior [ RunTime:0.000027s ]
INFO: [ template_filter ] --END-- [ RunTime:0.000059s ]
NOTIC: [8] Undefined variable: list /data/wwwroot/v3/User/Runtime/Cache/Shop/3bb06e2b98eefb315a9189bafbd64a7f.php 第 129 行.
INFO: Run Behavior\ParseTemplateBehavior [ RunTime:0.004516s ]
INFO: [ view_parse ] --END-- [ RunTime:0.004542s ]
INFO: [ view_filter ] --START--
INFO: Run Behavior\WriteHtmlCacheBehavior [ RunTime:0.000203s ]
INFO: Run Behavior\TokenBuildBehavior [ RunTime:0.000163s ]
INFO: [ view_filter ] --END-- [ RunTime:0.000392s ]
INFO: [ app_end ] --START--
INFO: Run Behavior\ShowPageTraceBehavior [ RunTime:0.000322s ]
INFO: [ app_end ] --END-- [ RunTime:0.000341s ]

[ 2017-10-23T15:45:57+08:00 ] 127.0.0.1 /Shop/Index/index.html
INFO: [ app_init ] --START--
INFO: Run Behavior\BuildLiteBehavior [ RunTime:0.000012s ]
INFO: [ app_init ] --END-- [ RunTime:0.000269s ]
INFO: [ app_begin ] --START--
INFO: Run Behavior\ReadHtmlCacheBehavior [ RunTime:0.001135s ]
INFO: [ app_begin ] --END-- [ RunTime:0.001238s ]
SQL: SHOW COLUMNS FROM `ot_system` [ RunTime:0.0023s ]
SQL: SELECT * FROM `ot_system` WHERE `SYS_ID` = 1 LIMIT 1   [ RunTime:0.0002s ]
SQL: SHOW COLUMNS FROM `ot_user` [ RunTime:0.0030s ]
SQL: SELECT * FROM `ot_user` WHERE `UE_ID` = 62281 LIMIT 1   [ RunTime:0.0004s ]
SQL: SHOW COLUMNS FROM `ot_font` [ RunTime:0.0011s ]
SQL: SELECT * FROM `ot_font` LIMIT 1   [ RunTime:0.0001s ]
SQL: SHOW COLUMNS FROM `ot_shop_project` [ RunTime:0.0016s ]
SQL: SELECT COUNT(*) AS tp_count FROM `ot_shop_project` WHERE ( zt>0 ) LIMIT 1   [ RunTime:0.0002s ]
SQL: SELECT * FROM `ot_shop_project` WHERE `zt` = '2' ORDER BY addtime desc LIMIT 0,9   [ RunTime:0.0003s ]
SQL: SHOW COLUMNS FROM `ot_shop_leibie` [ RunTime:0.0023s ]
SQL: SELECT * FROM `ot_shop_leibie`  [ RunTime:0.0002s ]
INFO: [ view_parse ] --START--
INFO: [ template_filter ] --START--
INFO: Run Behavior\ContentReplaceBehavior [ RunTime:0.000054s ]
INFO: [ template_filter ] --END-- [ RunTime:0.000113s ]
INFO: Run Behavior\ParseTemplateBehavior [ RunTime:0.006702s ]
INFO: [ view_parse ] --END-- [ RunTime:0.006773s ]
INFO: [ view_filter ] --START--
INFO: Run Behavior\WriteHtmlCacheBehavior [ RunTime:0.000216s ]
INFO: Run Behavior\TokenBuildBehavior [ RunTime:0.000223s ]
INFO: [ view_filter ] --END-- [ RunTime:0.000484s ]
INFO: [ app_end ] --START--
INFO: Run Behavior\ShowPageTraceBehavior [ RunTime:0.000477s ]
INFO: [ app_end ] --END-- [ RunTime:0.000514s ]

