[ 2017-10-17T11:17:36+08:00 ] 127.0.0.1 /admdgjmin.php/Home/login/verify
INFO: [ app_init ] --START--
INFO: Run Behavior\BuildLiteBehavior [ RunTime:0.000018s ]
INFO: [ app_init ] --END-- [ RunTime:0.000350s ]
INFO: [ app_begin ] --START--
INFO: Run Behavior\ReadHtmlCacheBehavior [ RunTime:0.000470s ]
INFO: [ app_begin ] --END-- [ RunTime:0.000538s ]
INFO: [ app_end ] --START--
INFO: Run Behavior\ShowPageTraceBehavior [ RunTime:0.000471s ]
INFO: [ app_end ] --END-- [ RunTime:0.000540s ]

[ 2017-10-17T11:41:58+08:00 ] 127.0.0.1 /admdgjmin.php
INFO: [ app_init ] --START--
INFO: Run Behavior\BuildLiteBehavior [ RunTime:0.000016s ]
INFO: [ app_init ] --END-- [ RunTime:0.000394s ]
INFO: [ app_begin ] --START--
INFO: Run Behavior\ReadHtmlCacheBehavior [ RunTime:0.000493s ]
INFO: [ app_begin ] --END-- [ RunTime:0.000557s ]
INFO: [ view_parse ] --START--
INFO: [ template_filter ] --START--
INFO: Run Behavior\ContentReplaceBehavior [ RunTime:0.000045s ]
INFO: [ template_filter ] --END-- [ RunTime:0.000117s ]
INFO: Run Behavior\ParseTemplateBehavior [ RunTime:0.008619s ]
INFO: [ view_parse ] --END-- [ RunTime:0.008692s ]
INFO: [ view_filter ] --START--
INFO: Run Behavior\WriteHtmlCacheBehavior [ RunTime:0.000149s ]
INFO: [ view_filter ] --END-- [ RunTime:0.000196s ]

[ 2017-10-17T11:41:59+08:00 ] 127.0.0.1 /admdgjmin.php/Home/Login
INFO: [ app_init ] --START--
INFO: Run Behavior\BuildLiteBehavior [ RunTime:0.000024s ]
INFO: [ app_init ] --END-- [ RunTime:0.000701s ]
INFO: [ app_begin ] --START--
INFO: Run Behavior\ReadHtmlCacheBehavior [ RunTime:0.000638s ]
INFO: [ app_begin ] --END-- [ RunTime:0.000715s ]
INFO: [ view_parse ] --START--
INFO: [ template_filter ] --START--
INFO: Run Behavior\ContentReplaceBehavior [ RunTime:0.000045s ]
INFO: [ template_filter ] --END-- [ RunTime:0.000110s ]
INFO: Run Behavior\ParseTemplateBehavior [ RunTime:0.021097s ]
INFO: [ view_parse ] --END-- [ RunTime:0.021152s ]
INFO: [ view_filter ] --START--
INFO: Run Behavior\WriteHtmlCacheBehavior [ RunTime:0.000136s ]
INFO: [ view_filter ] --END-- [ RunTime:0.000182s ]
INFO: [ app_end ] --START--
INFO: Run Behavior\ShowPageTraceBehavior [ RunTime:0.000499s ]
INFO: [ app_end ] --END-- [ RunTime:0.000548s ]

[ 2017-10-17T11:42:08+08:00 ] 127.0.0.1 /admdgjmin.php/Home/Login/logincl
INFO: [ app_init ] --START--
INFO: Run Behavior\BuildLiteBehavior [ RunTime:0.000017s ]
INFO: [ app_init ] --END-- [ RunTime:0.000357s ]
INFO: [ app_begin ] --START--
INFO: Run Behavior\ReadHtmlCacheBehavior [ RunTime:0.000497s ]
INFO: [ app_begin ] --END-- [ RunTime:0.000555s ]
SQL: SHOW COLUMNS FROM `ot_member` [ RunTime:0.1478s ]
SQL: SELECT * FROM `ot_member` WHERE `MB_username` = 'admin' LIMIT 1   [ RunTime:0.0281s ]
SQL: SHOW COLUMNS FROM `ot_drrz` [ RunTime:0.1365s ]
SQL: INSERT INTO `ot_drrz` (`date`,`ip`,`user`,`leixin`) VALUES ('2017-10-17 11:42:08','115.60.185.144','admin','1') [ RunTime:0.0479s ]

[ 2017-10-17T11:42:25+08:00 ] 127.0.0.1 /admdgjmin.php/Home/Index/main
INFO: [ app_init ] --START--
INFO: Run Behavior\BuildLiteBehavior [ RunTime:0.000016s ]
INFO: [ app_init ] --END-- [ RunTime:0.000375s ]
INFO: [ app_begin ] --START--
INFO: Run Behavior\ReadHtmlCacheBehavior [ RunTime:0.000414s ]
INFO: [ app_begin ] --END-- [ RunTime:0.000476s ]
INFO: [ view_parse ] --START--
INFO: [ template_filter ] --START--
INFO: Run Behavior\ContentReplaceBehavior [ RunTime:0.000038s ]
INFO: [ template_filter ] --END-- [ RunTime:0.000128s ]
INFO: Run Behavior\ParseTemplateBehavior [ RunTime:0.023503s ]
INFO: [ view_parse ] --END-- [ RunTime:0.023580s ]
INFO: [ view_filter ] --START--
INFO: Run Behavior\WriteHtmlCacheBehavior [ RunTime:0.000129s ]
INFO: [ view_filter ] --END-- [ RunTime:0.000164s ]
INFO: [ app_end ] --START--
INFO: Run Behavior\ShowPageTraceBehavior [ RunTime:0.000465s ]
INFO: [ app_end ] --END-- [ RunTime:0.000507s ]

[ 2017-10-17T11:42:25+08:00 ] 127.0.0.1 /admdgjmin.php/home/index/top.html
INFO: [ app_init ] --START--
INFO: Run Behavior\BuildLiteBehavior [ RunTime:0.000017s ]
INFO: [ app_init ] --END-- [ RunTime:0.000452s ]
INFO: [ app_begin ] --START--
INFO: Run Behavior\ReadHtmlCacheBehavior [ RunTime:0.000408s ]
INFO: [ app_begin ] --END-- [ RunTime:0.000468s ]
INFO: [ view_parse ] --START--
INFO: [ template_filter ] --START--
INFO: Run Behavior\ContentReplaceBehavior [ RunTime:0.000032s ]
INFO: [ template_filter ] --END-- [ RunTime:0.000087s ]
INFO: Run Behavior\ParseTemplateBehavior [ RunTime:0.005958s ]
INFO: [ view_parse ] --END-- [ RunTime:0.006001s ]
INFO: [ view_filter ] --START--
INFO: Run Behavior\WriteHtmlCacheBehavior [ RunTime:0.000092s ]
INFO: [ view_filter ] --END-- [ RunTime:0.000117s ]
INFO: [ app_end ] --START--
INFO: Run Behavior\ShowPageTraceBehavior [ RunTime:0.000313s ]
INFO: [ app_end ] --END-- [ RunTime:0.000342s ]

[ 2017-10-17T11:42:26+08:00 ] 127.0.0.1 /admdgjmin.php/home/index/counts
INFO: [ app_init ] --START--
INFO: Run Behavior\BuildLiteBehavior [ RunTime:0.000014s ]
INFO: [ app_init ] --END-- [ RunTime:0.000290s ]
INFO: [ app_begin ] --START--
INFO: Run Behavior\ReadHtmlCacheBehavior [ RunTime:0.000350s ]
INFO: [ app_begin ] --END-- [ RunTime:0.000403s ]
SQL: SHOW COLUMNS FROM `ot_user` [ RunTime:0.0017s ]
SQL: SELECT COUNT(*) AS tp_count FROM `ot_user` WHERE (  UNIX_TIMESTAMP('2017-10-17 00:00')<UNIX_TIMESTAMP(UE_regTime) and UNIX_TIMESTAMP(UE_regTime)<UNIX_TIMESTAMP('2017-10-18 00:00') ) LIMIT 1   [ RunTime:0.0037s ]
SQL: SELECT COUNT(*) AS tp_count FROM `ot_user` LIMIT 1   [ RunTime:0.0003s ]
SQL: SHOW COLUMNS FROM `ot_tgbz` [ RunTime:0.0014s ]
SQL: SELECT SUM(jb) AS tp_SUM FROM `ot_tgbz` LIMIT 1   [ RunTime:0.0003s ]
SQL: SHOW COLUMNS FROM `ot_jsbz` [ RunTime:0.0255s ]
SQL: SELECT SUM(jb) AS tp_SUM FROM `ot_jsbz` LIMIT 1   [ RunTime:0.0004s ]
SQL: SHOW COLUMNS FROM `ot_userget` [ RunTime:0.0264s ]
SQL: SELECT SUM(UG_money) AS tp_sum FROM `ot_userget` WHERE `UG_dataType` = 'jlj' LIMIT 1   [ RunTime:0.0613s ]
SQL: SELECT SUM(UG_money) AS tp_sum FROM `ot_userget` WHERE `UG_dataType` = 'tjj' LIMIT 1   [ RunTime:0.0003s ]
SQL: SHOW COLUMNS FROM `ot_ppdd` [ RunTime:0.0014s ]
SQL: SELECT SUM(jb) AS tp_sum FROM `ot_ppdd` WHERE `zt` = 2 LIMIT 1   [ RunTime:0.0012s ]
SQL: SELECT SUM(UG_money) AS tp_sum FROM `ot_userget` WHERE `UG_dataType` = 'tgbz' LIMIT 1   [ RunTime:0.0007s ]
NOTIC: [8] Undefined variable: i /data/wwwroot/mdgj/snadmin/Home/Controller/IndexController.class.php 第 173 行.
SQL: SHOW COLUMNS FROM `ot_user_jj` [ RunTime:0.0148s ]
SQL: SELECT * FROM `ot_user_jj` WHERE `zt` <> '1'  [ RunTime:0.0004s ]
SQL: SELECT * FROM `ot_user_jj` WHERE `id` = 2832 LIMIT 1   [ RunTime:0.0002s ]
SQL: SELECT * FROM `ot_user_jj` WHERE `id` = 2833 LIMIT 1   [ RunTime:0.0002s ]
NOTIC: [8] Undefined variable: i /data/wwwroot/mdgj/snadmin/Home/Controller/IndexController.class.php 第 174 行.
SQL: SELECT * FROM `ot_user_jj`  [ RunTime:0.0003s ]
SQL: SELECT * FROM `ot_user_jj` WHERE `id` = 2832 LIMIT 1   [ RunTime:0.0002s ]
SQL: SELECT * FROM `ot_user_jj` WHERE `id` = 2833 LIMIT 1   [ RunTime:0.0002s ]
SQL: SELECT * FROM `ot_user_jj` WHERE `id` = 2834 LIMIT 1   [ RunTime:0.0003s ]
SQL: SELECT * FROM `ot_user_jj` WHERE `id` = 2835 LIMIT 1   [ RunTime:0.0003s ]
SQL: SELECT * FROM `ot_user_jj` WHERE `id` = 2836 LIMIT 1   [ RunTime:0.0001s ]
SQL: SELECT * FROM `ot_user_jj` WHERE `id` = 2837 LIMIT 1   [ RunTime:0.0002s ]
SQL: SELECT * FROM `ot_user_jj` WHERE `id` = 2838 LIMIT 1   [ RunTime:0.0002s ]
SQL: SELECT * FROM `ot_user_jj` WHERE `id` = 2839 LIMIT 1   [ RunTime:0.0002s ]
SQL: SELECT * FROM `ot_user_jj` WHERE `id` = 2840 LIMIT 1   [ RunTime:0.0001s ]
SQL: SELECT * FROM `ot_user_jj` WHERE `id` = 2841 LIMIT 1   [ RunTime:0.0002s ]
SQL: SELECT * FROM `ot_user_jj` WHERE `id` = 2842 LIMIT 1   [ RunTime:0.0002s ]
SQL: SELECT * FROM `ot_user_jj` WHERE `id` = 2843 LIMIT 1   [ RunTime:0.0002s ]
INFO: [ view_parse ] --START--
INFO: [ template_filter ] --START--
INFO: Run Behavior\ContentReplaceBehavior [ RunTime:0.000047s ]
INFO: [ template_filter ] --END-- [ RunTime:0.000088s ]
NOTIC: [8] Undefined variable: userdata /data/wwwroot/mdgj/snadmin/Runtime/Cache/Home/9ae0c6321b7e9f4ae91a052f17ee4553.php 第 45 行.
NOTIC: [8] Undefined variable: page /data/wwwroot/mdgj/snadmin/Runtime/Cache/Home/9ae0c6321b7e9f4ae91a052f17ee4553.php 第 182 行.
INFO: Run Behavior\ParseTemplateBehavior [ RunTime:0.007096s ]
INFO: [ view_parse ] --END-- [ RunTime:0.007130s ]
INFO: [ view_filter ] --START--
INFO: Run Behavior\WriteHtmlCacheBehavior [ RunTime:0.000084s ]
INFO: [ view_filter ] --END-- [ RunTime:0.000107s ]
INFO: [ app_end ] --START--
INFO: Run Behavior\ShowPageTraceBehavior [ RunTime:0.000277s ]
INFO: [ app_end ] --END-- [ RunTime:0.000315s ]

[ 2017-10-17T11:42:26+08:00 ] 127.0.0.1 /admdgjmin.php/home/index/left.html
INFO: [ app_init ] --START--
INFO: Run Behavior\BuildLiteBehavior [ RunTime:0.000013s ]
INFO: [ app_init ] --END-- [ RunTime:0.000313s ]
INFO: [ app_begin ] --START--
INFO: Run Behavior\ReadHtmlCacheBehavior [ RunTime:0.000361s ]
INFO: [ app_begin ] --END-- [ RunTime:0.000416s ]
INFO: [ view_parse ] --START--
INFO: [ template_filter ] --START--
INFO: Run Behavior\ContentReplaceBehavior [ RunTime:0.000060s ]
INFO: [ template_filter ] --END-- [ RunTime:0.000140s ]
INFO: Run Behavior\ParseTemplateBehavior [ RunTime:0.042370s ]
INFO: [ view_parse ] --END-- [ RunTime:0.042444s ]
INFO: [ view_filter ] --START--
INFO: Run Behavior\WriteHtmlCacheBehavior [ RunTime:0.000142s ]
INFO: [ view_filter ] --END-- [ RunTime:0.000173s ]
INFO: [ app_end ] --START--
INFO: Run Behavior\ShowPageTraceBehavior [ RunTime:0.000424s ]
INFO: [ app_end ] --END-- [ RunTime:0.000471s ]

[ 2017-10-17T11:42:31+08:00 ] 127.0.0.1 /admdgjmin.php/home/index/userlist
INFO: [ app_init ] --START--
INFO: Run Behavior\BuildLiteBehavior [ RunTime:0.000016s ]
INFO: [ app_init ] --END-- [ RunTime:0.000347s ]
INFO: [ app_begin ] --START--
INFO: Run Behavior\ReadHtmlCacheBehavior [ RunTime:0.000463s ]
INFO: [ app_begin ] --END-- [ RunTime:0.000519s ]
SQL: SHOW COLUMNS FROM `ot_user` [ RunTime:0.0024s ]
NOTIC: [8] Undefined variable: map /data/wwwroot/mdgj/snadmin/Home/Controller/IndexController.class.php 第 436 行.
SQL: SELECT COUNT(*) AS tp_count FROM `ot_user` LIMIT 1   [ RunTime:0.0003s ]
NOTIC: [8] Undefined variable: map /data/wwwroot/mdgj/snadmin/Home/Controller/IndexController.class.php 第 441 行.
SQL: SELECT * FROM `ot_user` ORDER BY UE_ID LIMIT 0,20   [ RunTime:0.0011s ]
INFO: [ view_parse ] --START--
INFO: [ template_filter ] --START--
INFO: Run Behavior\ContentReplaceBehavior [ RunTime:0.000055s ]
INFO: [ template_filter ] --END-- [ RunTime:0.000125s ]
INFO: Run Behavior\ParseTemplateBehavior [ RunTime:0.037124s ]
INFO: [ view_parse ] --END-- [ RunTime:0.037344s ]
INFO: [ view_filter ] --START--
INFO: Run Behavior\WriteHtmlCacheBehavior [ RunTime:0.000723s ]
INFO: [ view_filter ] --END-- [ RunTime:0.000782s ]
INFO: [ app_end ] --START--
INFO: Run Behavior\ShowPageTraceBehavior [ RunTime:0.000568s ]
INFO: [ app_end ] --END-- [ RunTime:0.000619s ]

[ 2017-10-17T11:48:54+08:00 ] 127.0.0.1 /admdgjmin.php/home/index/counts
INFO: [ app_init ] --START--
INFO: Run Behavior\BuildLiteBehavior [ RunTime:0.000016s ]
INFO: [ app_init ] --END-- [ RunTime:0.000357s ]
INFO: [ app_begin ] --START--
INFO: Run Behavior\ReadHtmlCacheBehavior [ RunTime:0.000553s ]
INFO: [ app_begin ] --END-- [ RunTime:0.000633s ]
SQL: SHOW COLUMNS FROM `ot_user` [ RunTime:0.0022s ]
SQL: SELECT COUNT(*) AS tp_count FROM `ot_user` WHERE (  UNIX_TIMESTAMP('2017-10-17 00:00')<UNIX_TIMESTAMP(UE_regTime) and UNIX_TIMESTAMP(UE_regTime)<UNIX_TIMESTAMP('2017-10-18 00:00') ) LIMIT 1   [ RunTime:0.0004s ]
SQL: SELECT COUNT(*) AS tp_count FROM `ot_user` LIMIT 1   [ RunTime:0.0001s ]
SQL: SHOW COLUMNS FROM `ot_tgbz` [ RunTime:0.0013s ]
SQL: SELECT SUM(jb) AS tp_SUM FROM `ot_tgbz` LIMIT 1   [ RunTime:0.0002s ]
SQL: SHOW COLUMNS FROM `ot_jsbz` [ RunTime:0.0011s ]
SQL: SELECT SUM(jb) AS tp_SUM FROM `ot_jsbz` LIMIT 1   [ RunTime:0.0002s ]
SQL: SHOW COLUMNS FROM `ot_userget` [ RunTime:0.0012s ]
SQL: SELECT SUM(UG_money) AS tp_sum FROM `ot_userget` WHERE `UG_dataType` = 'jlj' LIMIT 1   [ RunTime:0.0003s ]
SQL: SELECT SUM(UG_money) AS tp_sum FROM `ot_userget` WHERE `UG_dataType` = 'tjj' LIMIT 1   [ RunTime:0.0002s ]
SQL: SHOW COLUMNS FROM `ot_ppdd` [ RunTime:0.0013s ]
SQL: SELECT SUM(jb) AS tp_sum FROM `ot_ppdd` WHERE `zt` = 2 LIMIT 1   [ RunTime:0.0002s ]
SQL: SELECT SUM(UG_money) AS tp_sum FROM `ot_userget` WHERE `UG_dataType` = 'tgbz' LIMIT 1   [ RunTime:0.0002s ]
NOTIC: [8] Undefined variable: i /data/wwwroot/mdgj/snadmin/Home/Controller/IndexController.class.php 第 173 行.
SQL: SHOW COLUMNS FROM `ot_user_jj` [ RunTime:0.0012s ]
SQL: SELECT * FROM `ot_user_jj` WHERE `zt` <> '1'  [ RunTime:0.0003s ]
SQL: SELECT * FROM `ot_user_jj` WHERE `id` = 2832 LIMIT 1   [ RunTime:0.0003s ]
SQL: SELECT * FROM `ot_user_jj` WHERE `id` = 2833 LIMIT 1   [ RunTime:0.0002s ]
NOTIC: [8] Undefined variable: i /data/wwwroot/mdgj/snadmin/Home/Controller/IndexController.class.php 第 174 行.
SQL: SELECT * FROM `ot_user_jj`  [ RunTime:0.0003s ]
SQL: SELECT * FROM `ot_user_jj` WHERE `id` = 2832 LIMIT 1   [ RunTime:0.0002s ]
SQL: SELECT * FROM `ot_user_jj` WHERE `id` = 2833 LIMIT 1   [ RunTime:0.0003s ]
SQL: SELECT * FROM `ot_user_jj` WHERE `id` = 2834 LIMIT 1   [ RunTime:0.0002s ]
SQL: SELECT * FROM `ot_user_jj` WHERE `id` = 2835 LIMIT 1   [ RunTime:0.0002s ]
SQL: SELECT * FROM `ot_user_jj` WHERE `id` = 2836 LIMIT 1   [ RunTime:0.0002s ]
SQL: SELECT * FROM `ot_user_jj` WHERE `id` = 2837 LIMIT 1   [ RunTime:0.0002s ]
SQL: SELECT * FROM `ot_user_jj` WHERE `id` = 2838 LIMIT 1   [ RunTime:0.0002s ]
SQL: SELECT * FROM `ot_user_jj` WHERE `id` = 2839 LIMIT 1   [ RunTime:0.0003s ]
SQL: SELECT * FROM `ot_user_jj` WHERE `id` = 2840 LIMIT 1   [ RunTime:0.0002s ]
SQL: SELECT * FROM `ot_user_jj` WHERE `id` = 2841 LIMIT 1   [ RunTime:0.0002s ]
SQL: SELECT * FROM `ot_user_jj` WHERE `id` = 2842 LIMIT 1   [ RunTime:0.0002s ]
SQL: SELECT * FROM `ot_user_jj` WHERE `id` = 2843 LIMIT 1   [ RunTime:0.0003s ]
INFO: [ view_parse ] --START--
INFO: [ template_filter ] --START--
INFO: Run Behavior\ContentReplaceBehavior [ RunTime:0.000089s ]
INFO: [ template_filter ] --END-- [ RunTime:0.000155s ]
NOTIC: [8] Undefined variable: userdata /data/wwwroot/mdgj/snadmin/Runtime/Cache/Home/9ae0c6321b7e9f4ae91a052f17ee4553.php 第 45 行.
NOTIC: [8] Undefined variable: page /data/wwwroot/mdgj/snadmin/Runtime/Cache/Home/9ae0c6321b7e9f4ae91a052f17ee4553.php 第 182 行.
INFO: Run Behavior\ParseTemplateBehavior [ RunTime:0.012560s ]
INFO: [ view_parse ] --END-- [ RunTime:0.012641s ]
INFO: [ view_filter ] --START--
INFO: Run Behavior\WriteHtmlCacheBehavior [ RunTime:0.000153s ]
INFO: [ view_filter ] --END-- [ RunTime:0.000200s ]
INFO: [ app_end ] --START--
INFO: Run Behavior\ShowPageTraceBehavior [ RunTime:0.000516s ]
INFO: [ app_end ] --END-- [ RunTime:0.000570s ]

[ 2017-10-17T11:48:55+08:00 ] 127.0.0.1 /admdgjmin.php/home/index/jbzs
INFO: [ app_init ] --START--
INFO: Run Behavior\BuildLiteBehavior [ RunTime:0.000017s ]
INFO: [ app_init ] --END-- [ RunTime:0.000404s ]
INFO: [ app_begin ] --START--
INFO: Run Behavior\ReadHtmlCacheBehavior [ RunTime:0.000856s ]
INFO: [ app_begin ] --END-- [ RunTime:0.000970s ]
SQL: SHOW COLUMNS FROM `ot_userget` [ RunTime:0.0014s ]
SQL: SELECT COUNT(*) AS tp_count FROM `ot_userget` WHERE `UG_dataType` = 'xtzs' LIMIT 1   [ RunTime:0.0003s ]
SQL: SELECT * FROM `ot_userget` WHERE `UG_dataType` = 'xtzs' ORDER BY UG_ID DESC LIMIT 0,20   [ RunTime:0.0004s ]
INFO: [ view_parse ] --START--
INFO: [ template_filter ] --START--
INFO: Run Behavior\ContentReplaceBehavior [ RunTime:0.000053s ]
INFO: [ template_filter ] --END-- [ RunTime:0.000149s ]
NOTIC: [8] Undefined variable: userdata /data/wwwroot/mdgj/snadmin/Runtime/Cache/Home/336c5ae53c404f37e07086b9df9e4720.php 第 23 行.
INFO: Run Behavior\ParseTemplateBehavior [ RunTime:0.028752s ]
INFO: [ view_parse ] --END-- [ RunTime:0.028812s ]
INFO: [ view_filter ] --START--
INFO: Run Behavior\WriteHtmlCacheBehavior [ RunTime:0.000153s ]
INFO: [ view_filter ] --END-- [ RunTime:0.000202s ]
INFO: [ app_end ] --START--
INFO: Run Behavior\ShowPageTraceBehavior [ RunTime:0.000630s ]
INFO: [ app_end ] --END-- [ RunTime:0.000738s ]

[ 2017-10-17T11:48:55+08:00 ] 127.0.0.1 /admdgjmin.php/home/index/team
INFO: [ app_init ] --START--
INFO: Run Behavior\BuildLiteBehavior [ RunTime:0.000016s ]
INFO: [ app_init ] --END-- [ RunTime:0.000356s ]
INFO: [ app_begin ] --START--
INFO: Run Behavior\ReadHtmlCacheBehavior [ RunTime:0.000494s ]
INFO: [ app_begin ] --END-- [ RunTime:0.000553s ]
INFO: [ view_parse ] --START--
INFO: [ template_filter ] --START--
INFO: Run Behavior\ContentReplaceBehavior [ RunTime:0.000046s ]
INFO: [ template_filter ] --END-- [ RunTime:0.000133s ]
INFO: Run Behavior\ParseTemplateBehavior [ RunTime:0.033034s ]
INFO: [ view_parse ] --END-- [ RunTime:0.033100s ]
INFO: [ view_filter ] --START--
INFO: Run Behavior\WriteHtmlCacheBehavior [ RunTime:0.000149s ]
INFO: [ view_filter ] --END-- [ RunTime:0.000195s ]
INFO: [ app_end ] --START--
INFO: Run Behavior\ShowPageTraceBehavior [ RunTime:0.000574s ]
INFO: [ app_end ] --END-- [ RunTime:0.000630s ]

[ 2017-10-17T11:48:56+08:00 ] 127.0.0.1 /admdgjmin.php/Home/Common/getTree
INFO: [ app_init ] --START--
INFO: Run Behavior\BuildLiteBehavior [ RunTime:0.000016s ]
INFO: [ app_init ] --END-- [ RunTime:0.000485s ]
INFO: [ app_begin ] --START--
INFO: Run Behavior\ReadHtmlCacheBehavior [ RunTime:0.000461s ]
INFO: [ app_begin ] --END-- [ RunTime:0.000517s ]
SQL: SHOW COLUMNS FROM `ot_user` [ RunTime:0.0015s ]
SQL: SELECT * FROM `ot_user` WHERE `UE_account` = 'admin@qq.com' LIMIT 1   [ RunTime:0.0004s ]
SQL: SELECT * FROM `ot_user` WHERE `UE_accName` = 'admin@qq.com'  [ RunTime:0.0003s ]
SQL: SELECT * FROM `ot_user` WHERE `UE_accName` = 'admin@qq.com'  [ RunTime:0.0003s ]
SQL: SHOW COLUMNS FROM `ot_ppdd` [ RunTime:0.0010s ]
SQL: SELECT SUM(jb) AS tp_sum FROM `ot_ppdd` WHERE `p_user` = 'admin@qq.com' AND `zt` = 2 LIMIT 1   [ RunTime:0.0002s ]
SQL: SELECT `UE_account` FROM `ot_user` WHERE `UE_accName` = 'admin@qq.com'  [ RunTime:0.0002s ]
INFO: [ app_end ] --START--
INFO: Run Behavior\ShowPageTraceBehavior [ RunTime:0.000426s ]
INFO: [ app_end ] --END-- [ RunTime:0.000457s ]

[ 2017-10-17T11:48:57+08:00 ] 127.0.0.1 /admdgjmin.php/Home/Shop/zsbyg_list_xg
INFO: [ app_init ] --START--
INFO: Run Behavior\BuildLiteBehavior [ RunTime:0.000016s ]
INFO: [ app_init ] --END-- [ RunTime:0.000349s ]
INFO: [ app_begin ] --START--
INFO: Run Behavior\ReadHtmlCacheBehavior [ RunTime:0.000520s ]
INFO: [ app_begin ] --END-- [ RunTime:0.000580s ]
SQL: SHOW COLUMNS FROM `ot_user` [ RunTime:0.0023s ]
SQL: SELECT * FROM `ot_user` WHERE `UE_ID` = 1 LIMIT 1   [ RunTime:0.0007s ]
INFO: [ view_parse ] --START--
INFO: [ template_filter ] --START--
INFO: Run Behavior\ContentReplaceBehavior [ RunTime:0.000062s ]
INFO: [ template_filter ] --END-- [ RunTime:0.000126s ]
NOTIC: [8] Undefined variable: caution /data/wwwroot/mdgj/snadmin/Runtime/Cache/Home/7e2bf177c9ec974d74782f65f93eea08.php 第 81 行.
NOTIC: [8] Undefined variable: page /data/wwwroot/mdgj/snadmin/Runtime/Cache/Home/7e2bf177c9ec974d74782f65f93eea08.php 第 131 行.
INFO: Run Behavior\ParseTemplateBehavior [ RunTime:0.043015s ]
INFO: [ view_parse ] --END-- [ RunTime:0.043064s ]
INFO: [ view_filter ] --START--
INFO: Run Behavior\WriteHtmlCacheBehavior [ RunTime:0.000130s ]
INFO: [ view_filter ] --END-- [ RunTime:0.000176s ]
INFO: [ app_end ] --START--
INFO: Run Behavior\ShowPageTraceBehavior [ RunTime:0.000483s ]
INFO: [ app_end ] --END-- [ RunTime:0.000552s ]

[ 2017-10-17T11:48:58+08:00 ] 127.0.0.1 /admdgjmin.php/Home/Shop/ly_list/type/0/
INFO: [ app_init ] --START--
INFO: Run Behavior\BuildLiteBehavior [ RunTime:0.000017s ]
INFO: [ app_init ] --END-- [ RunTime:0.000386s ]
INFO: [ app_begin ] --START--
INFO: Run Behavior\ReadHtmlCacheBehavior [ RunTime:0.000512s ]
INFO: [ app_begin ] --END-- [ RunTime:0.000576s ]
SQL: SHOW COLUMNS FROM `ot_message` [ RunTime:0.0538s ]
SQL: SELECT COUNT(*) AS tp_count FROM `ot_message` WHERE `zt` = 0 LIMIT 1   [ RunTime:0.0105s ]
SQL: SELECT * FROM `ot_message` WHERE `zt` = 0 ORDER BY MA_ID DESC LIMIT 0,100   [ RunTime:0.0004s ]
SQL: SHOW COLUMNS FROM `ot_user` [ RunTime:0.0020s ]
SQL: SELECT * FROM `ot_user` WHERE `UE_ID` = 1 LIMIT 1   [ RunTime:0.0005s ]
INFO: [ view_parse ] --START--
INFO: [ template_filter ] --START--
INFO: Run Behavior\ContentReplaceBehavior [ RunTime:0.000048s ]
INFO: [ template_filter ] --END-- [ RunTime:0.000117s ]
INFO: Run Behavior\ParseTemplateBehavior [ RunTime:0.011568s ]
INFO: [ view_parse ] --END-- [ RunTime:0.011636s ]
INFO: [ view_filter ] --START--
INFO: Run Behavior\WriteHtmlCacheBehavior [ RunTime:0.000148s ]
INFO: [ view_filter ] --END-- [ RunTime:0.000199s ]
INFO: [ app_end ] --START--
INFO: Run Behavior\ShowPageTraceBehavior [ RunTime:0.000561s ]
INFO: [ app_end ] --END-- [ RunTime:0.000614s ]

[ 2017-10-17T11:48:59+08:00 ] 127.0.0.1 /admdgjmin.php/Home/Shop/ly_list/type/1/
INFO: [ app_init ] --START--
INFO: Run Behavior\BuildLiteBehavior [ RunTime:0.000017s ]
INFO: [ app_init ] --END-- [ RunTime:0.000414s ]
INFO: [ app_begin ] --START--
INFO: Run Behavior\ReadHtmlCacheBehavior [ RunTime:0.000492s ]
INFO: [ app_begin ] --END-- [ RunTime:0.000556s ]
SQL: SHOW COLUMNS FROM `ot_message` [ RunTime:0.0016s ]
SQL: SELECT COUNT(*) AS tp_count FROM `ot_message` WHERE `zt` = 1 LIMIT 1   [ RunTime:0.0003s ]
SQL: SELECT * FROM `ot_message` WHERE `zt` = 1 ORDER BY MA_ID DESC LIMIT 0,100   [ RunTime:0.0004s ]
SQL: SHOW COLUMNS FROM `ot_user` [ RunTime:0.0025s ]
SQL: SELECT * FROM `ot_user` WHERE `UE_ID` = 1 LIMIT 1   [ RunTime:0.0007s ]
INFO: [ view_parse ] --START--
INFO: [ template_filter ] --START--
INFO: Run Behavior\ContentReplaceBehavior [ RunTime:0.000046s ]
INFO: [ template_filter ] --END-- [ RunTime:0.000122s ]
INFO: Run Behavior\ParseTemplateBehavior [ RunTime:0.011244s ]
INFO: [ view_parse ] --END-- [ RunTime:0.011308s ]
INFO: [ view_filter ] --START--
INFO: Run Behavior\WriteHtmlCacheBehavior [ RunTime:0.000169s ]
INFO: [ view_filter ] --END-- [ RunTime:0.000216s ]
INFO: [ app_end ] --START--
INFO: Run Behavior\ShowPageTraceBehavior [ RunTime:0.000537s ]
INFO: [ app_end ] --END-- [ RunTime:0.000590s ]

[ 2017-10-17T11:49:00+08:00 ] 127.0.0.1 /admdgjmin.php/home/index/pin_list
INFO: [ app_init ] --START--
INFO: Run Behavior\BuildLiteBehavior [ RunTime:0.000016s ]
INFO: [ app_init ] --END-- [ RunTime:0.000397s ]
INFO: [ app_begin ] --START--
INFO: Run Behavior\ReadHtmlCacheBehavior [ RunTime:0.000529s ]
INFO: [ app_begin ] --END-- [ RunTime:0.000601s ]
SQL: SHOW COLUMNS FROM `ot_pin` [ RunTime:0.0012s ]
SQL: SELECT COUNT(*) AS tp_count FROM `ot_pin` WHERE `zt` = 0 LIMIT 1   [ RunTime:0.0003s ]
SQL: SELECT * FROM `ot_pin` WHERE `zt` = 0 ORDER BY id DESC LIMIT 0,20   [ RunTime:0.0004s ]
INFO: [ view_parse ] --START--
INFO: [ template_filter ] --START--
INFO: Run Behavior\ContentReplaceBehavior [ RunTime:0.000046s ]
INFO: [ template_filter ] --END-- [ RunTime:0.000111s ]
INFO: Run Behavior\ParseTemplateBehavior [ RunTime:0.033609s ]
INFO: [ view_parse ] --END-- [ RunTime:0.033672s ]
INFO: [ view_filter ] --START--
INFO: Run Behavior\WriteHtmlCacheBehavior [ RunTime:0.000161s ]
INFO: [ view_filter ] --END-- [ RunTime:0.000208s ]
INFO: [ app_end ] --START--
INFO: Run Behavior\ShowPageTraceBehavior [ RunTime:0.000510s ]
INFO: [ app_end ] --END-- [ RunTime:0.000563s ]

[ 2017-10-17T11:49:01+08:00 ] 127.0.0.1 /admdgjmin.php/home/index/jsbz_list
INFO: [ app_init ] --START--
INFO: Run Behavior\BuildLiteBehavior [ RunTime:0.000015s ]
INFO: [ app_init ] --END-- [ RunTime:0.000372s ]
INFO: [ app_begin ] --START--
INFO: Run Behavior\ReadHtmlCacheBehavior [ RunTime:0.000469s ]
INFO: [ app_begin ] --END-- [ RunTime:0.000526s ]
SQL: SHOW COLUMNS FROM `ot_jsbz` [ RunTime:0.0019s ]
SQL: SELECT SUM(jb) AS tp_sum FROM `ot_jsbz` LIMIT 1   [ RunTime:0.0003s ]
SQL: SELECT SUM(jb) AS tp_sum FROM `ot_jsbz` WHERE `zt` = 1 LIMIT 1   [ RunTime:0.0002s ]
SQL: SELECT SUM(jb) AS tp_sum FROM `ot_jsbz` WHERE `zt` <> '1' LIMIT 1   [ RunTime:0.0015s ]
SQL: SELECT COUNT(*) AS tp_count FROM `ot_jsbz` WHERE `zt` = 0 LIMIT 1   [ RunTime:0.0003s ]
SQL: SELECT * FROM `ot_jsbz` WHERE `zt` = 0 ORDER BY date  LIMIT 0,20   [ RunTime:0.0004s ]
INFO: [ view_parse ] --START--
INFO: [ template_filter ] --START--
INFO: Run Behavior\ContentReplaceBehavior [ RunTime:0.000049s ]
INFO: [ template_filter ] --END-- [ RunTime:0.000113s ]
INFO: Run Behavior\ParseTemplateBehavior [ RunTime:0.015745s ]
INFO: [ view_parse ] --END-- [ RunTime:0.015816s ]
INFO: [ view_filter ] --START--
INFO: Run Behavior\WriteHtmlCacheBehavior [ RunTime:0.000146s ]
INFO: [ view_filter ] --END-- [ RunTime:0.000191s ]
INFO: [ app_end ] --START--
INFO: Run Behavior\ShowPageTraceBehavior [ RunTime:0.000567s ]
INFO: [ app_end ] --END-- [ RunTime:0.000621s ]

[ 2017-10-17T11:49:02+08:00 ] 127.0.0.1 /admdgjmin.php/home/index/ppdd_list
INFO: [ app_init ] --START--
INFO: Run Behavior\BuildLiteBehavior [ RunTime:0.000016s ]
INFO: [ app_init ] --END-- [ RunTime:0.000382s ]
INFO: [ app_begin ] --START--
INFO: Run Behavior\ReadHtmlCacheBehavior [ RunTime:0.000468s ]
INFO: [ app_begin ] --END-- [ RunTime:0.000524s ]
SQL: SHOW COLUMNS FROM `ot_ppdd` [ RunTime:0.0013s ]
SQL: SELECT COUNT(*) AS tp_count FROM `ot_ppdd` WHERE `zt` <> 2 LIMIT 1   [ RunTime:0.0003s ]
SQL: SELECT * FROM `ot_ppdd` WHERE `zt` <> 2 ORDER BY date  LIMIT 0,20   [ RunTime:0.0005s ]
INFO: [ view_parse ] --START--
INFO: [ template_filter ] --START--
INFO: Run Behavior\ContentReplaceBehavior [ RunTime:0.000048s ]
INFO: [ template_filter ] --END-- [ RunTime:0.000141s ]
INFO: Run Behavior\ParseTemplateBehavior [ RunTime:0.020679s ]
INFO: [ view_parse ] --END-- [ RunTime:0.020743s ]
INFO: [ view_filter ] --START--
INFO: Run Behavior\WriteHtmlCacheBehavior [ RunTime:0.000146s ]
INFO: [ view_filter ] --END-- [ RunTime:0.000194s ]
INFO: [ app_end ] --START--
INFO: Run Behavior\ShowPageTraceBehavior [ RunTime:0.000529s ]
INFO: [ app_end ] --END-- [ RunTime:0.000591s ]

[ 2017-10-17T11:49:02+08:00 ] 127.0.0.1 /admdgjmin.php/home/index/ppdd_list/cz/1/
INFO: [ app_init ] --START--
INFO: Run Behavior\BuildLiteBehavior [ RunTime:0.000012s ]
INFO: [ app_init ] --END-- [ RunTime:0.000269s ]
INFO: [ app_begin ] --START--
INFO: Run Behavior\ReadHtmlCacheBehavior [ RunTime:0.000398s ]
INFO: [ app_begin ] --END-- [ RunTime:0.000443s ]
SQL: SHOW COLUMNS FROM `ot_ppdd` [ RunTime:0.0011s ]
SQL: SELECT COUNT(*) AS tp_count FROM `ot_ppdd` WHERE `zt` = 2 LIMIT 1   [ RunTime:0.0004s ]
SQL: SELECT * FROM `ot_ppdd` WHERE `zt` = 2 ORDER BY date  LIMIT 0,20   [ RunTime:0.0005s ]
INFO: [ view_parse ] --START--
INFO: [ template_filter ] --START--
INFO: Run Behavior\ContentReplaceBehavior [ RunTime:0.000031s ]
INFO: [ template_filter ] --END-- [ RunTime:0.000078s ]
INFO: Run Behavior\ParseTemplateBehavior [ RunTime:0.006943s ]
INFO: [ view_parse ] --END-- [ RunTime:0.007006s ]
INFO: [ view_filter ] --START--
INFO: Run Behavior\WriteHtmlCacheBehavior [ RunTime:0.000099s ]
INFO: [ view_filter ] --END-- [ RunTime:0.000130s ]
INFO: [ app_end ] --START--
INFO: Run Behavior\ShowPageTraceBehavior [ RunTime:0.000331s ]
INFO: [ app_end ] --END-- [ RunTime:0.000366s ]

[ 2017-10-17T11:49:03+08:00 ] 127.0.0.1 /admdgjmin.php/home/index/ts1_list
INFO: [ app_init ] --START--
INFO: Run Behavior\BuildLiteBehavior [ RunTime:0.000013s ]
INFO: [ app_init ] --END-- [ RunTime:0.000346s ]
INFO: [ app_begin ] --START--
INFO: Run Behavior\ReadHtmlCacheBehavior [ RunTime:0.000396s ]
INFO: [ app_begin ] --END-- [ RunTime:0.000449s ]
SQL: SHOW COLUMNS FROM `ot_ppdd` [ RunTime:0.0012s ]
SQL: SELECT COUNT(*) AS tp_count FROM `ot_ppdd` WHERE `zt` <> 2 AND `ts_zt` = 1 LIMIT 1   [ RunTime:0.0005s ]
SQL: SELECT * FROM `ot_ppdd` WHERE `zt` <> 2 AND `ts_zt` = 1 ORDER BY id DESC LIMIT 0,20   [ RunTime:0.0004s ]
INFO: [ view_parse ] --START--
INFO: [ template_filter ] --START--
INFO: Run Behavior\ContentReplaceBehavior [ RunTime:0.000047s ]
INFO: [ template_filter ] --END-- [ RunTime:0.000104s ]
INFO: Run Behavior\ParseTemplateBehavior [ RunTime:0.011727s ]
INFO: [ view_parse ] --END-- [ RunTime:0.011798s ]
INFO: [ view_filter ] --START--
INFO: Run Behavior\WriteHtmlCacheBehavior [ RunTime:0.000144s ]
INFO: [ view_filter ] --END-- [ RunTime:0.000191s ]
INFO: [ app_end ] --START--
INFO: Run Behavior\ShowPageTraceBehavior [ RunTime:0.000575s ]
INFO: [ app_end ] --END-- [ RunTime:0.000629s ]

[ 2017-10-17T11:49:03+08:00 ] 127.0.0.1 /admdgjmin.php/home/index/ts1_list
INFO: [ app_init ] --START--
INFO: Run Behavior\BuildLiteBehavior [ RunTime:0.000015s ]
INFO: [ app_init ] --END-- [ RunTime:0.000381s ]
INFO: [ app_begin ] --START--
INFO: Run Behavior\ReadHtmlCacheBehavior [ RunTime:0.000513s ]
INFO: [ app_begin ] --END-- [ RunTime:0.000587s ]
SQL: SHOW COLUMNS FROM `ot_ppdd` [ RunTime:0.0011s ]
SQL: SELECT COUNT(*) AS tp_count FROM `ot_ppdd` WHERE `zt` <> 2 AND `ts_zt` = 1 LIMIT 1   [ RunTime:0.0004s ]
SQL: SELECT * FROM `ot_ppdd` WHERE `zt` <> 2 AND `ts_zt` = 1 ORDER BY id DESC LIMIT 0,20   [ RunTime:0.0005s ]
INFO: [ view_parse ] --START--
INFO: [ template_filter ] --START--
INFO: Run Behavior\ContentReplaceBehavior [ RunTime:0.000058s ]
INFO: [ template_filter ] --END-- [ RunTime:0.000110s ]
INFO: Run Behavior\ParseTemplateBehavior [ RunTime:0.009557s ]
INFO: [ view_parse ] --END-- [ RunTime:0.009610s ]
INFO: [ view_filter ] --START--
INFO: Run Behavior\WriteHtmlCacheBehavior [ RunTime:0.000125s ]
INFO: [ view_filter ] --END-- [ RunTime:0.000162s ]
INFO: [ app_end ] --START--
INFO: Run Behavior\ShowPageTraceBehavior [ RunTime:0.000428s ]
INFO: [ app_end ] --END-- [ RunTime:0.000474s ]

[ 2017-10-17T11:49:04+08:00 ] 127.0.0.1 /admdgjmin.php/home/index/tgbz_list_cf
INFO: [ app_init ] --START--
INFO: Run Behavior\BuildLiteBehavior [ RunTime:0.000016s ]
INFO: [ app_init ] --END-- [ RunTime:0.000394s ]
INFO: [ app_begin ] --START--
INFO: Run Behavior\ReadHtmlCacheBehavior [ RunTime:0.000506s ]
INFO: [ app_begin ] --END-- [ RunTime:0.000572s ]
SQL: SHOW COLUMNS FROM `ot_tgbz` [ RunTime:0.0015s ]
SQL: SELECT SUM(jb) AS tp_sum FROM `ot_tgbz` LIMIT 1   [ RunTime:0.0005s ]
SQL: SELECT SUM(jb) AS tp_sum FROM `ot_tgbz` WHERE `qr_zt` = 1 LIMIT 1   [ RunTime:0.0002s ]
SQL: SELECT SUM(jb) AS tp_sum FROM `ot_tgbz` WHERE `qr_zt` <> '1' LIMIT 1   [ RunTime:0.0002s ]
SQL: SELECT COUNT(*) AS tp_count FROM `ot_tgbz` WHERE `zt` = 0 LIMIT 1   [ RunTime:0.0001s ]
SQL: SELECT * FROM `ot_tgbz` WHERE `zt` = 0 ORDER BY id LIMIT 0,20   [ RunTime:0.0005s ]
INFO: [ view_parse ] --START--
INFO: [ template_filter ] --START--
INFO: Run Behavior\ContentReplaceBehavior [ RunTime:0.000042s ]
INFO: [ template_filter ] --END-- [ RunTime:0.000105s ]
INFO: Run Behavior\ParseTemplateBehavior [ RunTime:0.010986s ]
INFO: [ view_parse ] --END-- [ RunTime:0.011052s ]
INFO: [ view_filter ] --START--
INFO: Run Behavior\WriteHtmlCacheBehavior [ RunTime:0.000152s ]
INFO: [ view_filter ] --END-- [ RunTime:0.000200s ]
INFO: [ app_end ] --START--
INFO: Run Behavior\ShowPageTraceBehavior [ RunTime:0.000523s ]
INFO: [ app_end ] --END-- [ RunTime:0.000575s ]

[ 2017-10-17T11:49:04+08:00 ] 127.0.0.1 /admdgjmin.php/home/index/jsbz_list_cf
INFO: [ app_init ] --START--
INFO: Run Behavior\BuildLiteBehavior [ RunTime:0.000018s ]
INFO: [ app_init ] --END-- [ RunTime:0.000397s ]
INFO: [ app_begin ] --START--
INFO: Run Behavior\ReadHtmlCacheBehavior [ RunTime:0.000489s ]
INFO: [ app_begin ] --END-- [ RunTime:0.000549s ]
SQL: SHOW COLUMNS FROM `ot_jsbz` [ RunTime:0.0015s ]
SQL: SELECT SUM(jb) AS tp_sum FROM `ot_jsbz` LIMIT 1   [ RunTime:0.0003s ]
SQL: SELECT SUM(jb) AS tp_sum FROM `ot_jsbz` WHERE `qr_zt` = 1 LIMIT 1   [ RunTime:0.0003s ]
SQL: SELECT SUM(jb) AS tp_sum FROM `ot_jsbz` WHERE `qr_zt` <> '1' LIMIT 1   [ RunTime:0.0003s ]
SQL: SELECT COUNT(*) AS tp_count FROM `ot_jsbz` WHERE `zt` = 0 LIMIT 1   [ RunTime:0.0003s ]
SQL: SELECT * FROM `ot_jsbz` WHERE `zt` = 0 ORDER BY id LIMIT 0,20   [ RunTime:0.0004s ]
INFO: [ view_parse ] --START--
INFO: [ template_filter ] --START--
INFO: Run Behavior\ContentReplaceBehavior [ RunTime:0.000043s ]
INFO: [ template_filter ] --END-- [ RunTime:0.000107s ]
INFO: Run Behavior\ParseTemplateBehavior [ RunTime:0.010886s ]
INFO: [ view_parse ] --END-- [ RunTime:0.010952s ]
INFO: [ view_filter ] --START--
INFO: Run Behavior\WriteHtmlCacheBehavior [ RunTime:0.000144s ]
INFO: [ view_filter ] --END-- [ RunTime:0.000190s ]
INFO: [ app_end ] --START--
INFO: Run Behavior\ShowPageTraceBehavior [ RunTime:0.000554s ]
INFO: [ app_end ] --END-- [ RunTime:0.000607s ]

[ 2017-10-17T11:49:05+08:00 ] 127.0.0.1 /admdgjmin.php/home/index/pdb
INFO: [ app_init ] --START--
INFO: Run Behavior\BuildLiteBehavior [ RunTime:0.000016s ]
INFO: [ app_init ] --END-- [ RunTime:0.000349s ]
INFO: [ app_begin ] --START--
INFO: Run Behavior\ReadHtmlCacheBehavior [ RunTime:0.000421s ]
INFO: [ app_begin ] --END-- [ RunTime:0.000477s ]
SQL: SHOW COLUMNS FROM `ot_pdb` [ RunTime:0.0632s ]
SQL: SELECT COUNT(*) AS tp_count FROM `ot_pdb` LIMIT 1   [ RunTime:0.0003s ]
SQL: SELECT * FROM `ot_pdb` LIMIT 0,15   [ RunTime:0.0006s ]
INFO: [ view_parse ] --START--
INFO: [ template_filter ] --START--
INFO: Run Behavior\ContentReplaceBehavior [ RunTime:0.000061s ]
INFO: [ template_filter ] --END-- [ RunTime:0.000118s ]
NOTIC: [8] Undefined variable: userdata /data/wwwroot/mdgj/snadmin/Runtime/Cache/Home/655af626ef4dd428c77bc63f78e80dc5.php 第 23 行.
NOTIC: [8] Undefined variable: list /data/wwwroot/mdgj/snadmin/Runtime/Cache/Home/655af626ef4dd428c77bc63f78e80dc5.php 第 80 行.
INFO: Run Behavior\ParseTemplateBehavior [ RunTime:0.010274s ]
INFO: [ view_parse ] --END-- [ RunTime:0.010320s ]
INFO: [ view_filter ] --START--
INFO: Run Behavior\WriteHtmlCacheBehavior [ RunTime:0.000122s ]
INFO: [ view_filter ] --END-- [ RunTime:0.000158s ]
INFO: [ app_end ] --START--
INFO: Run Behavior\ShowPageTraceBehavior [ RunTime:0.000454s ]
INFO: [ app_end ] --END-- [ RunTime:0.000490s ]

[ 2017-10-17T11:49:17+08:00 ] 127.0.0.1 /admdgjmin.php/home/index/my_initialize
INFO: [ app_init ] --START--
INFO: Run Behavior\BuildLiteBehavior [ RunTime:0.000015s ]
INFO: [ app_init ] --END-- [ RunTime:0.000375s ]
INFO: [ app_begin ] --START--
INFO: Run Behavior\ReadHtmlCacheBehavior [ RunTime:0.000386s ]
INFO: [ app_begin ] --END-- [ RunTime:0.000436s ]
INFO: [ view_parse ] --START--
INFO: [ template_filter ] --START--
INFO: Run Behavior\ContentReplaceBehavior [ RunTime:0.000031s ]
INFO: [ template_filter ] --END-- [ RunTime:0.000138s ]
NOTIC: [8] Undefined variable: page /data/wwwroot/mdgj/snadmin/Runtime/Cache/Home/449fea0c8ba2ba0081ba81af503f6ca6.php 第 62 行.
INFO: Run Behavior\ParseTemplateBehavior [ RunTime:0.006415s ]
INFO: [ view_parse ] --END-- [ RunTime:0.006484s ]
INFO: [ view_filter ] --START--
INFO: Run Behavior\WriteHtmlCacheBehavior [ RunTime:0.000117s ]
INFO: [ view_filter ] --END-- [ RunTime:0.000152s ]
INFO: [ app_end ] --START--
INFO: Run Behavior\ShowPageTraceBehavior [ RunTime:0.000486s ]
INFO: [ app_end ] --END-- [ RunTime:0.000527s ]

[ 2017-10-17T11:49:30+08:00 ] 127.0.0.1 /admdgjmin.php/Home/active/turn
INFO: [ app_init ] --START--
INFO: Run Behavior\BuildLiteBehavior [ RunTime:0.000016s ]
INFO: [ app_init ] --END-- [ RunTime:0.000365s ]
INFO: [ app_begin ] --START--
INFO: Run Behavior\ReadHtmlCacheBehavior [ RunTime:0.000487s ]
INFO: [ app_begin ] --END-- [ RunTime:0.000543s ]
SQL: SHOW COLUMNS FROM `ot_turn` [ RunTime:0.0190s ]
SQL: SELECT * FROM `ot_turn` LIMIT 1   [ RunTime:0.0002s ]
INFO: [ view_parse ] --START--
INFO: [ template_filter ] --START--
INFO: Run Behavior\ContentReplaceBehavior [ RunTime:0.000063s ]
INFO: [ template_filter ] --END-- [ RunTime:0.000133s ]
NOTIC: [8] Undefined variable: page /data/wwwroot/mdgj/snadmin/Runtime/Cache/Home/75abeeffb8db199a14107d73d5e04f10.php 第 143 行.
INFO: Run Behavior\ParseTemplateBehavior [ RunTime:0.039087s ]
INFO: [ view_parse ] --END-- [ RunTime:0.039140s ]
INFO: [ view_filter ] --START--
INFO: Run Behavior\WriteHtmlCacheBehavior [ RunTime:0.000149s ]
INFO: [ view_filter ] --END-- [ RunTime:0.000197s ]
INFO: [ app_end ] --START--
INFO: Run Behavior\ShowPageTraceBehavior [ RunTime:0.000589s ]
INFO: [ app_end ] --END-- [ RunTime:0.000637s ]

[ 2017-10-17T13:13:41+08:00 ] 127.0.0.1 /admdgjmin.php
INFO: [ app_init ] --START--
INFO: Run Behavior\BuildLiteBehavior [ RunTime:0.000023s ]
INFO: [ app_init ] --END-- [ RunTime:0.000531s ]
INFO: [ app_begin ] --START--
INFO: Run Behavior\ReadHtmlCacheBehavior [ RunTime:0.000660s ]
INFO: [ app_begin ] --END-- [ RunTime:0.000806s ]
INFO: [ view_parse ] --START--
INFO: [ template_filter ] --START--
INFO: Run Behavior\ContentReplaceBehavior [ RunTime:0.000033s ]
INFO: [ template_filter ] --END-- [ RunTime:0.000090s ]
INFO: Run Behavior\ParseTemplateBehavior [ RunTime:0.005523s ]
INFO: [ view_parse ] --END-- [ RunTime:0.005572s ]
INFO: [ view_filter ] --START--
INFO: Run Behavior\WriteHtmlCacheBehavior [ RunTime:0.000105s ]
INFO: [ view_filter ] --END-- [ RunTime:0.000141s ]

[ 2017-10-17T13:13:42+08:00 ] 127.0.0.1 /admdgjmin.php/Home/Login
INFO: [ app_init ] --START--
INFO: Run Behavior\BuildLiteBehavior [ RunTime:0.000019s ]
INFO: [ app_init ] --END-- [ RunTime:0.000392s ]
INFO: [ app_begin ] --START--
INFO: Run Behavior\ReadHtmlCacheBehavior [ RunTime:0.000551s ]
INFO: [ app_begin ] --END-- [ RunTime:0.000637s ]
INFO: [ view_parse ] --START--
INFO: [ template_filter ] --START--
INFO: Run Behavior\ContentReplaceBehavior [ RunTime:0.000036s ]
INFO: [ template_filter ] --END-- [ RunTime:0.000092s ]
INFO: Run Behavior\ParseTemplateBehavior [ RunTime:0.007489s ]
INFO: [ view_parse ] --END-- [ RunTime:0.007546s ]
INFO: [ view_filter ] --START--
INFO: Run Behavior\WriteHtmlCacheBehavior [ RunTime:0.000121s ]
INFO: [ view_filter ] --END-- [ RunTime:0.000156s ]
INFO: [ app_end ] --START--
INFO: Run Behavior\ShowPageTraceBehavior [ RunTime:0.000404s ]
INFO: [ app_end ] --END-- [ RunTime:0.000442s ]

[ 2017-10-17T13:13:50+08:00 ] 127.0.0.1 /admdgjmin.php/Home/Login/logincl
INFO: [ app_init ] --START--
INFO: Run Behavior\BuildLiteBehavior [ RunTime:0.000016s ]
INFO: [ app_init ] --END-- [ RunTime:0.000372s ]
INFO: [ app_begin ] --START--
INFO: Run Behavior\ReadHtmlCacheBehavior [ RunTime:0.000485s ]
INFO: [ app_begin ] --END-- [ RunTime:0.000545s ]
SQL: SHOW COLUMNS FROM `ot_member` [ RunTime:0.0013s ]
SQL: SELECT * FROM `ot_member` WHERE `MB_username` = 'admin' LIMIT 1   [ RunTime:0.0003s ]
SQL: SHOW COLUMNS FROM `ot_drrz` [ RunTime:0.0012s ]
SQL: INSERT INTO `ot_drrz` (`date`,`ip`,`user`,`leixin`) VALUES ('2017-10-17 13:13:50','115.60.185.144','admin','1') [ RunTime:0.0003s ]

[ 2017-10-17T13:13:51+08:00 ] 127.0.0.1 /admdgjmin.php/Home/Index/main
INFO: [ app_init ] --START--
INFO: Run Behavior\BuildLiteBehavior [ RunTime:0.000017s ]
INFO: [ app_init ] --END-- [ RunTime:0.000356s ]
INFO: [ app_begin ] --START--
INFO: Run Behavior\ReadHtmlCacheBehavior [ RunTime:0.000734s ]
INFO: [ app_begin ] --END-- [ RunTime:0.000822s ]
INFO: [ view_parse ] --START--
INFO: [ template_filter ] --START--
INFO: Run Behavior\ContentReplaceBehavior [ RunTime:0.000038s ]
INFO: [ template_filter ] --END-- [ RunTime:0.000113s ]
INFO: Run Behavior\ParseTemplateBehavior [ RunTime:0.005485s ]
INFO: [ view_parse ] --END-- [ RunTime:0.005540s ]
INFO: [ view_filter ] --START--
INFO: Run Behavior\WriteHtmlCacheBehavior [ RunTime:0.000141s ]
INFO: [ view_filter ] --END-- [ RunTime:0.000181s ]
INFO: [ app_end ] --START--
INFO: Run Behavior\ShowPageTraceBehavior [ RunTime:0.000400s ]
INFO: [ app_end ] --END-- [ RunTime:0.000438s ]

[ 2017-10-17T13:13:51+08:00 ] 127.0.0.1 /admdgjmin.php/home/index/top.html
INFO: [ app_init ] --START--
INFO: Run Behavior\BuildLiteBehavior [ RunTime:0.000015s ]
INFO: [ app_init ] --END-- [ RunTime:0.000283s ]
INFO: [ app_begin ] --START--
INFO: Run Behavior\ReadHtmlCacheBehavior [ RunTime:0.000396s ]
INFO: [ app_begin ] --END-- [ RunTime:0.000450s ]
INFO: [ view_parse ] --START--
INFO: [ template_filter ] --START--
INFO: Run Behavior\ContentReplaceBehavior [ RunTime:0.000039s ]
INFO: [ template_filter ] --END-- [ RunTime:0.000104s ]
INFO: Run Behavior\ParseTemplateBehavior [ RunTime:0.005726s ]
INFO: [ view_parse ] --END-- [ RunTime:0.005777s ]
INFO: [ view_filter ] --START--
INFO: Run Behavior\WriteHtmlCacheBehavior [ RunTime:0.000123s ]
INFO: [ view_filter ] --END-- [ RunTime:0.000158s ]
INFO: [ app_end ] --START--
INFO: Run Behavior\ShowPageTraceBehavior [ RunTime:0.000406s ]
INFO: [ app_end ] --END-- [ RunTime:0.000444s ]

[ 2017-10-17T13:13:51+08:00 ] 127.0.0.1 /admdgjmin.php/home/index/left.html
INFO: [ app_init ] --START--
INFO: Run Behavior\BuildLiteBehavior [ RunTime:0.000019s ]
INFO: [ app_init ] --END-- [ RunTime:0.000375s ]
INFO: [ app_begin ] --START--
INFO: Run Behavior\ReadHtmlCacheBehavior [ RunTime:0.000439s ]
INFO: [ app_begin ] --END-- [ RunTime:0.000503s ]
INFO: [ view_parse ] --START--
INFO: [ template_filter ] --START--
INFO: Run Behavior\ContentReplaceBehavior [ RunTime:0.000066s ]
INFO: [ template_filter ] --END-- [ RunTime:0.000142s ]
INFO: Run Behavior\ParseTemplateBehavior [ RunTime:0.028475s ]
INFO: [ view_parse ] --END-- [ RunTime:0.028538s ]
INFO: [ view_filter ] --START--
INFO: Run Behavior\WriteHtmlCacheBehavior [ RunTime:0.000148s ]
INFO: [ view_filter ] --END-- [ RunTime:0.000187s ]
INFO: [ app_end ] --START--
INFO: Run Behavior\ShowPageTraceBehavior [ RunTime:0.000522s ]
INFO: [ app_end ] --END-- [ RunTime:0.000614s ]

[ 2017-10-17T13:13:51+08:00 ] 127.0.0.1 /admdgjmin.php/home/index/counts
INFO: [ app_init ] --START--
INFO: Run Behavior\BuildLiteBehavior [ RunTime:0.000030s ]
INFO: [ app_init ] --END-- [ RunTime:0.000490s ]
INFO: [ app_begin ] --START--
INFO: Run Behavior\ReadHtmlCacheBehavior [ RunTime:0.000480s ]
INFO: [ app_begin ] --END-- [ RunTime:0.000554s ]
SQL: SHOW COLUMNS FROM `ot_user` [ RunTime:0.0017s ]
SQL: SELECT COUNT(*) AS tp_count FROM `ot_user` WHERE (  UNIX_TIMESTAMP('2017-10-17 00:00')<UNIX_TIMESTAMP(UE_regTime) and UNIX_TIMESTAMP(UE_regTime)<UNIX_TIMESTAMP('2017-10-18 00:00') ) LIMIT 1   [ RunTime:0.0004s ]
SQL: SELECT COUNT(*) AS tp_count FROM `ot_user` LIMIT 1   [ RunTime:0.0001s ]
SQL: SHOW COLUMNS FROM `ot_tgbz` [ RunTime:0.0010s ]
SQL: SELECT SUM(jb) AS tp_SUM FROM `ot_tgbz` LIMIT 1   [ RunTime:0.0003s ]
SQL: SHOW COLUMNS FROM `ot_jsbz` [ RunTime:0.0009s ]
SQL: SELECT SUM(jb) AS tp_SUM FROM `ot_jsbz` LIMIT 1   [ RunTime:0.0002s ]
SQL: SHOW COLUMNS FROM `ot_userget` [ RunTime:0.0010s ]
SQL: SELECT SUM(UG_money) AS tp_sum FROM `ot_userget` WHERE `UG_dataType` = 'jlj' LIMIT 1   [ RunTime:0.0003s ]
SQL: SELECT SUM(UG_money) AS tp_sum FROM `ot_userget` WHERE `UG_dataType` = 'tjj' LIMIT 1   [ RunTime:0.0001s ]
SQL: SHOW COLUMNS FROM `ot_ppdd` [ RunTime:0.0010s ]
SQL: SELECT SUM(jb) AS tp_sum FROM `ot_ppdd` WHERE `zt` = 2 LIMIT 1   [ RunTime:0.0003s ]
SQL: SELECT SUM(UG_money) AS tp_sum FROM `ot_userget` WHERE `UG_dataType` = 'tgbz' LIMIT 1   [ RunTime:0.0002s ]
NOTIC: [8] Undefined variable: i /data/wwwroot/mdgj/snadmin/Home/Controller/IndexController.class.php 第 173 行.
SQL: SHOW COLUMNS FROM `ot_user_jj` [ RunTime:0.0009s ]
SQL: SELECT * FROM `ot_user_jj` WHERE `zt` <> '1'  [ RunTime:0.0003s ]
SQL: SELECT * FROM `ot_user_jj` WHERE `id` = 2832 LIMIT 1   [ RunTime:0.0002s ]
SQL: SELECT * FROM `ot_user_jj` WHERE `id` = 2833 LIMIT 1   [ RunTime:0.0002s ]
NOTIC: [8] Undefined variable: i /data/wwwroot/mdgj/snadmin/Home/Controller/IndexController.class.php 第 174 行.
SQL: SELECT * FROM `ot_user_jj`  [ RunTime:0.0004s ]
SQL: SELECT * FROM `ot_user_jj` WHERE `id` = 2832 LIMIT 1   [ RunTime:0.0003s ]
SQL: SELECT * FROM `ot_user_jj` WHERE `id` = 2833 LIMIT 1   [ RunTime:0.0004s ]
SQL: SELECT * FROM `ot_user_jj` WHERE `id` = 2834 LIMIT 1   [ RunTime:0.0004s ]
SQL: SELECT * FROM `ot_user_jj` WHERE `id` = 2835 LIMIT 1   [ RunTime:0.0003s ]
SQL: SELECT * FROM `ot_user_jj` WHERE `id` = 2836 LIMIT 1   [ RunTime:0.0005s ]
SQL: SELECT * FROM `ot_user_jj` WHERE `id` = 2837 LIMIT 1   [ RunTime:0.0003s ]
SQL: SELECT * FROM `ot_user_jj` WHERE `id` = 2838 LIMIT 1   [ RunTime:0.0003s ]
SQL: SELECT * FROM `ot_user_jj` WHERE `id` = 2839 LIMIT 1   [ RunTime:0.0003s ]
SQL: SELECT * FROM `ot_user_jj` WHERE `id` = 2840 LIMIT 1   [ RunTime:0.0002s ]
SQL: SELECT * FROM `ot_user_jj` WHERE `id` = 2841 LIMIT 1   [ RunTime:0.0003s ]
SQL: SELECT * FROM `ot_user_jj` WHERE `id` = 2842 LIMIT 1   [ RunTime:0.0003s ]
SQL: SELECT * FROM `ot_user_jj` WHERE `id` = 2843 LIMIT 1   [ RunTime:0.0002s ]
INFO: [ view_parse ] --START--
INFO: [ template_filter ] --START--
INFO: Run Behavior\ContentReplaceBehavior [ RunTime:0.000075s ]
INFO: [ template_filter ] --END-- [ RunTime:0.000142s ]
NOTIC: [8] Undefined variable: userdata /data/wwwroot/mdgj/snadmin/Runtime/Cache/Home/9ae0c6321b7e9f4ae91a052f17ee4553.php 第 45 行.
NOTIC: [8] Undefined variable: page /data/wwwroot/mdgj/snadmin/Runtime/Cache/Home/9ae0c6321b7e9f4ae91a052f17ee4553.php 第 182 行.
INFO: Run Behavior\ParseTemplateBehavior [ RunTime:0.008063s ]
INFO: [ view_parse ] --END-- [ RunTime:0.008105s ]
INFO: [ view_filter ] --START--
INFO: Run Behavior\WriteHtmlCacheBehavior [ RunTime:0.000107s ]
INFO: [ view_filter ] --END-- [ RunTime:0.000137s ]
INFO: [ app_end ] --START--
INFO: Run Behavior\ShowPageTraceBehavior [ RunTime:0.000356s ]
INFO: [ app_end ] --END-- [ RunTime:0.000394s ]

[ 2017-10-17T13:13:52+08:00 ] 127.0.0.1 /admdgjmin.php/home/index/userlist
INFO: [ app_init ] --START--
INFO: Run Behavior\BuildLiteBehavior [ RunTime:0.000016s ]
INFO: [ app_init ] --END-- [ RunTime:0.000360s ]
INFO: [ app_begin ] --START--
INFO: Run Behavior\ReadHtmlCacheBehavior [ RunTime:0.000638s ]
INFO: [ app_begin ] --END-- [ RunTime:0.000701s ]
SQL: SHOW COLUMNS FROM `ot_user` [ RunTime:0.0039s ]
NOTIC: [8] Undefined variable: map /data/wwwroot/mdgj/snadmin/Home/Controller/IndexController.class.php 第 436 行.
SQL: SELECT COUNT(*) AS tp_count FROM `ot_user` LIMIT 1   [ RunTime:0.0003s ]
NOTIC: [8] Undefined variable: map /data/wwwroot/mdgj/snadmin/Home/Controller/IndexController.class.php 第 441 行.
SQL: SELECT * FROM `ot_user` ORDER BY UE_ID LIMIT 0,20   [ RunTime:0.0009s ]
INFO: [ view_parse ] --START--
INFO: [ template_filter ] --START--
INFO: Run Behavior\ContentReplaceBehavior [ RunTime:0.000110s ]
INFO: [ template_filter ] --END-- [ RunTime:0.000215s ]
INFO: Run Behavior\ParseTemplateBehavior [ RunTime:0.016984s ]
INFO: [ view_parse ] --END-- [ RunTime:0.017047s ]
INFO: [ view_filter ] --START--
INFO: Run Behavior\WriteHtmlCacheBehavior [ RunTime:0.000128s ]
INFO: [ view_filter ] --END-- [ RunTime:0.000163s ]
INFO: [ app_end ] --START--
INFO: Run Behavior\ShowPageTraceBehavior [ RunTime:0.000394s ]
INFO: [ app_end ] --END-- [ RunTime:0.000431s ]

