[ 2017-10-09T09:24:36+08:00 ] 127.0.0.1 /admdgjmin.php
INFO: [ app_init ] --START--
INFO: Run Behavior\BuildLiteBehavior [ RunTime:0.000000s ]
INFO: [ app_init ] --END-- [ RunTime:0.000000s ]
INFO: [ app_begin ] --START--
INFO: Run Behavior\ReadHtmlCacheBehavior [ RunTime:0.001000s ]
INFO: [ app_begin ] --END-- [ RunTime:0.001000s ]
INFO: [ view_parse ] --START--
INFO: [ template_filter ] --START--
INFO: Run Behavior\ContentReplaceBehavior [ RunTime:0.000000s ]
INFO: [ template_filter ] --END-- [ RunTime:0.000000s ]
INFO: Run Behavior\ParseTemplateBehavior [ RunTime:0.030001s ]
INFO: [ view_parse ] --END-- [ RunTime:0.030001s ]
INFO: [ view_filter ] --START--
INFO: Run Behavior\WriteHtmlCacheBehavior [ RunTime:0.001000s ]
INFO: [ view_filter ] --END-- [ RunTime:0.001000s ]

[ 2017-10-09T09:24:37+08:00 ] 127.0.0.1 /admdgjmin.php/Home/Login
INFO: [ app_init ] --START--
INFO: Run Behavior\BuildLiteBehavior [ RunTime:0.000000s ]
INFO: [ app_init ] --END-- [ RunTime:0.001000s ]
INFO: [ app_begin ] --START--
INFO: Run Behavior\ReadHtmlCacheBehavior [ RunTime:0.002000s ]
INFO: [ app_begin ] --END-- [ RunTime:0.002000s ]
INFO: [ view_parse ] --START--
INFO: [ template_filter ] --START--
INFO: Run Behavior\ContentReplaceBehavior [ RunTime:0.000000s ]
INFO: [ template_filter ] --END-- [ RunTime:0.000000s ]
INFO: Run Behavior\ParseTemplateBehavior [ RunTime:0.009001s ]
INFO: [ view_parse ] --END-- [ RunTime:0.009001s ]
INFO: [ view_filter ] --START--
INFO: Run Behavior\WriteHtmlCacheBehavior [ RunTime:0.001000s ]
INFO: [ view_filter ] --END-- [ RunTime:0.001000s ]
INFO: [ app_end ] --START--
INFO: Run Behavior\ShowPageTraceBehavior [ RunTime:0.001000s ]
INFO: [ app_end ] --END-- [ RunTime:0.001000s ]

[ 2017-10-09T09:24:45+08:00 ] 127.0.0.1 /admdgjmin.php/Home/Login/logincl
INFO: [ app_init ] --START--
INFO: Run Behavior\BuildLiteBehavior [ RunTime:0.000000s ]
INFO: [ app_init ] --END-- [ RunTime:0.002000s ]
INFO: [ app_begin ] --START--
INFO: Run Behavior\ReadHtmlCacheBehavior [ RunTime:0.001000s ]
INFO: [ app_begin ] --END-- [ RunTime:0.001000s ]
SQL: SHOW COLUMNS FROM `ot_member` [ RunTime:0.0280s ]
SQL: SELECT * FROM `ot_member` WHERE `MB_username` = 'admin' LIMIT 1   [ RunTime:0.0010s ]
SQL: SHOW COLUMNS FROM `ot_drrz` [ RunTime:0.0370s ]
SQL: INSERT INTO `ot_drrz` (`date`,`ip`,`user`,`leixin`) VALUES ('2017-10-09 09:24:45','115.60.185.54','admin','1') [ RunTime:0.0080s ]

[ 2017-10-09T09:24:47+08:00 ] 127.0.0.1 /admdgjmin.php/Home/Index/main
INFO: [ app_init ] --START--
INFO: Run Behavior\BuildLiteBehavior [ RunTime:0.000000s ]
INFO: [ app_init ] --END-- [ RunTime:0.000000s ]
INFO: [ app_begin ] --START--
INFO: Run Behavior\ReadHtmlCacheBehavior [ RunTime:0.001000s ]
INFO: [ app_begin ] --END-- [ RunTime:0.001000s ]
INFO: [ view_parse ] --START--
INFO: [ template_filter ] --START--
INFO: Run Behavior\ContentReplaceBehavior [ RunTime:0.000000s ]
INFO: [ template_filter ] --END-- [ RunTime:0.000000s ]
INFO: Run Behavior\ParseTemplateBehavior [ RunTime:0.009000s ]
INFO: [ view_parse ] --END-- [ RunTime:0.009000s ]
INFO: [ view_filter ] --START--
INFO: Run Behavior\WriteHtmlCacheBehavior [ RunTime:0.001000s ]
INFO: [ view_filter ] --END-- [ RunTime:0.001000s ]
INFO: [ app_end ] --START--
INFO: Run Behavior\ShowPageTraceBehavior [ RunTime:0.002000s ]
INFO: [ app_end ] --END-- [ RunTime:0.002000s ]

[ 2017-10-09T09:24:47+08:00 ] 127.0.0.1 /admdgjmin.php/home/index/top.html
INFO: [ app_init ] --START--
INFO: Run Behavior\BuildLiteBehavior [ RunTime:0.000000s ]
INFO: [ app_init ] --END-- [ RunTime:0.001000s ]
INFO: [ app_begin ] --START--
INFO: Run Behavior\ReadHtmlCacheBehavior [ RunTime:0.002000s ]
INFO: [ app_begin ] --END-- [ RunTime:0.002000s ]
INFO: [ view_parse ] --START--
INFO: [ template_filter ] --START--
INFO: Run Behavior\ContentReplaceBehavior [ RunTime:0.000000s ]
INFO: [ template_filter ] --END-- [ RunTime:0.000000s ]
INFO: Run Behavior\ParseTemplateBehavior [ RunTime:0.009001s ]
INFO: [ view_parse ] --END-- [ RunTime:0.009001s ]
INFO: [ view_filter ] --START--
INFO: Run Behavior\WriteHtmlCacheBehavior [ RunTime:0.001000s ]
INFO: [ view_filter ] --END-- [ RunTime:0.001000s ]
INFO: [ app_end ] --START--
INFO: Run Behavior\ShowPageTraceBehavior [ RunTime:0.002000s ]
INFO: [ app_end ] --END-- [ RunTime:0.002000s ]

[ 2017-10-09T09:24:48+08:00 ] 127.0.0.1 /admdgjmin.php/home/index/counts
INFO: [ app_init ] --START--
INFO: Run Behavior\BuildLiteBehavior [ RunTime:0.000000s ]
INFO: [ app_init ] --END-- [ RunTime:0.001001s ]
INFO: [ app_begin ] --START--
INFO: Run Behavior\ReadHtmlCacheBehavior [ RunTime:0.009000s ]
INFO: [ app_begin ] --END-- [ RunTime:0.009000s ]
SQL: SHOW COLUMNS FROM `ot_user` [ RunTime:0.0120s ]
SQL: SELECT COUNT(*) AS tp_count FROM `ot_user` WHERE (  UNIX_TIMESTAMP('2017-10-09 00:00')<UNIX_TIMESTAMP(UE_regTime) and UNIX_TIMESTAMP(UE_regTime)<UNIX_TIMESTAMP('2017-10-10 00:00') ) LIMIT 1   [ RunTime:0.0010s ]
SQL: SELECT COUNT(*) AS tp_count FROM `ot_user` LIMIT 1   [ RunTime:0.0010s ]
SQL: SHOW COLUMNS FROM `ot_tgbz` [ RunTime:0.0100s ]
SQL: SELECT SUM(jb) AS tp_SUM FROM `ot_tgbz` LIMIT 1   [ RunTime:0.0000s ]
SQL: SHOW COLUMNS FROM `ot_jsbz` [ RunTime:0.0250s ]
SQL: SELECT SUM(jb) AS tp_SUM FROM `ot_jsbz` LIMIT 1   [ RunTime:0.0000s ]
SQL: SHOW COLUMNS FROM `ot_userget` [ RunTime:0.0130s ]
SQL: SELECT SUM(UG_money) AS tp_sum FROM `ot_userget` WHERE `UG_dataType` = 'jlj' LIMIT 1   [ RunTime:0.0010s ]
SQL: SELECT SUM(UG_money) AS tp_sum FROM `ot_userget` WHERE `UG_dataType` = 'tjj' LIMIT 1   [ RunTime:0.0000s ]
SQL: SHOW COLUMNS FROM `ot_ppdd` [ RunTime:0.0060s ]
SQL: SELECT SUM(jb) AS tp_sum FROM `ot_ppdd` WHERE `zt` = 2 LIMIT 1   [ RunTime:0.0000s ]
SQL: SELECT SUM(UG_money) AS tp_sum FROM `ot_userget` WHERE `UG_dataType` = 'tgbz' LIMIT 1   [ RunTime:0.0010s ]
NOTIC: [8] Undefined variable: i D:\phpStudy\WWW\mdgj\snadmin\Home\Controller\IndexController.class.php 第 173 行.
SQL: SHOW COLUMNS FROM `ot_user_jj` [ RunTime:0.0150s ]
SQL: SELECT * FROM `ot_user_jj` WHERE `zt` <> '1'  [ RunTime:0.0250s ]
SQL: SELECT * FROM `ot_user_jj` WHERE `id` = 2832 LIMIT 1   [ RunTime:0.0010s ]
SQL: SELECT * FROM `ot_user_jj` WHERE `id` = 2833 LIMIT 1   [ RunTime:0.0010s ]
NOTIC: [8] Undefined variable: i D:\phpStudy\WWW\mdgj\snadmin\Home\Controller\IndexController.class.php 第 174 行.
SQL: SELECT * FROM `ot_user_jj`  [ RunTime:0.0000s ]
SQL: SELECT * FROM `ot_user_jj` WHERE `id` = 2832 LIMIT 1   [ RunTime:0.0000s ]
SQL: SELECT * FROM `ot_user_jj` WHERE `id` = 2833 LIMIT 1   [ RunTime:0.0010s ]
INFO: [ view_parse ] --START--
INFO: [ template_filter ] --START--
INFO: Run Behavior\ContentReplaceBehavior [ RunTime:0.000000s ]
INFO: [ template_filter ] --END-- [ RunTime:0.000000s ]
NOTIC: [8] Undefined variable: userdata D:\phpStudy\WWW\mdgj\snadmin\Runtime\Cache\Home\9ae0c6321b7e9f4ae91a052f17ee4553.php 第 45 行.
NOTIC: [8] Undefined variable: page D:\phpStudy\WWW\mdgj\snadmin\Runtime\Cache\Home\9ae0c6321b7e9f4ae91a052f17ee4553.php 第 182 行.
INFO: Run Behavior\ParseTemplateBehavior [ RunTime:0.011001s ]
INFO: [ view_parse ] --END-- [ RunTime:0.011001s ]
INFO: [ view_filter ] --START--
INFO: Run Behavior\WriteHtmlCacheBehavior [ RunTime:0.001000s ]
INFO: [ view_filter ] --END-- [ RunTime:0.001000s ]
INFO: [ app_end ] --START--
INFO: Run Behavior\ShowPageTraceBehavior [ RunTime:0.002000s ]
INFO: [ app_end ] --END-- [ RunTime:0.002000s ]

[ 2017-10-09T09:24:48+08:00 ] 127.0.0.1 /admdgjmin.php/home/index/left.html
INFO: [ app_init ] --START--
INFO: Run Behavior\BuildLiteBehavior [ RunTime:0.000000s ]
INFO: [ app_init ] --END-- [ RunTime:0.001000s ]
INFO: [ app_begin ] --START--
INFO: Run Behavior\ReadHtmlCacheBehavior [ RunTime:0.005001s ]
INFO: [ app_begin ] --END-- [ RunTime:0.005001s ]
INFO: [ view_parse ] --START--
INFO: [ template_filter ] --START--
INFO: Run Behavior\ContentReplaceBehavior [ RunTime:0.000000s ]
INFO: [ template_filter ] --END-- [ RunTime:0.000000s ]
INFO: Run Behavior\ParseTemplateBehavior [ RunTime:0.025002s ]
INFO: [ view_parse ] --END-- [ RunTime:0.025002s ]
INFO: [ view_filter ] --START--
INFO: Run Behavior\WriteHtmlCacheBehavior [ RunTime:0.000000s ]
INFO: [ view_filter ] --END-- [ RunTime:0.000000s ]
INFO: [ app_end ] --START--
INFO: Run Behavior\ShowPageTraceBehavior [ RunTime:0.002000s ]
INFO: [ app_end ] --END-- [ RunTime:0.002000s ]

[ 2017-10-09T09:24:52+08:00 ] 127.0.0.1 /admdgjmin.php/home/index/userlist
INFO: [ app_init ] --START--
INFO: Run Behavior\BuildLiteBehavior [ RunTime:0.000000s ]
INFO: [ app_init ] --END-- [ RunTime:0.000000s ]
INFO: [ app_begin ] --START--
INFO: Run Behavior\ReadHtmlCacheBehavior [ RunTime:0.001000s ]
INFO: [ app_begin ] --END-- [ RunTime:0.001000s ]
SQL: SHOW COLUMNS FROM `ot_user` [ RunTime:0.0110s ]
NOTIC: [8] Undefined variable: map D:\phpStudy\WWW\mdgj\snadmin\Home\Controller\IndexController.class.php 第 436 行.
SQL: SELECT COUNT(*) AS tp_count FROM `ot_user` LIMIT 1   [ RunTime:0.0010s ]
NOTIC: [8] Undefined variable: map D:\phpStudy\WWW\mdgj\snadmin\Home\Controller\IndexController.class.php 第 441 行.
SQL: SELECT * FROM `ot_user` ORDER BY UE_ID LIMIT 0,20   [ RunTime:0.0020s ]
INFO: [ view_parse ] --START--
INFO: [ template_filter ] --START--
INFO: Run Behavior\ContentReplaceBehavior [ RunTime:0.000000s ]
INFO: [ template_filter ] --END-- [ RunTime:0.000000s ]
INFO: Run Behavior\ParseTemplateBehavior [ RunTime:0.014001s ]
INFO: [ view_parse ] --END-- [ RunTime:0.014001s ]
INFO: [ view_filter ] --START--
INFO: Run Behavior\WriteHtmlCacheBehavior [ RunTime:0.001000s ]
INFO: [ view_filter ] --END-- [ RunTime:0.001000s ]
INFO: [ app_end ] --START--
INFO: Run Behavior\ShowPageTraceBehavior [ RunTime:0.001000s ]
INFO: [ app_end ] --END-- [ RunTime:0.001000s ]

[ 2017-10-09T09:24:52+08:00 ] 127.0.0.1 /admdgjmin.php/home/index/images/ticon.png
INFO: [ app_init ] --START--
INFO: Run Behavior\BuildLiteBehavior [ RunTime:0.000000s ]
INFO: [ app_init ] --END-- [ RunTime:0.000000s ]

[ 2017-10-09T09:41:50+08:00 ] 127.0.0.1 /admdgjmin.php/home/index/userlist
INFO: [ app_init ] --START--
INFO: Run Behavior\BuildLiteBehavior [ RunTime:0.000000s ]
INFO: [ app_init ] --END-- [ RunTime:0.001000s ]
INFO: [ app_begin ] --START--
INFO: Run Behavior\ReadHtmlCacheBehavior [ RunTime:0.001000s ]
INFO: [ app_begin ] --END-- [ RunTime:0.002000s ]
SQL: SHOW COLUMNS FROM `ot_user` [ RunTime:0.0110s ]
NOTIC: [8] Undefined variable: map D:\phpStudy\WWW\mdgj\snadmin\Home\Controller\IndexController.class.php 第 436 行.
SQL: SELECT COUNT(*) AS tp_count FROM `ot_user` LIMIT 1   [ RunTime:0.0010s ]
NOTIC: [8] Undefined variable: map D:\phpStudy\WWW\mdgj\snadmin\Home\Controller\IndexController.class.php 第 441 行.
SQL: SELECT * FROM `ot_user` ORDER BY UE_ID LIMIT 0,20   [ RunTime:0.0020s ]
INFO: [ view_parse ] --START--
INFO: [ template_filter ] --START--
INFO: Run Behavior\ContentReplaceBehavior [ RunTime:0.000000s ]
INFO: [ template_filter ] --END-- [ RunTime:0.000000s ]
INFO: Run Behavior\ParseTemplateBehavior [ RunTime:0.024001s ]
INFO: [ view_parse ] --END-- [ RunTime:0.024001s ]
INFO: [ view_filter ] --START--
INFO: Run Behavior\WriteHtmlCacheBehavior [ RunTime:0.001000s ]
INFO: [ view_filter ] --END-- [ RunTime:0.001000s ]
INFO: [ app_end ] --START--
INFO: Run Behavior\ShowPageTraceBehavior [ RunTime:0.002000s ]
INFO: [ app_end ] --END-- [ RunTime:0.002000s ]

[ 2017-10-09T09:41:50+08:00 ] 127.0.0.1 /admdgjmin.php/home/index/images/ticon.png
INFO: [ app_init ] --START--
INFO: Run Behavior\BuildLiteBehavior [ RunTime:0.000000s ]
INFO: [ app_init ] --END-- [ RunTime:0.000000s ]

[ 2017-10-09T09:44:47+08:00 ] 127.0.0.1 /admdgjmin.php/home/index/userlist
INFO: [ app_init ] --START--
INFO: Run Behavior\BuildLiteBehavior [ RunTime:0.000000s ]
INFO: [ app_init ] --END-- [ RunTime:0.001000s ]
INFO: [ app_begin ] --START--
INFO: Run Behavior\ReadHtmlCacheBehavior [ RunTime:0.001000s ]
INFO: [ app_begin ] --END-- [ RunTime:0.001000s ]
SQL: SHOW COLUMNS FROM `ot_user` [ RunTime:0.0110s ]
NOTIC: [8] Undefined variable: map D:\phpStudy\WWW\mdgj\snadmin\Home\Controller\IndexController.class.php 第 436 行.
SQL: SELECT COUNT(*) AS tp_count FROM `ot_user` LIMIT 1   [ RunTime:0.0010s ]
NOTIC: [8] Undefined variable: map D:\phpStudy\WWW\mdgj\snadmin\Home\Controller\IndexController.class.php 第 441 行.
SQL: SELECT * FROM `ot_user` ORDER BY UE_ID LIMIT 0,20   [ RunTime:0.0020s ]
INFO: [ view_parse ] --START--
INFO: [ template_filter ] --START--
INFO: Run Behavior\ContentReplaceBehavior [ RunTime:0.000000s ]
INFO: [ template_filter ] --END-- [ RunTime:0.000000s ]
INFO: Run Behavior\ParseTemplateBehavior [ RunTime:0.020001s ]
INFO: [ view_parse ] --END-- [ RunTime:0.020001s ]
INFO: [ view_filter ] --START--
INFO: Run Behavior\WriteHtmlCacheBehavior [ RunTime:0.001000s ]
INFO: [ view_filter ] --END-- [ RunTime:0.001000s ]
INFO: [ app_end ] --START--
INFO: Run Behavior\ShowPageTraceBehavior [ RunTime:0.002000s ]
INFO: [ app_end ] --END-- [ RunTime:0.002000s ]

[ 2017-10-09T09:44:47+08:00 ] 127.0.0.1 /admdgjmin.php/home/index/images/ticon.png
INFO: [ app_init ] --START--
INFO: Run Behavior\BuildLiteBehavior [ RunTime:0.000000s ]
INFO: [ app_init ] --END-- [ RunTime:0.000000s ]

[ 2017-10-09T10:08:50+08:00 ] 127.0.0.1 /admdgjmin.php/Home/login/verify
INFO: [ app_init ] --START--
INFO: Run Behavior\BuildLiteBehavior [ RunTime:0.000000s ]
INFO: [ app_init ] --END-- [ RunTime:0.002000s ]
INFO: [ app_begin ] --START--
INFO: Run Behavior\ReadHtmlCacheBehavior [ RunTime:0.001000s ]
INFO: [ app_begin ] --END-- [ RunTime:0.002000s ]
INFO: [ app_end ] --START--
INFO: Run Behavior\ShowPageTraceBehavior [ RunTime:0.002000s ]
INFO: [ app_end ] --END-- [ RunTime:0.002000s ]

[ 2017-10-09T13:24:43+08:00 ] 127.0.0.1 /admdgjmin.php/home/index/settings
INFO: [ app_init ] --START--
INFO: Run Behavior\BuildLiteBehavior [ RunTime:0.000000s ]
INFO: [ app_init ] --END-- [ RunTime:0.000000s ]
INFO: [ app_begin ] --START--
INFO: Run Behavior\ReadHtmlCacheBehavior [ RunTime:0.001000s ]
INFO: [ app_begin ] --END-- [ RunTime:0.001000s ]
INFO: [ view_parse ] --START--
INFO: [ template_filter ] --START--
INFO: Run Behavior\ContentReplaceBehavior [ RunTime:0.000000s ]
INFO: [ template_filter ] --END-- [ RunTime:0.001000s ]
NOTIC: [8] Undefined variable: userdata D:\phpStudy\WWW\mdgj\snadmin\Runtime\Cache\Home\fdd7281d8e624fcbdc37714468b06b6f.php 第 35 行.
NOTIC: [8] Undefined offset: 2 D:\phpStudy\WWW\mdgj\snadmin\Runtime\Cache\Home\fdd7281d8e624fcbdc37714468b06b6f.php 第 638 行.
NOTIC: [8] Undefined offset: 3 D:\phpStudy\WWW\mdgj\snadmin\Runtime\Cache\Home\fdd7281d8e624fcbdc37714468b06b6f.php 第 638 行.
NOTIC: [8] Undefined offset: 4 D:\phpStudy\WWW\mdgj\snadmin\Runtime\Cache\Home\fdd7281d8e624fcbdc37714468b06b6f.php 第 638 行.
NOTIC: [8] Undefined offset: 5 D:\phpStudy\WWW\mdgj\snadmin\Runtime\Cache\Home\fdd7281d8e624fcbdc37714468b06b6f.php 第 638 行.
NOTIC: [8] Undefined offset: 2 D:\phpStudy\WWW\mdgj\snadmin\Runtime\Cache\Home\fdd7281d8e624fcbdc37714468b06b6f.php 第 660 行.
NOTIC: [8] Undefined offset: 3 D:\phpStudy\WWW\mdgj\snadmin\Runtime\Cache\Home\fdd7281d8e624fcbdc37714468b06b6f.php 第 660 行.
NOTIC: [8] Undefined offset: 4 D:\phpStudy\WWW\mdgj\snadmin\Runtime\Cache\Home\fdd7281d8e624fcbdc37714468b06b6f.php 第 660 行.
NOTIC: [8] Undefined offset: 5 D:\phpStudy\WWW\mdgj\snadmin\Runtime\Cache\Home\fdd7281d8e624fcbdc37714468b06b6f.php 第 660 行.
NOTIC: [8] Undefined offset: 4 D:\phpStudy\WWW\mdgj\snadmin\Runtime\Cache\Home\fdd7281d8e624fcbdc37714468b06b6f.php 第 699 行.
NOTIC: [8] Undefined offset: 5 D:\phpStudy\WWW\mdgj\snadmin\Runtime\Cache\Home\fdd7281d8e624fcbdc37714468b06b6f.php 第 707 行.
NOTIC: [8] Undefined offset: 6 D:\phpStudy\WWW\mdgj\snadmin\Runtime\Cache\Home\fdd7281d8e624fcbdc37714468b06b6f.php 第 715 行.
NOTIC: [8] Undefined offset: 7 D:\phpStudy\WWW\mdgj\snadmin\Runtime\Cache\Home\fdd7281d8e624fcbdc37714468b06b6f.php 第 723 行.
NOTIC: [8] Undefined offset: 8 D:\phpStudy\WWW\mdgj\snadmin\Runtime\Cache\Home\fdd7281d8e624fcbdc37714468b06b6f.php 第 731 行.
NOTIC: [8] Undefined offset: 9 D:\phpStudy\WWW\mdgj\snadmin\Runtime\Cache\Home\fdd7281d8e624fcbdc37714468b06b6f.php 第 739 行.
NOTIC: [8] Undefined variable: page D:\phpStudy\WWW\mdgj\snadmin\Runtime\Cache\Home\fdd7281d8e624fcbdc37714468b06b6f.php 第 768 行.
INFO: Run Behavior\ParseTemplateBehavior [ RunTime:0.050003s ]
INFO: [ view_parse ] --END-- [ RunTime:0.050003s ]
INFO: [ view_filter ] --START--
INFO: Run Behavior\WriteHtmlCacheBehavior [ RunTime:0.001000s ]
INFO: [ view_filter ] --END-- [ RunTime:0.001000s ]
INFO: [ app_end ] --START--
INFO: Run Behavior\ShowPageTraceBehavior [ RunTime:0.001000s ]
INFO: [ app_end ] --END-- [ RunTime:0.002000s ]

[ 2017-10-09T13:27:06+08:00 ] 127.0.0.1 /admdgjmin.php/home/index/settings
INFO: [ app_init ] --START--
INFO: Run Behavior\BuildLiteBehavior [ RunTime:0.000000s ]
INFO: [ app_init ] --END-- [ RunTime:0.001000s ]
INFO: [ app_begin ] --START--
INFO: Run Behavior\ReadHtmlCacheBehavior [ RunTime:0.001000s ]
INFO: [ app_begin ] --END-- [ RunTime:0.001000s ]
INFO: [ view_parse ] --START--
INFO: [ template_filter ] --START--
INFO: Run Behavior\ContentReplaceBehavior [ RunTime:0.000000s ]
INFO: [ template_filter ] --END-- [ RunTime:0.000000s ]
NOTIC: [8] Undefined variable: userdata D:\phpStudy\WWW\mdgj\snadmin\Runtime\Cache\Home\fdd7281d8e624fcbdc37714468b06b6f.php 第 35 行.
NOTIC: [8] Undefined offset: 2 D:\phpStudy\WWW\mdgj\snadmin\Runtime\Cache\Home\fdd7281d8e624fcbdc37714468b06b6f.php 第 638 行.
NOTIC: [8] Undefined offset: 3 D:\phpStudy\WWW\mdgj\snadmin\Runtime\Cache\Home\fdd7281d8e624fcbdc37714468b06b6f.php 第 638 行.
NOTIC: [8] Undefined offset: 4 D:\phpStudy\WWW\mdgj\snadmin\Runtime\Cache\Home\fdd7281d8e624fcbdc37714468b06b6f.php 第 638 行.
NOTIC: [8] Undefined offset: 5 D:\phpStudy\WWW\mdgj\snadmin\Runtime\Cache\Home\fdd7281d8e624fcbdc37714468b06b6f.php 第 638 行.
NOTIC: [8] Undefined offset: 2 D:\phpStudy\WWW\mdgj\snadmin\Runtime\Cache\Home\fdd7281d8e624fcbdc37714468b06b6f.php 第 660 行.
NOTIC: [8] Undefined offset: 3 D:\phpStudy\WWW\mdgj\snadmin\Runtime\Cache\Home\fdd7281d8e624fcbdc37714468b06b6f.php 第 660 行.
NOTIC: [8] Undefined offset: 4 D:\phpStudy\WWW\mdgj\snadmin\Runtime\Cache\Home\fdd7281d8e624fcbdc37714468b06b6f.php 第 660 行.
NOTIC: [8] Undefined offset: 5 D:\phpStudy\WWW\mdgj\snadmin\Runtime\Cache\Home\fdd7281d8e624fcbdc37714468b06b6f.php 第 660 行.
NOTIC: [8] Undefined offset: 4 D:\phpStudy\WWW\mdgj\snadmin\Runtime\Cache\Home\fdd7281d8e624fcbdc37714468b06b6f.php 第 699 行.
NOTIC: [8] Undefined offset: 5 D:\phpStudy\WWW\mdgj\snadmin\Runtime\Cache\Home\fdd7281d8e624fcbdc37714468b06b6f.php 第 707 行.
NOTIC: [8] Undefined offset: 6 D:\phpStudy\WWW\mdgj\snadmin\Runtime\Cache\Home\fdd7281d8e624fcbdc37714468b06b6f.php 第 715 行.
NOTIC: [8] Undefined offset: 7 D:\phpStudy\WWW\mdgj\snadmin\Runtime\Cache\Home\fdd7281d8e624fcbdc37714468b06b6f.php 第 723 行.
NOTIC: [8] Undefined offset: 8 D:\phpStudy\WWW\mdgj\snadmin\Runtime\Cache\Home\fdd7281d8e624fcbdc37714468b06b6f.php 第 731 行.
NOTIC: [8] Undefined offset: 9 D:\phpStudy\WWW\mdgj\snadmin\Runtime\Cache\Home\fdd7281d8e624fcbdc37714468b06b6f.php 第 739 行.
NOTIC: [8] Undefined variable: page D:\phpStudy\WWW\mdgj\snadmin\Runtime\Cache\Home\fdd7281d8e624fcbdc37714468b06b6f.php 第 768 行.
INFO: Run Behavior\ParseTemplateBehavior [ RunTime:0.017001s ]
INFO: [ view_parse ] --END-- [ RunTime:0.017001s ]
INFO: [ view_filter ] --START--
INFO: Run Behavior\WriteHtmlCacheBehavior [ RunTime:0.001000s ]
INFO: [ view_filter ] --END-- [ RunTime:0.001000s ]
INFO: [ app_end ] --START--
INFO: Run Behavior\ShowPageTraceBehavior [ RunTime:0.001000s ]
INFO: [ app_end ] --END-- [ RunTime:0.001000s ]

[ 2017-10-09T13:27:47+08:00 ] 127.0.0.1 /admdgjmin.php/Home/Index/settings
INFO: [ app_init ] --START--
INFO: Run Behavior\BuildLiteBehavior [ RunTime:0.000000s ]
INFO: [ app_init ] --END-- [ RunTime:0.000000s ]
INFO: [ app_begin ] --START--
INFO: Run Behavior\ReadHtmlCacheBehavior [ RunTime:0.002000s ]
INFO: [ app_begin ] --END-- [ RunTime:0.002000s ]
NOTIC: [8] Undefined index: jl_share D:\phpStudy\WWW\mdgj\snadmin\Home\Controller\IndexController.class.php 第 2100 行.
NOTIC: [2] Invalid argument supplied for foreach() D:\phpStudy\WWW\mdgj\snadmin\Home\Controller\IndexController.class.php 第 2100 行.
NOTIC: [8] Undefined index: masses_share D:\phpStudy\WWW\mdgj\snadmin\Home\Controller\IndexController.class.php 第 2103 行.
NOTIC: [2] Invalid argument supplied for foreach() D:\phpStudy\WWW\mdgj\snadmin\Home\Controller\IndexController.class.php 第 2103 行.
NOTIC: [8] Undefined index: shangcheng D:\phpStudy\WWW\mdgj\snadmin\Home\Controller\IndexController.class.php 第 2106 行.
NOTIC: [2] Invalid argument supplied for foreach() D:\phpStudy\WWW\mdgj\snadmin\Home\Controller\IndexController.class.php 第 2106 行.
INFO: [ view_parse ] --START--
INFO: [ template_filter ] --START--
INFO: Run Behavior\ContentReplaceBehavior [ RunTime:0.000000s ]
INFO: [ template_filter ] --END-- [ RunTime:0.000000s ]
INFO: Run Behavior\ParseTemplateBehavior [ RunTime:0.011000s ]
INFO: [ view_parse ] --END-- [ RunTime:0.011000s ]
INFO: [ view_filter ] --START--
INFO: Run Behavior\WriteHtmlCacheBehavior [ RunTime:0.000000s ]
INFO: [ view_filter ] --END-- [ RunTime:0.000000s ]
INFO: [ app_end ] --START--
INFO: Run Behavior\ShowPageTraceBehavior [ RunTime:0.001001s ]
INFO: [ app_end ] --END-- [ RunTime:0.001001s ]

[ 2017-10-09T13:27:48+08:00 ] 127.0.0.1 /admdgjmin.php/home/index/settings
INFO: [ app_init ] --START--
INFO: Run Behavior\BuildLiteBehavior [ RunTime:0.000000s ]
INFO: [ app_init ] --END-- [ RunTime:0.001000s ]
INFO: [ app_begin ] --START--
INFO: Run Behavior\ReadHtmlCacheBehavior [ RunTime:0.001000s ]
INFO: [ app_begin ] --END-- [ RunTime:0.001000s ]
INFO: [ view_parse ] --START--
INFO: [ template_filter ] --START--
INFO: Run Behavior\ContentReplaceBehavior [ RunTime:0.001000s ]
INFO: [ template_filter ] --END-- [ RunTime:0.001000s ]
NOTIC: [8] Undefined variable: userdata D:\phpStudy\WWW\mdgj\snadmin\Runtime\Cache\Home\fdd7281d8e624fcbdc37714468b06b6f.php 第 35 行.
NOTIC: [8] Undefined offset: 2 D:\phpStudy\WWW\mdgj\snadmin\Runtime\Cache\Home\fdd7281d8e624fcbdc37714468b06b6f.php 第 638 行.
NOTIC: [8] Undefined offset: 3 D:\phpStudy\WWW\mdgj\snadmin\Runtime\Cache\Home\fdd7281d8e624fcbdc37714468b06b6f.php 第 638 行.
NOTIC: [8] Undefined offset: 4 D:\phpStudy\WWW\mdgj\snadmin\Runtime\Cache\Home\fdd7281d8e624fcbdc37714468b06b6f.php 第 638 行.
NOTIC: [8] Undefined offset: 5 D:\phpStudy\WWW\mdgj\snadmin\Runtime\Cache\Home\fdd7281d8e624fcbdc37714468b06b6f.php 第 638 行.
NOTIC: [8] Undefined offset: 2 D:\phpStudy\WWW\mdgj\snadmin\Runtime\Cache\Home\fdd7281d8e624fcbdc37714468b06b6f.php 第 660 行.
NOTIC: [8] Undefined offset: 3 D:\phpStudy\WWW\mdgj\snadmin\Runtime\Cache\Home\fdd7281d8e624fcbdc37714468b06b6f.php 第 660 行.
NOTIC: [8] Undefined offset: 4 D:\phpStudy\WWW\mdgj\snadmin\Runtime\Cache\Home\fdd7281d8e624fcbdc37714468b06b6f.php 第 660 行.
NOTIC: [8] Undefined offset: 5 D:\phpStudy\WWW\mdgj\snadmin\Runtime\Cache\Home\fdd7281d8e624fcbdc37714468b06b6f.php 第 660 行.
NOTIC: [8] Undefined offset: 4 D:\phpStudy\WWW\mdgj\snadmin\Runtime\Cache\Home\fdd7281d8e624fcbdc37714468b06b6f.php 第 699 行.
NOTIC: [8] Undefined offset: 5 D:\phpStudy\WWW\mdgj\snadmin\Runtime\Cache\Home\fdd7281d8e624fcbdc37714468b06b6f.php 第 707 行.
NOTIC: [8] Undefined offset: 6 D:\phpStudy\WWW\mdgj\snadmin\Runtime\Cache\Home\fdd7281d8e624fcbdc37714468b06b6f.php 第 715 行.
NOTIC: [8] Undefined offset: 7 D:\phpStudy\WWW\mdgj\snadmin\Runtime\Cache\Home\fdd7281d8e624fcbdc37714468b06b6f.php 第 723 行.
NOTIC: [8] Undefined offset: 8 D:\phpStudy\WWW\mdgj\snadmin\Runtime\Cache\Home\fdd7281d8e624fcbdc37714468b06b6f.php 第 731 行.
NOTIC: [8] Undefined offset: 9 D:\phpStudy\WWW\mdgj\snadmin\Runtime\Cache\Home\fdd7281d8e624fcbdc37714468b06b6f.php 第 739 行.
NOTIC: [8] Undefined variable: page D:\phpStudy\WWW\mdgj\snadmin\Runtime\Cache\Home\fdd7281d8e624fcbdc37714468b06b6f.php 第 768 行.
INFO: Run Behavior\ParseTemplateBehavior [ RunTime:0.019001s ]
INFO: [ view_parse ] --END-- [ RunTime:0.019001s ]
INFO: [ view_filter ] --START--
INFO: Run Behavior\WriteHtmlCacheBehavior [ RunTime:0.000000s ]
INFO: [ view_filter ] --END-- [ RunTime:0.000000s ]
INFO: [ app_end ] --START--
INFO: Run Behavior\ShowPageTraceBehavior [ RunTime:0.002000s ]
INFO: [ app_end ] --END-- [ RunTime:0.002000s ]

