[ 2017-10-19T13:07:27+08:00 ] 127.0.0.1 /admdgjmin.php
INFO: [ app_init ] --START--
INFO: Run Behavior\BuildLiteBehavior [ RunTime:0.000021s ]
INFO: [ app_init ] --END-- [ RunTime:0.000490s ]
INFO: [ app_begin ] --START--
INFO: Run Behavior\ReadHtmlCacheBehavior [ RunTime:0.000618s ]
INFO: [ app_begin ] --END-- [ RunTime:0.000724s ]
INFO: [ view_parse ] --START--
INFO: [ template_filter ] --START--
INFO: Run Behavior\ContentReplaceBehavior [ RunTime:0.000056s ]
INFO: [ template_filter ] --END-- [ RunTime:0.000164s ]
INFO: Run Behavior\ParseTemplateBehavior [ RunTime:0.008960s ]
INFO: [ view_parse ] --END-- [ RunTime:0.009060s ]
INFO: [ view_filter ] --START--
INFO: Run Behavior\WriteHtmlCacheBehavior [ RunTime:0.000208s ]
INFO: [ view_filter ] --END-- [ RunTime:0.000277s ]

[ 2017-10-19T13:07:29+08:00 ] 127.0.0.1 /admdgjmin.php/Home/Login
INFO: [ app_init ] --START--
INFO: Run Behavior\BuildLiteBehavior [ RunTime:0.000017s ]
INFO: [ app_init ] --END-- [ RunTime:0.000361s ]
INFO: [ app_begin ] --START--
INFO: Run Behavior\ReadHtmlCacheBehavior [ RunTime:0.000544s ]
INFO: [ app_begin ] --END-- [ RunTime:0.000603s ]
INFO: [ view_parse ] --START--
INFO: [ template_filter ] --START--
INFO: Run Behavior\ContentReplaceBehavior [ RunTime:0.000046s ]
INFO: [ template_filter ] --END-- [ RunTime:0.000117s ]
INFO: Run Behavior\ParseTemplateBehavior [ RunTime:0.017883s ]
INFO: [ view_parse ] --END-- [ RunTime:0.017939s ]
INFO: [ view_filter ] --START--
INFO: Run Behavior\WriteHtmlCacheBehavior [ RunTime:0.000137s ]
INFO: [ view_filter ] --END-- [ RunTime:0.000183s ]
INFO: [ app_end ] --START--
INFO: Run Behavior\ShowPageTraceBehavior [ RunTime:0.000515s ]
INFO: [ app_end ] --END-- [ RunTime:0.000566s ]

[ 2017-10-19T13:07:37+08:00 ] 127.0.0.1 /admdgjmin.php/Home/Login/logincl
INFO: [ app_init ] --START--
INFO: Run Behavior\BuildLiteBehavior [ RunTime:0.000033s ]
INFO: [ app_init ] --END-- [ RunTime:0.000457s ]
INFO: [ app_begin ] --START--
INFO: Run Behavior\ReadHtmlCacheBehavior [ RunTime:0.000546s ]
INFO: [ app_begin ] --END-- [ RunTime:0.000700s ]
SQL: SHOW COLUMNS FROM `ot_member` [ RunTime:0.0017s ]
SQL: SELECT * FROM `ot_member` WHERE `MB_username` = 'admin' LIMIT 1   [ RunTime:0.0004s ]
SQL: SHOW COLUMNS FROM `ot_drrz` [ RunTime:0.0015s ]
SQL: INSERT INTO `ot_drrz` (`date`,`ip`,`user`,`leixin`) VALUES ('2017-10-19 13:07:37','115.60.190.79','admin','1') [ RunTime:0.0003s ]

[ 2017-10-19T13:07:38+08:00 ] 127.0.0.1 /admdgjmin.php/Home/Index/main
INFO: [ app_init ] --START--
INFO: Run Behavior\BuildLiteBehavior [ RunTime:0.000022s ]
INFO: [ app_init ] --END-- [ RunTime:0.000503s ]
INFO: [ app_begin ] --START--
INFO: Run Behavior\ReadHtmlCacheBehavior [ RunTime:0.000606s ]
INFO: [ app_begin ] --END-- [ RunTime:0.000690s ]
INFO: [ view_parse ] --START--
INFO: [ template_filter ] --START--
INFO: Run Behavior\ContentReplaceBehavior [ RunTime:0.000049s ]
INFO: [ template_filter ] --END-- [ RunTime:0.000175s ]
INFO: Run Behavior\ParseTemplateBehavior [ RunTime:0.019073s ]
INFO: [ view_parse ] --END-- [ RunTime:0.019139s ]
INFO: [ view_filter ] --START--
INFO: Run Behavior\WriteHtmlCacheBehavior [ RunTime:0.000151s ]
INFO: [ view_filter ] --END-- [ RunTime:0.000199s ]
INFO: [ app_end ] --START--
INFO: Run Behavior\ShowPageTraceBehavior [ RunTime:0.000571s ]
INFO: [ app_end ] --END-- [ RunTime:0.000621s ]

[ 2017-10-19T13:07:38+08:00 ] 127.0.0.1 /admdgjmin.php/home/index/top.html
INFO: [ app_init ] --START--
INFO: Run Behavior\BuildLiteBehavior [ RunTime:0.000015s ]
INFO: [ app_init ] --END-- [ RunTime:0.000304s ]
INFO: [ app_begin ] --START--
INFO: Run Behavior\ReadHtmlCacheBehavior [ RunTime:0.005230s ]
INFO: [ app_begin ] --END-- [ RunTime:0.005308s ]
INFO: [ view_parse ] --START--
INFO: [ template_filter ] --START--
INFO: Run Behavior\ContentReplaceBehavior [ RunTime:0.000035s ]
INFO: [ template_filter ] --END-- [ RunTime:0.000096s ]
INFO: Run Behavior\ParseTemplateBehavior [ RunTime:0.006572s ]
INFO: [ view_parse ] --END-- [ RunTime:0.006621s ]
INFO: [ view_filter ] --START--
INFO: Run Behavior\WriteHtmlCacheBehavior [ RunTime:0.000112s ]
INFO: [ view_filter ] --END-- [ RunTime:0.000251s ]
INFO: [ app_end ] --START--
INFO: Run Behavior\ShowPageTraceBehavior [ RunTime:0.000491s ]
INFO: [ app_end ] --END-- [ RunTime:0.000528s ]

[ 2017-10-19T13:07:38+08:00 ] 127.0.0.1 /admdgjmin.php/home/index/left.html
INFO: [ app_init ] --START--
INFO: Run Behavior\BuildLiteBehavior [ RunTime:0.000011s ]
INFO: [ app_init ] --END-- [ RunTime:0.000270s ]
INFO: [ app_begin ] --START--
INFO: Run Behavior\ReadHtmlCacheBehavior [ RunTime:0.000410s ]
INFO: [ app_begin ] --END-- [ RunTime:0.000471s ]
INFO: [ view_parse ] --START--
INFO: [ template_filter ] --START--
INFO: Run Behavior\ContentReplaceBehavior [ RunTime:0.000063s ]
INFO: [ template_filter ] --END-- [ RunTime:0.000133s ]
INFO: Run Behavior\ParseTemplateBehavior [ RunTime:0.019199s ]
INFO: [ view_parse ] --END-- [ RunTime:0.019252s ]
INFO: [ view_filter ] --START--
INFO: Run Behavior\WriteHtmlCacheBehavior [ RunTime:0.000141s ]
INFO: [ view_filter ] --END-- [ RunTime:0.000182s ]
INFO: [ app_end ] --START--
INFO: Run Behavior\ShowPageTraceBehavior [ RunTime:0.000450s ]
INFO: [ app_end ] --END-- [ RunTime:0.000496s ]

[ 2017-10-19T13:07:38+08:00 ] 127.0.0.1 /admdgjmin.php/home/index/counts
INFO: [ app_init ] --START--
INFO: Run Behavior\BuildLiteBehavior [ RunTime:0.000016s ]
INFO: [ app_init ] --END-- [ RunTime:0.000382s ]
INFO: [ app_begin ] --START--
INFO: Run Behavior\ReadHtmlCacheBehavior [ RunTime:0.000546s ]
INFO: [ app_begin ] --END-- [ RunTime:0.000620s ]
SQL: SHOW COLUMNS FROM `ot_user` [ RunTime:0.0015s ]
SQL: SELECT COUNT(*) AS tp_count FROM `ot_user` WHERE (  UNIX_TIMESTAMP('2017-10-19 00:00')<UNIX_TIMESTAMP(UE_regTime) and UNIX_TIMESTAMP(UE_regTime)<UNIX_TIMESTAMP('2017-10-20 00:00') ) LIMIT 1   [ RunTime:0.0003s ]
SQL: SELECT COUNT(*) AS tp_count FROM `ot_user` LIMIT 1   [ RunTime:0.0001s ]
SQL: SHOW COLUMNS FROM `ot_tgbz` [ RunTime:0.0009s ]
SQL: SELECT SUM(jb) AS tp_SUM FROM `ot_tgbz` LIMIT 1   [ RunTime:0.0001s ]
SQL: SHOW COLUMNS FROM `ot_jsbz` [ RunTime:0.0008s ]
SQL: SELECT SUM(jb) AS tp_SUM FROM `ot_jsbz` LIMIT 1   [ RunTime:0.0001s ]
SQL: SHOW COLUMNS FROM `ot_userget` [ RunTime:0.0012s ]
SQL: SELECT SUM(UG_money) AS tp_sum FROM `ot_userget` WHERE `UG_dataType` = 'jlj' LIMIT 1   [ RunTime:0.0003s ]
SQL: SELECT SUM(UG_money) AS tp_sum FROM `ot_userget` WHERE `UG_dataType` = 'tjj' LIMIT 1   [ RunTime:0.0001s ]
SQL: SHOW COLUMNS FROM `ot_ppdd` [ RunTime:0.0011s ]
SQL: SELECT SUM(jb) AS tp_sum FROM `ot_ppdd` WHERE `zt` = 2 LIMIT 1   [ RunTime:0.0002s ]
SQL: SELECT SUM(UG_money) AS tp_sum FROM `ot_userget` WHERE `UG_dataType` = 'tgbz' LIMIT 1   [ RunTime:0.0002s ]
NOTIC: [8] Undefined variable: i /data/wwwroot/mdgj/snadmin/Home/Controller/IndexController.class.php 第 173 行.
SQL: SHOW COLUMNS FROM `ot_user_jj` [ RunTime:0.0010s ]
SQL: SELECT * FROM `ot_user_jj` WHERE `zt` <> '1'  [ RunTime:0.0002s ]
SQL: SELECT * FROM `ot_user_jj` WHERE `id` = 2832 LIMIT 1   [ RunTime:0.0002s ]
SQL: SELECT * FROM `ot_user_jj` WHERE `id` = 2833 LIMIT 1   [ RunTime:0.0001s ]
NOTIC: [8] Undefined variable: i /data/wwwroot/mdgj/snadmin/Home/Controller/IndexController.class.php 第 174 行.
SQL: SELECT * FROM `ot_user_jj`  [ RunTime:0.0002s ]
SQL: SELECT * FROM `ot_user_jj` WHERE `id` = 2832 LIMIT 1   [ RunTime:0.0003s ]
SQL: SELECT * FROM `ot_user_jj` WHERE `id` = 2833 LIMIT 1   [ RunTime:0.0003s ]
SQL: SELECT * FROM `ot_user_jj` WHERE `id` = 2834 LIMIT 1   [ RunTime:0.0002s ]
SQL: SELECT * FROM `ot_user_jj` WHERE `id` = 2835 LIMIT 1   [ RunTime:0.0002s ]
SQL: SELECT * FROM `ot_user_jj` WHERE `id` = 2836 LIMIT 1   [ RunTime:0.0046s ]
SQL: SELECT * FROM `ot_user_jj` WHERE `id` = 2837 LIMIT 1   [ RunTime:0.0003s ]
SQL: SELECT * FROM `ot_user_jj` WHERE `id` = 2838 LIMIT 1   [ RunTime:0.0001s ]
SQL: SELECT * FROM `ot_user_jj` WHERE `id` = 2839 LIMIT 1   [ RunTime:0.0001s ]
SQL: SELECT * FROM `ot_user_jj` WHERE `id` = 2840 LIMIT 1   [ RunTime:0.0004s ]
SQL: SELECT * FROM `ot_user_jj` WHERE `id` = 2841 LIMIT 1   [ RunTime:0.0004s ]
SQL: SELECT * FROM `ot_user_jj` WHERE `id` = 2842 LIMIT 1   [ RunTime:0.0003s ]
SQL: SELECT * FROM `ot_user_jj` WHERE `id` = 2843 LIMIT 1   [ RunTime:0.0002s ]
INFO: [ view_parse ] --START--
INFO: [ template_filter ] --START--
INFO: Run Behavior\ContentReplaceBehavior [ RunTime:0.000072s ]
INFO: [ template_filter ] --END-- [ RunTime:0.000175s ]
NOTIC: [8] Undefined variable: userdata /data/wwwroot/mdgj/snadmin/Runtime/Cache/Home/9ae0c6321b7e9f4ae91a052f17ee4553.php 第 45 行.
NOTIC: [8] Undefined variable: page /data/wwwroot/mdgj/snadmin/Runtime/Cache/Home/9ae0c6321b7e9f4ae91a052f17ee4553.php 第 182 行.
INFO: Run Behavior\ParseTemplateBehavior [ RunTime:0.010041s ]
INFO: [ view_parse ] --END-- [ RunTime:0.010076s ]
INFO: [ view_filter ] --START--
INFO: Run Behavior\WriteHtmlCacheBehavior [ RunTime:0.000138s ]
INFO: [ view_filter ] --END-- [ RunTime:0.000167s ]
INFO: [ app_end ] --START--
INFO: Run Behavior\ShowPageTraceBehavior [ RunTime:0.000380s ]
INFO: [ app_end ] --END-- [ RunTime:0.000421s ]

[ 2017-10-19T13:07:39+08:00 ] 127.0.0.1 /admdgjmin.php/home/index/userlist
INFO: [ app_init ] --START--
INFO: Run Behavior\BuildLiteBehavior [ RunTime:0.000019s ]
INFO: [ app_init ] --END-- [ RunTime:0.000357s ]
INFO: [ app_begin ] --START--
INFO: Run Behavior\ReadHtmlCacheBehavior [ RunTime:0.000575s ]
INFO: [ app_begin ] --END-- [ RunTime:0.000662s ]
SQL: SHOW COLUMNS FROM `ot_user` [ RunTime:0.0024s ]
NOTIC: [8] Undefined variable: map /data/wwwroot/mdgj/snadmin/Home/Controller/IndexController.class.php 第 436 行.
SQL: SELECT COUNT(*) AS tp_count FROM `ot_user` LIMIT 1   [ RunTime:0.0002s ]
NOTIC: [8] Undefined variable: map /data/wwwroot/mdgj/snadmin/Home/Controller/IndexController.class.php 第 441 行.
SQL: SELECT * FROM `ot_user` ORDER BY UE_ID LIMIT 0,20   [ RunTime:0.0006s ]
INFO: [ view_parse ] --START--
INFO: [ template_filter ] --START--
INFO: Run Behavior\ContentReplaceBehavior [ RunTime:0.000050s ]
INFO: [ template_filter ] --END-- [ RunTime:0.000134s ]
INFO: Run Behavior\ParseTemplateBehavior [ RunTime:0.025168s ]
INFO: [ view_parse ] --END-- [ RunTime:0.025297s ]
INFO: [ view_filter ] --START--
INFO: Run Behavior\WriteHtmlCacheBehavior [ RunTime:0.000425s ]
INFO: [ view_filter ] --END-- [ RunTime:0.000476s ]
INFO: [ app_end ] --START--
INFO: Run Behavior\ShowPageTraceBehavior [ RunTime:0.000484s ]
INFO: [ app_end ] --END-- [ RunTime:0.000523s ]

[ 2017-10-19T13:32:06+08:00 ] 127.0.0.1 /admdgjmin.php/Home/Shop/ly_list/type/0/
INFO: [ app_init ] --START--
INFO: Run Behavior\BuildLiteBehavior [ RunTime:0.000015s ]
INFO: [ app_init ] --END-- [ RunTime:0.000407s ]
INFO: [ app_begin ] --START--
INFO: Run Behavior\ReadHtmlCacheBehavior [ RunTime:0.000480s ]
INFO: [ app_begin ] --END-- [ RunTime:0.000534s ]
INFO: [ view_parse ] --START--
INFO: [ template_filter ] --START--
INFO: Run Behavior\ContentReplaceBehavior [ RunTime:0.000040s ]
INFO: [ template_filter ] --END-- [ RunTime:0.000095s ]
INFO: Run Behavior\ParseTemplateBehavior [ RunTime:0.007311s ]
INFO: [ view_parse ] --END-- [ RunTime:0.007364s ]
INFO: [ view_filter ] --START--
INFO: Run Behavior\WriteHtmlCacheBehavior [ RunTime:0.000138s ]
INFO: [ view_filter ] --END-- [ RunTime:0.000202s ]

[ 2017-10-19T13:32:07+08:00 ] 127.0.0.1 /admdgjmin.php/Home/Login
INFO: [ app_init ] --START--
INFO: Run Behavior\BuildLiteBehavior [ RunTime:0.000016s ]
INFO: [ app_init ] --END-- [ RunTime:0.000412s ]
INFO: [ app_begin ] --START--
INFO: Run Behavior\ReadHtmlCacheBehavior [ RunTime:0.000552s ]
INFO: [ app_begin ] --END-- [ RunTime:0.000617s ]
INFO: [ view_parse ] --START--
INFO: [ template_filter ] --START--
INFO: Run Behavior\ContentReplaceBehavior [ RunTime:0.000043s ]
INFO: [ template_filter ] --END-- [ RunTime:0.000101s ]
INFO: Run Behavior\ParseTemplateBehavior [ RunTime:0.007628s ]
INFO: [ view_parse ] --END-- [ RunTime:0.007683s ]
INFO: [ view_filter ] --START--
INFO: Run Behavior\WriteHtmlCacheBehavior [ RunTime:0.000135s ]
INFO: [ view_filter ] --END-- [ RunTime:0.000183s ]
INFO: [ app_end ] --START--
INFO: Run Behavior\ShowPageTraceBehavior [ RunTime:0.000519s ]
INFO: [ app_end ] --END-- [ RunTime:0.000570s ]

[ 2017-10-19T13:32:13+08:00 ] 127.0.0.1 /admdgjmin.php/Home/Login/logincl
INFO: [ app_init ] --START--
INFO: Run Behavior\BuildLiteBehavior [ RunTime:0.000011s ]
INFO: [ app_init ] --END-- [ RunTime:0.000247s ]
INFO: [ app_begin ] --START--
INFO: Run Behavior\ReadHtmlCacheBehavior [ RunTime:0.000322s ]
INFO: [ app_begin ] --END-- [ RunTime:0.000362s ]
SQL: SHOW COLUMNS FROM `ot_member` [ RunTime:0.0012s ]
SQL: SELECT * FROM `ot_member` WHERE `MB_username` = 'admin' LIMIT 1   [ RunTime:0.0002s ]
SQL: SHOW COLUMNS FROM `ot_drrz` [ RunTime:0.0009s ]
SQL: INSERT INTO `ot_drrz` (`date`,`ip`,`user`,`leixin`) VALUES ('2017-10-19 13:32:13','115.60.190.79','admin','1') [ RunTime:0.0003s ]

[ 2017-10-19T13:32:14+08:00 ] 127.0.0.1 /admdgjmin.php/Home/Index/main
INFO: [ app_init ] --START--
INFO: Run Behavior\BuildLiteBehavior [ RunTime:0.000019s ]
INFO: [ app_init ] --END-- [ RunTime:0.000464s ]
INFO: [ app_begin ] --START--
INFO: Run Behavior\ReadHtmlCacheBehavior [ RunTime:0.000720s ]
INFO: [ app_begin ] --END-- [ RunTime:0.001521s ]
INFO: [ view_parse ] --START--
INFO: [ template_filter ] --START--
INFO: Run Behavior\ContentReplaceBehavior [ RunTime:0.000035s ]
INFO: [ template_filter ] --END-- [ RunTime:0.000093s ]
INFO: Run Behavior\ParseTemplateBehavior [ RunTime:0.004991s ]
INFO: [ view_parse ] --END-- [ RunTime:0.005045s ]
INFO: [ view_filter ] --START--
INFO: Run Behavior\WriteHtmlCacheBehavior [ RunTime:0.000107s ]
INFO: [ view_filter ] --END-- [ RunTime:0.000146s ]
INFO: [ app_end ] --START--
INFO: Run Behavior\ShowPageTraceBehavior [ RunTime:0.000407s ]
INFO: [ app_end ] --END-- [ RunTime:0.000444s ]

[ 2017-10-19T13:32:15+08:00 ] 127.0.0.1 /admdgjmin.php/home/index/left.html
INFO: [ app_init ] --START--
INFO: Run Behavior\BuildLiteBehavior [ RunTime:0.000013s ]
INFO: [ app_init ] --END-- [ RunTime:0.000302s ]
INFO: [ app_begin ] --START--
INFO: Run Behavior\ReadHtmlCacheBehavior [ RunTime:0.000385s ]
INFO: [ app_begin ] --END-- [ RunTime:0.000429s ]
INFO: [ view_parse ] --START--
INFO: [ template_filter ] --START--
INFO: Run Behavior\ContentReplaceBehavior [ RunTime:0.000138s ]
INFO: [ template_filter ] --END-- [ RunTime:0.000378s ]
INFO: Run Behavior\ParseTemplateBehavior [ RunTime:0.016671s ]
INFO: [ view_parse ] --END-- [ RunTime:0.016769s ]
INFO: [ view_filter ] --START--
INFO: Run Behavior\WriteHtmlCacheBehavior [ RunTime:0.000278s ]
INFO: [ view_filter ] --END-- [ RunTime:0.000352s ]
INFO: [ app_end ] --START--
INFO: Run Behavior\ShowPageTraceBehavior [ RunTime:0.000853s ]
INFO: [ app_end ] --END-- [ RunTime:0.000953s ]

[ 2017-10-19T13:32:15+08:00 ] 127.0.0.1 /admdgjmin.php/home/index/counts
INFO: [ app_init ] --START--
INFO: Run Behavior\BuildLiteBehavior [ RunTime:0.000026s ]
INFO: [ app_init ] --END-- [ RunTime:0.000507s ]
INFO: [ app_begin ] --START--
INFO: Run Behavior\ReadHtmlCacheBehavior [ RunTime:0.000739s ]
INFO: [ app_begin ] --END-- [ RunTime:0.000831s ]
SQL: SHOW COLUMNS FROM `ot_user` [ RunTime:0.0018s ]
SQL: SELECT COUNT(*) AS tp_count FROM `ot_user` WHERE (  UNIX_TIMESTAMP('2017-10-19 00:00')<UNIX_TIMESTAMP(UE_regTime) and UNIX_TIMESTAMP(UE_regTime)<UNIX_TIMESTAMP('2017-10-20 00:00') ) LIMIT 1   [ RunTime:0.0008s ]
SQL: SELECT COUNT(*) AS tp_count FROM `ot_user` LIMIT 1   [ RunTime:0.0003s ]
SQL: SHOW COLUMNS FROM `ot_tgbz` [ RunTime:0.0014s ]
SQL: SELECT SUM(jb) AS tp_SUM FROM `ot_tgbz` LIMIT 1   [ RunTime:0.0002s ]
SQL: SHOW COLUMNS FROM `ot_jsbz` [ RunTime:0.0016s ]
SQL: SELECT SUM(jb) AS tp_SUM FROM `ot_jsbz` LIMIT 1   [ RunTime:0.0003s ]
SQL: SHOW COLUMNS FROM `ot_userget` [ RunTime:0.0016s ]
SQL: SELECT SUM(UG_money) AS tp_sum FROM `ot_userget` WHERE `UG_dataType` = 'jlj' LIMIT 1   [ RunTime:0.0004s ]
SQL: SELECT SUM(UG_money) AS tp_sum FROM `ot_userget` WHERE `UG_dataType` = 'tjj' LIMIT 1   [ RunTime:0.0003s ]
SQL: SHOW COLUMNS FROM `ot_ppdd` [ RunTime:0.0015s ]
SQL: SELECT SUM(jb) AS tp_sum FROM `ot_ppdd` WHERE `zt` = 2 LIMIT 1   [ RunTime:0.0003s ]
SQL: SELECT SUM(UG_money) AS tp_sum FROM `ot_userget` WHERE `UG_dataType` = 'tgbz' LIMIT 1   [ RunTime:0.0003s ]
NOTIC: [8] Undefined variable: i /data/wwwroot/mdgj/snadmin/Home/Controller/IndexController.class.php 第 173 行.
SQL: SHOW COLUMNS FROM `ot_user_jj` [ RunTime:0.0015s ]
SQL: SELECT * FROM `ot_user_jj` WHERE `zt` <> '1'  [ RunTime:0.0004s ]
SQL: SELECT * FROM `ot_user_jj` WHERE `id` = 2832 LIMIT 1   [ RunTime:0.0004s ]
SQL: SELECT * FROM `ot_user_jj` WHERE `id` = 2833 LIMIT 1   [ RunTime:0.0003s ]
NOTIC: [8] Undefined variable: i /data/wwwroot/mdgj/snadmin/Home/Controller/IndexController.class.php 第 174 行.
SQL: SELECT * FROM `ot_user_jj`  [ RunTime:0.0003s ]
SQL: SELECT * FROM `ot_user_jj` WHERE `id` = 2832 LIMIT 1   [ RunTime:0.0003s ]
SQL: SELECT * FROM `ot_user_jj` WHERE `id` = 2833 LIMIT 1   [ RunTime:0.0004s ]
SQL: SELECT * FROM `ot_user_jj` WHERE `id` = 2834 LIMIT 1   [ RunTime:0.0004s ]
SQL: SELECT * FROM `ot_user_jj` WHERE `id` = 2835 LIMIT 1   [ RunTime:0.0002s ]
SQL: SELECT * FROM `ot_user_jj` WHERE `id` = 2836 LIMIT 1   [ RunTime:0.0002s ]
SQL: SELECT * FROM `ot_user_jj` WHERE `id` = 2837 LIMIT 1   [ RunTime:0.0006s ]
SQL: SELECT * FROM `ot_user_jj` WHERE `id` = 2838 LIMIT 1   [ RunTime:0.0005s ]
SQL: SELECT * FROM `ot_user_jj` WHERE `id` = 2839 LIMIT 1   [ RunTime:0.0005s ]
SQL: SELECT * FROM `ot_user_jj` WHERE `id` = 2840 LIMIT 1   [ RunTime:0.0002s ]
SQL: SELECT * FROM `ot_user_jj` WHERE `id` = 2841 LIMIT 1   [ RunTime:0.0003s ]
SQL: SELECT * FROM `ot_user_jj` WHERE `id` = 2842 LIMIT 1   [ RunTime:0.0003s ]
SQL: SELECT * FROM `ot_user_jj` WHERE `id` = 2843 LIMIT 1   [ RunTime:0.0002s ]
INFO: [ view_parse ] --START--
INFO: [ template_filter ] --START--
INFO: Run Behavior\ContentReplaceBehavior [ RunTime:0.000054s ]
INFO: [ template_filter ] --END-- [ RunTime:0.000102s ]
NOTIC: [8] Undefined variable: userdata /data/wwwroot/mdgj/snadmin/Runtime/Cache/Home/9ae0c6321b7e9f4ae91a052f17ee4553.php 第 45 行.
NOTIC: [8] Undefined variable: page /data/wwwroot/mdgj/snadmin/Runtime/Cache/Home/9ae0c6321b7e9f4ae91a052f17ee4553.php 第 182 行.
INFO: Run Behavior\ParseTemplateBehavior [ RunTime:0.008003s ]
INFO: [ view_parse ] --END-- [ RunTime:0.008041s ]
INFO: [ view_filter ] --START--
INFO: Run Behavior\WriteHtmlCacheBehavior [ RunTime:0.000131s ]
INFO: [ view_filter ] --END-- [ RunTime:0.000171s ]
INFO: [ app_end ] --START--
INFO: Run Behavior\ShowPageTraceBehavior [ RunTime:0.000562s ]
INFO: [ app_end ] --END-- [ RunTime:0.000606s ]

[ 2017-10-19T13:32:15+08:00 ] 127.0.0.1 /admdgjmin.php/home/index/top.html
INFO: [ app_init ] --START--
INFO: Run Behavior\BuildLiteBehavior [ RunTime:0.000011s ]
INFO: [ app_init ] --END-- [ RunTime:0.000276s ]
INFO: [ app_begin ] --START--
INFO: Run Behavior\ReadHtmlCacheBehavior [ RunTime:0.000392s ]
INFO: [ app_begin ] --END-- [ RunTime:0.000447s ]
INFO: [ view_parse ] --START--
INFO: [ template_filter ] --START--
INFO: Run Behavior\ContentReplaceBehavior [ RunTime:0.000060s ]
INFO: [ template_filter ] --END-- [ RunTime:0.000129s ]
INFO: Run Behavior\ParseTemplateBehavior [ RunTime:0.006716s ]
INFO: [ view_parse ] --END-- [ RunTime:0.006771s ]
INFO: [ view_filter ] --START--
INFO: Run Behavior\WriteHtmlCacheBehavior [ RunTime:0.000133s ]
INFO: [ view_filter ] --END-- [ RunTime:0.000174s ]
INFO: [ app_end ] --START--
INFO: Run Behavior\ShowPageTraceBehavior [ RunTime:0.000474s ]
INFO: [ app_end ] --END-- [ RunTime:0.000517s ]

[ 2017-10-19T13:32:15+08:00 ] 127.0.0.1 /admdgjmin.php/Home/Shop/ly_list/type/0/
INFO: [ app_init ] --START--
INFO: Run Behavior\BuildLiteBehavior [ RunTime:0.000011s ]
INFO: [ app_init ] --END-- [ RunTime:0.000261s ]
INFO: [ app_begin ] --START--
INFO: Run Behavior\ReadHtmlCacheBehavior [ RunTime:0.000370s ]
INFO: [ app_begin ] --END-- [ RunTime:0.000406s ]
SQL: SHOW COLUMNS FROM `ot_message` [ RunTime:0.0012s ]
SQL: SELECT COUNT(*) AS tp_count FROM `ot_message` WHERE `zt` = 0 LIMIT 1   [ RunTime:0.0002s ]
SQL: SELECT * FROM `ot_message` WHERE `zt` = 0 ORDER BY MA_ID DESC LIMIT 0,100   [ RunTime:0.0003s ]
SQL: SHOW COLUMNS FROM `ot_user` [ RunTime:0.0018s ]
SQL: SELECT * FROM `ot_user` WHERE `UE_ID` = 62279 LIMIT 1   [ RunTime:0.0004s ]
INFO: [ view_parse ] --START--
INFO: [ template_filter ] --START--
INFO: Run Behavior\ContentReplaceBehavior [ RunTime:0.000043s ]
INFO: [ template_filter ] --END-- [ RunTime:0.000103s ]
INFO: Run Behavior\ParseTemplateBehavior [ RunTime:0.029505s ]
INFO: [ view_parse ] --END-- [ RunTime:0.029550s ]
INFO: [ view_filter ] --START--
INFO: Run Behavior\WriteHtmlCacheBehavior [ RunTime:0.000122s ]
INFO: [ view_filter ] --END-- [ RunTime:0.000156s ]
INFO: [ app_end ] --START--
INFO: Run Behavior\ShowPageTraceBehavior [ RunTime:0.000506s ]
INFO: [ app_end ] --END-- [ RunTime:0.000543s ]

[ 2017-10-19T13:32:20+08:00 ] 127.0.0.1 /admdgjmin.php/Home/Shop/ly_list_cl/id/92/
INFO: [ app_init ] --START--
INFO: Run Behavior\BuildLiteBehavior [ RunTime:0.000015s ]
INFO: [ app_init ] --END-- [ RunTime:0.000368s ]
INFO: [ app_begin ] --START--
INFO: Run Behavior\ReadHtmlCacheBehavior [ RunTime:0.000478s ]
INFO: [ app_begin ] --END-- [ RunTime:0.000532s ]
SQL: SHOW COLUMNS FROM `ot_message` [ RunTime:0.0016s ]
SQL: SELECT * FROM `ot_message` WHERE `MA_ID` = 92 LIMIT 1   [ RunTime:0.0004s ]
SQL: SHOW COLUMNS FROM `ot_user` [ RunTime:0.0024s ]
SQL: SELECT * FROM `ot_user` WHERE `UE_ID` = 62279 LIMIT 1   [ RunTime:0.0008s ]
INFO: [ view_parse ] --START--
INFO: [ template_filter ] --START--
INFO: Run Behavior\ContentReplaceBehavior [ RunTime:0.000064s ]
INFO: [ template_filter ] --END-- [ RunTime:0.000122s ]
NOTIC: [8] Undefined variable: page /data/wwwroot/mdgj/snadmin/Runtime/Cache/Home/e61b0e3ac45dbbe427e7bc40d38e997c.php 第 146 行.
INFO: Run Behavior\ParseTemplateBehavior [ RunTime:0.008652s ]
INFO: [ view_parse ] --END-- [ RunTime:0.008705s ]
INFO: [ view_filter ] --START--
INFO: Run Behavior\WriteHtmlCacheBehavior [ RunTime:0.000136s ]
INFO: [ view_filter ] --END-- [ RunTime:0.000183s ]
INFO: [ app_end ] --START--
INFO: Run Behavior\ShowPageTraceBehavior [ RunTime:0.000556s ]
INFO: [ app_end ] --END-- [ RunTime:0.000606s ]

[ 2017-10-19T13:33:18+08:00 ] 127.0.0.1 /admdgjmin.php/Home/Index/main
INFO: [ app_init ] --START--
INFO: Run Behavior\BuildLiteBehavior [ RunTime:0.000013s ]
INFO: [ app_init ] --END-- [ RunTime:0.000305s ]
INFO: [ app_begin ] --START--
INFO: Run Behavior\ReadHtmlCacheBehavior [ RunTime:0.000425s ]
INFO: [ app_begin ] --END-- [ RunTime:0.000471s ]
INFO: [ view_parse ] --START--
INFO: [ template_filter ] --START--
INFO: Run Behavior\ContentReplaceBehavior [ RunTime:0.000035s ]
INFO: [ template_filter ] --END-- [ RunTime:0.000099s ]
INFO: Run Behavior\ParseTemplateBehavior [ RunTime:0.005667s ]
INFO: [ view_parse ] --END-- [ RunTime:0.005724s ]
INFO: [ view_filter ] --START--
INFO: Run Behavior\WriteHtmlCacheBehavior [ RunTime:0.000127s ]
INFO: [ view_filter ] --END-- [ RunTime:0.000164s ]
INFO: [ app_end ] --START--
INFO: Run Behavior\ShowPageTraceBehavior [ RunTime:0.000445s ]
INFO: [ app_end ] --END-- [ RunTime:0.000484s ]

[ 2017-10-19T13:33:18+08:00 ] 127.0.0.1 /admdgjmin.php/home/index/counts
INFO: [ app_init ] --START--
INFO: Run Behavior\BuildLiteBehavior [ RunTime:0.000013s ]
INFO: [ app_init ] --END-- [ RunTime:0.000274s ]
INFO: [ app_begin ] --START--
INFO: Run Behavior\ReadHtmlCacheBehavior [ RunTime:0.000471s ]
INFO: [ app_begin ] --END-- [ RunTime:0.000538s ]
SQL: SHOW COLUMNS FROM `ot_user` [ RunTime:0.0019s ]
SQL: SELECT COUNT(*) AS tp_count FROM `ot_user` WHERE (  UNIX_TIMESTAMP('2017-10-19 00:00')<UNIX_TIMESTAMP(UE_regTime) and UNIX_TIMESTAMP(UE_regTime)<UNIX_TIMESTAMP('2017-10-20 00:00') ) LIMIT 1   [ RunTime:0.0003s ]
SQL: SELECT COUNT(*) AS tp_count FROM `ot_user` LIMIT 1   [ RunTime:0.0001s ]
SQL: SHOW COLUMNS FROM `ot_tgbz` [ RunTime:0.0011s ]
SQL: SELECT SUM(jb) AS tp_SUM FROM `ot_tgbz` LIMIT 1   [ RunTime:0.0002s ]
SQL: SHOW COLUMNS FROM `ot_jsbz` [ RunTime:0.0010s ]
SQL: SELECT SUM(jb) AS tp_SUM FROM `ot_jsbz` LIMIT 1   [ RunTime:0.0002s ]
SQL: SHOW COLUMNS FROM `ot_userget` [ RunTime:0.0015s ]
SQL: SELECT SUM(UG_money) AS tp_sum FROM `ot_userget` WHERE `UG_dataType` = 'jlj' LIMIT 1   [ RunTime:0.0015s ]
SQL: SELECT SUM(UG_money) AS tp_sum FROM `ot_userget` WHERE `UG_dataType` = 'tjj' LIMIT 1   [ RunTime:0.0002s ]
SQL: SHOW COLUMNS FROM `ot_ppdd` [ RunTime:0.0013s ]
SQL: SELECT SUM(jb) AS tp_sum FROM `ot_ppdd` WHERE `zt` = 2 LIMIT 1   [ RunTime:0.0002s ]
SQL: SELECT SUM(UG_money) AS tp_sum FROM `ot_userget` WHERE `UG_dataType` = 'tgbz' LIMIT 1   [ RunTime:0.0002s ]
NOTIC: [8] Undefined variable: i /data/wwwroot/mdgj/snadmin/Home/Controller/IndexController.class.php 第 173 行.
SQL: SHOW COLUMNS FROM `ot_user_jj` [ RunTime:0.0009s ]
SQL: SELECT * FROM `ot_user_jj` WHERE `zt` <> '1'  [ RunTime:0.0003s ]
SQL: SELECT * FROM `ot_user_jj` WHERE `id` = 2832 LIMIT 1   [ RunTime:0.0003s ]
SQL: SELECT * FROM `ot_user_jj` WHERE `id` = 2833 LIMIT 1   [ RunTime:0.0003s ]
NOTIC: [8] Undefined variable: i /data/wwwroot/mdgj/snadmin/Home/Controller/IndexController.class.php 第 174 行.
SQL: SELECT * FROM `ot_user_jj`  [ RunTime:0.0003s ]
SQL: SELECT * FROM `ot_user_jj` WHERE `id` = 2832 LIMIT 1   [ RunTime:0.0003s ]
SQL: SELECT * FROM `ot_user_jj` WHERE `id` = 2833 LIMIT 1   [ RunTime:0.0004s ]
SQL: SELECT * FROM `ot_user_jj` WHERE `id` = 2834 LIMIT 1   [ RunTime:0.0003s ]
SQL: SELECT * FROM `ot_user_jj` WHERE `id` = 2835 LIMIT 1   [ RunTime:0.0003s ]
SQL: SELECT * FROM `ot_user_jj` WHERE `id` = 2836 LIMIT 1   [ RunTime:0.0003s ]
SQL: SELECT * FROM `ot_user_jj` WHERE `id` = 2837 LIMIT 1   [ RunTime:0.0003s ]
SQL: SELECT * FROM `ot_user_jj` WHERE `id` = 2838 LIMIT 1   [ RunTime:0.0002s ]
SQL: SELECT * FROM `ot_user_jj` WHERE `id` = 2839 LIMIT 1   [ RunTime:0.0002s ]
SQL: SELECT * FROM `ot_user_jj` WHERE `id` = 2840 LIMIT 1   [ RunTime:0.0002s ]
SQL: SELECT * FROM `ot_user_jj` WHERE `id` = 2841 LIMIT 1   [ RunTime:0.0002s ]
SQL: SELECT * FROM `ot_user_jj` WHERE `id` = 2842 LIMIT 1   [ RunTime:0.0002s ]
SQL: SELECT * FROM `ot_user_jj` WHERE `id` = 2843 LIMIT 1   [ RunTime:0.0002s ]
INFO: [ view_parse ] --START--
INFO: [ template_filter ] --START--
INFO: Run Behavior\ContentReplaceBehavior [ RunTime:0.000056s ]
INFO: [ template_filter ] --END-- [ RunTime:0.000110s ]
NOTIC: [8] Undefined variable: userdata /data/wwwroot/mdgj/snadmin/Runtime/Cache/Home/9ae0c6321b7e9f4ae91a052f17ee4553.php 第 45 行.
NOTIC: [8] Undefined variable: page /data/wwwroot/mdgj/snadmin/Runtime/Cache/Home/9ae0c6321b7e9f4ae91a052f17ee4553.php 第 182 行.
INFO: Run Behavior\ParseTemplateBehavior [ RunTime:0.008479s ]
INFO: [ view_parse ] --END-- [ RunTime:0.008520s ]
INFO: [ view_filter ] --START--
INFO: Run Behavior\WriteHtmlCacheBehavior [ RunTime:0.000118s ]
INFO: [ view_filter ] --END-- [ RunTime:0.000152s ]
INFO: [ app_end ] --START--
INFO: Run Behavior\ShowPageTraceBehavior [ RunTime:0.000403s ]
INFO: [ app_end ] --END-- [ RunTime:0.000442s ]

[ 2017-10-19T13:33:18+08:00 ] 127.0.0.1 /admdgjmin.php/home/index/left.html
INFO: [ app_init ] --START--
INFO: Run Behavior\BuildLiteBehavior [ RunTime:0.000016s ]
INFO: [ app_init ] --END-- [ RunTime:0.000379s ]
INFO: [ app_begin ] --START--
INFO: Run Behavior\ReadHtmlCacheBehavior [ RunTime:0.000655s ]
INFO: [ app_begin ] --END-- [ RunTime:0.002668s ]
INFO: [ view_parse ] --START--
INFO: [ template_filter ] --START--
INFO: Run Behavior\ContentReplaceBehavior [ RunTime:0.000053s ]
INFO: [ template_filter ] --END-- [ RunTime:0.000118s ]
INFO: Run Behavior\ParseTemplateBehavior [ RunTime:0.007875s ]
INFO: [ view_parse ] --END-- [ RunTime:0.007925s ]
INFO: [ view_filter ] --START--
INFO: Run Behavior\WriteHtmlCacheBehavior [ RunTime:0.000135s ]
INFO: [ view_filter ] --END-- [ RunTime:0.000169s ]
INFO: [ app_end ] --START--
INFO: Run Behavior\ShowPageTraceBehavior [ RunTime:0.000380s ]
INFO: [ app_end ] --END-- [ RunTime:0.000420s ]

[ 2017-10-19T13:33:18+08:00 ] 127.0.0.1 /admdgjmin.php/home/index/top.html
INFO: [ app_init ] --START--
INFO: Run Behavior\BuildLiteBehavior [ RunTime:0.000015s ]
INFO: [ app_init ] --END-- [ RunTime:0.000310s ]
INFO: [ app_begin ] --START--
INFO: Run Behavior\ReadHtmlCacheBehavior [ RunTime:0.000421s ]
INFO: [ app_begin ] --END-- [ RunTime:0.000505s ]
INFO: [ view_parse ] --START--
INFO: [ template_filter ] --START--
INFO: Run Behavior\ContentReplaceBehavior [ RunTime:0.000040s ]
INFO: [ template_filter ] --END-- [ RunTime:0.000106s ]
INFO: Run Behavior\ParseTemplateBehavior [ RunTime:0.005235s ]
INFO: [ view_parse ] --END-- [ RunTime:0.005296s ]
INFO: [ view_filter ] --START--
INFO: Run Behavior\WriteHtmlCacheBehavior [ RunTime:0.000130s ]
INFO: [ view_filter ] --END-- [ RunTime:0.000158s ]
INFO: [ app_end ] --START--
INFO: Run Behavior\ShowPageTraceBehavior [ RunTime:0.000395s ]
INFO: [ app_end ] --END-- [ RunTime:0.000434s ]

[ 2017-10-19T13:34:01+08:00 ] 127.0.0.1 /admdgjmin.php/Home/Shop/ly_list/type/0/
INFO: [ app_init ] --START--
INFO: Run Behavior\BuildLiteBehavior [ RunTime:0.000016s ]
INFO: [ app_init ] --END-- [ RunTime:0.000349s ]
INFO: [ app_begin ] --START--
INFO: Run Behavior\ReadHtmlCacheBehavior [ RunTime:0.000571s ]
INFO: [ app_begin ] --END-- [ RunTime:0.000637s ]
SQL: SHOW COLUMNS FROM `ot_message` [ RunTime:0.0016s ]
SQL: SELECT COUNT(*) AS tp_count FROM `ot_message` WHERE `zt` = 0 LIMIT 1   [ RunTime:0.0005s ]
SQL: SELECT * FROM `ot_message` WHERE `zt` = 0 ORDER BY MA_ID DESC LIMIT 0,100   [ RunTime:0.0004s ]
SQL: SHOW COLUMNS FROM `ot_user` [ RunTime:0.0020s ]
SQL: SELECT * FROM `ot_user` WHERE `UE_ID` = 62279 LIMIT 1   [ RunTime:0.0007s ]
INFO: [ view_parse ] --START--
INFO: [ template_filter ] --START--
INFO: Run Behavior\ContentReplaceBehavior [ RunTime:0.000047s ]
INFO: [ template_filter ] --END-- [ RunTime:0.000106s ]
INFO: Run Behavior\ParseTemplateBehavior [ RunTime:0.010028s ]
INFO: [ view_parse ] --END-- [ RunTime:0.010083s ]
INFO: [ view_filter ] --START--
INFO: Run Behavior\WriteHtmlCacheBehavior [ RunTime:0.000142s ]
INFO: [ view_filter ] --END-- [ RunTime:0.000188s ]
INFO: [ app_end ] --START--
INFO: Run Behavior\ShowPageTraceBehavior [ RunTime:0.000527s ]
INFO: [ app_end ] --END-- [ RunTime:0.000576s ]

[ 2017-10-19T13:34:02+08:00 ] 127.0.0.1 /admdgjmin.php/Home/Shop/ly_list_cl/id/92/
INFO: [ app_init ] --START--
INFO: Run Behavior\BuildLiteBehavior [ RunTime:0.000013s ]
INFO: [ app_init ] --END-- [ RunTime:0.000279s ]
INFO: [ app_begin ] --START--
INFO: Run Behavior\ReadHtmlCacheBehavior [ RunTime:0.000365s ]
INFO: [ app_begin ] --END-- [ RunTime:0.000407s ]
SQL: SHOW COLUMNS FROM `ot_message` [ RunTime:0.0012s ]
SQL: SELECT * FROM `ot_message` WHERE `MA_ID` = 92 LIMIT 1   [ RunTime:0.0004s ]
SQL: SHOW COLUMNS FROM `ot_user` [ RunTime:0.0019s ]
SQL: SELECT * FROM `ot_user` WHERE `UE_ID` = 62279 LIMIT 1   [ RunTime:0.0004s ]
INFO: [ view_parse ] --START--
INFO: [ template_filter ] --START--
INFO: Run Behavior\ContentReplaceBehavior [ RunTime:0.000050s ]
INFO: [ template_filter ] --END-- [ RunTime:0.000099s ]
NOTIC: [8] Undefined variable: page /data/wwwroot/mdgj/snadmin/Runtime/Cache/Home/e61b0e3ac45dbbe427e7bc40d38e997c.php 第 146 行.
INFO: Run Behavior\ParseTemplateBehavior [ RunTime:0.006864s ]
INFO: [ view_parse ] --END-- [ RunTime:0.006904s ]
INFO: [ view_filter ] --START--
INFO: Run Behavior\WriteHtmlCacheBehavior [ RunTime:0.000117s ]
INFO: [ view_filter ] --END-- [ RunTime:0.000152s ]
INFO: [ app_end ] --START--
INFO: Run Behavior\ShowPageTraceBehavior [ RunTime:0.000424s ]
INFO: [ app_end ] --END-- [ RunTime:0.000462s ]

[ 2017-10-19T13:34:11+08:00 ] 127.0.0.1 /admdgjmin.php/Home/Shop/ly_list_xgcl2
INFO: [ app_init ] --START--
INFO: Run Behavior\BuildLiteBehavior [ RunTime:0.000015s ]
INFO: [ app_init ] --END-- [ RunTime:0.000410s ]
INFO: [ app_begin ] --START--
INFO: Run Behavior\ReadHtmlCacheBehavior [ RunTime:0.000562s ]
INFO: [ app_begin ] --END-- [ RunTime:0.000621s ]
SQL: SHOW COLUMNS FROM `ot_message` [ RunTime:0.0015s ]
SQL: UPDATE `ot_message` SET `MA_reply`='zhidaole',`MA_replyTime`='2017-10-19 13:34:11',`zt`='1' WHERE `MA_ID` = 92 [ RunTime:0.0003s ]
INFO: [ view_parse ] --START--
INFO: [ template_filter ] --START--
INFO: Run Behavior\ContentReplaceBehavior [ RunTime:0.000040s ]
INFO: [ template_filter ] --END-- [ RunTime:0.000094s ]
INFO: Run Behavior\ParseTemplateBehavior [ RunTime:0.007652s ]
INFO: [ view_parse ] --END-- [ RunTime:0.007708s ]
INFO: [ view_filter ] --START--
INFO: Run Behavior\WriteHtmlCacheBehavior [ RunTime:0.000177s ]
INFO: [ view_filter ] --END-- [ RunTime:0.000224s ]
INFO: [ app_end ] --START--
INFO: Run Behavior\ShowPageTraceBehavior [ RunTime:0.000507s ]
INFO: [ app_end ] --END-- [ RunTime:0.000555s ]

[ 2017-10-19T13:34:12+08:00 ] 127.0.0.1 /admdgjmin.php/Home/Shop/ly_list_cl/id/92/
INFO: [ app_init ] --START--
INFO: Run Behavior\BuildLiteBehavior [ RunTime:0.000018s ]
INFO: [ app_init ] --END-- [ RunTime:0.000384s ]
INFO: [ app_begin ] --START--
INFO: Run Behavior\ReadHtmlCacheBehavior [ RunTime:0.000503s ]
INFO: [ app_begin ] --END-- [ RunTime:0.000559s ]
SQL: SHOW COLUMNS FROM `ot_message` [ RunTime:0.0016s ]
SQL: SELECT * FROM `ot_message` WHERE `MA_ID` = 92 LIMIT 1   [ RunTime:0.0003s ]
SQL: SHOW COLUMNS FROM `ot_user` [ RunTime:0.0022s ]
SQL: SELECT * FROM `ot_user` WHERE `UE_ID` = 62279 LIMIT 1   [ RunTime:0.0005s ]
INFO: [ view_parse ] --START--
INFO: [ template_filter ] --START--
INFO: Run Behavior\ContentReplaceBehavior [ RunTime:0.000064s ]
INFO: [ template_filter ] --END-- [ RunTime:0.000127s ]
NOTIC: [8] Undefined variable: page /data/wwwroot/mdgj/snadmin/Runtime/Cache/Home/e61b0e3ac45dbbe427e7bc40d38e997c.php 第 146 行.
INFO: Run Behavior\ParseTemplateBehavior [ RunTime:0.009161s ]
INFO: [ view_parse ] --END-- [ RunTime:0.009213s ]
INFO: [ view_filter ] --START--
INFO: Run Behavior\WriteHtmlCacheBehavior [ RunTime:0.000148s ]
INFO: [ view_filter ] --END-- [ RunTime:0.000195s ]
INFO: [ app_end ] --START--
INFO: Run Behavior\ShowPageTraceBehavior [ RunTime:0.000510s ]
INFO: [ app_end ] --END-- [ RunTime:0.000558s ]

[ 2017-10-19T13:34:13+08:00 ] 127.0.0.1 /admdgjmin.php/Home/Shop/ly_list/type/1/
INFO: [ app_init ] --START--
INFO: Run Behavior\BuildLiteBehavior [ RunTime:0.000015s ]
INFO: [ app_init ] --END-- [ RunTime:0.000370s ]
INFO: [ app_begin ] --START--
INFO: Run Behavior\ReadHtmlCacheBehavior [ RunTime:0.000517s ]
INFO: [ app_begin ] --END-- [ RunTime:0.000577s ]
SQL: SHOW COLUMNS FROM `ot_message` [ RunTime:0.0018s ]
SQL: SELECT COUNT(*) AS tp_count FROM `ot_message` WHERE `zt` = 1 LIMIT 1   [ RunTime:0.0005s ]
SQL: SELECT * FROM `ot_message` WHERE `zt` = 1 ORDER BY MA_ID DESC LIMIT 0,100   [ RunTime:0.0006s ]
SQL: SHOW COLUMNS FROM `ot_user` [ RunTime:0.0026s ]
SQL: SELECT * FROM `ot_user` WHERE `UE_ID` = 62279 LIMIT 1   [ RunTime:0.0006s ]
INFO: [ view_parse ] --START--
INFO: [ template_filter ] --START--
INFO: Run Behavior\ContentReplaceBehavior [ RunTime:0.000045s ]
INFO: [ template_filter ] --END-- [ RunTime:0.000099s ]
INFO: Run Behavior\ParseTemplateBehavior [ RunTime:0.009822s ]
INFO: [ view_parse ] --END-- [ RunTime:0.009879s ]
INFO: [ view_filter ] --START--
INFO: Run Behavior\WriteHtmlCacheBehavior [ RunTime:0.000196s ]
INFO: [ view_filter ] --END-- [ RunTime:0.000244s ]
INFO: [ app_end ] --START--
INFO: Run Behavior\ShowPageTraceBehavior [ RunTime:0.000507s ]
INFO: [ app_end ] --END-- [ RunTime:0.000555s ]

[ 2017-10-19T14:10:10+08:00 ] 127.0.0.1 /admdgjmin.php/home/index/userlist
INFO: [ app_init ] --START--
INFO: Run Behavior\BuildLiteBehavior [ RunTime:0.000011s ]
INFO: [ app_init ] --END-- [ RunTime:0.000271s ]
INFO: [ app_begin ] --START--
INFO: Run Behavior\ReadHtmlCacheBehavior [ RunTime:0.000517s ]
INFO: [ app_begin ] --END-- [ RunTime:0.000584s ]
SQL: SHOW COLUMNS FROM `ot_user` [ RunTime:0.0025s ]
NOTIC: [8] Undefined variable: map /data/wwwroot/mdgj/snadmin/Home/Controller/IndexController.class.php 第 436 行.
SQL: SELECT COUNT(*) AS tp_count FROM `ot_user` LIMIT 1   [ RunTime:0.0002s ]
NOTIC: [8] Undefined variable: map /data/wwwroot/mdgj/snadmin/Home/Controller/IndexController.class.php 第 441 行.
SQL: SELECT * FROM `ot_user` ORDER BY UE_ID LIMIT 0,20   [ RunTime:0.0010s ]
INFO: [ view_parse ] --START--
INFO: [ template_filter ] --START--
INFO: Run Behavior\ContentReplaceBehavior [ RunTime:0.000051s ]
INFO: [ template_filter ] --END-- [ RunTime:0.000114s ]
INFO: Run Behavior\ParseTemplateBehavior [ RunTime:0.011179s ]
INFO: [ view_parse ] --END-- [ RunTime:0.011228s ]
INFO: [ view_filter ] --START--
INFO: Run Behavior\WriteHtmlCacheBehavior [ RunTime:0.000122s ]
INFO: [ view_filter ] --END-- [ RunTime:0.000177s ]
INFO: [ app_end ] --START--
INFO: Run Behavior\ShowPageTraceBehavior [ RunTime:0.000430s ]
INFO: [ app_end ] --END-- [ RunTime:0.000469s ]

[ 2017-10-19T15:05:08+08:00 ] 127.0.0.1 /admdgjmin.php
INFO: [ app_init ] --START--
INFO: Run Behavior\BuildLiteBehavior [ RunTime:0.000036s ]
INFO: [ app_init ] --END-- [ RunTime:0.000729s ]
INFO: [ app_begin ] --START--
INFO: Run Behavior\ReadHtmlCacheBehavior [ RunTime:0.000826s ]
INFO: [ app_begin ] --END-- [ RunTime:0.000958s ]
INFO: [ view_parse ] --START--
INFO: [ template_filter ] --START--
INFO: Run Behavior\ContentReplaceBehavior [ RunTime:0.000048s ]
INFO: [ template_filter ] --END-- [ RunTime:0.000173s ]
INFO: Run Behavior\ParseTemplateBehavior [ RunTime:0.005808s ]
INFO: [ view_parse ] --END-- [ RunTime:0.005873s ]
INFO: [ view_filter ] --START--
INFO: Run Behavior\WriteHtmlCacheBehavior [ RunTime:0.000152s ]
INFO: [ view_filter ] --END-- [ RunTime:0.000193s ]
INFO: [ app_end ] --START--
INFO: Run Behavior\ShowPageTraceBehavior [ RunTime:0.000415s ]
INFO: [ app_end ] --END-- [ RunTime:0.000454s ]

[ 2017-10-19T15:05:08+08:00 ] 127.0.0.1 /admdgjmin.php/home/index/top.html
INFO: [ app_init ] --START--
INFO: Run Behavior\BuildLiteBehavior [ RunTime:0.000019s ]
INFO: [ app_init ] --END-- [ RunTime:0.000405s ]
INFO: [ app_begin ] --START--
INFO: Run Behavior\ReadHtmlCacheBehavior [ RunTime:0.000413s ]
INFO: [ app_begin ] --END-- [ RunTime:0.000472s ]
INFO: [ view_parse ] --START--
INFO: [ template_filter ] --START--
INFO: Run Behavior\ContentReplaceBehavior [ RunTime:0.000047s ]
INFO: [ template_filter ] --END-- [ RunTime:0.000164s ]
INFO: Run Behavior\ParseTemplateBehavior [ RunTime:0.013372s ]
INFO: [ view_parse ] --END-- [ RunTime:0.013441s ]
INFO: [ view_filter ] --START--
INFO: Run Behavior\WriteHtmlCacheBehavior [ RunTime:0.000122s ]
INFO: [ view_filter ] --END-- [ RunTime:0.000153s ]
INFO: [ app_end ] --START--
INFO: Run Behavior\ShowPageTraceBehavior [ RunTime:0.000387s ]
INFO: [ app_end ] --END-- [ RunTime:0.000421s ]

[ 2017-10-19T15:05:08+08:00 ] 127.0.0.1 /admdgjmin.php/home/index/counts
INFO: [ app_init ] --START--
INFO: Run Behavior\BuildLiteBehavior [ RunTime:0.000019s ]
INFO: [ app_init ] --END-- [ RunTime:0.000373s ]
INFO: [ app_begin ] --START--
INFO: Run Behavior\ReadHtmlCacheBehavior [ RunTime:0.000535s ]
INFO: [ app_begin ] --END-- [ RunTime:0.000604s ]
SQL: SHOW COLUMNS FROM `ot_user` [ RunTime:0.0022s ]
SQL: SELECT COUNT(*) AS tp_count FROM `ot_user` WHERE (  UNIX_TIMESTAMP('2017-10-19 00:00')<UNIX_TIMESTAMP(UE_regTime) and UNIX_TIMESTAMP(UE_regTime)<UNIX_TIMESTAMP('2017-10-20 00:00') ) LIMIT 1   [ RunTime:0.0004s ]
SQL: SELECT COUNT(*) AS tp_count FROM `ot_user` LIMIT 1   [ RunTime:0.0001s ]
SQL: SHOW COLUMNS FROM `ot_tgbz` [ RunTime:0.0012s ]
SQL: SELECT SUM(jb) AS tp_SUM FROM `ot_tgbz` LIMIT 1   [ RunTime:0.0002s ]
SQL: SHOW COLUMNS FROM `ot_jsbz` [ RunTime:0.0011s ]
SQL: SELECT SUM(jb) AS tp_SUM FROM `ot_jsbz` LIMIT 1   [ RunTime:0.0003s ]
SQL: SHOW COLUMNS FROM `ot_userget` [ RunTime:0.0009s ]
SQL: SELECT SUM(UG_money) AS tp_sum FROM `ot_userget` WHERE `UG_dataType` = 'jlj' LIMIT 1   [ RunTime:0.0004s ]
SQL: SELECT SUM(UG_money) AS tp_sum FROM `ot_userget` WHERE `UG_dataType` = 'tjj' LIMIT 1   [ RunTime:0.0002s ]
SQL: SHOW COLUMNS FROM `ot_ppdd` [ RunTime:0.0010s ]
SQL: SELECT SUM(jb) AS tp_sum FROM `ot_ppdd` WHERE `zt` = 2 LIMIT 1   [ RunTime:0.0002s ]
SQL: SELECT SUM(UG_money) AS tp_sum FROM `ot_userget` WHERE `UG_dataType` = 'tgbz' LIMIT 1   [ RunTime:0.0002s ]
NOTIC: [8] Undefined variable: i /data/wwwroot/mdgj/snadmin/Home/Controller/IndexController.class.php 第 173 行.
SQL: SHOW COLUMNS FROM `ot_user_jj` [ RunTime:0.0009s ]
SQL: SELECT * FROM `ot_user_jj` WHERE `zt` <> '1'  [ RunTime:0.0003s ]
SQL: SELECT * FROM `ot_user_jj` WHERE `id` = 2832 LIMIT 1   [ RunTime:0.0002s ]
SQL: SELECT * FROM `ot_user_jj` WHERE `id` = 2833 LIMIT 1   [ RunTime:0.0002s ]
NOTIC: [8] Undefined variable: i /data/wwwroot/mdgj/snadmin/Home/Controller/IndexController.class.php 第 174 行.
SQL: SELECT * FROM `ot_user_jj`  [ RunTime:0.0002s ]
SQL: SELECT * FROM `ot_user_jj` WHERE `id` = 2832 LIMIT 1   [ RunTime:0.0002s ]
SQL: SELECT * FROM `ot_user_jj` WHERE `id` = 2833 LIMIT 1   [ RunTime:0.0002s ]
SQL: SELECT * FROM `ot_user_jj` WHERE `id` = 2834 LIMIT 1   [ RunTime:0.0003s ]
SQL: SELECT * FROM `ot_user_jj` WHERE `id` = 2835 LIMIT 1   [ RunTime:0.0002s ]
SQL: SELECT * FROM `ot_user_jj` WHERE `id` = 2836 LIMIT 1   [ RunTime:0.0001s ]
SQL: SELECT * FROM `ot_user_jj` WHERE `id` = 2837 LIMIT 1   [ RunTime:0.0003s ]
SQL: SELECT * FROM `ot_user_jj` WHERE `id` = 2838 LIMIT 1   [ RunTime:0.0001s ]
SQL: SELECT * FROM `ot_user_jj` WHERE `id` = 2839 LIMIT 1   [ RunTime:0.0002s ]
SQL: SELECT * FROM `ot_user_jj` WHERE `id` = 2840 LIMIT 1   [ RunTime:0.0011s ]
SQL: SELECT * FROM `ot_user_jj` WHERE `id` = 2841 LIMIT 1   [ RunTime:0.0002s ]
SQL: SELECT * FROM `ot_user_jj` WHERE `id` = 2842 LIMIT 1   [ RunTime:0.0003s ]
SQL: SELECT * FROM `ot_user_jj` WHERE `id` = 2843 LIMIT 1   [ RunTime:0.0002s ]
INFO: [ view_parse ] --START--
INFO: [ template_filter ] --START--
INFO: Run Behavior\ContentReplaceBehavior [ RunTime:0.000051s ]
INFO: [ template_filter ] --END-- [ RunTime:0.000094s ]
NOTIC: [8] Undefined variable: userdata /data/wwwroot/mdgj/snadmin/Runtime/Cache/Home/9ae0c6321b7e9f4ae91a052f17ee4553.php 第 45 行.
NOTIC: [8] Undefined variable: page /data/wwwroot/mdgj/snadmin/Runtime/Cache/Home/9ae0c6321b7e9f4ae91a052f17ee4553.php 第 182 行.
INFO: Run Behavior\ParseTemplateBehavior [ RunTime:0.006017s ]
INFO: [ view_parse ] --END-- [ RunTime:0.006044s ]
INFO: [ view_filter ] --START--
INFO: Run Behavior\WriteHtmlCacheBehavior [ RunTime:0.000085s ]
INFO: [ view_filter ] --END-- [ RunTime:0.000132s ]
INFO: [ app_end ] --START--
INFO: Run Behavior\ShowPageTraceBehavior [ RunTime:0.000286s ]
INFO: [ app_end ] --END-- [ RunTime:0.000316s ]

[ 2017-10-19T15:05:08+08:00 ] 127.0.0.1 /admdgjmin.php/home/index/left.html
INFO: [ app_init ] --START--
INFO: Run Behavior\BuildLiteBehavior [ RunTime:0.000015s ]
INFO: [ app_init ] --END-- [ RunTime:0.000345s ]
INFO: [ app_begin ] --START--
INFO: Run Behavior\ReadHtmlCacheBehavior [ RunTime:0.000307s ]
INFO: [ app_begin ] --END-- [ RunTime:0.000352s ]
INFO: [ view_parse ] --START--
INFO: [ template_filter ] --START--
INFO: Run Behavior\ContentReplaceBehavior [ RunTime:0.000038s ]
INFO: [ template_filter ] --END-- [ RunTime:0.000082s ]
INFO: Run Behavior\ParseTemplateBehavior [ RunTime:0.009844s ]
INFO: [ view_parse ] --END-- [ RunTime:0.009917s ]
INFO: [ view_filter ] --START--
INFO: Run Behavior\WriteHtmlCacheBehavior [ RunTime:0.000305s ]
INFO: [ view_filter ] --END-- [ RunTime:0.000376s ]
INFO: [ app_end ] --START--
INFO: Run Behavior\ShowPageTraceBehavior [ RunTime:0.000376s ]
INFO: [ app_end ] --END-- [ RunTime:0.000406s ]

[ 2017-10-19T16:52:35+08:00 ] 127.0.0.1 /admdgjmin.php
INFO: [ app_init ] --START--
INFO: Run Behavior\BuildLiteBehavior [ RunTime:0.000018s ]
INFO: [ app_init ] --END-- [ RunTime:0.000433s ]
INFO: [ app_begin ] --START--
INFO: Run Behavior\ReadHtmlCacheBehavior [ RunTime:0.000601s ]
INFO: [ app_begin ] --END-- [ RunTime:0.000667s ]
INFO: [ view_parse ] --START--
INFO: [ template_filter ] --START--
INFO: Run Behavior\ContentReplaceBehavior [ RunTime:0.000050s ]
INFO: [ template_filter ] --END-- [ RunTime:0.000127s ]
INFO: Run Behavior\ParseTemplateBehavior [ RunTime:0.010822s ]
INFO: [ view_parse ] --END-- [ RunTime:0.010895s ]
INFO: [ view_filter ] --START--
INFO: Run Behavior\WriteHtmlCacheBehavior [ RunTime:0.000167s ]
INFO: [ view_filter ] --END-- [ RunTime:0.000224s ]

[ 2017-10-19T16:52:37+08:00 ] 127.0.0.1 /admdgjmin.php/Home/Login
INFO: [ app_init ] --START--
INFO: Run Behavior\BuildLiteBehavior [ RunTime:0.000017s ]
INFO: [ app_init ] --END-- [ RunTime:0.000354s ]
INFO: [ app_begin ] --START--
INFO: Run Behavior\ReadHtmlCacheBehavior [ RunTime:0.000730s ]
INFO: [ app_begin ] --END-- [ RunTime:0.000817s ]
INFO: [ view_parse ] --START--
INFO: [ template_filter ] --START--
INFO: Run Behavior\ContentReplaceBehavior [ RunTime:0.000045s ]
INFO: [ template_filter ] --END-- [ RunTime:0.000113s ]
INFO: Run Behavior\ParseTemplateBehavior [ RunTime:0.008902s ]
INFO: [ view_parse ] --END-- [ RunTime:0.008973s ]
INFO: [ view_filter ] --START--
INFO: Run Behavior\WriteHtmlCacheBehavior [ RunTime:0.000137s ]
INFO: [ view_filter ] --END-- [ RunTime:0.000185s ]
INFO: [ app_end ] --START--
INFO: Run Behavior\ShowPageTraceBehavior [ RunTime:0.000565s ]
INFO: [ app_end ] --END-- [ RunTime:0.000621s ]

[ 2017-10-19T16:52:42+08:00 ] 127.0.0.1 /admdgjmin.php/Home/Login/logincl
INFO: [ app_init ] --START--
INFO: Run Behavior\BuildLiteBehavior [ RunTime:0.000011s ]
INFO: [ app_init ] --END-- [ RunTime:0.000249s ]
INFO: [ app_begin ] --START--
INFO: Run Behavior\ReadHtmlCacheBehavior [ RunTime:0.000495s ]
INFO: [ app_begin ] --END-- [ RunTime:0.000567s ]
SQL: SHOW COLUMNS FROM `ot_member` [ RunTime:0.0016s ]
SQL: SELECT * FROM `ot_member` WHERE `MB_username` = 'admin' LIMIT 1   [ RunTime:0.0006s ]
SQL: SHOW COLUMNS FROM `ot_drrz` [ RunTime:0.0017s ]
SQL: INSERT INTO `ot_drrz` (`date`,`ip`,`user`,`leixin`) VALUES ('2017-10-19 16:52:42','115.60.190.79','admin','1') [ RunTime:0.0003s ]

[ 2017-10-19T16:52:43+08:00 ] 127.0.0.1 /admdgjmin.php/Home/Index/main
INFO: [ app_init ] --START--
INFO: Run Behavior\BuildLiteBehavior [ RunTime:0.000017s ]
INFO: [ app_init ] --END-- [ RunTime:0.000477s ]
INFO: [ app_begin ] --START--
INFO: Run Behavior\ReadHtmlCacheBehavior [ RunTime:0.000709s ]
INFO: [ app_begin ] --END-- [ RunTime:0.000794s ]
INFO: [ view_parse ] --START--
INFO: [ template_filter ] --START--
INFO: Run Behavior\ContentReplaceBehavior [ RunTime:0.000036s ]
INFO: [ template_filter ] --END-- [ RunTime:0.000099s ]
INFO: Run Behavior\ParseTemplateBehavior [ RunTime:0.006486s ]
INFO: [ view_parse ] --END-- [ RunTime:0.006557s ]
INFO: [ view_filter ] --START--
INFO: Run Behavior\WriteHtmlCacheBehavior [ RunTime:0.000133s ]
INFO: [ view_filter ] --END-- [ RunTime:0.000181s ]
INFO: [ app_end ] --START--
INFO: Run Behavior\ShowPageTraceBehavior [ RunTime:0.000506s ]
INFO: [ app_end ] --END-- [ RunTime:0.000554s ]

[ 2017-10-19T16:52:43+08:00 ] 127.0.0.1 /admdgjmin.php/home/index/left.html
INFO: [ app_init ] --START--
INFO: Run Behavior\BuildLiteBehavior [ RunTime:0.000015s ]
INFO: [ app_init ] --END-- [ RunTime:0.000402s ]
INFO: [ app_begin ] --START--
INFO: Run Behavior\ReadHtmlCacheBehavior [ RunTime:0.000455s ]
INFO: [ app_begin ] --END-- [ RunTime:0.000516s ]
INFO: [ view_parse ] --START--
INFO: [ template_filter ] --START--
INFO: Run Behavior\ContentReplaceBehavior [ RunTime:0.000045s ]
INFO: [ template_filter ] --END-- [ RunTime:0.000087s ]
INFO: Run Behavior\ParseTemplateBehavior [ RunTime:0.009176s ]
INFO: [ view_parse ] --END-- [ RunTime:0.009226s ]
INFO: [ view_filter ] --START--
INFO: Run Behavior\WriteHtmlCacheBehavior [ RunTime:0.000093s ]
INFO: [ view_filter ] --END-- [ RunTime:0.000123s ]
INFO: [ app_end ] --START--
INFO: Run Behavior\ShowPageTraceBehavior [ RunTime:0.000356s ]
INFO: [ app_end ] --END-- [ RunTime:0.000388s ]

[ 2017-10-19T16:52:43+08:00 ] 127.0.0.1 /admdgjmin.php/home/index/top.html
INFO: [ app_init ] --START--
INFO: Run Behavior\BuildLiteBehavior [ RunTime:0.000014s ]
INFO: [ app_init ] --END-- [ RunTime:0.000283s ]
INFO: [ app_begin ] --START--
INFO: Run Behavior\ReadHtmlCacheBehavior [ RunTime:0.000417s ]
INFO: [ app_begin ] --END-- [ RunTime:0.000468s ]
INFO: [ view_parse ] --START--
INFO: [ template_filter ] --START--
INFO: Run Behavior\ContentReplaceBehavior [ RunTime:0.000041s ]
INFO: [ template_filter ] --END-- [ RunTime:0.000128s ]
INFO: Run Behavior\ParseTemplateBehavior [ RunTime:0.005806s ]
INFO: [ view_parse ] --END-- [ RunTime:0.005861s ]
INFO: [ view_filter ] --START--
INFO: Run Behavior\WriteHtmlCacheBehavior [ RunTime:0.000124s ]
INFO: [ view_filter ] --END-- [ RunTime:0.000159s ]
INFO: [ app_end ] --START--
INFO: Run Behavior\ShowPageTraceBehavior [ RunTime:0.000443s ]
INFO: [ app_end ] --END-- [ RunTime:0.000484s ]

[ 2017-10-19T16:52:43+08:00 ] 127.0.0.1 /admdgjmin.php/home/index/counts
INFO: [ app_init ] --START--
INFO: Run Behavior\BuildLiteBehavior [ RunTime:0.000016s ]
INFO: [ app_init ] --END-- [ RunTime:0.000343s ]
INFO: [ app_begin ] --START--
INFO: Run Behavior\ReadHtmlCacheBehavior [ RunTime:0.000441s ]
INFO: [ app_begin ] --END-- [ RunTime:0.000497s ]
SQL: SHOW COLUMNS FROM `ot_user` [ RunTime:0.0017s ]
SQL: SELECT COUNT(*) AS tp_count FROM `ot_user` WHERE (  UNIX_TIMESTAMP('2017-10-19 00:00')<UNIX_TIMESTAMP(UE_regTime) and UNIX_TIMESTAMP(UE_regTime)<UNIX_TIMESTAMP('2017-10-20 00:00') ) LIMIT 1   [ RunTime:0.0004s ]
SQL: SELECT COUNT(*) AS tp_count FROM `ot_user` LIMIT 1   [ RunTime:0.0001s ]
SQL: SHOW COLUMNS FROM `ot_tgbz` [ RunTime:0.0011s ]
SQL: SELECT SUM(jb) AS tp_SUM FROM `ot_tgbz` LIMIT 1   [ RunTime:0.0002s ]
SQL: SHOW COLUMNS FROM `ot_jsbz` [ RunTime:0.0016s ]
SQL: SELECT SUM(jb) AS tp_SUM FROM `ot_jsbz` LIMIT 1   [ RunTime:0.0003s ]
SQL: SHOW COLUMNS FROM `ot_userget` [ RunTime:0.0018s ]
SQL: SELECT SUM(UG_money) AS tp_sum FROM `ot_userget` WHERE `UG_dataType` = 'jlj' LIMIT 1   [ RunTime:0.0003s ]
SQL: SELECT SUM(UG_money) AS tp_sum FROM `ot_userget` WHERE `UG_dataType` = 'tjj' LIMIT 1   [ RunTime:0.0003s ]
SQL: SHOW COLUMNS FROM `ot_ppdd` [ RunTime:0.0020s ]
SQL: SELECT SUM(jb) AS tp_sum FROM `ot_ppdd` WHERE `zt` = 2 LIMIT 1   [ RunTime:0.0004s ]
SQL: SELECT SUM(UG_money) AS tp_sum FROM `ot_userget` WHERE `UG_dataType` = 'tgbz' LIMIT 1   [ RunTime:0.0001s ]
NOTIC: [8] Undefined variable: i /data/wwwroot/mdgj/snadmin/Home/Controller/IndexController.class.php 第 173 行.
SQL: SHOW COLUMNS FROM `ot_user_jj` [ RunTime:0.0014s ]
SQL: SELECT * FROM `ot_user_jj` WHERE `zt` <> '1'  [ RunTime:0.0003s ]
SQL: SELECT * FROM `ot_user_jj` WHERE `id` = 2832 LIMIT 1   [ RunTime:0.0003s ]
SQL: SELECT * FROM `ot_user_jj` WHERE `id` = 2833 LIMIT 1   [ RunTime:0.0002s ]
NOTIC: [8] Undefined variable: i /data/wwwroot/mdgj/snadmin/Home/Controller/IndexController.class.php 第 174 行.
SQL: SELECT * FROM `ot_user_jj`  [ RunTime:0.0002s ]
SQL: SELECT * FROM `ot_user_jj` WHERE `id` = 2832 LIMIT 1   [ RunTime:0.0002s ]
SQL: SELECT * FROM `ot_user_jj` WHERE `id` = 2833 LIMIT 1   [ RunTime:0.0001s ]
SQL: SELECT * FROM `ot_user_jj` WHERE `id` = 2834 LIMIT 1   [ RunTime:0.0001s ]
SQL: SELECT * FROM `ot_user_jj` WHERE `id` = 2835 LIMIT 1   [ RunTime:0.0002s ]
SQL: SELECT * FROM `ot_user_jj` WHERE `id` = 2836 LIMIT 1   [ RunTime:0.0002s ]
SQL: SELECT * FROM `ot_user_jj` WHERE `id` = 2837 LIMIT 1   [ RunTime:0.0003s ]
SQL: SELECT * FROM `ot_user_jj` WHERE `id` = 2838 LIMIT 1   [ RunTime:0.0003s ]
SQL: SELECT * FROM `ot_user_jj` WHERE `id` = 2839 LIMIT 1   [ RunTime:0.0003s ]
SQL: SELECT * FROM `ot_user_jj` WHERE `id` = 2840 LIMIT 1   [ RunTime:0.0002s ]
SQL: SELECT * FROM `ot_user_jj` WHERE `id` = 2841 LIMIT 1   [ RunTime:0.0004s ]
SQL: SELECT * FROM `ot_user_jj` WHERE `id` = 2842 LIMIT 1   [ RunTime:0.0003s ]
SQL: SELECT * FROM `ot_user_jj` WHERE `id` = 2843 LIMIT 1   [ RunTime:0.0003s ]
INFO: [ view_parse ] --START--
INFO: [ template_filter ] --START--
INFO: Run Behavior\ContentReplaceBehavior [ RunTime:0.000053s ]
INFO: [ template_filter ] --END-- [ RunTime:0.000135s ]
NOTIC: [8] Undefined variable: userdata /data/wwwroot/mdgj/snadmin/Runtime/Cache/Home/9ae0c6321b7e9f4ae91a052f17ee4553.php 第 45 行.
NOTIC: [8] Undefined variable: page /data/wwwroot/mdgj/snadmin/Runtime/Cache/Home/9ae0c6321b7e9f4ae91a052f17ee4553.php 第 182 行.
INFO: Run Behavior\ParseTemplateBehavior [ RunTime:0.014419s ]
INFO: [ view_parse ] --END-- [ RunTime:0.014452s ]
INFO: [ view_filter ] --START--
INFO: Run Behavior\WriteHtmlCacheBehavior [ RunTime:0.000100s ]
INFO: [ view_filter ] --END-- [ RunTime:0.000126s ]
INFO: [ app_end ] --START--
INFO: Run Behavior\ShowPageTraceBehavior [ RunTime:0.000325s ]
INFO: [ app_end ] --END-- [ RunTime:0.000358s ]

[ 2017-10-19T16:52:45+08:00 ] 127.0.0.1 /admdgjmin.php/home/index/userlist
INFO: [ app_init ] --START--
INFO: Run Behavior\BuildLiteBehavior [ RunTime:0.000037s ]
INFO: [ app_init ] --END-- [ RunTime:0.000372s ]
INFO: [ app_begin ] --START--
INFO: Run Behavior\ReadHtmlCacheBehavior [ RunTime:0.000277s ]
INFO: [ app_begin ] --END-- [ RunTime:0.000316s ]
SQL: SHOW COLUMNS FROM `ot_user` [ RunTime:0.0015s ]
NOTIC: [8] Undefined variable: map /data/wwwroot/mdgj/snadmin/Home/Controller/IndexController.class.php 第 436 行.
SQL: SELECT COUNT(*) AS tp_count FROM `ot_user` LIMIT 1   [ RunTime:0.0003s ]
NOTIC: [8] Undefined variable: map /data/wwwroot/mdgj/snadmin/Home/Controller/IndexController.class.php 第 441 行.
SQL: SELECT * FROM `ot_user` ORDER BY UE_ID LIMIT 0,20   [ RunTime:0.0007s ]
INFO: [ view_parse ] --START--
INFO: [ template_filter ] --START--
INFO: Run Behavior\ContentReplaceBehavior [ RunTime:0.000042s ]
INFO: [ template_filter ] --END-- [ RunTime:0.000101s ]
INFO: Run Behavior\ParseTemplateBehavior [ RunTime:0.009863s ]
INFO: [ view_parse ] --END-- [ RunTime:0.009929s ]
INFO: [ view_filter ] --START--
INFO: Run Behavior\WriteHtmlCacheBehavior [ RunTime:0.000149s ]
INFO: [ view_filter ] --END-- [ RunTime:0.000179s ]
INFO: [ app_end ] --START--
INFO: Run Behavior\ShowPageTraceBehavior [ RunTime:0.000353s ]
INFO: [ app_end ] --END-- [ RunTime:0.000385s ]

[ 2017-10-19T16:56:43+08:00 ] 127.0.0.1 /admdgjmin.php/home/index/tgbz_list
INFO: [ app_init ] --START--
INFO: Run Behavior\BuildLiteBehavior [ RunTime:0.000016s ]
INFO: [ app_init ] --END-- [ RunTime:0.000353s ]
INFO: [ app_begin ] --START--
INFO: Run Behavior\ReadHtmlCacheBehavior [ RunTime:0.000538s ]
INFO: [ app_begin ] --END-- [ RunTime:0.000593s ]
SQL: SHOW COLUMNS FROM `ot_tgbz` [ RunTime:0.0016s ]
SQL: SELECT SUM(jb) AS tp_sum FROM `ot_tgbz` LIMIT 1   [ RunTime:0.0003s ]
SQL: SELECT SUM(jb) AS tp_sum FROM `ot_tgbz` WHERE `zt` = 1 LIMIT 1   [ RunTime:0.0002s ]
SQL: SELECT SUM(jb) AS tp_sum FROM `ot_tgbz` WHERE `zt` <> 1 LIMIT 1   [ RunTime:0.0001s ]
SQL: SELECT COUNT(*) AS tp_count FROM `ot_tgbz` WHERE `zt` = 0 LIMIT 1   [ RunTime:0.0001s ]
SQL: SELECT * FROM `ot_tgbz` WHERE `zt` = 0 ORDER BY date  LIMIT 0,20   [ RunTime:0.0005s ]
INFO: [ view_parse ] --START--
INFO: [ template_filter ] --START--
INFO: Run Behavior\ContentReplaceBehavior [ RunTime:0.000038s ]
INFO: [ template_filter ] --END-- [ RunTime:0.000090s ]
INFO: Run Behavior\ParseTemplateBehavior [ RunTime:0.033078s ]
INFO: [ view_parse ] --END-- [ RunTime:0.033130s ]
INFO: [ view_filter ] --START--
INFO: Run Behavior\WriteHtmlCacheBehavior [ RunTime:0.000114s ]
INFO: [ view_filter ] --END-- [ RunTime:0.000151s ]
INFO: [ app_end ] --START--
INFO: Run Behavior\ShowPageTraceBehavior [ RunTime:0.000422s ]
INFO: [ app_end ] --END-- [ RunTime:0.000463s ]

[ 2017-10-19T16:56:44+08:00 ] 127.0.0.1 /admdgjmin.php/Home/Index/tgbz_list_sd/id/3226/
INFO: [ app_init ] --START--
INFO: Run Behavior\BuildLiteBehavior [ RunTime:0.000015s ]
INFO: [ app_init ] --END-- [ RunTime:0.000352s ]
INFO: [ app_begin ] --START--
INFO: Run Behavior\ReadHtmlCacheBehavior [ RunTime:0.000535s ]
INFO: [ app_begin ] --END-- [ RunTime:0.000598s ]
SQL: SHOW COLUMNS FROM `ot_tgbz` [ RunTime:0.0016s ]
SQL: SELECT * FROM `ot_tgbz` WHERE `id` = 3226 AND `zt` = 0 LIMIT 1   [ RunTime:0.0005s ]
SQL: SELECT * FROM `ot_tgbz` WHERE `id` = 3226 LIMIT 1   [ RunTime:0.0005s ]
SQL: SHOW COLUMNS FROM `ot_jsbz` [ RunTime:0.0015s ]
SQL: SELECT COUNT(*) AS tp_count FROM `ot_jsbz` WHERE `zt` = 0 LIMIT 1   [ RunTime:0.0004s ]
SQL: SELECT * FROM `ot_jsbz` WHERE `zt` = 0 ORDER BY date  LIMIT 0,20   [ RunTime:0.0006s ]
INFO: [ view_parse ] --START--
INFO: [ template_filter ] --START--
INFO: Run Behavior\ContentReplaceBehavior [ RunTime:0.000060s ]
INFO: [ template_filter ] --END-- [ RunTime:0.000124s ]
NOTIC: [8] Use of undefined constant c - assumed 'c' /data/wwwroot/mdgj/snadmin/Runtime/Cache/Home/b6bc91de73322f1c4b40b466525bcd72.php 第 51 行.
NOTIC: [8] Use of undefined constant a - assumed 'a' /data/wwwroot/mdgj/snadmin/Runtime/Cache/Home/b6bc91de73322f1c4b40b466525bcd72.php 第 51 行.
NOTIC: [8] Use of undefined constant b - assumed 'b' /data/wwwroot/mdgj/snadmin/Runtime/Cache/Home/b6bc91de73322f1c4b40b466525bcd72.php 第 88 行.
NOTIC: [8] Use of undefined constant c - assumed 'c' /data/wwwroot/mdgj/snadmin/Home/Common/function.php 第 789 行.
SQL: SHOW COLUMNS FROM `ot_ppdd` [ RunTime:0.0018s ]
NOTIC: [8] Use of undefined constant a - assumed 'a' /data/wwwroot/mdgj/snadmin/Home/Common/function.php 第 791 行.
SQL: SELECT * FROM `ot_ppdd` WHERE `p_user` = '13995816630'  [ RunTime:0.0006s ]
NOTIC: [8] Undefined variable: check_array /data/wwwroot/mdgj/snadmin/Runtime/Cache/Home/b6bc91de73322f1c4b40b466525bcd72.php 第 109 行.
NOTIC: [2] in_array() expects parameter 2 to be array, null given /data/wwwroot/mdgj/snadmin/Runtime/Cache/Home/b6bc91de73322f1c4b40b466525bcd72.php 第 109 行.
INFO: Run Behavior\ParseTemplateBehavior [ RunTime:0.021202s ]
INFO: [ view_parse ] --END-- [ RunTime:0.021271s ]
INFO: [ view_filter ] --START--
INFO: Run Behavior\WriteHtmlCacheBehavior [ RunTime:0.000212s ]
INFO: [ view_filter ] --END-- [ RunTime:0.000259s ]
INFO: [ app_end ] --START--
INFO: Run Behavior\ShowPageTraceBehavior [ RunTime:0.000618s ]
INFO: [ app_end ] --END-- [ RunTime:0.000669s ]

[ 2017-10-19T16:56:46+08:00 ] 127.0.0.1 /admdgjmin.php/Home/Index/tgbz_list_sd_cookie.html?id=,2280,&money=1000
INFO: [ app_init ] --START--
INFO: Run Behavior\BuildLiteBehavior [ RunTime:0.000011s ]
INFO: [ app_init ] --END-- [ RunTime:0.000260s ]
INFO: [ app_begin ] --START--
INFO: Run Behavior\ReadHtmlCacheBehavior [ RunTime:0.000324s ]
INFO: [ app_begin ] --END-- [ RunTime:0.000357s ]
INFO: [ app_end ] --START--
INFO: Run Behavior\ShowPageTraceBehavior [ RunTime:0.000328s ]
INFO: [ app_end ] --END-- [ RunTime:0.000370s ]

[ 2017-10-19T16:56:53+08:00 ] 127.0.0.1 /admdgjmin.php/Home/Index/tgbz_list_sd_cl
INFO: [ app_init ] --START--
INFO: Run Behavior\BuildLiteBehavior [ RunTime:0.000016s ]
INFO: [ app_init ] --END-- [ RunTime:0.000381s ]
INFO: [ app_begin ] --START--
INFO: Run Behavior\ReadHtmlCacheBehavior [ RunTime:0.000483s ]
INFO: [ app_begin ] --END-- [ RunTime:0.000542s ]
SQL: SHOW COLUMNS FROM `ot_tgbz` [ RunTime:0.0016s ]
SQL: SELECT * FROM `ot_tgbz` WHERE `id` = 3226 LIMIT 1   [ RunTime:0.0004s ]
SQL: SHOW COLUMNS FROM `ot_jsbz` [ RunTime:0.0016s ]
SQL: SELECT * FROM `ot_jsbz` WHERE `id` = 0 LIMIT 1   [ RunTime:0.0003s ]
SQL: SELECT * FROM `ot_jsbz` WHERE `id` = 2280 LIMIT 1   [ RunTime:0.0002s ]
SQL: SELECT * FROM `ot_jsbz` WHERE `id` = 0 LIMIT 1   [ RunTime:0.0001s ]
SQL: SELECT * FROM `ot_jsbz` WHERE `id` = 2280 AND `zt` = 0 LIMIT 1   [ RunTime:0.0001s ]
SQL: SELECT * FROM `ot_tgbz` WHERE `id` = 3226 LIMIT 1   [ RunTime:0.0002s ]
SQL: SHOW COLUMNS FROM `ot_user` [ RunTime:0.0025s ]
SQL: UPDATE `ot_user` SET `pp_user`='18439895928' WHERE `UE_account` = '13995816630' [ RunTime:0.0005s ]
SQL: UPDATE `ot_user` SET `pp_user`='13995816630' WHERE `UE_account` = '18439895928' [ RunTime:0.0002s ]
SQL: UPDATE `ot_tgbz` SET `zt`='1' WHERE `id` = 3226 AND `zt` = 0 [ RunTime:0.0002s ]
SQL: UPDATE `ot_jsbz` SET `zt`='1' WHERE `id` = 2280 AND `zt` = 0 [ RunTime:0.0002s ]
SQL: SHOW COLUMNS FROM `ot_user_jj` [ RunTime:0.0014s ]
SQL: UPDATE `ot_user_jj` SET `zt`='3' WHERE `tgbz_id` = 3226 [ RunTime:0.0004s ]
SQL: SHOW COLUMNS FROM `ot_ppdd` [ RunTime:0.0015s ]
SQL: INSERT INTO `ot_ppdd` (`p_id`,`g_id`,`jb`,`p_user`,`g_user`,`date`,`date1`,`zt`,`pic`,`zffs1`,`zffs2`,`zffs3`) VALUES ('3226','2280','1000','13995816630','18439895928','2017-10-19 16:56:46','2017-10-19 16:56:46','0','0','1','1','1') [ RunTime:0.0005s ]
SQL: UPDATE `ot_user_jj` SET `r_id`='1494' WHERE `tgbz_id` = 3226 [ RunTime:0.0005s ]
SQL: SELECT * FROM `ot_user` WHERE `UE_account` = '18439895928' LIMIT 1   [ RunTime:0.0007s ]
SQL: SELECT * FROM `ot_user` WHERE `UE_account` = '13995816630' LIMIT 1   [ RunTime:0.0007s ]
SQL: UPDATE `ot_tgbz` SET `cf_ds`=cf_ds+1 WHERE `id` = 3226 [ RunTime:0.0337s ]
SQL: SELECT * FROM `ot_tgbz` WHERE `id` = 3226 LIMIT 1   [ RunTime:0.0005s ]
SQL: SELECT * FROM `ot_ppdd` WHERE `p_id` = '3226'  [ RunTime:0.0005s ]
SQL: DELETE FROM `ot_tgbz` WHERE `id` = 3226 [ RunTime:0.0005s ]
NOTIC: [8] Undefined index: chaifen /data/wwwroot/mdgj/snadmin/Home/Controller/IndexController.class.php 第 1684 行.
NOTIC: [8] Undefined variable: ppddxx2 /data/wwwroot/mdgj/snadmin/Home/Controller/IndexController.class.php 第 1687 行.
SQL: INSERT INTO `ot_tgbz` (`zffs1`,`zffs2`,`zffs3`,`user`,`jb`,`yid`,`yjb`,`date1`,`date2`,`user_nc`,`user_tjr`,`date`,`zt`,`qr_zt`) VALUES ('1','1','1','13995816630','1000','1000','1000','2017-10-19 16:53:52','2017-10-19 16:53:52','管理员','V3财富','2017-10-19 16:53:52','1','0') [ RunTime:0.0005s ]
SQL: UPDATE `ot_ppdd` SET `p_id`='3227' WHERE `id` = 1494 [ RunTime:0.0006s ]
SQL: UPDATE `ot_user_jj` SET `zt`='3' WHERE `tgbz_id` = 3226 [ RunTime:0.0005s ]
NOTIC: [8] Undefined variable: usercf /data/wwwroot/mdgj/snadmin/Home/Controller/IndexController.class.php 第 1710 行.
INFO: [ view_parse ] --START--
INFO: [ template_filter ] --START--
INFO: Run Behavior\ContentReplaceBehavior [ RunTime:0.000043s ]
INFO: [ template_filter ] --END-- [ RunTime:0.000103s ]
INFO: Run Behavior\ParseTemplateBehavior [ RunTime:0.007685s ]
INFO: [ view_parse ] --END-- [ RunTime:0.007741s ]
INFO: [ view_filter ] --START--
INFO: Run Behavior\WriteHtmlCacheBehavior [ RunTime:0.000161s ]
INFO: [ view_filter ] --END-- [ RunTime:0.000209s ]
INFO: [ app_end ] --START--
INFO: Run Behavior\ShowPageTraceBehavior [ RunTime:0.000553s ]
INFO: [ app_end ] --END-- [ RunTime:0.000602s ]

[ 2017-10-19T16:56:54+08:00 ] 127.0.0.1 /admdgjmin.php/Home/Index/tgbz_list_sd/id/3226/
INFO: [ app_init ] --START--
INFO: Run Behavior\BuildLiteBehavior [ RunTime:0.000016s ]
INFO: [ app_init ] --END-- [ RunTime:0.000350s ]
INFO: [ app_begin ] --START--
INFO: Run Behavior\ReadHtmlCacheBehavior [ RunTime:0.000487s ]
INFO: [ app_begin ] --END-- [ RunTime:0.000541s ]
SQL: SHOW COLUMNS FROM `ot_tgbz` [ RunTime:0.0016s ]
SQL: SELECT * FROM `ot_tgbz` WHERE `id` = 3226 AND `zt` = 0 LIMIT 1   [ RunTime:0.0003s ]
SQL: SELECT * FROM `ot_tgbz` WHERE `id` = 3226 LIMIT 1   [ RunTime:0.0002s ]
SQL: SHOW COLUMNS FROM `ot_jsbz` [ RunTime:0.0014s ]
SQL: SELECT COUNT(*) AS tp_count FROM `ot_jsbz` WHERE `zt` = 0 LIMIT 1   [ RunTime:0.0002s ]
SQL: SELECT * FROM `ot_jsbz` WHERE `zt` = 0 ORDER BY date  LIMIT 0,20   [ RunTime:0.0003s ]
INFO: [ view_parse ] --START--
INFO: [ template_filter ] --START--
INFO: Run Behavior\ContentReplaceBehavior [ RunTime:0.000058s ]
INFO: [ template_filter ] --END-- [ RunTime:0.000117s ]
NOTIC: [8] Use of undefined constant c - assumed 'c' /data/wwwroot/mdgj/snadmin/Runtime/Cache/Home/b6bc91de73322f1c4b40b466525bcd72.php 第 51 行.
NOTIC: [8] Use of undefined constant a - assumed 'a' /data/wwwroot/mdgj/snadmin/Runtime/Cache/Home/b6bc91de73322f1c4b40b466525bcd72.php 第 51 行.
INFO: Run Behavior\ParseTemplateBehavior [ RunTime:0.013186s ]
INFO: [ view_parse ] --END-- [ RunTime:0.013239s ]
INFO: [ view_filter ] --START--
INFO: Run Behavior\WriteHtmlCacheBehavior [ RunTime:0.000161s ]
INFO: [ view_filter ] --END-- [ RunTime:0.000209s ]
INFO: [ app_end ] --START--
INFO: Run Behavior\ShowPageTraceBehavior [ RunTime:0.000507s ]
INFO: [ app_end ] --END-- [ RunTime:0.000555s ]

[ 2017-10-19T16:59:19+08:00 ] 127.0.0.1 /admdgjmin.php/home/index/tgbz_list
INFO: [ app_init ] --START--
INFO: Run Behavior\BuildLiteBehavior [ RunTime:0.000016s ]
INFO: [ app_init ] --END-- [ RunTime:0.000365s ]
INFO: [ app_begin ] --START--
INFO: Run Behavior\ReadHtmlCacheBehavior [ RunTime:0.000477s ]
INFO: [ app_begin ] --END-- [ RunTime:0.000532s ]
SQL: SHOW COLUMNS FROM `ot_tgbz` [ RunTime:0.0017s ]
SQL: SELECT SUM(jb) AS tp_sum FROM `ot_tgbz` LIMIT 1   [ RunTime:0.0004s ]
SQL: SELECT SUM(jb) AS tp_sum FROM `ot_tgbz` WHERE `zt` = 1 LIMIT 1   [ RunTime:0.0003s ]
SQL: SELECT SUM(jb) AS tp_sum FROM `ot_tgbz` WHERE `zt` <> 1 LIMIT 1   [ RunTime:0.0002s ]
SQL: SELECT COUNT(*) AS tp_count FROM `ot_tgbz` WHERE `zt` = 0 LIMIT 1   [ RunTime:0.0002s ]
SQL: SELECT * FROM `ot_tgbz` WHERE `zt` = 0 ORDER BY date  LIMIT 0,20   [ RunTime:0.0005s ]
INFO: [ view_parse ] --START--
INFO: [ template_filter ] --START--
INFO: Run Behavior\ContentReplaceBehavior [ RunTime:0.000054s ]
INFO: [ template_filter ] --END-- [ RunTime:0.000110s ]
INFO: Run Behavior\ParseTemplateBehavior [ RunTime:0.010637s ]
INFO: [ view_parse ] --END-- [ RunTime:0.010692s ]
INFO: [ view_filter ] --START--
INFO: Run Behavior\WriteHtmlCacheBehavior [ RunTime:0.000109s ]
INFO: [ view_filter ] --END-- [ RunTime:0.000146s ]
INFO: [ app_end ] --START--
INFO: Run Behavior\ShowPageTraceBehavior [ RunTime:0.000431s ]
INFO: [ app_end ] --END-- [ RunTime:0.000470s ]

[ 2017-10-19T16:59:21+08:00 ] 127.0.0.1 /admdgjmin.php/home/index/userlist
INFO: [ app_init ] --START--
INFO: Run Behavior\BuildLiteBehavior [ RunTime:0.000016s ]
INFO: [ app_init ] --END-- [ RunTime:0.000355s ]
INFO: [ app_begin ] --START--
INFO: Run Behavior\ReadHtmlCacheBehavior [ RunTime:0.000543s ]
INFO: [ app_begin ] --END-- [ RunTime:0.000601s ]
SQL: SHOW COLUMNS FROM `ot_user` [ RunTime:0.0027s ]
NOTIC: [8] Undefined variable: map /data/wwwroot/mdgj/snadmin/Home/Controller/IndexController.class.php 第 436 行.
SQL: SELECT COUNT(*) AS tp_count FROM `ot_user` LIMIT 1   [ RunTime:0.0003s ]
NOTIC: [8] Undefined variable: map /data/wwwroot/mdgj/snadmin/Home/Controller/IndexController.class.php 第 441 行.
SQL: SELECT * FROM `ot_user` ORDER BY UE_ID LIMIT 0,20   [ RunTime:0.0011s ]
INFO: [ view_parse ] --START--
INFO: [ template_filter ] --START--
INFO: Run Behavior\ContentReplaceBehavior [ RunTime:0.000057s ]
INFO: [ template_filter ] --END-- [ RunTime:0.000119s ]
INFO: Run Behavior\ParseTemplateBehavior [ RunTime:0.014196s ]
INFO: [ view_parse ] --END-- [ RunTime:0.014258s ]
INFO: [ view_filter ] --START--
INFO: Run Behavior\WriteHtmlCacheBehavior [ RunTime:0.000145s ]
INFO: [ view_filter ] --END-- [ RunTime:0.000192s ]
INFO: [ app_end ] --START--
INFO: Run Behavior\ShowPageTraceBehavior [ RunTime:0.000516s ]
INFO: [ app_end ] --END-- [ RunTime:0.000581s ]

[ 2017-10-19T17:11:33+08:00 ] 127.0.0.1 /admdgjmin.php/Home/Index/user_xg/user/13995816630
INFO: [ app_init ] --START--
INFO: Run Behavior\BuildLiteBehavior [ RunTime:0.000015s ]
INFO: [ app_init ] --END-- [ RunTime:0.000353s ]
INFO: [ app_begin ] --START--
INFO: Run Behavior\ReadHtmlCacheBehavior [ RunTime:0.000546s ]
INFO: [ app_begin ] --END-- [ RunTime:0.000602s ]
SQL: SHOW COLUMNS FROM `ot_user` [ RunTime:0.0025s ]
SQL: SELECT * FROM `ot_user` WHERE `UE_account` = '13995816630' LIMIT 1   [ RunTime:0.0008s ]
INFO: [ view_parse ] --START--
INFO: [ template_filter ] --START--
INFO: Run Behavior\ContentReplaceBehavior [ RunTime:0.000056s ]
INFO: [ template_filter ] --END-- [ RunTime:0.000123s ]
NOTIC: [8] Undefined index: UE_status /data/wwwroot/mdgj/snadmin/Runtime/Cache/Home/fdecce1d2352835d47fe59d85dad0b52.php 第 34 行.
INFO: Run Behavior\ParseTemplateBehavior [ RunTime:0.033462s ]
INFO: [ view_parse ] --END-- [ RunTime:0.033517s ]
INFO: [ view_filter ] --START--
INFO: Run Behavior\WriteHtmlCacheBehavior [ RunTime:0.000146s ]
INFO: [ view_filter ] --END-- [ RunTime:0.000193s ]
INFO: [ app_end ] --START--
INFO: Run Behavior\ShowPageTraceBehavior [ RunTime:0.000533s ]
INFO: [ app_end ] --END-- [ RunTime:0.000584s ]

[ 2017-10-19T17:11:50+08:00 ] 127.0.0.1 /admdgjmin.php/home/index/pin_add
INFO: [ app_init ] --START--
INFO: Run Behavior\BuildLiteBehavior [ RunTime:0.000016s ]
INFO: [ app_init ] --END-- [ RunTime:0.000351s ]
INFO: [ app_begin ] --START--
INFO: Run Behavior\ReadHtmlCacheBehavior [ RunTime:0.000499s ]
INFO: [ app_begin ] --END-- [ RunTime:0.000558s ]
INFO: [ view_parse ] --START--
INFO: [ template_filter ] --START--
INFO: Run Behavior\ContentReplaceBehavior [ RunTime:0.000051s ]
INFO: [ template_filter ] --END-- [ RunTime:0.000117s ]
NOTIC: [8] Undefined variable: page /data/wwwroot/mdgj/snadmin/Runtime/Cache/Home/0c3d8045a52e341f6f6890f67ea70989.php 第 107 行.
INFO: Run Behavior\ParseTemplateBehavior [ RunTime:0.026765s ]
INFO: [ view_parse ] --END-- [ RunTime:0.026828s ]
INFO: [ view_filter ] --START--
INFO: Run Behavior\WriteHtmlCacheBehavior [ RunTime:0.000137s ]
INFO: [ view_filter ] --END-- [ RunTime:0.000182s ]
INFO: [ app_end ] --START--
INFO: Run Behavior\ShowPageTraceBehavior [ RunTime:0.000580s ]
INFO: [ app_end ] --END-- [ RunTime:0.000631s ]

[ 2017-10-19T17:11:53+08:00 ] 127.0.0.1 /admdgjmin.php/Home/Index/pin_add_cl
INFO: [ app_init ] --START--
INFO: Run Behavior\BuildLiteBehavior [ RunTime:0.000016s ]
INFO: [ app_init ] --END-- [ RunTime:0.000355s ]
INFO: [ app_begin ] --START--
INFO: Run Behavior\ReadHtmlCacheBehavior [ RunTime:0.000518s ]
INFO: [ app_begin ] --END-- [ RunTime:0.000580s ]
SQL: SHOW COLUMNS FROM `ot_user` [ RunTime:0.0024s ]
NOTIC: [8] Use of undefined constant UE_account - assumed 'UE_account' /data/wwwroot/mdgj/snadmin/Home/Controller/IndexController.class.php 第 1157 行.
SQL: SELECT * FROM `ot_user` WHERE `UE_account` = '18439895928' LIMIT 1   [ RunTime:0.0004s ]
SQL: SHOW COLUMNS FROM `ot_pin` [ RunTime:0.0010s ]
SQL: SELECT * FROM `ot_pin` WHERE `pin` = '4b2204bf87adc95731777b084f229e89' LIMIT 1   [ RunTime:0.0002s ]
SQL: INSERT INTO `ot_pin` (`user`,`pin`,`zt`,`sc_date`) VALUES ('18439895928','4b2204bf87adc95731777b084f229e89','0','2017-10-19 17:11:53') [ RunTime:0.0002s ]
SQL: SELECT * FROM `ot_pin` WHERE `pin` = '10e63a34e408eeb5fa3f86c130d97bd5' LIMIT 1   [ RunTime:0.0001s ]
SQL: INSERT INTO `ot_pin` (`user`,`pin`,`zt`,`sc_date`) VALUES ('18439895928','10e63a34e408eeb5fa3f86c130d97bd5','0','2017-10-19 17:11:53') [ RunTime:0.0001s ]
SQL: SELECT * FROM `ot_pin` WHERE `pin` = '0f5eab3c8964263bc12f491729b141d8' LIMIT 1   [ RunTime:0.0001s ]
SQL: INSERT INTO `ot_pin` (`user`,`pin`,`zt`,`sc_date`) VALUES ('18439895928','0f5eab3c8964263bc12f491729b141d8','0','2017-10-19 17:11:53') [ RunTime:0.0001s ]
SQL: SELECT * FROM `ot_pin` WHERE `pin` = '4b06d5b7f169fc18419862a5ea3630f8' LIMIT 1   [ RunTime:0.0001s ]
SQL: INSERT INTO `ot_pin` (`user`,`pin`,`zt`,`sc_date`) VALUES ('18439895928','4b06d5b7f169fc18419862a5ea3630f8','0','2017-10-19 17:11:53') [ RunTime:0.0002s ]
SQL: SELECT * FROM `ot_pin` WHERE `pin` = '2c1d6aca2ecb1aa9caf7385b7f12f6cc' LIMIT 1   [ RunTime:0.0002s ]
SQL: INSERT INTO `ot_pin` (`user`,`pin`,`zt`,`sc_date`) VALUES ('18439895928','2c1d6aca2ecb1aa9caf7385b7f12f6cc','0','2017-10-19 17:11:53') [ RunTime:0.0001s ]
SQL: SELECT * FROM `ot_pin` WHERE `pin` = 'ec33aab10bef3e83c961db4e93f5c1cb' LIMIT 1   [ RunTime:0.0001s ]
SQL: INSERT INTO `ot_pin` (`user`,`pin`,`zt`,`sc_date`) VALUES ('18439895928','ec33aab10bef3e83c961db4e93f5c1cb','0','2017-10-19 17:11:53') [ RunTime:0.0001s ]
SQL: SELECT * FROM `ot_pin` WHERE `pin` = '972409684a5b70392e7376879dcf3c02' LIMIT 1   [ RunTime:0.0001s ]
SQL: INSERT INTO `ot_pin` (`user`,`pin`,`zt`,`sc_date`) VALUES ('18439895928','972409684a5b70392e7376879dcf3c02','0','2017-10-19 17:11:53') [ RunTime:0.0001s ]
SQL: SELECT * FROM `ot_pin` WHERE `pin` = '11f7984eaaff1a304136b0b35eefa4a3' LIMIT 1   [ RunTime:0.0002s ]
SQL: INSERT INTO `ot_pin` (`user`,`pin`,`zt`,`sc_date`) VALUES ('18439895928','11f7984eaaff1a304136b0b35eefa4a3','0','2017-10-19 17:11:53') [ RunTime:0.0002s ]
SQL: SELECT * FROM `ot_pin` WHERE `pin` = '8a791371032fd4dda202fb1da1dc811f' LIMIT 1   [ RunTime:0.0003s ]
SQL: INSERT INTO `ot_pin` (`user`,`pin`,`zt`,`sc_date`) VALUES ('18439895928','8a791371032fd4dda202fb1da1dc811f','0','2017-10-19 17:11:53') [ RunTime:0.0001s ]
SQL: SELECT * FROM `ot_pin` WHERE `pin` = '52bf71d7574a7c85868089218175ecc7' LIMIT 1   [ RunTime:0.0002s ]
SQL: INSERT INTO `ot_pin` (`user`,`pin`,`zt`,`sc_date`) VALUES ('18439895928','52bf71d7574a7c85868089218175ecc7','0','2017-10-19 17:11:53') [ RunTime:0.0002s ]
INFO: [ view_parse ] --START--
INFO: [ template_filter ] --START--
INFO: Run Behavior\ContentReplaceBehavior [ RunTime:0.000040s ]
INFO: [ template_filter ] --END-- [ RunTime:0.000099s ]
INFO: Run Behavior\ParseTemplateBehavior [ RunTime:0.007468s ]
INFO: [ view_parse ] --END-- [ RunTime:0.007520s ]
INFO: [ view_filter ] --START--
INFO: Run Behavior\WriteHtmlCacheBehavior [ RunTime:0.000134s ]
INFO: [ view_filter ] --END-- [ RunTime:0.000180s ]
INFO: [ app_end ] --START--
INFO: Run Behavior\ShowPageTraceBehavior [ RunTime:0.000508s ]
INFO: [ app_end ] --END-- [ RunTime:0.000560s ]

[ 2017-10-19T17:11:54+08:00 ] 127.0.0.1 /admdgjmin.php/home/index/pin_add
INFO: [ app_init ] --START--
INFO: Run Behavior\BuildLiteBehavior [ RunTime:0.000019s ]
INFO: [ app_init ] --END-- [ RunTime:0.000456s ]
INFO: [ app_begin ] --START--
INFO: Run Behavior\ReadHtmlCacheBehavior [ RunTime:0.000546s ]
INFO: [ app_begin ] --END-- [ RunTime:0.000602s ]
INFO: [ view_parse ] --START--
INFO: [ template_filter ] --START--
INFO: Run Behavior\ContentReplaceBehavior [ RunTime:0.000053s ]
INFO: [ template_filter ] --END-- [ RunTime:0.000120s ]
NOTIC: [8] Undefined variable: page /data/wwwroot/mdgj/snadmin/Runtime/Cache/Home/0c3d8045a52e341f6f6890f67ea70989.php 第 107 行.
INFO: Run Behavior\ParseTemplateBehavior [ RunTime:0.008093s ]
INFO: [ view_parse ] --END-- [ RunTime:0.008154s ]
INFO: [ view_filter ] --START--
INFO: Run Behavior\WriteHtmlCacheBehavior [ RunTime:0.000144s ]
INFO: [ view_filter ] --END-- [ RunTime:0.000191s ]
INFO: [ app_end ] --START--
INFO: Run Behavior\ShowPageTraceBehavior [ RunTime:0.000569s ]
INFO: [ app_end ] --END-- [ RunTime:0.000617s ]

[ 2017-10-19T17:11:56+08:00 ] 127.0.0.1 /admdgjmin.php/home/index/userlist
INFO: [ app_init ] --START--
INFO: Run Behavior\BuildLiteBehavior [ RunTime:0.000012s ]
INFO: [ app_init ] --END-- [ RunTime:0.000271s ]
INFO: [ app_begin ] --START--
INFO: Run Behavior\ReadHtmlCacheBehavior [ RunTime:0.000401s ]
INFO: [ app_begin ] --END-- [ RunTime:0.000453s ]
SQL: SHOW COLUMNS FROM `ot_user` [ RunTime:0.0020s ]
NOTIC: [8] Undefined variable: map /data/wwwroot/mdgj/snadmin/Home/Controller/IndexController.class.php 第 436 行.
SQL: SELECT COUNT(*) AS tp_count FROM `ot_user` LIMIT 1   [ RunTime:0.0002s ]
NOTIC: [8] Undefined variable: map /data/wwwroot/mdgj/snadmin/Home/Controller/IndexController.class.php 第 441 行.
SQL: SELECT * FROM `ot_user` ORDER BY UE_ID LIMIT 0,20   [ RunTime:0.0006s ]
INFO: [ view_parse ] --START--
INFO: [ template_filter ] --START--
INFO: Run Behavior\ContentReplaceBehavior [ RunTime:0.000045s ]
INFO: [ template_filter ] --END-- [ RunTime:0.000098s ]
INFO: Run Behavior\ParseTemplateBehavior [ RunTime:0.011475s ]
INFO: [ view_parse ] --END-- [ RunTime:0.011522s ]
INFO: [ view_filter ] --START--
INFO: Run Behavior\WriteHtmlCacheBehavior [ RunTime:0.000115s ]
INFO: [ view_filter ] --END-- [ RunTime:0.000150s ]
INFO: [ app_end ] --START--
INFO: Run Behavior\ShowPageTraceBehavior [ RunTime:0.000424s ]
INFO: [ app_end ] --END-- [ RunTime:0.000467s ]

[ 2017-10-19T18:48:42+08:00 ] 127.0.0.1 /admdgjmin.php/home/index/userlist
INFO: [ app_init ] --START--
INFO: Run Behavior\BuildLiteBehavior [ RunTime:0.000015s ]
INFO: [ app_init ] --END-- [ RunTime:0.000291s ]
INFO: [ app_begin ] --START--
INFO: Run Behavior\ReadHtmlCacheBehavior [ RunTime:0.000377s ]
INFO: [ app_begin ] --END-- [ RunTime:0.000481s ]
INFO: [ view_parse ] --START--
INFO: [ template_filter ] --START--
INFO: Run Behavior\ContentReplaceBehavior [ RunTime:0.000032s ]
INFO: [ template_filter ] --END-- [ RunTime:0.000090s ]
INFO: Run Behavior\ParseTemplateBehavior [ RunTime:0.005722s ]
INFO: [ view_parse ] --END-- [ RunTime:0.005777s ]
INFO: [ view_filter ] --START--
INFO: Run Behavior\WriteHtmlCacheBehavior [ RunTime:0.000105s ]
INFO: [ view_filter ] --END-- [ RunTime:0.000140s ]

[ 2017-10-19T18:48:44+08:00 ] 127.0.0.1 /admdgjmin.php/Home/Login
INFO: [ app_init ] --START--
INFO: Run Behavior\BuildLiteBehavior [ RunTime:0.000018s ]
INFO: [ app_init ] --END-- [ RunTime:0.000453s ]
INFO: [ app_begin ] --START--
INFO: Run Behavior\ReadHtmlCacheBehavior [ RunTime:0.000624s ]
INFO: [ app_begin ] --END-- [ RunTime:0.000719s ]
INFO: [ view_parse ] --START--
INFO: [ template_filter ] --START--
INFO: Run Behavior\ContentReplaceBehavior [ RunTime:0.000045s ]
INFO: [ template_filter ] --END-- [ RunTime:0.000137s ]
INFO: Run Behavior\ParseTemplateBehavior [ RunTime:0.007791s ]
INFO: [ view_parse ] --END-- [ RunTime:0.007868s ]
INFO: [ view_filter ] --START--
INFO: Run Behavior\WriteHtmlCacheBehavior [ RunTime:0.000183s ]
INFO: [ view_filter ] --END-- [ RunTime:0.000239s ]
INFO: [ app_end ] --START--
INFO: Run Behavior\ShowPageTraceBehavior [ RunTime:0.000564s ]
INFO: [ app_end ] --END-- [ RunTime:0.000613s ]

[ 2017-10-19T18:48:50+08:00 ] 127.0.0.1 /admdgjmin.php/Home/Login/logincl
INFO: [ app_init ] --START--
INFO: Run Behavior\BuildLiteBehavior [ RunTime:0.000011s ]
INFO: [ app_init ] --END-- [ RunTime:0.000301s ]
INFO: [ app_begin ] --START--
INFO: Run Behavior\ReadHtmlCacheBehavior [ RunTime:0.000319s ]
INFO: [ app_begin ] --END-- [ RunTime:0.000356s ]
SQL: SHOW COLUMNS FROM `ot_member` [ RunTime:0.0016s ]
SQL: SELECT * FROM `ot_member` WHERE `MB_username` = 'admin' LIMIT 1   [ RunTime:0.0004s ]
SQL: SHOW COLUMNS FROM `ot_drrz` [ RunTime:0.0012s ]
SQL: INSERT INTO `ot_drrz` (`date`,`ip`,`user`,`leixin`) VALUES ('2017-10-19 18:48:50','115.60.190.79','admin','1') [ RunTime:0.0002s ]

[ 2017-10-19T18:48:52+08:00 ] 127.0.0.1 /admdgjmin.php/Home/Index/main
INFO: [ app_init ] --START--
INFO: Run Behavior\BuildLiteBehavior [ RunTime:0.000017s ]
INFO: [ app_init ] --END-- [ RunTime:0.000374s ]
INFO: [ app_begin ] --START--
INFO: Run Behavior\ReadHtmlCacheBehavior [ RunTime:0.000500s ]
INFO: [ app_begin ] --END-- [ RunTime:0.000555s ]
INFO: [ view_parse ] --START--
INFO: [ template_filter ] --START--
INFO: Run Behavior\ContentReplaceBehavior [ RunTime:0.000036s ]
INFO: [ template_filter ] --END-- [ RunTime:0.000095s ]
INFO: Run Behavior\ParseTemplateBehavior [ RunTime:0.006027s ]
INFO: [ view_parse ] --END-- [ RunTime:0.006093s ]
INFO: [ view_filter ] --START--
INFO: Run Behavior\WriteHtmlCacheBehavior [ RunTime:0.000137s ]
INFO: [ view_filter ] --END-- [ RunTime:0.000196s ]
INFO: [ app_end ] --START--
INFO: Run Behavior\ShowPageTraceBehavior [ RunTime:0.000511s ]
INFO: [ app_end ] --END-- [ RunTime:0.000560s ]

[ 2017-10-19T18:48:52+08:00 ] 127.0.0.1 /admdgjmin.php/home/index/left.html
INFO: [ app_init ] --START--
INFO: Run Behavior\BuildLiteBehavior [ RunTime:0.000015s ]
INFO: [ app_init ] --END-- [ RunTime:0.000319s ]
INFO: [ app_begin ] --START--
INFO: Run Behavior\ReadHtmlCacheBehavior [ RunTime:0.000460s ]
INFO: [ app_begin ] --END-- [ RunTime:0.000519s ]
INFO: [ view_parse ] --START--
INFO: [ template_filter ] --START--
INFO: Run Behavior\ContentReplaceBehavior [ RunTime:0.000048s ]
INFO: [ template_filter ] --END-- [ RunTime:0.000112s ]
INFO: Run Behavior\ParseTemplateBehavior [ RunTime:0.008877s ]
INFO: [ view_parse ] --END-- [ RunTime:0.008925s ]
INFO: [ view_filter ] --START--
INFO: Run Behavior\WriteHtmlCacheBehavior [ RunTime:0.000105s ]
INFO: [ view_filter ] --END-- [ RunTime:0.000134s ]
INFO: [ app_end ] --START--
INFO: Run Behavior\ShowPageTraceBehavior [ RunTime:0.000434s ]
INFO: [ app_end ] --END-- [ RunTime:0.000468s ]

[ 2017-10-19T18:48:52+08:00 ] 127.0.0.1 /admdgjmin.php/home/index/top.html
INFO: [ app_init ] --START--
INFO: Run Behavior\BuildLiteBehavior [ RunTime:0.000036s ]
INFO: [ app_init ] --END-- [ RunTime:0.000596s ]
INFO: [ app_begin ] --START--
INFO: Run Behavior\ReadHtmlCacheBehavior [ RunTime:0.000429s ]
INFO: [ app_begin ] --END-- [ RunTime:0.000480s ]
INFO: [ view_parse ] --START--
INFO: [ template_filter ] --START--
INFO: Run Behavior\ContentReplaceBehavior [ RunTime:0.000034s ]
INFO: [ template_filter ] --END-- [ RunTime:0.000084s ]
INFO: Run Behavior\ParseTemplateBehavior [ RunTime:0.005856s ]
INFO: [ view_parse ] --END-- [ RunTime:0.005905s ]
INFO: [ view_filter ] --START--
INFO: Run Behavior\WriteHtmlCacheBehavior [ RunTime:0.000105s ]
INFO: [ view_filter ] --END-- [ RunTime:0.000140s ]
INFO: [ app_end ] --START--
INFO: Run Behavior\ShowPageTraceBehavior [ RunTime:0.000455s ]
INFO: [ app_end ] --END-- [ RunTime:0.000494s ]

[ 2017-10-19T18:48:52+08:00 ] 127.0.0.1 /admdgjmin.php/home/index/counts
INFO: [ app_init ] --START--
INFO: Run Behavior\BuildLiteBehavior [ RunTime:0.000013s ]
INFO: [ app_init ] --END-- [ RunTime:0.000319s ]
INFO: [ app_begin ] --START--
INFO: Run Behavior\ReadHtmlCacheBehavior [ RunTime:0.000486s ]
INFO: [ app_begin ] --END-- [ RunTime:0.000553s ]
SQL: SHOW COLUMNS FROM `ot_user` [ RunTime:0.0025s ]
SQL: SELECT COUNT(*) AS tp_count FROM `ot_user` WHERE (  UNIX_TIMESTAMP('2017-10-19 00:00')<UNIX_TIMESTAMP(UE_regTime) and UNIX_TIMESTAMP(UE_regTime)<UNIX_TIMESTAMP('2017-10-20 00:00') ) LIMIT 1   [ RunTime:0.0005s ]
SQL: SELECT COUNT(*) AS tp_count FROM `ot_user` LIMIT 1   [ RunTime:0.0001s ]
SQL: SHOW COLUMNS FROM `ot_tgbz` [ RunTime:0.0014s ]
SQL: SELECT SUM(jb) AS tp_SUM FROM `ot_tgbz` LIMIT 1   [ RunTime:0.0003s ]
SQL: SHOW COLUMNS FROM `ot_jsbz` [ RunTime:0.0014s ]
SQL: SELECT SUM(jb) AS tp_SUM FROM `ot_jsbz` LIMIT 1   [ RunTime:0.0002s ]
SQL: SHOW COLUMNS FROM `ot_userget` [ RunTime:0.0014s ]
SQL: SELECT SUM(UG_money) AS tp_sum FROM `ot_userget` WHERE `UG_dataType` = 'jlj' LIMIT 1   [ RunTime:0.0007s ]
SQL: SELECT SUM(UG_money) AS tp_sum FROM `ot_userget` WHERE `UG_dataType` = 'tjj' LIMIT 1   [ RunTime:0.0003s ]
SQL: SHOW COLUMNS FROM `ot_ppdd` [ RunTime:0.0014s ]
SQL: SELECT SUM(jb) AS tp_sum FROM `ot_ppdd` WHERE `zt` = 2 LIMIT 1   [ RunTime:0.0004s ]
SQL: SELECT SUM(UG_money) AS tp_sum FROM `ot_userget` WHERE `UG_dataType` = 'tgbz' LIMIT 1   [ RunTime:0.0011s ]
NOTIC: [8] Undefined variable: i /data/wwwroot/mdgj/snadmin/Home/Controller/IndexController.class.php 第 173 行.
SQL: SHOW COLUMNS FROM `ot_user_jj` [ RunTime:0.0013s ]
SQL: SELECT * FROM `ot_user_jj` WHERE `zt` <> '1'  [ RunTime:0.0003s ]
SQL: SELECT * FROM `ot_user_jj` WHERE `id` = 2832 LIMIT 1   [ RunTime:0.0002s ]
SQL: SELECT * FROM `ot_user_jj` WHERE `id` = 2833 LIMIT 1   [ RunTime:0.0002s ]
NOTIC: [8] Undefined variable: i /data/wwwroot/mdgj/snadmin/Home/Controller/IndexController.class.php 第 174 行.
SQL: SELECT * FROM `ot_user_jj`  [ RunTime:0.0003s ]
SQL: SELECT * FROM `ot_user_jj` WHERE `id` = 2832 LIMIT 1   [ RunTime:0.0003s ]
SQL: SELECT * FROM `ot_user_jj` WHERE `id` = 2833 LIMIT 1   [ RunTime:0.0002s ]
SQL: SELECT * FROM `ot_user_jj` WHERE `id` = 2834 LIMIT 1   [ RunTime:0.0002s ]
SQL: SELECT * FROM `ot_user_jj` WHERE `id` = 2835 LIMIT 1   [ RunTime:0.0003s ]
SQL: SELECT * FROM `ot_user_jj` WHERE `id` = 2836 LIMIT 1   [ RunTime:0.0003s ]
SQL: SELECT * FROM `ot_user_jj` WHERE `id` = 2837 LIMIT 1   [ RunTime:0.0002s ]
SQL: SELECT * FROM `ot_user_jj` WHERE `id` = 2838 LIMIT 1   [ RunTime:0.0003s ]
SQL: SELECT * FROM `ot_user_jj` WHERE `id` = 2839 LIMIT 1   [ RunTime:0.0002s ]
SQL: SELECT * FROM `ot_user_jj` WHERE `id` = 2840 LIMIT 1   [ RunTime:0.0002s ]
SQL: SELECT * FROM `ot_user_jj` WHERE `id` = 2841 LIMIT 1   [ RunTime:0.0002s ]
SQL: SELECT * FROM `ot_user_jj` WHERE `id` = 2842 LIMIT 1   [ RunTime:0.0002s ]
SQL: SELECT * FROM `ot_user_jj` WHERE `id` = 2843 LIMIT 1   [ RunTime:0.0002s ]
INFO: [ view_parse ] --START--
INFO: [ template_filter ] --START--
INFO: Run Behavior\ContentReplaceBehavior [ RunTime:0.001205s ]
INFO: [ template_filter ] --END-- [ RunTime:0.001280s ]
NOTIC: [8] Undefined variable: userdata /data/wwwroot/mdgj/snadmin/Runtime/Cache/Home/9ae0c6321b7e9f4ae91a052f17ee4553.php 第 45 行.
NOTIC: [8] Undefined variable: page /data/wwwroot/mdgj/snadmin/Runtime/Cache/Home/9ae0c6321b7e9f4ae91a052f17ee4553.php 第 182 行.
INFO: Run Behavior\ParseTemplateBehavior [ RunTime:0.011542s ]
INFO: [ view_parse ] --END-- [ RunTime:0.011593s ]
INFO: [ view_filter ] --START--
INFO: Run Behavior\WriteHtmlCacheBehavior [ RunTime:0.000184s ]
INFO: [ view_filter ] --END-- [ RunTime:0.000236s ]
INFO: [ app_end ] --START--
INFO: Run Behavior\ShowPageTraceBehavior [ RunTime:0.000425s ]
INFO: [ app_end ] --END-- [ RunTime:0.000468s ]

[ 2017-10-19T18:48:53+08:00 ] 127.0.0.1 /admdgjmin.php/home/index/userlist
INFO: [ app_init ] --START--
INFO: Run Behavior\BuildLiteBehavior [ RunTime:0.000022s ]
INFO: [ app_init ] --END-- [ RunTime:0.000257s ]
INFO: [ app_begin ] --START--
INFO: Run Behavior\ReadHtmlCacheBehavior [ RunTime:0.000378s ]
INFO: [ app_begin ] --END-- [ RunTime:0.000422s ]
SQL: SHOW COLUMNS FROM `ot_user` [ RunTime:0.0016s ]
NOTIC: [8] Undefined variable: map /data/wwwroot/mdgj/snadmin/Home/Controller/IndexController.class.php 第 436 行.
SQL: SELECT COUNT(*) AS tp_count FROM `ot_user` LIMIT 1   [ RunTime:0.0001s ]
NOTIC: [8] Undefined variable: map /data/wwwroot/mdgj/snadmin/Home/Controller/IndexController.class.php 第 441 行.
SQL: SELECT * FROM `ot_user` ORDER BY UE_ID LIMIT 0,20   [ RunTime:0.0006s ]
INFO: [ view_parse ] --START--
INFO: [ template_filter ] --START--
INFO: Run Behavior\ContentReplaceBehavior [ RunTime:0.000069s ]
INFO: [ template_filter ] --END-- [ RunTime:0.000130s ]
INFO: Run Behavior\ParseTemplateBehavior [ RunTime:0.010724s ]
INFO: [ view_parse ] --END-- [ RunTime:0.010769s ]
INFO: [ view_filter ] --START--
INFO: Run Behavior\WriteHtmlCacheBehavior [ RunTime:0.000117s ]
INFO: [ view_filter ] --END-- [ RunTime:0.000147s ]
INFO: [ app_end ] --START--
INFO: Run Behavior\ShowPageTraceBehavior [ RunTime:0.000390s ]
INFO: [ app_end ] --END-- [ RunTime:0.000427s ]

[ 2017-10-19T18:49:36+08:00 ] 127.0.0.1 /admdgjmin.php/home/index/pin_add
INFO: [ app_init ] --START--
INFO: Run Behavior\BuildLiteBehavior [ RunTime:0.000017s ]
INFO: [ app_init ] --END-- [ RunTime:0.000410s ]
INFO: [ app_begin ] --START--
INFO: Run Behavior\ReadHtmlCacheBehavior [ RunTime:0.000751s ]
INFO: [ app_begin ] --END-- [ RunTime:0.000828s ]
INFO: [ view_parse ] --START--
INFO: [ template_filter ] --START--
INFO: Run Behavior\ContentReplaceBehavior [ RunTime:0.000052s ]
INFO: [ template_filter ] --END-- [ RunTime:0.000121s ]
NOTIC: [8] Undefined variable: page /data/wwwroot/mdgj/snadmin/Runtime/Cache/Home/0c3d8045a52e341f6f6890f67ea70989.php 第 107 行.
INFO: Run Behavior\ParseTemplateBehavior [ RunTime:0.008847s ]
INFO: [ view_parse ] --END-- [ RunTime:0.008920s ]
INFO: [ view_filter ] --START--
INFO: Run Behavior\WriteHtmlCacheBehavior [ RunTime:0.000154s ]
INFO: [ view_filter ] --END-- [ RunTime:0.000204s ]
INFO: [ app_end ] --START--
INFO: Run Behavior\ShowPageTraceBehavior [ RunTime:0.000634s ]
INFO: [ app_end ] --END-- [ RunTime:0.000705s ]

[ 2017-10-19T18:49:38+08:00 ] 127.0.0.1 /admdgjmin.php/Home/Index/pin_add_cl
INFO: [ app_init ] --START--
INFO: Run Behavior\BuildLiteBehavior [ RunTime:0.000012s ]
INFO: [ app_init ] --END-- [ RunTime:0.000272s ]
INFO: [ app_begin ] --START--
INFO: Run Behavior\ReadHtmlCacheBehavior [ RunTime:0.000385s ]
INFO: [ app_begin ] --END-- [ RunTime:0.000427s ]
SQL: SHOW COLUMNS FROM `ot_user` [ RunTime:0.0020s ]
NOTIC: [8] Use of undefined constant UE_account - assumed 'UE_account' /data/wwwroot/mdgj/snadmin/Home/Controller/IndexController.class.php 第 1157 行.
SQL: SELECT * FROM `ot_user` WHERE `UE_account` = '13995816630' LIMIT 1   [ RunTime:0.0007s ]
SQL: SHOW COLUMNS FROM `ot_pin` [ RunTime:0.0010s ]
SQL: SELECT * FROM `ot_pin` WHERE `pin` = '94b6f1040ae2f55917e73f70f85dd605' LIMIT 1   [ RunTime:0.0002s ]
SQL: INSERT INTO `ot_pin` (`user`,`pin`,`zt`,`sc_date`) VALUES ('13995816630','94b6f1040ae2f55917e73f70f85dd605','0','2017-10-19 18:49:38') [ RunTime:0.0002s ]
SQL: SELECT * FROM `ot_pin` WHERE `pin` = '76390b98ea810ed76104b92ceff99411' LIMIT 1   [ RunTime:0.0002s ]
SQL: INSERT INTO `ot_pin` (`user`,`pin`,`zt`,`sc_date`) VALUES ('13995816630','76390b98ea810ed76104b92ceff99411','0','2017-10-19 18:49:38') [ RunTime:0.0001s ]
SQL: SELECT * FROM `ot_pin` WHERE `pin` = '7739ed53000dba272460bc26711f52e6' LIMIT 1   [ RunTime:0.0001s ]
SQL: INSERT INTO `ot_pin` (`user`,`pin`,`zt`,`sc_date`) VALUES ('13995816630','7739ed53000dba272460bc26711f52e6','0','2017-10-19 18:49:38') [ RunTime:0.0001s ]
SQL: SELECT * FROM `ot_pin` WHERE `pin` = '154a6d488f8077e7a3981e3b812f3e30' LIMIT 1   [ RunTime:0.0001s ]
SQL: INSERT INTO `ot_pin` (`user`,`pin`,`zt`,`sc_date`) VALUES ('13995816630','154a6d488f8077e7a3981e3b812f3e30','0','2017-10-19 18:49:38') [ RunTime:0.0001s ]
SQL: SELECT * FROM `ot_pin` WHERE `pin` = '395766a003369a4a0bf564d76c909f37' LIMIT 1   [ RunTime:0.0001s ]
SQL: INSERT INTO `ot_pin` (`user`,`pin`,`zt`,`sc_date`) VALUES ('13995816630','395766a003369a4a0bf564d76c909f37','0','2017-10-19 18:49:38') [ RunTime:0.0001s ]
SQL: SELECT * FROM `ot_pin` WHERE `pin` = 'b187446c6df95da0ee3e7cf2d436d34a' LIMIT 1   [ RunTime:0.0001s ]
SQL: INSERT INTO `ot_pin` (`user`,`pin`,`zt`,`sc_date`) VALUES ('13995816630','b187446c6df95da0ee3e7cf2d436d34a','0','2017-10-19 18:49:38') [ RunTime:0.0001s ]
SQL: SELECT * FROM `ot_pin` WHERE `pin` = '8d9090b7b28314d64d33040fba4b8883' LIMIT 1   [ RunTime:0.0002s ]
SQL: INSERT INTO `ot_pin` (`user`,`pin`,`zt`,`sc_date`) VALUES ('13995816630','8d9090b7b28314d64d33040fba4b8883','0','2017-10-19 18:49:38') [ RunTime:0.0002s ]
SQL: SELECT * FROM `ot_pin` WHERE `pin` = 'c82b0cdc9184bbea9d6be462e1536f7c' LIMIT 1   [ RunTime:0.0002s ]
SQL: INSERT INTO `ot_pin` (`user`,`pin`,`zt`,`sc_date`) VALUES ('13995816630','c82b0cdc9184bbea9d6be462e1536f7c','0','2017-10-19 18:49:38') [ RunTime:0.0002s ]
SQL: SELECT * FROM `ot_pin` WHERE `pin` = 'c877cffdf5b23642432e74b9f1a0777d' LIMIT 1   [ RunTime:0.0002s ]
SQL: INSERT INTO `ot_pin` (`user`,`pin`,`zt`,`sc_date`) VALUES ('13995816630','c877cffdf5b23642432e74b9f1a0777d','0','2017-10-19 18:49:38') [ RunTime:0.0002s ]
SQL: SELECT * FROM `ot_pin` WHERE `pin` = 'fb19aba1110948756b6eb5e864b31b29' LIMIT 1   [ RunTime:0.0002s ]
SQL: INSERT INTO `ot_pin` (`user`,`pin`,`zt`,`sc_date`) VALUES ('13995816630','fb19aba1110948756b6eb5e864b31b29','0','2017-10-19 18:49:38') [ RunTime:0.0001s ]
INFO: [ view_parse ] --START--
INFO: [ template_filter ] --START--
INFO: Run Behavior\ContentReplaceBehavior [ RunTime:0.000034s ]
INFO: [ template_filter ] --END-- [ RunTime:0.000083s ]
INFO: Run Behavior\ParseTemplateBehavior [ RunTime:0.005747s ]
INFO: [ view_parse ] --END-- [ RunTime:0.005788s ]
INFO: [ view_filter ] --START--
INFO: Run Behavior\WriteHtmlCacheBehavior [ RunTime:0.000101s ]
INFO: [ view_filter ] --END-- [ RunTime:0.000135s ]
INFO: [ app_end ] --START--
INFO: Run Behavior\ShowPageTraceBehavior [ RunTime:0.000389s ]
INFO: [ app_end ] --END-- [ RunTime:0.000425s ]

[ 2017-10-19T18:49:40+08:00 ] 127.0.0.1 /admdgjmin.php/home/index/pin_add
INFO: [ app_init ] --START--
INFO: Run Behavior\BuildLiteBehavior [ RunTime:0.000017s ]
INFO: [ app_init ] --END-- [ RunTime:0.000428s ]
INFO: [ app_begin ] --START--
INFO: Run Behavior\ReadHtmlCacheBehavior [ RunTime:0.000500s ]
INFO: [ app_begin ] --END-- [ RunTime:0.000559s ]
INFO: [ view_parse ] --START--
INFO: [ template_filter ] --START--
INFO: Run Behavior\ContentReplaceBehavior [ RunTime:0.000053s ]
INFO: [ template_filter ] --END-- [ RunTime:0.000121s ]
NOTIC: [8] Undefined variable: page /data/wwwroot/mdgj/snadmin/Runtime/Cache/Home/0c3d8045a52e341f6f6890f67ea70989.php 第 107 行.
INFO: Run Behavior\ParseTemplateBehavior [ RunTime:0.008997s ]
INFO: [ view_parse ] --END-- [ RunTime:0.009063s ]
INFO: [ view_filter ] --START--
INFO: Run Behavior\WriteHtmlCacheBehavior [ RunTime:0.000145s ]
INFO: [ view_filter ] --END-- [ RunTime:0.000191s ]
INFO: [ app_end ] --START--
INFO: Run Behavior\ShowPageTraceBehavior [ RunTime:0.000506s ]
INFO: [ app_end ] --END-- [ RunTime:0.000556s ]

